2023-11-25 15:58:57,316 [INFO] Activator:176 - 


2023-11-25 15:58:57,323 [INFO] Activator:177 - !SESSION log4j initialized
2023-11-25 15:59:08,255 [INFO] LogOutputStream:77 - [STDOUT_REDIRECT] 
2023-11-25 15:59:17,890 [INFO] ApplicationProperties:184 - Using Application install path: E:\stm cube\STM32CubeIDE_1.13.2\STM32CubeIDE\plugins\com.st.stm32cube.common.mx_6.9.2.202309101412
2023-11-25 15:59:17,942 [INFO] DbMcusXml:78 - Set database path to: E:\stm cube\STM32CubeIDE_1.13.2\STM32CubeIDE\plugins\com.st.stm32cube.common.mx_6.9.2.202309101412\\db\/mcu/
2023-11-25 15:59:17,942 [INFO] ApiDb:274 - Set plugin database path to: E:\stm cube\STM32CubeIDE_1.13.2\STM32CubeIDE\plugins\com.st.stm32cube.common.mx_6.9.2.202309101412\\db\/plugins/boardmanager/
2023-11-25 15:59:17,942 [WARN] ApiDb:259 - Overriding images path with different value:  => E:\stm cube\STM32CubeIDE_1.13.2\STM32CubeIDE\plugins\com.st.stm32cube.common.mx_6.9.2.202309101412\\db\/plugins/mcufinder/images/
2023-11-25 15:59:18,015 [INFO] ApiDb:250 - Set database path to: C:\Users\bcc35\.stmcufinder\plugins\mcufinder//mcu/
2023-11-25 15:59:18,018 [INFO] DbMcusAds:125 - Set database path to: C:\Users\bcc35\.stmcufinder\plugins\mcufinder//mcu/
2023-11-25 15:59:18,020 [INFO] CrossReferenceDbSqlite:203 - Set database path to: C:\Users\bcc35\.stmcufinder\plugins\mcufinder//mcu/cs/
2023-11-25 15:59:18,175 [INFO] RulesReader:64 - Compatibility file has been processed (293 Rules)
2023-11-25 15:59:18,497 [INFO] DbMcusXml:78 - Set database path to: E:\stm cube\STM32CubeIDE_1.13.2\STM32CubeIDE\plugins\com.st.stm32cube.common.mx_6.9.2.202309101412\\db\/mcu/
2023-11-25 15:59:18,497 [INFO] ApiDb:274 - Set plugin database path to: E:\stm cube\STM32CubeIDE_1.13.2\STM32CubeIDE\plugins\com.st.stm32cube.common.mx_6.9.2.202309101412\\db\/plugins/boardmanager/
2023-11-25 15:59:18,497 [INFO] ApiDb:261 - Set plugin images path to: E:\stm cube\STM32CubeIDE_1.13.2\STM32CubeIDE\plugins\com.st.stm32cube.common.mx_6.9.2.202309101412\\db\/plugins/mcufinder/images/
2023-11-25 15:59:18,497 [WARN] DbFile:41 - Overriding database path with different value: C:\Users\bcc35\.stmcufinder\plugins\mcufinder/ => C:\Users\bcc35\.stmcufinder\plugins\mcufinder
2023-11-25 15:59:18,497 [INFO] ApiDb:250 - Set database path to: C:\Users\bcc35\.stmcufinder\plugins\mcufinder//mcu/
2023-11-25 15:59:18,497 [WARN] DbFile:41 - Overriding database path with different value: C:\Users\bcc35\.stmcufinder\plugins\mcufinder/ => C:\Users\bcc35\.stmcufinder\plugins\mcufinder
2023-11-25 15:59:18,497 [INFO] DbMcusAds:125 - Set database path to: C:\Users\bcc35\.stmcufinder\plugins\mcufinder//mcu/
2023-11-25 15:59:18,498 [WARN] DbFile:41 - Overriding database path with different value: C:\Users\bcc35\.stmcufinder\plugins\mcufinder/ => C:\Users\bcc35\.stmcufinder\plugins\mcufinder
2023-11-25 15:59:18,498 [WARN] DbFile:41 - Overriding database path with different value: C:\Users\bcc35\.stmcufinder\plugins\mcufinder/ => C:\Users\bcc35\.stmcufinder\plugins\mcufinder
2023-11-25 15:59:18,498 [INFO] CrossReferenceDbSqlite:203 - Set database path to: C:\Users\bcc35\.stmcufinder\plugins\mcufinder//mcu/cs/
2023-11-25 15:59:18,637 [INFO] MainPanel:262 - HeapMemory: 268435456
2023-11-25 15:59:18,881 [INFO] DbMcusXml:78 - Set database path to: E:\stm cube\STM32CubeIDE_1.13.2\STM32CubeIDE\plugins\com.st.stm32cube.common.mx_6.9.2.202309101412\\db\/mcu/
2023-11-25 15:59:18,881 [INFO] ApiDb:274 - Set plugin database path to: E:\stm cube\STM32CubeIDE_1.13.2\STM32CubeIDE\plugins\com.st.stm32cube.common.mx_6.9.2.202309101412\\db\/plugins/boardmanager/
2023-11-25 15:59:18,881 [INFO] ApiDb:261 - Set plugin images path to: E:\stm cube\STM32CubeIDE_1.13.2\STM32CubeIDE\plugins\com.st.stm32cube.common.mx_6.9.2.202309101412\\db\/plugins/mcufinder/images/
2023-11-25 15:59:18,882 [WARN] DbFile:41 - Overriding database path with different value: C:\Users\bcc35\.stmcufinder\plugins\mcufinder/ => C:\Users\bcc35\.stmcufinder\plugins\mcufinder
2023-11-25 15:59:18,882 [INFO] ApiDb:250 - Set database path to: C:\Users\bcc35\.stmcufinder\plugins\mcufinder//mcu/
2023-11-25 15:59:18,882 [WARN] DbFile:41 - Overriding database path with different value: C:\Users\bcc35\.stmcufinder\plugins\mcufinder/ => C:\Users\bcc35\.stmcufinder\plugins\mcufinder
2023-11-25 15:59:18,882 [INFO] DbMcusAds:125 - Set database path to: C:\Users\bcc35\.stmcufinder\plugins\mcufinder//mcu/
2023-11-25 15:59:18,882 [WARN] DbFile:41 - Overriding database path with different value: C:\Users\bcc35\.stmcufinder\plugins\mcufinder/ => C:\Users\bcc35\.stmcufinder\plugins\mcufinder
2023-11-25 15:59:18,882 [WARN] DbFile:41 - Overriding database path with different value: C:\Users\bcc35\.stmcufinder\plugins\mcufinder/ => C:\Users\bcc35\.stmcufinder\plugins\mcufinder
2023-11-25 15:59:18,892 [INFO] CrossReferenceDbSqlite:203 - Set database path to: C:\Users\bcc35\.stmcufinder\plugins\mcufinder//mcu/cs/
2023-11-25 15:59:18,916 [INFO] ApplicationProperties:184 - Using Application install path: E:\stm cube\STM32CubeIDE_1.13.2\STM32CubeIDE\plugins\com.st.stm32cube.common.mx_6.9.2.202309101412
2023-11-25 15:59:18,917 [INFO] PluginManage:196 - Search for loadable plugins [exclusion list=, ]
2023-11-25 15:59:18,919 [INFO] PluginManage:310 - Check plugin analytics
2023-11-25 15:59:24,184 [INFO] AnalyticsPlugin:253 - Accepted Software Licenses: 
2023-11-25 15:59:24,185 [INFO] AnalyticsPlugin:255 - Accepted CMSIS Pack Licenses: 
2023-11-25 15:59:24,185 [INFO] AnalyticsPlugin:257 - Accepted Firmware Licenses: FW.G4.1.5.0
2023-11-25 15:59:24,187 [INFO] PluginManage:359 - Loaded plugin analytics (category:tool,tabindex:-1)
2023-11-25 15:59:24,188 [INFO] PluginManage:310 - Check plugin cadmodel
2023-11-25 15:59:24,252 [INFO] CADModel:105 - Init CAD model plugin
2023-11-25 15:59:24,252 [INFO] PluginManage:359 - Loaded plugin cadmodel (category:power,tabindex:5)
2023-11-25 15:59:24,252 [INFO] PluginManage:310 - Check plugin clock
2023-11-25 15:59:24,306 [INFO] PluginManage:359 - Loaded plugin clock (category:base,tabindex:2)
2023-11-25 15:59:24,306 [INFO] PluginManage:310 - Check plugin ddr
2023-11-25 15:59:24,320 [INFO] PluginManage:359 - Loaded plugin ddr (category:tool,tabindex:6)
2023-11-25 15:59:24,320 [INFO] PluginManage:310 - Check plugin filemanager
2023-11-25 15:59:24,560 [INFO] PluginManage:359 - Loaded plugin filemanager (category:base,tabindex:10)
2023-11-25 15:59:24,560 [INFO] PluginManage:310 - Check plugin ipmanager
2023-11-25 15:59:24,568 [INFO] PluginManage:359 - Loaded plugin ipmanager (category:base,tabindex:5)
2023-11-25 15:59:24,569 [INFO] PluginManage:310 - Check plugin lpbam
2023-11-25 15:59:24,605 [INFO] PluginManage:359 - Loaded plugin lpbam (category:base,tabindex:0)
2023-11-25 15:59:24,605 [INFO] PluginManage:310 - Check plugin memorymap
2023-11-25 15:59:24,644 [INFO] PluginManage:359 - Loaded plugin memorymap (category:base,tabindex:4)
2023-11-25 15:59:24,644 [INFO] PluginManage:310 - Check plugin pinoutandconfiguration
2023-11-25 15:59:24,679 [INFO] PluginManage:359 - Loaded plugin pinoutandconfiguration (category:base,tabindex:1)
2023-11-25 15:59:24,679 [INFO] PluginManage:310 - Check plugin pinoutconfig
2023-11-25 15:59:24,789 [WARN] SupportedApi:132 - Cannot load RTOS API schema: s4s-elt-must-match.1: The content of 'definitions' must match (annotation?, (simpleType | complexType)?, (unique | key | keyref)*)). A problem was found starting at: attribute.
2023-11-25 15:59:24,968 [INFO] PluginManage:359 - Loaded plugin pinoutconfig (category:base,tabindex:0)
2023-11-25 15:59:24,968 [INFO] PluginManage:310 - Check plugin power
2023-11-25 15:59:25,023 [INFO] PluginManage:359 - Loaded plugin power (category:power,tabindex:4)
2023-11-25 15:59:25,023 [INFO] PluginManage:310 - Check plugin projectmanager
2023-11-25 15:59:25,047 [INFO] PluginManage:359 - Loaded plugin projectmanager (category:projectmanager,tabindex:3)
2023-11-25 15:59:25,047 [INFO] PluginManage:310 - Check plugin thirdparty
2023-11-25 15:59:25,410 [INFO] PluginManage:359 - Loaded plugin thirdparty (category:base,tabindex:-1)
2023-11-25 15:59:25,410 [WARN] IntegrityCheckThread:84 - waiting for thirdparty lock release [integrity check]
2023-11-25 15:59:25,410 [INFO] PluginManage:310 - Check plugin tools
2023-11-25 15:59:25,410 [INFO] IntegrityCheckThread:86 - entering critical section [integrity check]
2023-11-25 15:59:25,410 [INFO] ThirdPartyUpdaterWithRetryManager:70 - Updater plugin not ready yet. [1/15]
2023-11-25 15:59:25,447 [INFO] PluginManage:359 - Loaded plugin tools (category:base,tabindex:7)
2023-11-25 15:59:25,447 [INFO] PluginManage:310 - Check plugin tutovideos
2023-11-25 15:59:25,706 [INFO] PluginManage:359 - Loaded plugin tutovideos (category:base,tabindex:-1)
2023-11-25 15:59:25,706 [INFO] PluginManage:310 - Check plugin updater
2023-11-25 15:59:25,738 [INFO] PluginManage:359 - Loaded plugin updater (category:base,tabindex:12)
2023-11-25 15:59:25,738 [INFO] PluginManage:310 - Check plugin userauth
2023-11-25 15:59:25,764 [INFO] UserAuth:113 - Init User Auth plugin
2023-11-25 15:59:25,764 [INFO] PluginManage:359 - Loaded plugin userauth (category:base,tabindex:14)
2023-11-25 15:59:25,764 [INFO] PluginManage:283 - PluginManage : Loaded plugins [17]
2023-11-25 15:59:26,149 [INFO] PinOutPanel:1499 - setPackage(No Configuration,No Configuration)
2023-11-25 15:59:26,351 [INFO] CADModel:165 - CPN selected for project level
2023-11-25 15:59:26,351 [INFO] CADModel:114 - Register for checkConnection events
2023-11-25 15:59:26,455 [INFO] IPUIPlugin:80 - create IPUIPlugin
2023-11-25 15:59:26,455 [INFO] PluginManager:220 - loadIPPluginJar : add adc
2023-11-25 15:59:26,492 [INFO] IPUIPlugin:80 - create IPUIPlugin
2023-11-25 15:59:26,492 [INFO] PluginManager:220 - loadIPPluginJar : add aes
2023-11-25 15:59:26,577 [INFO] IPUIPlugin:80 - create IPUIPlugin
2023-11-25 15:59:26,577 [INFO] PluginManager:220 - loadIPPluginJar : add can
2023-11-25 15:59:26,611 [INFO] IPUIPlugin:80 - create IPUIPlugin
2023-11-25 15:59:26,611 [INFO] PluginManager:220 - loadIPPluginJar : add comp
2023-11-25 15:59:26,650 [INFO] IPUIPlugin:80 - create IPUIPlugin
2023-11-25 15:59:26,650 [INFO] PluginManager:220 - loadIPPluginJar : add cryp
2023-11-25 15:59:26,685 [INFO] IPUIPlugin:80 - create IPUIPlugin
2023-11-25 15:59:26,686 [INFO] PluginManager:220 - loadIPPluginJar : add dfsdm
2023-11-25 15:59:26,720 [INFO] IPUIPlugin:80 - create IPUIPlugin
2023-11-25 15:59:26,720 [INFO] PluginManager:220 - loadIPPluginJar : add dma
2023-11-25 15:59:26,774 [INFO] IPUIPlugin:80 - create IPUIPlugin
2023-11-25 15:59:26,774 [INFO] PluginManager:220 - loadIPPluginJar : add dma3
2023-11-25 15:59:26,796 [INFO] IPUIPlugin:80 - create IPUIPlugin
2023-11-25 15:59:26,796 [INFO] PluginManager:220 - loadIPPluginJar : add fatfs
2023-11-25 15:59:26,841 [INFO] IPUIPlugin:80 - create IPUIPlugin
2023-11-25 15:59:26,841 [INFO] PluginManager:220 - loadIPPluginJar : add fmc
2023-11-25 15:59:26,869 [INFO] IPUIPlugin:80 - create IPUIPlugin
2023-11-25 15:59:26,870 [INFO] PluginManager:220 - loadIPPluginJar : add freertos
2023-11-25 15:59:26,890 [INFO] IPUIPlugin:80 - create IPUIPlugin
2023-11-25 15:59:26,890 [INFO] PluginManager:220 - loadIPPluginJar : add genericplugin
2023-11-25 15:59:26,984 [INFO] IPUIPlugin:80 - create IPUIPlugin
2023-11-25 15:59:26,985 [INFO] PluginManager:220 - loadIPPluginJar : add gfxmmu
2023-11-25 15:59:27,117 [INFO] IPUIPlugin:80 - create IPUIPlugin
2023-11-25 15:59:27,118 [INFO] PluginManager:220 - loadIPPluginJar : add gic
2023-11-25 15:59:27,130 [INFO] IPUIPlugin:80 - create IPUIPlugin
2023-11-25 15:59:27,131 [INFO] PluginManager:220 - loadIPPluginJar : add gpio
2023-11-25 15:59:27,210 [INFO] IPUIPlugin:80 - create IPUIPlugin
2023-11-25 15:59:27,210 [INFO] PluginManager:220 - loadIPPluginJar : add gtzc
2023-11-25 15:59:27,243 [INFO] IPUIPlugin:80 - create IPUIPlugin
2023-11-25 15:59:27,243 [INFO] PluginManager:220 - loadIPPluginJar : add hash
2023-11-25 15:59:27,292 [INFO] IPUIPlugin:80 - create IPUIPlugin
2023-11-25 15:59:27,292 [INFO] PluginManager:220 - loadIPPluginJar : add i2c
2023-11-25 15:59:27,329 [INFO] IPUIPlugin:80 - create IPUIPlugin
2023-11-25 15:59:27,329 [INFO] PluginManager:220 - loadIPPluginJar : add i2s
2023-11-25 15:59:27,370 [INFO] IPUIPlugin:80 - create IPUIPlugin
2023-11-25 15:59:27,370 [INFO] PluginManager:220 - loadIPPluginJar : add i3c
2023-11-25 15:59:27,486 [INFO] IPUIPlugin:80 - create IPUIPlugin
2023-11-25 15:59:27,486 [INFO] PluginManager:220 - loadIPPluginJar : add ipddr
2023-11-25 15:59:27,574 [INFO] IPUIPlugin:80 - create IPUIPlugin
2023-11-25 15:59:27,574 [INFO] PluginManager:220 - loadIPPluginJar : add linkedlist
2023-11-25 15:59:27,612 [INFO] IPUIPlugin:80 - create IPUIPlugin
2023-11-25 15:59:27,612 [INFO] PluginManager:220 - loadIPPluginJar : add lorawan
2023-11-25 15:59:27,647 [INFO] IPUIPlugin:80 - create IPUIPlugin
2023-11-25 15:59:27,647 [INFO] PluginManager:220 - loadIPPluginJar : add ltdc
2023-11-25 15:59:27,662 [INFO] IPUIPlugin:80 - create IPUIPlugin
2023-11-25 15:59:27,662 [INFO] PluginManager:220 - loadIPPluginJar : add mdma
2023-11-25 15:59:27,675 [INFO] IPUIPlugin:80 - create IPUIPlugin
2023-11-25 15:59:27,676 [INFO] PluginManager:220 - loadIPPluginJar : add nvic
2023-11-25 15:59:27,711 [INFO] IPUIPlugin:80 - create IPUIPlugin
2023-11-25 15:59:27,711 [INFO] PluginManager:220 - loadIPPluginJar : add opamp
2023-11-25 15:59:27,768 [INFO] IPUIPlugin:80 - create IPUIPlugin
2023-11-25 15:59:27,768 [INFO] PluginManager:220 - loadIPPluginJar : add openamp
2023-11-25 15:59:27,809 [INFO] IPUIPlugin:80 - create IPUIPlugin
2023-11-25 15:59:27,809 [INFO] PluginManager:220 - loadIPPluginJar : add pdm2pcm
2023-11-25 15:59:27,824 [INFO] IPUIPlugin:80 - create IPUIPlugin
2023-11-25 15:59:27,826 [INFO] PluginManager:220 - loadIPPluginJar : add plateformsettings
2023-11-25 15:59:27,846 [INFO] IPUIPlugin:80 - create IPUIPlugin
2023-11-25 15:59:27,847 [INFO] PluginManager:220 - loadIPPluginJar : add quadspi
2023-11-25 15:59:27,861 [INFO] IPUIPlugin:80 - create IPUIPlugin
2023-11-25 15:59:27,861 [INFO] PluginManager:220 - loadIPPluginJar : add resmgrutility
2023-11-25 15:59:27,905 [INFO] IPUIPlugin:80 - create IPUIPlugin
2023-11-25 15:59:27,905 [INFO] PluginManager:220 - loadIPPluginJar : add sai
2023-11-25 15:59:27,940 [INFO] IPUIPlugin:80 - create IPUIPlugin
2023-11-25 15:59:27,941 [INFO] PluginManager:220 - loadIPPluginJar : add spi
2023-11-25 15:59:27,995 [INFO] IPUIPlugin:80 - create IPUIPlugin
2023-11-25 15:59:27,995 [INFO] PluginManager:220 - loadIPPluginJar : add stm32_wpan
2023-11-25 15:59:28,020 [INFO] IPUIPlugin:80 - create IPUIPlugin
2023-11-25 15:59:28,020 [INFO] PluginManager:220 - loadIPPluginJar : add tim
2023-11-25 15:59:28,071 [INFO] IPUIPlugin:80 - create IPUIPlugin
2023-11-25 15:59:28,071 [INFO] PluginManager:220 - loadIPPluginJar : add touchsensing
2023-11-25 15:59:28,097 [INFO] IPUIPlugin:80 - create IPUIPlugin
2023-11-25 15:59:28,098 [INFO] PluginManager:220 - loadIPPluginJar : add tracer_emb
2023-11-25 15:59:28,122 [INFO] IPUIPlugin:80 - create IPUIPlugin
2023-11-25 15:59:28,122 [INFO] PluginManager:220 - loadIPPluginJar : add ts
2023-11-25 15:59:28,147 [INFO] IPUIPlugin:80 - create IPUIPlugin
2023-11-25 15:59:28,147 [INFO] PluginManager:220 - loadIPPluginJar : add tsc
2023-11-25 15:59:28,172 [INFO] IPUIPlugin:80 - create IPUIPlugin
2023-11-25 15:59:28,172 [INFO] PluginManager:220 - loadIPPluginJar : add ucpd
2023-11-25 15:59:28,216 [INFO] IPUIPlugin:80 - create IPUIPlugin
2023-11-25 15:59:28,217 [INFO] PluginManager:220 - loadIPPluginJar : add usart
2023-11-25 15:59:28,258 [INFO] IPUIPlugin:80 - create IPUIPlugin
2023-11-25 15:59:28,258 [INFO] PluginManager:220 - loadIPPluginJar : add usbx
2023-11-25 15:59:28,382 [INFO] CADModel:165 - CPN selected for project level
2023-11-25 15:59:28,382 [INFO] CADModel:114 - Register for checkConnection events
2023-11-25 15:59:28,383 [FATAL] Updater:308 - Updater called before beeing initialized
2023-11-25 15:59:28,383 [ERROR] CADModel:125 - Updater not yet initialized, retry later 
2023-11-25 15:59:28,426 [INFO] ThirdPartyUpdaterWithRetryManager:70 - Updater plugin not ready yet. [2/15]
2023-11-25 15:59:28,642 [INFO] CADModel:165 - CPN selected for project level
2023-11-25 15:59:28,642 [INFO] CADModel:114 - Register for checkConnection events
2023-11-25 15:59:28,642 [FATAL] Updater:308 - Updater called before beeing initialized
2023-11-25 15:59:28,642 [ERROR] CADModel:125 - Updater not yet initialized, retry later 
2023-11-25 15:59:28,646 [FATAL] Updater:308 - Updater called before beeing initialized
2023-11-25 15:59:28,765 [FATAL] Updater:308 - Updater called before beeing initialized
2023-11-25 15:59:28,775 [INFO] DbMcusAds:53 - JSON generation date=Tue Mar 07 15:50:55 ICT 2023 (1678179055335)
2023-11-25 15:59:28,775 [FATAL] Updater:308 - Updater called before beeing initialized
2023-11-25 15:59:28,945 [WARN] DetailPanel:346 - Failed to get advertising image, set to default
2023-11-25 15:59:29,037 [FATAL] Updater:308 - Updater called before beeing initialized
2023-11-25 15:59:29,039 [FATAL] Updater:308 - Updater called before beeing initialized
2023-11-25 15:59:29,039 [FATAL] Updater:308 - Updater called before beeing initialized
2023-11-25 15:59:29,040 [WARN] DetailPanel:346 - Failed to get advertising image, set to default
2023-11-25 15:59:29,040 [FATAL] Updater:308 - Updater called before beeing initialized
2023-11-25 15:59:29,216 [ERROR] Updater:1120 - MainUpdater not yet initialized. External WinMGr cannot be set.
2023-11-25 15:59:29,243 [INFO] Updater:1056 - Updater Version found : 6.9.2
2023-11-25 15:59:29,282 [INFO] ApplicationProperties:184 - Using Application install path: E:\stm cube\STM32CubeIDE_1.13.2\STM32CubeIDE\plugins\com.st.stm32cube.common.mx_6.9.2.202309101412
2023-11-25 15:59:29,590 [INFO] MainUpdater:2868 - connection check result : 10
2023-11-25 15:59:29,590 [INFO] MainUpdater:285 - Updater Check For Update Now.
2023-11-25 15:59:29,591 [INFO] MicroXplorer:498 - Change Database Version : DB.6.0.92
2023-11-25 15:59:29,625 [INFO] McuFinderGlobals:63 - Set McuFinder mode to 2 (CubeIDE integrated)
2023-11-25 15:59:29,778 [INFO] CheckServerUpdateThread:120 - End of CheckServer Thread
2023-11-25 15:59:31,633 [WARN] PackLoader:240 - Cannot read IP mode file for STMicroelectronics.X-CUBE-SMBUS.2.1.0
2023-11-25 15:59:31,672 [WARN] PackLoader:240 - Cannot read IP mode file for STMicroelectronics.X-CUBE-AZRTOS-F7.1.1.0
2023-11-25 15:59:31,693 [WARN] PackLoader:240 - Cannot read IP mode file for STMicroelectronics.FP-SNS-MOTENV1.4.3.2
2023-11-25 15:59:31,710 [WARN] PackLoader:240 - Cannot read IP mode file for STMicroelectronics.FP-SNS-FLIGHT1.5.0.2
2023-11-25 15:59:31,727 [WARN] PackLoader:240 - Cannot read IP mode file for STMicroelectronics.X-CUBE-DISPLAY.3.0.0
2023-11-25 15:59:31,750 [WARN] PackLoader:240 - Cannot read IP mode file for STMicroelectronics.X-CUBE-BLE1.7.0.0
2023-11-25 15:59:31,769 [WARN] PackLoader:240 - Cannot read IP mode file for emotas.I-CUBE-CANOPEN.1.3.0
2023-11-25 15:59:31,804 [WARN] PackLoader:240 - Cannot read IP mode file for STMicroelectronics.X-CUBE-TOUCHGFX.4.22.1
2023-11-25 15:59:31,818 [WARN] PackLoader:240 - Cannot read IP mode file for STMicroelectronics.FP-SNS-SMARTAG2.1.2.0
2023-11-25 15:59:31,837 [INFO] LogOutputStream:77 - [STDOUT_REDIRECT] 1 : Invalid condition id : UX_CORESTACK_Condition cause : null
2023-11-25 15:59:31,837 [INFO] LogOutputStream:77 - [STDOUT_REDIRECT] 1 : Invalid condition id : UX_CORESTACK_Condition cause : null
2023-11-25 15:59:31,838 [INFO] LogOutputStream:77 - [STDOUT_REDIRECT] 1 : Invalid condition id : UX_CORESTACK_Condition cause : null
2023-11-25 15:59:31,839 [INFO] LogOutputStream:77 - [STDOUT_REDIRECT] 1 : Invalid condition id : UX_CORESTACK_Condition cause : null
2023-11-25 15:59:31,840 [INFO] LogOutputStream:77 - [STDOUT_REDIRECT] 1 : Invalid condition id : UX_CORESTACK_Condition cause : null
2023-11-25 15:59:31,842 [WARN] PackLoader:240 - Cannot read IP mode file for STMicroelectronics.X-CUBE-AZRTOS-WL.2.0.0
2023-11-25 15:59:31,860 [WARN] PackLoader:240 - Cannot read IP mode file for WES.I-CUBE-Cesium.1.3.0
2023-11-25 15:59:31,873 [WARN] PackLoader:240 - Cannot read IP mode file for STMicroelectronics.X-CUBE-BLE2.3.3.0
2023-11-25 15:59:31,886 [WARN] PackLoader:240 - Cannot read IP mode file for STMicroelectronics.X-CUBE-ALGOBUILD.1.3.0
2023-11-25 15:59:31,910 [WARN] PackLoader:240 - Cannot read IP mode file for STMicroelectronics.X-CUBE-AZRTOS-G0.1.1.0
2023-11-25 15:59:31,926 [WARN] PackLoader:240 - Cannot read IP mode file for STMicroelectronics.X-CUBE-NFC4.3.0.0
2023-11-25 15:59:31,944 [WARN] PackLoader:240 - Cannot read IP mode file for STMicroelectronics.X-CUBE-BLEMGR.3.0.0
2023-11-25 15:59:31,959 [WARN] PackLoader:240 - Cannot read IP mode file for STMicroelectronics.FP-ATR-SIGFOX1.3.2.0
2023-11-25 15:59:31,997 [WARN] PackLoader:240 - Cannot read IP mode file for SEGGER.I-CUBE-embOS.1.3.1
2023-11-25 15:59:32,054 [WARN] PackLoader:240 - Cannot read IP mode file for STMicroelectronics.X-CUBE-GNSS1.6.0.0
2023-11-25 15:59:32,085 [WARN] PackLoader:240 - Cannot read IP mode file for STMicroelectronics.X-CUBE-AZRTOS-F4.1.1.0
2023-11-25 15:59:32,103 [WARN] PackLoader:240 - Cannot read IP mode file for wolfSSL.I-CUBE-wolfSSL.5.6.3
2023-11-25 15:59:32,136 [WARN] PackLoader:240 - Cannot read IP mode file for STMicroelectronics.X-CUBE-AZRTOS-L5.2.0.0
2023-11-25 15:59:32,180 [WARN] PackLoader:240 - Cannot read IP mode file for STMicroelectronics.X-CUBE-MEMS1.9.6.0
2023-11-25 15:59:32,333 [WARN] PackLoader:240 - Cannot read IP mode file for STMicroelectronics.X-CUBE-EEPRMA1.4.2.0
2023-11-25 15:59:32,364 [WARN] PackLoader:240 - Cannot read IP mode file for ITTIA_DB.I-CUBE-ITTIADB.8.8.0
2023-11-25 15:59:32,394 [WARN] PackLoader:240 - Cannot read IP mode file for STMicroelectronics.X-CUBE-BLEMGR.2.0.0
2023-11-25 15:59:32,446 [WARN] ConditionMgr:438 - getConditionDescription Invalid condition id : UX DEVICE CLASS RTOS Condition cause : null
2023-11-25 15:59:32,447 [WARN] ConditionMgr:438 - getConditionDescription Invalid condition id : UX DEVICE CLASS RTOS Condition cause : null
2023-11-25 15:59:32,453 [WARN] PackLoader:240 - Cannot read IP mode file for STMicroelectronics.X-CUBE-AZRTOS-H7.3.1.0
2023-11-25 15:59:32,456 [WARN] ConditionMgr:1039 - genDependencies : Invalid condition id : UX DEVICE CLASS RTOS Condition cause : null
2023-11-25 15:59:32,456 [WARN] ConditionMgr:1039 - genDependencies : Invalid condition id : UX DEVICE CLASS RTOS Condition cause : null
2023-11-25 15:59:32,457 [WARN] ConditionMgr:1039 - genDependencies : Invalid condition id : UX DEVICE CLASS RTOS Condition cause : null
2023-11-25 15:59:32,458 [WARN] ConditionMgr:1039 - genDependencies : Invalid condition id : UX DEVICE CLASS RTOS Condition cause : null
2023-11-25 15:59:32,458 [WARN] ConditionMgr:1039 - genDependencies : Invalid condition id : UX DEVICE CLASS RTOS Condition cause : null
2023-11-25 15:59:32,482 [WARN] PackLoader:240 - Cannot read IP mode file for STMicroelectronics.X-CUBE-NFC7.1.0.1
2023-11-25 15:59:32,512 [WARN] PackLoader:240 - Cannot read IP mode file for STMicroelectronics.X-CUBE-NFC6.3.0.0
2023-11-25 15:59:32,530 [WARN] PackLoader:240 - Cannot read IP mode file for STMicroelectronics.X-CUBE-EEPRMA1.4.1.0
2023-11-25 15:59:32,547 [WARN] PackLoader:240 - Cannot read IP mode file for STMicroelectronics.X-CUBE-AI.8.1.0
2023-11-25 15:59:32,623 [WARN] ConditionMgr:438 - getConditionDescription Invalid condition id : LAN8742 Phy interface Condition cause : null
2023-11-25 15:59:32,624 [WARN] PackLoader:240 - Cannot read IP mode file for STMicroelectronics.X-CUBE-AZRTOS-L4.2.0.0
2023-11-25 15:59:32,627 [WARN] ConditionMgr:1039 - genDependencies : Invalid condition id : LAN8742 Phy interface Condition cause : null
2023-11-25 15:59:32,627 [WARN] ConditionMgr:1039 - genDependencies : Invalid condition id : LAN8742 Phy interface Condition cause : null
2023-11-25 15:59:32,628 [WARN] ConditionMgr:1039 - genDependencies : Invalid condition id : LAN8742 Phy interface Condition cause : null
2023-11-25 15:59:32,654 [WARN] PackLoader:240 - Cannot read IP mode file for STMicroelectronics.X-CUBE-SFXS2LP1.4.0.0
2023-11-25 15:59:32,673 [WARN] PackLoader:240 - Cannot read IP mode file for STMicroelectronics.X-CUBE-ISPU.1.1.0
2023-11-25 15:59:32,708 [WARN] ConditionMgr:438 - getConditionDescription Invalid condition id : UX DEVICE CLASS RTOS Condition cause : null
2023-11-25 15:59:32,709 [WARN] ConditionMgr:438 - getConditionDescription Invalid condition id : UX DEVICE CLASS RTOS Condition cause : null
2023-11-25 15:59:32,711 [WARN] PackLoader:240 - Cannot read IP mode file for STMicroelectronics.X-CUBE-AZRTOS-WB.2.0.0
2023-11-25 15:59:32,713 [WARN] ConditionMgr:1039 - genDependencies : Invalid condition id : UX DEVICE CLASS RTOS Condition cause : null
2023-11-25 15:59:32,713 [WARN] ConditionMgr:1039 - genDependencies : Invalid condition id : UX DEVICE CLASS RTOS Condition cause : null
2023-11-25 15:59:32,714 [WARN] ConditionMgr:1039 - genDependencies : Invalid condition id : UX DEVICE CLASS RTOS Condition cause : null
2023-11-25 15:59:32,714 [WARN] ConditionMgr:1039 - genDependencies : Invalid condition id : UX DEVICE CLASS RTOS Condition cause : null
2023-11-25 15:59:32,714 [WARN] ConditionMgr:1039 - genDependencies : Invalid condition id : UX DEVICE CLASS RTOS Condition cause : null
2023-11-25 15:59:32,747 [WARN] PackLoader:240 - Cannot read IP mode file for STMicroelectronics.X-CUBE-SUBG2.5.0.0
2023-11-25 15:59:32,782 [WARN] PackLoader:240 - Cannot read IP mode file for STMicroelectronics.X-CUBE-TOF1.3.3.1
2023-11-25 15:59:32,820 [WARN] PackLoader:240 - Cannot read IP mode file for STMicroelectronics.X-CUBE-AZRTOS-G4.2.0.0
2023-11-25 15:59:32,849 [WARN] PackLoader:240 - Cannot read IP mode file for Infineon.AIROC-Wi-Fi-Bluetooth-STM32.1.5.1
2023-11-25 15:59:32,868 [WARN] PackLoader:240 - Cannot read IP mode file for STMicroelectronics.FP-SNS-MOTENVWB1.1.3.0
2023-11-25 15:59:32,922 [WARN] PackLoader:240 - Cannot read IP mode file for STMicroelectronics.X-CUBE-MEMS1.10.0.0
2023-11-25 15:59:33,023 [WARN] PackLoader:240 - Cannot read IP mode file for STMicroelectronics.X-CUBE-FREERTOS.1.1.0
2023-11-25 15:59:33,047 [WARN] PackLoader:240 - Cannot read IP mode file for portGmbH.I-Cube-SoM-uGOAL.1.1.0
2023-11-25 15:59:33,074 [WARN] PackLoader:240 - Cannot read IP mode file for STMicroelectronics.X-CUBE-ALS.1.0.1
2023-11-25 15:59:33,096 [WARN] PackLoader:240 - Cannot read IP mode file for STMicroelectronics.FP-ATR-ASTRA1.2.0.0
2023-11-25 15:59:33,119 [WARN] PackLoader:240 - Cannot read IP mode file for STMicroelectronics.X-CUBE-TOF1.3.4.0
2023-11-25 15:59:33,126 [INFO] ThirdParty:978 - Integrity check success = true
2023-11-25 15:59:33,126 [INFO] IntegrityCheckThread:100 - exiting critical section [integrity check]
2023-11-25 15:59:33,126 [INFO] IntegrityCheckThread:103 - End integrity checks thread
2023-11-25 15:59:51,648 [ERROR] LogOutputStream:75 - [STDERR_REDIRECT] SLF4J: Failed to load class "org.slf4j.impl.StaticLoggerBinder".
2023-11-25 15:59:51,648 [ERROR] LogOutputStream:75 - [STDERR_REDIRECT] SLF4J: Defaulting to no-operation (NOP) logger implementation
2023-11-25 15:59:51,649 [ERROR] LogOutputStream:75 - [STDERR_REDIRECT] SLF4J: See http://www.slf4j.org/codes.html#StaticLoggerBinder for further details.
2023-11-25 18:31:46,989 [INFO] McuFinderGlobals:63 - Set McuFinder mode to 2 (CubeIDE integrated)
2023-11-25 18:31:47,016 [INFO] MainUpdater:2868 - connection check result : 10
2023-11-25 18:31:47,033 [INFO] MainUpdater:2868 - connection check result : 10
2023-11-25 18:31:47,483 [INFO] MicroXplorer:468 - Change Database Path : 
2023-11-25 18:31:47,483 [INFO] MicroXplorer:498 - Change Database Version : DB.6.0.92
2023-11-25 18:31:47,486 [WARN] ThirdParty:871 - waiting for thirdparty lock release [close project]
2023-11-25 18:31:47,486 [INFO] ThirdParty:873 - entering critical section [close project]
2023-11-25 18:31:47,488 [INFO] ThirdParty:883 - exiting critical section [close project]
2023-11-25 18:31:47,490 [INFO] PinOutPanel:1499 - setPackage(No Configuration,No Configuration)
2023-11-25 18:31:47,494 [INFO] UtilMem:75 - Begin LoadConfig() Used Memory: 744905632 Bytes (979369984)
2023-11-25 18:31:47,495 [INFO] MicroXplorer:468 - Change Database Path : 
2023-11-25 18:31:47,495 [INFO] MicroXplorer:498 - Change Database Version : DB.6.0.92
2023-11-25 18:31:47,495 [INFO] OpenFileManager:308 - Change cursor
2023-11-25 18:31:47,626 [INFO] Mcu:1946 - Initializing MCU STM32G474R(B-C-E)Tx STM32G474RETx STM32G474RET6
2023-11-25 18:31:52,890 [INFO] Context:659 - Trying to add GPIOservice into a context  which must be forbidden
2023-11-25 18:31:54,621 [INFO] RtosManager:555 - Registered RTOS mode: class=CMSIS, group=RTOS, mode=CMSIS_V1, owner=FREERTOS
2023-11-25 18:31:54,621 [INFO] RtosManager:555 - Registered RTOS mode: class=CMSIS, group=RTOS2, mode=CMSIS_V2, owner=FREERTOS
2023-11-25 18:31:54,621 [INFO] RtosManager:555 - Registered RTOS mode: class=RTOS, group=Core, mode=CMSIS_V1, owner=FREERTOS
2023-11-25 18:31:54,621 [INFO] RtosManager:555 - Registered RTOS mode: class=RTOS, group=Core, mode=CMSIS_V2, owner=FREERTOS
2023-11-25 18:31:54,622 [WARN] ModelIntegratedComponent:184 - Missing modes for component STMicroelectronics:FreeRTOS:0.0.1:STMicroelectronics:RTOS:FreeRTOS:Core:::10.2.0:
2023-11-25 18:31:54,629 [WARN] ModelIntegratedComponent:63 - No mode defined for component null
2023-11-25 18:31:54,630 [WARN] ModelIntegratedComponent:63 - No mode defined for component null
2023-11-25 18:31:54,630 [WARN] ModelIntegratedComponent:63 - No mode defined for component null
2023-11-25 18:31:54,630 [WARN] ModelIntegratedComponent:63 - No mode defined for component null
2023-11-25 18:31:54,630 [WARN] ModelIntegratedComponent:63 - No mode defined for component null
2023-11-25 18:31:54,630 [WARN] ModelIntegratedComponent:63 - No mode defined for component null
2023-11-25 18:31:54,630 [WARN] ModelIntegratedComponent:63 - No mode defined for component null
2023-11-25 18:31:54,630 [WARN] ModelIntegratedComponent:63 - No mode defined for component null
2023-11-25 18:31:54,630 [WARN] ModelIntegratedComponent:63 - No mode defined for component null
2023-11-25 18:31:54,630 [WARN] ModelIntegratedComponent:63 - No mode defined for component null
2023-11-25 18:31:54,630 [WARN] ModelIntegratedComponent:63 - No mode defined for component null
2023-11-25 18:31:54,630 [WARN] ModelIntegratedComponent:63 - No mode defined for component null
2023-11-25 18:31:54,630 [WARN] ModelIntegratedComponent:63 - No mode defined for component null
2023-11-25 18:31:54,630 [WARN] ModelIntegratedComponent:63 - No mode defined for component null
2023-11-25 18:31:54,630 [WARN] ModelIntegratedComponent:63 - No mode defined for component null
2023-11-25 18:31:54,630 [WARN] ModelIntegratedComponent:63 - No mode defined for component null
2023-11-25 18:31:54,630 [WARN] ModelIntegratedComponent:63 - No mode defined for component null
2023-11-25 18:31:54,630 [WARN] ModelIntegratedComponent:63 - No mode defined for component null
2023-11-25 18:31:54,630 [WARN] ModelIntegratedComponent:63 - No mode defined for component null
2023-11-25 18:31:54,630 [WARN] ModelIntegratedComponent:63 - No mode defined for component null
2023-11-25 18:31:54,630 [WARN] ModelIntegratedComponent:63 - No mode defined for component null
2023-11-25 18:31:54,630 [WARN] ModelIntegratedComponent:63 - No mode defined for component null
2023-11-25 18:31:54,630 [WARN] ModelIntegratedComponent:63 - No mode defined for component null
2023-11-25 18:31:54,630 [WARN] ModelIntegratedComponent:63 - No mode defined for component null
2023-11-25 18:31:54,630 [WARN] ModelIntegratedComponent:63 - No mode defined for component null
2023-11-25 18:31:54,630 [WARN] ModelIntegratedComponent:63 - No mode defined for component null
2023-11-25 18:31:54,630 [WARN] ModelIntegratedComponent:63 - No mode defined for component null
2023-11-25 18:31:54,631 [WARN] ModelIntegratedComponent:63 - No mode defined for component null
2023-11-25 18:31:54,631 [WARN] ModelIntegratedComponent:63 - No mode defined for component null
2023-11-25 18:31:54,631 [WARN] ModelIntegratedComponent:63 - No mode defined for component null
2023-11-25 18:31:54,631 [WARN] ModelIntegratedComponent:63 - No mode defined for component null
2023-11-25 18:31:54,631 [WARN] ModelIntegratedComponent:63 - No mode defined for component null
2023-11-25 18:31:54,631 [WARN] ModelIntegratedComponent:63 - No mode defined for component null
2023-11-25 18:31:54,692 [INFO] ThirdPartyModel:298 - Start build external matchings
2023-11-25 18:31:55,085 [INFO] ThirdPartyModel:316 - End build external matchings
2023-11-25 18:31:55,104 [INFO] ImportTextPane:194 - (OptionalMessage_ERROR) IP (RCC) : Invalid parameter (FamilyName)
2023-11-25 18:31:55,106 [INFO] ImportTextPane:194 - (OptionalMessage_ERROR) IP (RCC) : Parameter (RNGFreq_Value) has invalid value (170000000)
2023-11-25 18:31:55,106 [INFO] ImportTextPane:194 - (OptionalMessage_ERROR) IP (RCC) : Parameter (USBFreq_Value) has invalid value (170000000)
2023-11-25 18:31:55,496 [INFO] UtilMem:75 - End LoadConfig() Used Memory: 643809512 Bytes (1073741824)
2023-11-25 18:31:55,653 [INFO] ApiDb:581 - Connected to CubeFinder SQLite database (C:\Users\bcc35\.stmcufinder\plugins\mcufinder\mcu\cube-finder-db.db)
2023-11-25 18:31:55,751 [INFO] ApiDb:668 - CubeFinder database Data Model version=2.1
2023-11-25 18:31:55,751 [INFO] ApiDb:669 - CubeFinder database Configuration version=3.0.37
2023-11-25 18:31:55,752 [INFO] ApiDb:670 - CubeFinder database generation date=2023-10-13 (1697197505)
2023-11-25 18:31:55,752 [INFO] ApiDb:671 - CubeFinder database FW Pack versions=[FP-ATR-ASTRA1_V2.0.0, FP-SNS-FLIGHT1_V5.0.1, FP-SNS-FLIGHT1_V5.0.2, FP-SNS-MOTENV1_V4.3.1, FP-SNS-MOTENV1_V4.3.2, FP-SNS-SMARTAG2_V1.2.0, I-CUBE-ITTIADB_V8.6.3-1, STM32Cube_FW_C0_V1.1.0, STM32Cube_FW_F4_V1.27.1, STM32Cube_FW_F7_V1.17.0, STM32Cube_FW_G0_V1.6.1, STM32Cube_FW_G4_V1.5.1, STM32Cube_FW_H5_V0.5.1, STM32Cube_FW_H5_V1.1.1, STM32Cube_FW_H7_V1.11.0, STM32Cube_FW_L0_V1.12.2, STM32Cube_FW_L5_V1.5.0, STM32Cube_FW_U5_V1.3.0, STM32Cube_FW_U5_V1.3.0RC4, STM32Cube_FW_WBA_V1.0.0RC1, STM32Cube_FW_WBA_V1.1.0RC1, STM32Cube_FW_WBA_V1.1.1, STM32Cube_FW_WB_V1.15.0RC1, STM32Cube_FW_WB_V1.16.0, STM32Cube_FW_WB_V1.16.0RC2, STM32Cube_FW_WB_V1.17.3, STM32Cube_FW_WL_V1.3.0, X-CUBE-ALGOBUILD_V1.3.0, X-CUBE-ALS_V1.0.1, X-CUBE-AZRTOS-F4_V1.1.0, X-CUBE-AZRTOS-F7_V1.1.0, X-CUBE-AZRTOS-G0_V1.1.0, X-CUBE-AZRTOS-G4_V2.0.0, X-CUBE-AZRTOS-H7_V3.1.0, X-CUBE-AZRTOS-L4_V1.0.0, X-CUBE-AZRTOS-L4_V2.0.0, X-CUBE-AZRTOS-L5_V1.1.0, X-CUBE-AZRTOS-WB_V2.0.0, X-CUBE-AZRTOS-WL_V2.0.0, X-CUBE-BLE1_V7.0.0, X-CUBE-BLE2_V3.3.0, X-CUBE-BLEMGR_V2.0.0, X-CUBE-EEPRMA1_V4.1.0, X-CUBE-FREERTOS_V1.1.0, X-CUBE-GNSS1_V6.0.0, X-CUBE-MEMS1_V10.0.0, X-CUBE-MEMS1_V9.1.0, X-CUBE-MEMS1_V9.4.0, X-CUBE-MEMS1_V9.6.0, X-CUBE-NFC4_V3.0.0, X-CUBE-NFC7_V1.0.1, X-CUBE-SFXS2LP1_V4.0.0, X-CUBE-SUBG2_V5.0.0, X-CUBE-TOF1_V3.3.1]
2023-11-25 18:31:57,616 [INFO] ApiDb:240 - Found 323 in-development CPN: [B-G473E-ZEST1S, B-WB1M-WPAN1, B-WL5M-SUBG1, NUCLEO-C031C6, NUCLEO-H503RB, NUCLEO-H563ZI, NUCLEO-U545RE-Q, NUCLEO-U5A5ZJ-Q, NUCLEO-WBA52CG, STEVAL-PROTEUS1, STEVAL-SMARTAG2, STEVAL-STWINBX1, STM320518-EVAL, STM32C0116-DK, STM32C011D6Y3TR, STM32C011D6Y6TR, STM32C011F4P3, STM32C011F4P6, STM32C011F4U3, STM32C011F4U6TR, STM32C011F6P3, STM32C011F6P6, STM32C011F6U3, STM32C011F6U6TR, STM32C011J4M3, STM32C011J4M6, STM32C011J6M3, STM32C011J6M6, STM32C0316-DK, STM32C031C4T3, STM32C031C4T6, STM32C031C4U3, STM32C031C4U6, STM32C031C6T3, STM32C031C6T6, STM32C031C6U3, STM32C031C6U6, STM32C031F4P3, STM32C031F4P6, STM32C031F6P3, STM32C031F6P6, STM32C031G4U3, STM32C031G4U6, STM32C031G6U3, STM32C031G6U6, STM32C031K4T3, STM32C031K4T6, STM32C031K4U3, STM32C031K4U6, STM32C031K6T3, STM32C031K6T6, STM32C031K6U3, STM32C031K6U6, STM32G071K8TXN, STM32G071K8UXN, STM32G081GBU6N, STM32G081KBT6N, STM32G081KBUXN, STM32G0B1CCT6N, STM32G0B1KCT6, STM32G0B1NEY6TR, STM32G0B1RCT6N, STM32G0C1CCT6, STM32G0C1CCT6N, STM32G0C1CCU6N, STM32G0C1CET6N, STM32G0C1CEU6N, STM32G0C1KCT6, STM32G0C1NEY6TR, STM32G0C1RCI6N, STM32G0C1RCT6N, STM32G0C1REI6N, STM32G0C1RET6N, STM32G0C1VCI6, STM32G0C1VEI6, STM32G471CCT6, STM32G471CCU6, STM32G471CET3, STM32G471CET6, STM32G471CEU3, STM32G471CEU6, STM32G471MCT6, STM32G471MET3, STM32G471MET6, STM32G471MEY6TR, STM32G471QCT6, STM32G471QET3, STM32G471RCT6, STM32G471RET3, STM32G471RET6, STM32G471VCH6, STM32G471VCI6, STM32G471VCT6, STM32G471VEH3, STM32G471VEH6, STM32G471VEI3, STM32G471VEI6, STM32G471VET3, STM32G471VET6, STM32G474CCT6, STM32H503CBT6, STM32H503CBU6, STM32H503EBY6TR, STM32H503KBU6, STM32H503RBT6, STM32H562AGI6, STM32H562AII6, STM32H562IGK6, STM32H562IGT6, STM32H562IIK6, STM32H562IIT6, STM32H562RGT6, STM32H562RGV6, STM32H562RIT6, STM32H562RIV6, STM32H562VGT6, STM32H562VIT6, STM32H562ZGT6, STM32H562ZIT6, STM32H563AGI6, STM32H563AII3Q, STM32H563AII6, STM32H563IGK6, STM32H563IGT6, STM32H563IIK3Q, STM32H563IIK6, STM32H563IIT3Q, STM32H563IIT6, STM32H563MIY3QTR, STM32H563RGT6, STM32H563RGV6, STM32H563RIT6, STM32H563RIV6, STM32H563VGT6, STM32H563VIT3Q, STM32H563VIT6, STM32H563ZGT6, STM32H563ZIT3Q, STM32H563ZIT6, STM32H573AII3Q, STM32H573AII6, STM32H573I-DK, STM32H573IIK3Q, STM32H573IIK6, STM32H573IIT3Q, STM32H573IIT6, STM32H573MIY3QTR, STM32H573RIT6, STM32H573RIV6, STM32H573VIT3Q, STM32H573VIT6, STM32H573ZIT3Q, STM32H573ZIT6, STM32L4R5QGI6STR, STM32MP131AAE3, STM32MP131AAF3, STM32MP131AAG3, STM32MP131CAE3, STM32MP131CAF3, STM32MP131CAG3, STM32MP131DAE7, STM32MP131DAF7, STM32MP131DAG7, STM32MP131FAE7, STM32MP131FAF7, STM32MP131FAG7, STM32MP133AAE3, STM32MP133AAF3, STM32MP133AAG3, STM32MP133CAE3, STM32MP133CAF3, STM32MP133CAG3, STM32MP133DAE7, STM32MP133DAF7, STM32MP133DAG7, STM32MP133FAE7, STM32MP133FAF7, STM32MP133FAG7, STM32MP135AAE3, STM32MP135AAF3, STM32MP135AAG3, STM32MP135CAE3, STM32MP135CAF3, STM32MP135CAG3, STM32MP135DAE7, STM32MP135DAF7, STM32MP135DAG7, STM32MP135F-DK, STM32MP135FAE7, STM32MP135FAF7, STM32MP135FAF7T, STM32MP135FAF7U, STM32MP135FAG7, STM32U535CBT6, STM32U535CBT6Q, STM32U535CBU6, STM32U535CBU6Q, STM32U535CCT6, STM32U535CCT6Q, STM32U535CCU6, STM32U535CCU6Q, STM32U535CET6, STM32U535CET6Q, STM32U535CEU6, STM32U535CEU6Q, STM32U535JEY6QTR, STM32U535NCY6QTR, STM32U535NEY6QTR, STM32U535RBI6, STM32U535RBI6Q, STM32U535RBT6, STM32U535RBT6Q, STM32U535RCI6, STM32U535RCI6Q, STM32U535RCT6, STM32U535RCT6Q, STM32U535REI6, STM32U535REI6Q, STM32U535RET6, STM32U535RET6Q, STM32U535VCI6, STM32U535VCI6Q, STM32U535VCT6, STM32U535VCT6Q, STM32U535VEI6, STM32U535VEI6Q, STM32U535VET6, STM32U535VET6Q, STM32U545CET6, STM32U545CET6Q, STM32U545CEU6, STM32U545CEU6Q, STM32U545JEY6QTR, STM32U545NEY6QTR, STM32U545REI6, STM32U545REI6Q, STM32U545RET6, STM32U545RET6Q, STM32U545VEI6, STM32U545VEI6Q, STM32U545VET6, STM32U545VET6Q, STM32U595AIH6, STM32U595AIH6Q, STM32U595AJH6, STM32U595AJH6Q, STM32U595QII6, STM32U595QII6Q, STM32U595QJI6, STM32U595QJI6Q, STM32U595RIT6, STM32U595RIT6Q, STM32U595RJT6, STM32U595RJT6Q, STM32U595VIT6, STM32U595VIT6Q, STM32U595VJT6, STM32U595VJT6Q, STM32U595ZIT6, STM32U595ZIT6Q, STM32U595ZIY6QTR, STM32U595ZJT6, STM32U595ZJT6Q, STM32U595ZJY6QTR, STM32U599BJY6QTR, STM32U599NIH6Q, STM32U599NJH6Q, STM32U599VIT6Q, STM32U599VJT6, STM32U599VJT6Q, STM32U599ZIT6Q, STM32U599ZIY6QTR, STM32U599ZJT6Q, STM32U599ZJY6QTR, STM32U5A5AJH6, STM32U5A5AJH6Q, STM32U5A5QJI6, STM32U5A5QJI6Q, STM32U5A5RJT6, STM32U5A5RJT6Q, STM32U5A5VJT6, STM32U5A5VJT6Q, STM32U5A5ZJT6, STM32U5A5ZJT6Q, STM32U5A5ZJY6QTR, STM32U5A9BJY6QTR, STM32U5A9J-DK, STM32U5A9NJH6Q, STM32U5A9VJT6Q, STM32U5A9ZJT6Q, STM32U5A9ZJY6QTR, STM32U5F7VIT6, STM32U5F7VIT6Q, STM32U5F7VJT6, STM32U5F7VJT6Q, STM32U5F9BJY6QTR, STM32U5F9NJH6Q, STM32U5F9VIT6Q, STM32U5F9VJT6Q, STM32U5F9ZIJ6QTR, STM32U5F9ZIT6Q, STM32U5F9ZJJ6QTR, STM32U5F9ZJT6Q, STM32U5G7VJT6, STM32U5G7VJT6Q, STM32U5G9BJY6QTR, STM32U5G9J-DK1, STM32U5G9J-DK2, STM32U5G9NJH6Q, STM32U5G9VJT6Q, STM32U5G9ZJJ6QTR, STM32U5G9ZJT6Q, STM32WB1MMCH6, STM32WBA52CEU6, STM32WBA52CEU6T, STM32WBA52CGU6, STM32WBA52CGU6T, STM32WBA52KEU6, STM32WBA52KEU6T, STM32WBA52KGU6, STM32WBA52KGU6T, STM32WL5MOCH6, STM32WL5MOCH6TR]
2023-11-25 18:31:57,618 [INFO] DbMcus:217 - Found 3848 MCUs, 3848 are supported
2023-11-25 18:31:57,619 [INFO] ApiDb:423 - Load user favorites file C:\Users\bcc35/.stm32cubeide/favorites.mcus.txt: 0 item(s)
2023-11-25 18:31:57,619 [INFO] ApiDb:427 - User favorites MCUs=[]
2023-11-25 18:31:57,619 [INFO] DbMcus:223 - Set 0 / 0 favorites MCUs
2023-11-25 18:31:58,031 [WARN] ThirdParty:833 - waiting for thirdparty lock release [change project]
2023-11-25 18:31:58,031 [INFO] ThirdParty:835 - entering critical section [change project]
2023-11-25 18:31:58,032 [INFO] ThirdParty:1030 - CMSIS Pack Vendor :STMicroelectronics X-CUBE-ISPU 1.1.0
2023-11-25 18:31:58,032 [INFO] ThirdParty:1030 - CMSIS Pack Vendor :STMicroelectronics USBPD 4.1
2023-11-25 18:31:58,032 [INFO] ThirdParty:1030 - CMSIS Pack Vendor :STMicroelectronics X-CUBE-GNSS1 6.0.0
2023-11-25 18:31:58,032 [INFO] ThirdParty:1030 - CMSIS Pack Vendor :STMicroelectronics USB_HOST 2.0.0
2023-11-25 18:31:58,032 [INFO] ThirdParty:1030 - CMSIS Pack Vendor :STMicroelectronics X-CUBE-AZRTOS-F4 1.1.0
2023-11-25 18:31:58,032 [INFO] ThirdParty:1030 - CMSIS Pack Vendor :STMicroelectronics LIBJPEG 8.0.0
2023-11-25 18:31:58,032 [INFO] ThirdParty:1030 - CMSIS Pack Vendor :wolfSSL I-CUBE-wolfSSL 5.6.3
2023-11-25 18:31:58,032 [INFO] ThirdParty:1030 - CMSIS Pack Vendor :STMicroelectronics X-CUBE-SMBUS 2.1.0
2023-11-25 18:31:58,032 [INFO] ThirdParty:1030 - CMSIS Pack Vendor :STMicroelectronics USB_DEVICE 3.0.0
2023-11-25 18:31:58,032 [INFO] ThirdParty:1030 - CMSIS Pack Vendor :STMicroelectronics X-CUBE-AZRTOS-WB 2.0.0
2023-11-25 18:31:58,032 [INFO] ThirdParty:1030 - CMSIS Pack Vendor :STMicroelectronics X-CUBE-AZRTOS-F7 1.1.0
2023-11-25 18:31:58,032 [INFO] ThirdParty:1030 - CMSIS Pack Vendor :STMicroelectronics X-CUBE-AZRTOS-L5 2.0.0
2023-11-25 18:31:58,032 [INFO] ThirdParty:1030 - CMSIS Pack Vendor :STMicroelectronics USB_DEVICE 2.0.0
2023-11-25 18:31:58,032 [INFO] ThirdParty:1030 - CMSIS Pack Vendor :STMicroelectronics X-CUBE-MEMS1 9.6.0
2023-11-25 18:31:58,032 [INFO] ThirdParty:1030 - CMSIS Pack Vendor :STMicroelectronics X-CUBE-EEPRMA1 4.2.0
2023-11-25 18:31:58,032 [INFO] ThirdParty:1030 - CMSIS Pack Vendor :ITTIA_DB I-CUBE-ITTIADB 8.8.0
2023-11-25 18:31:58,032 [INFO] ThirdParty:1030 - CMSIS Pack Vendor :STMicroelectronics FP-SNS-MOTENV1 4.3.2
2023-11-25 18:31:58,032 [INFO] ThirdParty:1030 - CMSIS Pack Vendor :STMicroelectronics X-CUBE-ALGOBUILD 1.3.0
2023-11-25 18:31:58,032 [INFO] ThirdParty:1030 - CMSIS Pack Vendor :STMicroelectronics FreeRTOS 0.0.1
2023-11-25 18:31:58,032 [INFO] ThirdParty:1030 - CMSIS Pack Vendor :STMicroelectronics X-CUBE-AZRTOS-G0 1.1.0
2023-11-25 18:31:58,032 [INFO] ThirdParty:1030 - CMSIS Pack Vendor :STMicroelectronics X-CUBE-BLEMGR 2.0.0
2023-11-25 18:31:58,032 [INFO] ThirdParty:1030 - CMSIS Pack Vendor :STMicroelectronics X-CUBE-NFC4 3.0.0
2023-11-25 18:31:58,032 [INFO] ThirdParty:1030 - CMSIS Pack Vendor :STMicroelectronics X-CUBE-SUBG2 5.0.0
2023-11-25 18:31:58,032 [INFO] ThirdParty:1030 - CMSIS Pack Vendor :STMicroelectronics STM32_WPAN 1.0.0
2023-11-25 18:31:58,032 [INFO] ThirdParty:1030 - CMSIS Pack Vendor :STMicroelectronics lwIP 2.0.3
2023-11-25 18:31:58,033 [INFO] ThirdParty:1030 - CMSIS Pack Vendor :STMicroelectronics FP-SNS-FLIGHT1 5.0.2
2023-11-25 18:31:58,033 [INFO] ThirdParty:1030 - CMSIS Pack Vendor :STMicroelectronics USB_HOST 1.0.0
2023-11-25 18:31:58,033 [INFO] ThirdParty:1030 - CMSIS Pack Vendor :STMicroelectronics X-CUBE-TOF1 3.3.1
2023-11-25 18:31:58,033 [INFO] ThirdParty:1030 - CMSIS Pack Vendor :STMicroelectronics X-CUBE-AZRTOS-G4 2.0.0
2023-11-25 18:31:58,033 [INFO] ThirdParty:1030 - CMSIS Pack Vendor :STMicroelectronics PDM2PCM 3.1.0
2023-11-25 18:31:58,033 [INFO] ThirdParty:1030 - CMSIS Pack Vendor :STMicroelectronics X-CUBE-AZRTOS-H7 3.1.0
2023-11-25 18:31:58,033 [INFO] ThirdParty:1030 - CMSIS Pack Vendor :Infineon AIROC-Wi-Fi-Bluetooth-STM32 1.5.1
2023-11-25 18:31:58,033 [INFO] ThirdParty:1030 - CMSIS Pack Vendor :STMicroelectronics X-CUBE-BLEMGR 3.0.0
2023-11-25 18:31:58,033 [INFO] ThirdParty:1030 - CMSIS Pack Vendor :STMicroelectronics PDM2PCM 3.3.0
2023-11-25 18:31:58,033 [INFO] ThirdParty:1030 - CMSIS Pack Vendor :STMicroelectronics X-CUBE-DISPLAY 3.0.0
2023-11-25 18:31:58,033 [INFO] ThirdParty:1030 - CMSIS Pack Vendor :STMicroelectronics FP-SNS-MOTENVWB1 1.3.0
2023-11-25 18:31:58,033 [INFO] ThirdParty:1030 - CMSIS Pack Vendor :STMicroelectronics X-CUBE-BLE1 7.0.0
2023-11-25 18:31:58,033 [INFO] ThirdParty:1030 - CMSIS Pack Vendor :STMicroelectronics FP-ATR-SIGFOX1 3.2.0
2023-11-25 18:31:58,033 [INFO] ThirdParty:1030 - CMSIS Pack Vendor :STMicroelectronics HAL Drivers 0.0.0
2023-11-25 18:31:58,033 [INFO] ThirdParty:1030 - CMSIS Pack Vendor :STMicroelectronics MBEDTLS 2.16.2
2023-11-25 18:31:58,033 [INFO] ThirdParty:1030 - CMSIS Pack Vendor :emotas I-CUBE-CANOPEN 1.3.0
2023-11-25 18:31:58,033 [INFO] ThirdParty:1030 - CMSIS Pack Vendor :STMicroelectronics X-CUBE-MEMS1 10.0.0
2023-11-25 18:31:58,033 [INFO] ThirdParty:1030 - CMSIS Pack Vendor :STMicroelectronics X-CUBE-FREERTOS 1.1.0
2023-11-25 18:31:58,033 [INFO] ThirdParty:1030 - CMSIS Pack Vendor :STMicroelectronics X-CUBE-NFC7 1.0.1
2023-11-25 18:31:58,033 [INFO] ThirdParty:1030 - CMSIS Pack Vendor :STMicroelectronics MBEDTLS 2.14.1
2023-11-25 18:31:58,033 [INFO] ThirdParty:1030 - CMSIS Pack Vendor :STMicroelectronics X-CUBE-TOUCHGFX 4.22.1
2023-11-25 18:31:58,033 [INFO] ThirdParty:1030 - CMSIS Pack Vendor :STMicroelectronics X-CUBE-NFC6 3.0.0
2023-11-25 18:31:58,033 [INFO] ThirdParty:1030 - CMSIS Pack Vendor :STMicroelectronics X-CUBE-EEPRMA1 4.1.0
2023-11-25 18:31:58,033 [INFO] ThirdParty:1030 - CMSIS Pack Vendor :portGmbH I-Cube-SoM-uGOAL 1.1.0
2023-11-25 18:31:58,033 [INFO] ThirdParty:1030 - CMSIS Pack Vendor :STMicroelectronics X-CUBE-ALS 1.0.1
2023-11-25 18:31:58,033 [INFO] ThirdParty:1030 - CMSIS Pack Vendor :STMicroelectronics ThreadX 1.0.0
2023-11-25 18:31:58,033 [INFO] ThirdParty:1030 - CMSIS Pack Vendor :STMicroelectronics FP-SNS-SMARTAG2 1.2.0
2023-11-25 18:31:58,033 [INFO] ThirdParty:1030 - CMSIS Pack Vendor :STMicroelectronics X-CUBE-AZRTOS-WL 2.0.0
2023-11-25 18:31:58,033 [INFO] ThirdParty:1030 - CMSIS Pack Vendor :SEGGER I-CUBE-embOS 1.3.1
2023-11-25 18:31:58,033 [INFO] ThirdParty:1030 - CMSIS Pack Vendor :STMicroelectronics USB_DEVICE 1.0.0
2023-11-25 18:31:58,033 [INFO] ThirdParty:1030 - CMSIS Pack Vendor :STMicroelectronics X-CUBE-AI 8.1.0
2023-11-25 18:31:58,033 [INFO] ThirdParty:1030 - CMSIS Pack Vendor :STMicroelectronics X-CUBE-AZRTOS-L4 2.0.0
2023-11-25 18:31:58,033 [INFO] ThirdParty:1030 - CMSIS Pack Vendor :STMicroelectronics ThreadX 0.0.2
2023-11-25 18:31:58,034 [INFO] ThirdParty:1030 - CMSIS Pack Vendor :WES I-CUBE-Cesium 1.3.0
2023-11-25 18:31:58,034 [INFO] ThirdParty:1030 - CMSIS Pack Vendor :STMicroelectronics FP-ATR-ASTRA1 2.0.0
2023-11-25 18:31:58,034 [INFO] ThirdParty:1030 - CMSIS Pack Vendor :STMicroelectronics lwIP 2.1.2
2023-11-25 18:31:58,034 [INFO] ThirdParty:1030 - CMSIS Pack Vendor :STMicroelectronics X-CUBE-SFXS2LP1 4.0.0
2023-11-25 18:31:58,034 [INFO] ThirdParty:1030 - CMSIS Pack Vendor :STMicroelectronics X-CUBE-BLE2 3.3.0
2023-11-25 18:31:58,034 [INFO] ThirdParty:1030 - CMSIS Pack Vendor :STMicroelectronics X-CUBE-TOF1 3.4.0
2023-11-25 18:31:58,034 [INFO] ThirdParty:1030 - CMSIS Pack Vendor :STMicroelectronics PDM2PCM 3.2.0
2023-11-25 18:31:58,034 [INFO] ThirdParty:841 - exiting critical section [change project]
2023-11-25 18:31:58,480 [INFO] PinOutPanel:1499 - setPackage(No Configuration,No Configuration)
2023-11-25 18:31:58,482 [INFO] PinOutPanel:1499 - setPackage(STM32G474RETx,LQFP64)
2023-11-25 18:31:59,222 [INFO] UtilMem:75 - Before build in PCC Used Memory: 670247256 Bytes (1073741824)
2023-11-25 18:32:00,715 [INFO] UtilMem:75 - After build in PCC Used Memory: 813840720 Bytes (1073741824)
2023-11-25 18:32:00,757 [INFO] IPUIPlugin:80 - create IPUIPlugin
2023-11-25 18:32:00,757 [INFO] IPUIPlugin:80 - create IPUIPlugin
2023-11-25 18:32:00,758 [INFO] IPUIPlugin:80 - create IPUIPlugin
2023-11-25 18:32:00,758 [INFO] IPUIPlugin:80 - create IPUIPlugin
2023-11-25 18:32:00,758 [INFO] IPUIPlugin:80 - create IPUIPlugin
2023-11-25 18:32:00,758 [INFO] IPUIPlugin:80 - create IPUIPlugin
2023-11-25 18:32:00,758 [INFO] IPUIPlugin:80 - create IPUIPlugin
2023-11-25 18:32:00,758 [INFO] IPUIPlugin:80 - create IPUIPlugin
2023-11-25 18:32:00,758 [INFO] IPUIPlugin:80 - create IPUIPlugin
2023-11-25 18:32:00,758 [INFO] IPUIPlugin:80 - create IPUIPlugin
2023-11-25 18:32:00,758 [INFO] IPUIPlugin:80 - create IPUIPlugin
2023-11-25 18:32:00,758 [INFO] IPUIPlugin:80 - create IPUIPlugin
2023-11-25 18:32:00,758 [INFO] IPUIPlugin:80 - create IPUIPlugin
2023-11-25 18:32:00,759 [INFO] IPUIPlugin:80 - create IPUIPlugin
2023-11-25 18:32:00,759 [INFO] IPUIPlugin:80 - create IPUIPlugin
2023-11-25 18:32:00,759 [INFO] IPUIPlugin:80 - create IPUIPlugin
2023-11-25 18:32:00,759 [INFO] IPUIPlugin:80 - create IPUIPlugin
2023-11-25 18:32:00,759 [INFO] IPUIPlugin:80 - create IPUIPlugin
2023-11-25 18:32:00,760 [INFO] IPUIPlugin:80 - create IPUIPlugin
2023-11-25 18:32:00,760 [INFO] IPUIPlugin:80 - create IPUIPlugin
2023-11-25 18:32:00,760 [INFO] IPUIPlugin:80 - create IPUIPlugin
2023-11-25 18:32:00,760 [INFO] IPUIPlugin:80 - create IPUIPlugin
2023-11-25 18:32:00,760 [INFO] IPUIPlugin:80 - create IPUIPlugin
2023-11-25 18:32:00,760 [INFO] IPUIPlugin:80 - create IPUIPlugin
2023-11-25 18:32:00,760 [INFO] IPUIPlugin:80 - create IPUIPlugin
2023-11-25 18:32:00,760 [INFO] IPUIPlugin:80 - create IPUIPlugin
2023-11-25 18:32:00,760 [INFO] IPUIPlugin:80 - create IPUIPlugin
2023-11-25 18:32:00,761 [INFO] IPUIPlugin:80 - create IPUIPlugin
2023-11-25 18:32:00,761 [INFO] IPUIPlugin:80 - create IPUIPlugin
2023-11-25 18:32:00,761 [INFO] IPUIPlugin:80 - create IPUIPlugin
2023-11-25 18:32:00,761 [INFO] IPUIPlugin:80 - create IPUIPlugin
2023-11-25 18:32:00,761 [INFO] IPUIPlugin:80 - create IPUIPlugin
2023-11-25 18:32:00,761 [INFO] IPUIPlugin:80 - create IPUIPlugin
2023-11-25 18:32:00,761 [INFO] IPUIPlugin:80 - create IPUIPlugin
2023-11-25 18:32:00,761 [INFO] IPUIPlugin:80 - create IPUIPlugin
2023-11-25 18:32:00,762 [INFO] IPUIPlugin:80 - create IPUIPlugin
2023-11-25 18:32:00,762 [INFO] IPUIPlugin:80 - create IPUIPlugin
2023-11-25 18:32:00,762 [INFO] IPUIPlugin:80 - create IPUIPlugin
2023-11-25 18:32:00,762 [INFO] IPUIPlugin:80 - create IPUIPlugin
2023-11-25 18:32:00,763 [INFO] IPUIPlugin:80 - create IPUIPlugin
2023-11-25 18:32:00,763 [INFO] IPUIPlugin:80 - create IPUIPlugin
2023-11-25 18:32:00,763 [INFO] IPUIPlugin:80 - create IPUIPlugin
2023-11-25 18:32:00,763 [INFO] IPUIPlugin:80 - create IPUIPlugin
2023-11-25 18:32:00,763 [INFO] IPUIPlugin:80 - create IPUIPlugin
2023-11-25 18:32:00,763 [INFO] IPUIPlugin:80 - create IPUIPlugin
2023-11-25 18:32:00,763 [INFO] IPUIPlugin:80 - create IPUIPlugin
2023-11-25 18:32:00,764 [INFO] IPUIPlugin:80 - create IPUIPlugin
2023-11-25 18:32:00,764 [INFO] IPUIPlugin:80 - create IPUIPlugin
2023-11-25 18:32:00,764 [INFO] IPUIPlugin:80 - create IPUIPlugin
2023-11-25 18:32:00,764 [INFO] IPUIPlugin:80 - create IPUIPlugin
2023-11-25 18:32:00,765 [INFO] IPUIPlugin:80 - create IPUIPlugin
2023-11-25 18:32:00,765 [INFO] IPUIPlugin:80 - create IPUIPlugin
2023-11-25 18:32:00,765 [INFO] IPUIPlugin:80 - create IPUIPlugin
2023-11-25 18:32:00,766 [INFO] IPUIPlugin:80 - create IPUIPlugin
2023-11-25 18:32:00,766 [INFO] IPUIPlugin:80 - create IPUIPlugin
2023-11-25 18:32:00,766 [INFO] IPUIPlugin:80 - create IPUIPlugin
2023-11-25 18:32:00,766 [INFO] IPUIPlugin:80 - create IPUIPlugin
2023-11-25 18:32:00,767 [INFO] IPUIPlugin:80 - create IPUIPlugin
2023-11-25 18:32:00,767 [INFO] IPUIPlugin:80 - create IPUIPlugin
2023-11-25 18:32:00,767 [INFO] IPUIPlugin:80 - create IPUIPlugin
2023-11-25 18:32:00,767 [INFO] IPUIPlugin:80 - create IPUIPlugin
2023-11-25 18:32:00,768 [INFO] IPUIPlugin:80 - create IPUIPlugin
2023-11-25 18:32:00,768 [INFO] IPUIPlugin:80 - create IPUIPlugin
2023-11-25 18:32:00,768 [INFO] IPUIPlugin:80 - create IPUIPlugin
2023-11-25 18:32:00,769 [INFO] IPUIPlugin:80 - create IPUIPlugin
2023-11-25 18:32:00,769 [INFO] IPUIPlugin:80 - create IPUIPlugin
2023-11-25 18:32:00,770 [INFO] IPUIPlugin:80 - create IPUIPlugin
2023-11-25 18:32:00,770 [INFO] IPUIPlugin:80 - create IPUIPlugin
2023-11-25 18:32:00,770 [INFO] IPUIPlugin:80 - create IPUIPlugin
2023-11-25 18:32:00,771 [INFO] IPUIPlugin:80 - create IPUIPlugin
2023-11-25 18:32:00,771 [INFO] IPUIPlugin:80 - create IPUIPlugin
2023-11-25 18:32:00,771 [INFO] IPUIPlugin:80 - create IPUIPlugin
2023-11-25 18:32:00,772 [INFO] IPUIPlugin:80 - create IPUIPlugin
2023-11-25 18:32:00,772 [INFO] IPUIPlugin:80 - create IPUIPlugin
2023-11-25 18:32:00,773 [INFO] IPUIPlugin:80 - create IPUIPlugin
2023-11-25 18:32:00,773 [INFO] IPUIPlugin:80 - create IPUIPlugin
2023-11-25 18:32:00,774 [INFO] IPUIPlugin:80 - create IPUIPlugin
2023-11-25 18:32:01,119 [INFO] CADModel:165 - CPN selected for project levelSTM32G474RET6
2023-11-25 18:32:01,119 [INFO] CADModel:114 - Register for checkConnection events
2023-11-25 18:32:01,159 [INFO] OpenFileManager:328 - Restore cursor
2023-11-25 18:32:23,917 [INFO] ADCParametersView:116 -                Rank 1 : false
2023-11-25 18:32:24,021 [INFO] ADCParametersView:116 -                Rank 1 : false
2023-11-25 18:32:24,022 [INFO] ADCParametersView:116 -                Rank 1 : false
2023-11-25 18:32:24,022 [INFO] ADCParametersView:116 -                Rank 1 : false
2023-11-25 18:32:24,022 [INFO] ADCParametersView:116 -                Rank 1 : false
2023-11-25 18:32:24,022 [INFO] ADCParametersView:116 -                Rank 1 : false
2023-11-25 18:32:24,023 [INFO] ADCParametersView:116 -                Rank 1 : false
2023-11-25 18:32:24,023 [INFO] ADCParametersView:116 -                Rank 1 : false
2023-11-25 18:32:24,023 [INFO] ADCParametersView:116 -                Rank 1 : false
2023-11-25 18:32:24,023 [INFO] ADCParametersView:116 -                Rank 1 : false
2023-11-25 18:32:24,023 [INFO] ADCParametersView:116 -                Rank 1 : false
2023-11-25 18:32:24,023 [INFO] ADCParametersView:116 -                Rank 1 : false
2023-11-25 18:32:24,023 [INFO] ADCParametersView:116 -                Rank 1 : false
2023-11-25 18:32:24,024 [INFO] ADCParametersView:116 -                Rank 1 : false
2023-11-25 18:32:24,024 [INFO] ADCParametersView:116 -                Rank 1 : false
2023-11-25 18:32:24,024 [INFO] ADCParametersView:116 -                Rank 1 : false
2023-11-25 18:32:24,024 [INFO] ADCParametersView:116 -                Rank 1 : false
2023-11-25 18:32:24,024 [INFO] ADCParametersView:116 -                Rank 1 : false
2023-11-25 18:32:24,024 [INFO] ADCParametersView:116 -                Rank 1 : false
2023-11-25 18:32:24,024 [INFO] ADCParametersView:116 -                Rank 1 : false
2023-11-25 18:32:24,024 [INFO] ADCParametersView:116 -                Rank 1 : false
2023-11-25 18:32:24,024 [INFO] ADCParametersView:116 -                Rank 1 : false
2023-11-25 18:32:24,042 [INFO] ADCParametersView:116 -                Rank 1 : false
2023-11-25 18:32:24,226 [INFO] NvicIntPanel:101 - NVIC parent = com.st.microxplorer.plugins.ip.nvic.MultiNvicIntPanel[,0,0,0x0,invalid,layout=javax.swing.BoxLayout,alignmentX=0.0,alignmentY=0.0,border=,flags=9,maximumSize=,minimumSize=,preferredSize=]
2023-11-25 18:32:24,344 [INFO] NvicIntPanel:101 - NVIC parent = com.st.microxplorer.plugins.ip.nvic.MultiNvicIntPanel[,0,0,0x0,invalid,layout=javax.swing.BoxLayout,alignmentX=0.0,alignmentY=0.0,border=,flags=9,maximumSize=,minimumSize=,preferredSize=]
2023-11-25 18:32:24,445 [INFO] NvicIntPanel:101 - NVIC parent = com.st.microxplorer.plugins.ip.nvic.MultiNvicIntPanel[,0,0,0x0,invalid,layout=javax.swing.BoxLayout,alignmentX=0.0,alignmentY=0.0,border=,flags=9,maximumSize=,minimumSize=,preferredSize=]
2023-11-25 18:32:24,555 [INFO] NvicIntPanel:101 - NVIC parent = com.st.microxplorer.plugins.ip.nvic.MultiNvicIntPanel[,0,0,0x0,invalid,layout=javax.swing.BoxLayout,alignmentX=0.0,alignmentY=0.0,border=,flags=9,maximumSize=,minimumSize=,preferredSize=]
2023-11-25 18:32:24,609 [INFO] ADCParametersView:116 -                Rank 1 : false
2023-11-25 18:32:24,610 [INFO] ADCParametersView:116 -                Rank 1 : false
2023-11-25 18:32:24,610 [INFO] ADCParametersView:116 -                Rank 1 : false
2023-11-25 18:32:24,610 [INFO] ADCParametersView:116 -                Rank 1 : false
2023-11-25 18:32:24,610 [INFO] ADCParametersView:116 -                Rank 1 : false
2023-11-25 18:32:24,610 [INFO] ADCParametersView:116 -                Rank 1 : false
2023-11-25 18:32:24,611 [INFO] ADCParametersView:116 -                Rank 1 : false
2023-11-25 18:32:24,612 [INFO] ADCParametersView:116 -                Rank 1 : false
2023-11-25 18:32:24,612 [INFO] ADCParametersView:116 -                Rank 1 : false
2023-11-25 18:32:24,612 [INFO] ADCParametersView:116 -                Rank 1 : false
2023-11-25 18:32:24,612 [INFO] ADCParametersView:116 -                Rank 1 : false
2023-11-25 18:32:24,612 [INFO] ADCParametersView:116 -                Rank 1 : false
2023-11-25 18:32:24,612 [INFO] ADCParametersView:116 -                Rank 1 : false
2023-11-25 18:32:24,612 [INFO] ADCParametersView:116 -                Rank 1 : false
2023-11-25 18:32:24,613 [INFO] ADCParametersView:116 -                Rank 1 : false
2023-11-25 18:32:24,613 [INFO] ADCParametersView:116 -                Rank 1 : false
2023-11-25 18:32:24,613 [INFO] ADCParametersView:116 -                Rank 1 : false
2023-11-25 18:32:24,613 [INFO] ADCParametersView:116 -                Rank 1 : false
2023-11-25 18:32:24,613 [INFO] ADCParametersView:116 -                Rank 1 : false
2023-11-25 18:32:24,613 [INFO] ADCParametersView:116 -                Rank 1 : false
2023-11-25 18:32:24,613 [INFO] ADCParametersView:116 -                Rank 1 : false
2023-11-25 18:32:24,625 [INFO] ADCParametersView:116 -                Rank 1 : false
2023-11-25 18:32:24,648 [INFO] ADCParametersView:116 -                Rank 1 : false
2023-11-25 18:32:24,648 [INFO] ADCParametersView:116 -                Rank 1 : false
2023-11-25 18:32:24,648 [INFO] ADCParametersView:116 -                Rank 1 : false
2023-11-25 18:32:24,648 [INFO] ADCParametersView:116 -                Rank 1 : false
2023-11-25 18:32:24,648 [INFO] ADCParametersView:116 -                Rank 1 : false
2023-11-25 18:32:24,648 [INFO] ADCParametersView:116 -                Rank 1 : false
2023-11-25 18:32:24,648 [INFO] ADCParametersView:116 -                Rank 1 : false
2023-11-25 18:32:24,649 [INFO] ADCParametersView:116 -                Rank 1 : false
2023-11-25 18:32:24,649 [INFO] ADCParametersView:116 -                Rank 1 : false
2023-11-25 18:32:24,649 [INFO] ADCParametersView:116 -                Rank 1 : false
2023-11-25 18:32:24,649 [INFO] ADCParametersView:116 -                Rank 1 : false
2023-11-25 18:32:24,649 [INFO] ADCParametersView:116 -                Rank 1 : false
2023-11-25 18:32:24,649 [INFO] ADCParametersView:116 -                Rank 1 : false
2023-11-25 18:32:24,649 [INFO] ADCParametersView:116 -                Rank 1 : false
2023-11-25 18:32:24,649 [INFO] ADCParametersView:116 -                Rank 1 : false
2023-11-25 18:32:24,649 [INFO] ADCParametersView:116 -                Rank 1 : false
2023-11-25 18:32:24,649 [INFO] ADCParametersView:116 -                Rank 1 : false
2023-11-25 18:32:24,649 [INFO] ADCParametersView:116 -                Rank 1 : false
2023-11-25 18:32:24,649 [INFO] ADCParametersView:116 -                Rank 1 : false
2023-11-25 18:32:24,649 [INFO] ADCParametersView:116 -                Rank 1 : false
2023-11-25 18:32:24,649 [INFO] ADCParametersView:116 -                Rank 1 : false
2023-11-25 18:32:24,662 [INFO] ADCParametersView:116 -                Rank 1 : false
2023-11-25 18:35:02,561 [INFO] UtilMem:75 - End SaveConfig() Used Memory: 710428080 Bytes (1073741824)
2023-11-25 18:35:05,444 [INFO] UtilMem:75 - End SaveConfig() Used Memory: 764954032 Bytes (1073741824)
2023-11-25 18:35:05,664 [INFO] UtilMem:75 - End SaveConfig() Used Memory: 794314160 Bytes (1073741824)
2023-11-25 18:35:06,086 [INFO] BlockDiagram:2759 - set Specific Code input for plugin: DAC
2023-11-25 18:35:06,087 [INFO] BlockDiagram:2759 - set Specific Code input for plugin: SYS
2023-11-25 18:35:06,087 [INFO] BlockDiagram:2759 - set Specific Code input for plugin: ADC
2023-11-25 18:35:06,087 [INFO] BlockDiagram:2759 - set Specific Code input for plugin: RCC
2023-11-25 18:35:06,087 [INFO] BlockDiagram:2759 - set Specific Code input for plugin: LPUART
2023-11-25 18:35:06,087 [INFO] BlockDiagram:2759 - set Specific Code input for plugin: NVIC
2023-11-25 18:35:06,087 [INFO] BlockDiagram:2759 - set Specific Code input for plugin: GPIO
2023-11-25 18:35:06,090 [INFO] CodeGenerator:799 - code generatio: config db path: E:\stm cube\STM32CubeIDE_1.13.2\STM32CubeIDE\plugins\com.st.stm32cube.common.mx_6.9.2.202309101412\\db\
2023-11-25 18:35:06,580 [INFO] CodeEngine:255 - oldGeneratedFile, C:\Users\bcc35\Desktop\Elec\week4\MXTmpFiles\license.tmp_save
2023-11-25 18:35:06,987 [INFO] CodeEngine:279 - Generated code: C:\Users\bcc35\Desktop\Elec\week4\MXTmpFiles\license.tmp
2023-11-25 18:35:07,261 [INFO] CodeEngine:255 - oldGeneratedFile, C:\Users\bcc35\Desktop\Elec\week4\MXTmpFiles\gpio.tmp_save
2023-11-25 18:35:07,401 [INFO] CodeEngine:279 - Generated code: C:\Users\bcc35\Desktop\Elec\week4\MXTmpFiles\gpio.tmp
2023-11-25 18:35:07,883 [INFO] CodeEngine:255 - oldGeneratedFile, C:\Users\bcc35\Desktop\Elec\week4\Core\Src\stm32g4xx_it.c_save
2023-11-25 18:35:08,006 [INFO] CodeEngine:279 - Generated code: C:\Users\bcc35\Desktop\Elec\week4\Core\Src\stm32g4xx_it.c
2023-11-25 18:35:08,042 [INFO] CodeEngine:255 - oldGeneratedFile, C:\Users\bcc35\Desktop\Elec\week4\Core\Inc\stm32g4xx_it.h_save
2023-11-25 18:35:08,119 [INFO] CodeEngine:279 - Generated code: C:\Users\bcc35\Desktop\Elec\week4\Core\Inc\stm32g4xx_it.h
2023-11-25 18:35:08,155 [INFO] CodeEngine:255 - oldGeneratedFile, C:\Users\bcc35\Desktop\Elec\week4\Core\Src\stm32g4xx_hal_msp.c_save
2023-11-25 18:35:08,288 [INFO] CodeEngine:279 - Generated code: C:\Users\bcc35\Desktop\Elec\week4\Core\Src\stm32g4xx_hal_msp.c
2023-11-25 18:35:08,298 [INFO] CodeEngine:255 - oldGeneratedFile, C:\Users\bcc35\Desktop\Elec\week4\MXTmpFiles\system.tmp_save
2023-11-25 18:35:08,356 [INFO] CodeEngine:279 - Generated code: C:\Users\bcc35\Desktop\Elec\week4\MXTmpFiles\system.tmp
2023-11-25 18:35:08,379 [INFO] CodeEngine:311 - oldGeneratedFile, C:\Users\bcc35\Desktop\Elec\week4\Core\Inc\stm32g4xx_hal_conf.h_save
2023-11-25 18:35:08,467 [INFO] CodeEngine:335 - Generated code: C:\Users\bcc35\Desktop\Elec\week4\Core\Inc\stm32g4xx_hal_conf.h
2023-11-25 18:35:08,497 [WARN] IPConfigManager:2937 - Warning: the RefConfig RCC_CommonPeriphClockConfig is not available in your config.xml file
2023-11-25 18:35:08,527 [INFO] CodeEngine:255 - oldGeneratedFile, C:\Users\bcc35\Desktop\Elec\week4\Core\Inc\main.h_save
2023-11-25 18:35:08,614 [INFO] CodeEngine:279 - Generated code: C:\Users\bcc35\Desktop\Elec\week4\Core\Inc\main.h
2023-11-25 18:35:08,636 [INFO] CodeEngine:255 - oldGeneratedFile, C:\Users\bcc35\Desktop\Elec\week4\Core\Src\main.c_save
2023-11-25 18:35:08,780 [INFO] CodeEngine:279 - Generated code: C:\Users\bcc35\Desktop\Elec\week4\Core\Src\main.c
2023-11-25 18:35:09,267 [INFO] ProjectBuilder:3064 - Time for Copy HAL[1] : 242mS.
2023-11-25 18:35:09,275 [INFO] ProjectBuilder:4404 - Project Generator version: 4.1.0
2023-11-25 18:35:09,547 [INFO] ConfigFileManager:1457 - The Die is : DIE469
2023-11-25 18:35:09,586 [INFO] ApiDbMcu:507 - Load IP Config File for FATFS
2023-11-25 18:35:09,614 [INFO] ApiDbMcu:507 - Load IP Config File for FREERTOS
2023-11-25 18:35:09,642 [INFO] ApiDbMcu:507 - Load IP Config File for USBPD
2023-11-25 18:35:09,659 [INFO] ApiDbMcu:507 - Load IP Config File for USB_Device
2023-11-25 18:35:10,861 [INFO] LogOutputStream:77 - [STDOUT_REDIRECT] 
2023-11-25 18:35:13,759 [INFO] ProjectBuilder:4626 - Time for Generating toolchain IDE Files: 4484mS.
2023-11-25 18:35:13,778 [INFO] ProjectBuilder:2935 - Time for Copy CMSIS : 17mS.
2023-11-25 18:35:13,784 [INFO] ProjectBuilder:2935 - Time for Copy CMSIS : 0mS.
2023-11-25 20:59:10,696 [ERROR] ConfigurationRetriever:142 - IOException on connection: sw-center.st.com
2023-11-25 20:59:10,697 [ERROR] ConfigurationRetriever:142 - IOException on connection: sw-center.st.com
2023-11-25 20:59:10,697 [ERROR] ConfigurationRetriever:142 - IOException on connection: sw-center.st.com
2023-11-25 20:59:10,891 [ERROR] ConfigurationRetriever:142 - IOException on connection: sw-center.st.com
2023-11-25 20:59:10,891 [ERROR] ConfigurationRetriever:142 - IOException on connection: sw-center.st.com
2023-11-25 20:59:10,891 [ERROR] ConfigurationRetriever:142 - IOException on connection: sw-center.st.com
2023-11-25 20:59:33,472 [ERROR] ConfigurationRetriever:142 - IOException on connection: sw-center.st.com
2023-11-25 20:59:33,472 [ERROR] ConfigurationRetriever:142 - IOException on connection: sw-center.st.com
2023-11-25 20:59:33,473 [ERROR] ConfigurationRetriever:142 - IOException on connection: sw-center.st.com
2023-11-25 21:02:02,334 [ERROR] ConfigurationRetriever:142 - IOException on connection: sw-center.st.com
2023-11-25 21:02:02,335 [ERROR] ConfigurationRetriever:142 - IOException on connection: sw-center.st.com
2023-11-25 21:02:02,335 [ERROR] ConfigurationRetriever:142 - IOException on connection: sw-center.st.com
2023-11-25 21:02:02,512 [ERROR] ConfigurationRetriever:142 - IOException on connection: sw-center.st.com
2023-11-25 21:02:02,512 [ERROR] ConfigurationRetriever:142 - IOException on connection: sw-center.st.com
2023-11-25 21:02:02,512 [ERROR] ConfigurationRetriever:142 - IOException on connection: sw-center.st.com
2023-11-25 21:03:45,843 [ERROR] ConfigurationRetriever:142 - IOException on connection: sw-center.st.com
2023-11-25 21:03:45,844 [ERROR] ConfigurationRetriever:142 - IOException on connection: sw-center.st.com
2023-11-25 21:03:45,844 [ERROR] ConfigurationRetriever:142 - IOException on connection: sw-center.st.com
2023-11-25 21:03:45,998 [ERROR] ConfigurationRetriever:142 - IOException on connection: sw-center.st.com
2023-11-25 21:03:45,999 [ERROR] ConfigurationRetriever:142 - IOException on connection: sw-center.st.com
2023-11-25 21:03:45,999 [ERROR] ConfigurationRetriever:142 - IOException on connection: sw-center.st.com
2023-11-25 21:06:15,929 [INFO] Gpio:273 - dependency for GPIO [ADC1, DAC1, LPUART1, RCC, SYS]
