2024-03-16 23:51:20,178 [INFO] Activator:176 - 


2024-03-16 23:51:20,186 [INFO] Activator:177 - !SESSION log4j initialized
2024-03-16 23:51:40,292 [INFO] LogOutputStream:77 - [STDOUT_REDIRECT] 
2024-03-16 23:51:42,094 [INFO] ApplicationProperties:184 - Using Application install path: E:\stm cube\STM32CubeIDE_1.13.2\STM32CubeIDE\plugins\com.st.stm32cube.common.mx_6.10.0.202311202037
2024-03-16 23:51:42,149 [INFO] DbMcusXml:78 - Set database path to: E:\stm cube\STM32CubeIDE_1.13.2\STM32CubeIDE\plugins\com.st.stm32cube.common.mx_6.10.0.202311202037\\db\/mcu/
2024-03-16 23:51:42,149 [INFO] ApiDb:274 - Set plugin database path to: E:\stm cube\STM32CubeIDE_1.13.2\STM32CubeIDE\plugins\com.st.stm32cube.common.mx_6.10.0.202311202037\\db\/plugins/boardmanager/
2024-03-16 23:51:42,149 [WARN] ApiDb:259 - Overriding images path with different value:  => E:\stm cube\STM32CubeIDE_1.13.2\STM32CubeIDE\plugins\com.st.stm32cube.common.mx_6.10.0.202311202037\\db\/plugins/mcufinder/images/
2024-03-16 23:51:42,267 [INFO] ApiDb:250 - Set database path to: C:\Users\bcc35\.stmcufinder\plugins\mcufinder//mcu/
2024-03-16 23:51:42,268 [INFO] DbMcusAds:125 - Set database path to: C:\Users\bcc35\.stmcufinder\plugins\mcufinder//mcu/
2024-03-16 23:51:42,270 [INFO] CrossReferenceDbSqlite:203 - Set database path to: C:\Users\bcc35\.stmcufinder\plugins\mcufinder//mcu/cs/
2024-03-16 23:51:42,431 [INFO] RulesReader:64 - Compatibility file has been processed (297 Rules)
2024-03-16 23:51:42,653 [INFO] DbMcusXml:78 - Set database path to: E:\stm cube\STM32CubeIDE_1.13.2\STM32CubeIDE\plugins\com.st.stm32cube.common.mx_6.10.0.202311202037\\db\/mcu/
2024-03-16 23:51:42,653 [INFO] ApiDb:274 - Set plugin database path to: E:\stm cube\STM32CubeIDE_1.13.2\STM32CubeIDE\plugins\com.st.stm32cube.common.mx_6.10.0.202311202037\\db\/plugins/boardmanager/
2024-03-16 23:51:42,653 [INFO] ApiDb:261 - Set plugin images path to: E:\stm cube\STM32CubeIDE_1.13.2\STM32CubeIDE\plugins\com.st.stm32cube.common.mx_6.10.0.202311202037\\db\/plugins/mcufinder/images/
2024-03-16 23:51:42,653 [WARN] DbFile:41 - Overriding database path with different value: C:\Users\bcc35\.stmcufinder\plugins\mcufinder/ => C:\Users\bcc35\.stmcufinder\plugins\mcufinder
2024-03-16 23:51:42,654 [INFO] ApiDb:250 - Set database path to: C:\Users\bcc35\.stmcufinder\plugins\mcufinder//mcu/
2024-03-16 23:51:42,654 [WARN] DbFile:41 - Overriding database path with different value: C:\Users\bcc35\.stmcufinder\plugins\mcufinder/ => C:\Users\bcc35\.stmcufinder\plugins\mcufinder
2024-03-16 23:51:42,654 [INFO] DbMcusAds:125 - Set database path to: C:\Users\bcc35\.stmcufinder\plugins\mcufinder//mcu/
2024-03-16 23:51:42,654 [WARN] DbFile:41 - Overriding database path with different value: C:\Users\bcc35\.stmcufinder\plugins\mcufinder/ => C:\Users\bcc35\.stmcufinder\plugins\mcufinder
2024-03-16 23:51:42,654 [WARN] DbFile:41 - Overriding database path with different value: C:\Users\bcc35\.stmcufinder\plugins\mcufinder/ => C:\Users\bcc35\.stmcufinder\plugins\mcufinder
2024-03-16 23:51:42,654 [INFO] CrossReferenceDbSqlite:203 - Set database path to: C:\Users\bcc35\.stmcufinder\plugins\mcufinder//mcu/cs/
2024-03-16 23:51:42,814 [INFO] MainPanel:264 - HeapMemory: 268435456
2024-03-16 23:51:43,006 [INFO] DbMcusXml:78 - Set database path to: E:\stm cube\STM32CubeIDE_1.13.2\STM32CubeIDE\plugins\com.st.stm32cube.common.mx_6.10.0.202311202037\\db\/mcu/
2024-03-16 23:51:43,006 [INFO] ApiDb:274 - Set plugin database path to: E:\stm cube\STM32CubeIDE_1.13.2\STM32CubeIDE\plugins\com.st.stm32cube.common.mx_6.10.0.202311202037\\db\/plugins/boardmanager/
2024-03-16 23:51:43,006 [INFO] ApiDb:261 - Set plugin images path to: E:\stm cube\STM32CubeIDE_1.13.2\STM32CubeIDE\plugins\com.st.stm32cube.common.mx_6.10.0.202311202037\\db\/plugins/mcufinder/images/
2024-03-16 23:51:43,007 [WARN] DbFile:41 - Overriding database path with different value: C:\Users\bcc35\.stmcufinder\plugins\mcufinder/ => C:\Users\bcc35\.stmcufinder\plugins\mcufinder
2024-03-16 23:51:43,007 [INFO] ApiDb:250 - Set database path to: C:\Users\bcc35\.stmcufinder\plugins\mcufinder//mcu/
2024-03-16 23:51:43,007 [WARN] DbFile:41 - Overriding database path with different value: C:\Users\bcc35\.stmcufinder\plugins\mcufinder/ => C:\Users\bcc35\.stmcufinder\plugins\mcufinder
2024-03-16 23:51:43,007 [INFO] DbMcusAds:125 - Set database path to: C:\Users\bcc35\.stmcufinder\plugins\mcufinder//mcu/
2024-03-16 23:51:43,007 [WARN] DbFile:41 - Overriding database path with different value: C:\Users\bcc35\.stmcufinder\plugins\mcufinder/ => C:\Users\bcc35\.stmcufinder\plugins\mcufinder
2024-03-16 23:51:43,007 [WARN] DbFile:41 - Overriding database path with different value: C:\Users\bcc35\.stmcufinder\plugins\mcufinder/ => C:\Users\bcc35\.stmcufinder\plugins\mcufinder
2024-03-16 23:51:43,007 [INFO] CrossReferenceDbSqlite:203 - Set database path to: C:\Users\bcc35\.stmcufinder\plugins\mcufinder//mcu/cs/
2024-03-16 23:51:43,035 [INFO] ApplicationProperties:184 - Using Application install path: E:\stm cube\STM32CubeIDE_1.13.2\STM32CubeIDE\plugins\com.st.stm32cube.common.mx_6.10.0.202311202037
2024-03-16 23:51:43,037 [INFO] PluginManage:196 - Search for loadable plugins [exclusion list=, ]
2024-03-16 23:51:43,038 [INFO] PluginManage:310 - Check plugin analytics
2024-03-16 23:51:43,273 [INFO] AnalyticsPlugin:253 - Accepted Software Licenses: 
2024-03-16 23:51:43,273 [INFO] AnalyticsPlugin:255 - Accepted CMSIS Pack Licenses: ARM.CMSIS.6.0.0,ARM.CMSIS-DSP.1.15.0
2024-03-16 23:51:43,273 [INFO] AnalyticsPlugin:257 - Accepted Firmware Licenses: FW.G4.1.5.0
2024-03-16 23:51:43,275 [INFO] PluginManage:359 - Loaded plugin analytics (category:tool,tabindex:-1)
2024-03-16 23:51:43,275 [INFO] PluginManage:310 - Check plugin cadmodel
2024-03-16 23:51:43,317 [INFO] CADModel:105 - Init CAD model plugin
2024-03-16 23:51:43,317 [INFO] PluginManage:359 - Loaded plugin cadmodel (category:power,tabindex:5)
2024-03-16 23:51:43,317 [INFO] PluginManage:310 - Check plugin clock
2024-03-16 23:51:43,364 [INFO] PluginManage:359 - Loaded plugin clock (category:base,tabindex:2)
2024-03-16 23:51:43,364 [INFO] PluginManage:310 - Check plugin ddr
2024-03-16 23:51:43,378 [INFO] PluginManage:359 - Loaded plugin ddr (category:tool,tabindex:6)
2024-03-16 23:51:43,378 [INFO] PluginManage:310 - Check plugin filemanager
2024-03-16 23:51:43,542 [INFO] PluginManage:359 - Loaded plugin filemanager (category:base,tabindex:10)
2024-03-16 23:51:43,542 [INFO] PluginManage:310 - Check plugin ipmanager
2024-03-16 23:51:43,569 [INFO] PluginManage:359 - Loaded plugin ipmanager (category:base,tabindex:5)
2024-03-16 23:51:43,569 [INFO] PluginManage:310 - Check plugin lpbam
2024-03-16 23:51:43,597 [INFO] PluginManage:359 - Loaded plugin lpbam (category:base,tabindex:0)
2024-03-16 23:51:43,597 [INFO] PluginManage:310 - Check plugin memorymap
2024-03-16 23:51:43,647 [INFO] PluginManage:359 - Loaded plugin memorymap (category:base,tabindex:4)
2024-03-16 23:51:43,647 [INFO] PluginManage:310 - Check plugin pinoutandconfiguration
2024-03-16 23:51:43,662 [INFO] PluginManage:359 - Loaded plugin pinoutandconfiguration (category:base,tabindex:1)
2024-03-16 23:51:43,662 [INFO] PluginManage:310 - Check plugin pinoutconfig
2024-03-16 23:51:43,771 [WARN] SupportedApi:132 - Cannot load RTOS API schema: s4s-elt-must-match.1: The content of 'definitions' must match (annotation?, (simpleType | complexType)?, (unique | key | keyref)*)). A problem was found starting at: attribute.
2024-03-16 23:51:43,975 [INFO] PluginManage:359 - Loaded plugin pinoutconfig (category:base,tabindex:0)
2024-03-16 23:51:43,975 [INFO] PluginManage:310 - Check plugin power
2024-03-16 23:51:44,048 [INFO] PluginManage:359 - Loaded plugin power (category:power,tabindex:4)
2024-03-16 23:51:44,048 [INFO] PluginManage:310 - Check plugin projectmanager
2024-03-16 23:51:44,061 [INFO] PluginManage:359 - Loaded plugin projectmanager (category:projectmanager,tabindex:3)
2024-03-16 23:51:44,062 [INFO] PluginManage:310 - Check plugin thirdparty
2024-03-16 23:51:44,721 [INFO] PluginManage:359 - Loaded plugin thirdparty (category:base,tabindex:-1)
2024-03-16 23:51:44,721 [WARN] IntegrityCheckThread:84 - waiting for thirdparty lock release [integrity check]
2024-03-16 23:51:44,721 [INFO] PluginManage:310 - Check plugin tools
2024-03-16 23:51:44,722 [INFO] IntegrityCheckThread:86 - entering critical section [integrity check]
2024-03-16 23:51:44,722 [INFO] ThirdPartyUpdaterWithRetryManager:70 - Updater plugin not ready yet. [1/15]
2024-03-16 23:51:44,755 [INFO] PluginManage:359 - Loaded plugin tools (category:base,tabindex:7)
2024-03-16 23:51:44,755 [INFO] PluginManage:310 - Check plugin tutovideos
2024-03-16 23:51:44,977 [INFO] PluginManage:359 - Loaded plugin tutovideos (category:base,tabindex:-1)
2024-03-16 23:51:44,977 [INFO] PluginManage:310 - Check plugin updater
2024-03-16 23:51:45,006 [INFO] PluginManage:359 - Loaded plugin updater (category:base,tabindex:12)
2024-03-16 23:51:45,006 [INFO] PluginManage:310 - Check plugin userauth
2024-03-16 23:51:45,029 [INFO] UserAuth:114 - Init User Auth plugin
2024-03-16 23:51:45,029 [INFO] PluginManage:359 - Loaded plugin userauth (category:base,tabindex:14)
2024-03-16 23:51:45,030 [INFO] PluginManage:283 - PluginManage : Loaded plugins [17]
2024-03-16 23:51:45,922 [INFO] PinOutPanel:1499 - setPackage(No Configuration,No Configuration)
2024-03-16 23:51:46,108 [INFO] CADModel:165 - CPN selected for project level
2024-03-16 23:51:46,108 [INFO] CADModel:114 - Register for checkConnection events
2024-03-16 23:51:46,171 [INFO] IPUIPlugin:80 - create IPUIPlugin
2024-03-16 23:51:46,171 [INFO] PluginManager:220 - loadIPPluginJar : add adc
2024-03-16 23:51:46,224 [INFO] IPUIPlugin:80 - create IPUIPlugin
2024-03-16 23:51:46,224 [INFO] PluginManager:220 - loadIPPluginJar : add aes
2024-03-16 23:51:46,290 [INFO] IPUIPlugin:80 - create IPUIPlugin
2024-03-16 23:51:46,290 [INFO] PluginManager:220 - loadIPPluginJar : add can
2024-03-16 23:51:46,344 [INFO] IPUIPlugin:80 - create IPUIPlugin
2024-03-16 23:51:46,344 [INFO] PluginManager:220 - loadIPPluginJar : add comp
2024-03-16 23:51:46,391 [INFO] IPUIPlugin:80 - create IPUIPlugin
2024-03-16 23:51:46,391 [INFO] PluginManager:220 - loadIPPluginJar : add cryp
2024-03-16 23:51:46,415 [INFO] IPUIPlugin:80 - create IPUIPlugin
2024-03-16 23:51:46,415 [INFO] PluginManager:220 - loadIPPluginJar : add dfsdm
2024-03-16 23:51:46,428 [INFO] IPUIPlugin:80 - create IPUIPlugin
2024-03-16 23:51:46,428 [INFO] PluginManager:220 - loadIPPluginJar : add dma
2024-03-16 23:51:46,472 [INFO] IPUIPlugin:80 - create IPUIPlugin
2024-03-16 23:51:46,472 [INFO] PluginManager:220 - loadIPPluginJar : add dma3
2024-03-16 23:51:46,488 [INFO] IPUIPlugin:80 - create IPUIPlugin
2024-03-16 23:51:46,488 [INFO] PluginManager:220 - loadIPPluginJar : add fatfs
2024-03-16 23:51:46,521 [INFO] IPUIPlugin:80 - create IPUIPlugin
2024-03-16 23:51:46,521 [INFO] PluginManager:220 - loadIPPluginJar : add fmc
2024-03-16 23:51:46,549 [INFO] IPUIPlugin:80 - create IPUIPlugin
2024-03-16 23:51:46,549 [INFO] PluginManager:220 - loadIPPluginJar : add freertos
2024-03-16 23:51:46,564 [INFO] IPUIPlugin:80 - create IPUIPlugin
2024-03-16 23:51:46,564 [INFO] PluginManager:220 - loadIPPluginJar : add genericplugin
2024-03-16 23:51:46,631 [INFO] IPUIPlugin:80 - create IPUIPlugin
2024-03-16 23:51:46,631 [INFO] PluginManager:220 - loadIPPluginJar : add gfxmmu
2024-03-16 23:51:46,717 [INFO] IPUIPlugin:80 - create IPUIPlugin
2024-03-16 23:51:46,717 [INFO] PluginManager:220 - loadIPPluginJar : add gic
2024-03-16 23:51:46,750 [INFO] IPUIPlugin:80 - create IPUIPlugin
2024-03-16 23:51:46,750 [INFO] PluginManager:220 - loadIPPluginJar : add gpio
2024-03-16 23:51:46,825 [INFO] IPUIPlugin:80 - create IPUIPlugin
2024-03-16 23:51:46,825 [INFO] PluginManager:220 - loadIPPluginJar : add gtzc
2024-03-16 23:51:46,859 [INFO] IPUIPlugin:80 - create IPUIPlugin
2024-03-16 23:51:46,859 [INFO] PluginManager:220 - loadIPPluginJar : add hash
2024-03-16 23:51:46,909 [INFO] IPUIPlugin:80 - create IPUIPlugin
2024-03-16 23:51:46,909 [INFO] PluginManager:220 - loadIPPluginJar : add i2c
2024-03-16 23:51:46,939 [INFO] IPUIPlugin:80 - create IPUIPlugin
2024-03-16 23:51:46,939 [INFO] PluginManager:220 - loadIPPluginJar : add i2s
2024-03-16 23:51:46,968 [INFO] IPUIPlugin:80 - create IPUIPlugin
2024-03-16 23:51:46,968 [INFO] PluginManager:220 - loadIPPluginJar : add i3c
2024-03-16 23:51:47,067 [INFO] IPUIPlugin:80 - create IPUIPlugin
2024-03-16 23:51:47,067 [INFO] PluginManager:220 - loadIPPluginJar : add ipddr
2024-03-16 23:51:47,130 [INFO] IPUIPlugin:80 - create IPUIPlugin
2024-03-16 23:51:47,130 [INFO] PluginManager:220 - loadIPPluginJar : add linkedlist
2024-03-16 23:51:47,168 [INFO] IPUIPlugin:80 - create IPUIPlugin
2024-03-16 23:51:47,169 [INFO] PluginManager:220 - loadIPPluginJar : add lorawan
2024-03-16 23:51:47,194 [INFO] IPUIPlugin:80 - create IPUIPlugin
2024-03-16 23:51:47,194 [INFO] PluginManager:220 - loadIPPluginJar : add ltdc
2024-03-16 23:51:47,237 [INFO] IPUIPlugin:80 - create IPUIPlugin
2024-03-16 23:51:47,237 [INFO] PluginManager:220 - loadIPPluginJar : add mdma
2024-03-16 23:51:47,249 [INFO] IPUIPlugin:80 - create IPUIPlugin
2024-03-16 23:51:47,249 [INFO] PluginManager:220 - loadIPPluginJar : add nvic
2024-03-16 23:51:47,275 [INFO] IPUIPlugin:80 - create IPUIPlugin
2024-03-16 23:51:47,275 [INFO] PluginManager:220 - loadIPPluginJar : add opamp
2024-03-16 23:51:47,325 [INFO] IPUIPlugin:80 - create IPUIPlugin
2024-03-16 23:51:47,326 [INFO] PluginManager:220 - loadIPPluginJar : add openamp
2024-03-16 23:51:47,358 [INFO] IPUIPlugin:80 - create IPUIPlugin
2024-03-16 23:51:47,358 [INFO] PluginManager:220 - loadIPPluginJar : add pdm2pcm
2024-03-16 23:51:47,393 [INFO] IPUIPlugin:80 - create IPUIPlugin
2024-03-16 23:51:47,395 [INFO] PluginManager:220 - loadIPPluginJar : add plateformsettings
2024-03-16 23:51:47,426 [INFO] IPUIPlugin:80 - create IPUIPlugin
2024-03-16 23:51:47,426 [INFO] PluginManager:220 - loadIPPluginJar : add quadspi
2024-03-16 23:51:47,443 [INFO] IPUIPlugin:80 - create IPUIPlugin
2024-03-16 23:51:47,443 [INFO] PluginManager:220 - loadIPPluginJar : add resmgrutility
2024-03-16 23:51:47,477 [INFO] IPUIPlugin:80 - create IPUIPlugin
2024-03-16 23:51:47,477 [INFO] PluginManager:220 - loadIPPluginJar : add sai
2024-03-16 23:51:47,513 [INFO] IPUIPlugin:80 - create IPUIPlugin
2024-03-16 23:51:47,513 [INFO] PluginManager:220 - loadIPPluginJar : add spi
2024-03-16 23:51:47,566 [INFO] IPUIPlugin:80 - create IPUIPlugin
2024-03-16 23:51:47,567 [INFO] PluginManager:220 - loadIPPluginJar : add stm32_wpan
2024-03-16 23:51:47,585 [INFO] IPUIPlugin:80 - create IPUIPlugin
2024-03-16 23:51:47,586 [INFO] PluginManager:220 - loadIPPluginJar : add tim
2024-03-16 23:51:47,625 [INFO] IPUIPlugin:80 - create IPUIPlugin
2024-03-16 23:51:47,625 [INFO] PluginManager:220 - loadIPPluginJar : add touchsensing
2024-03-16 23:51:47,655 [INFO] IPUIPlugin:80 - create IPUIPlugin
2024-03-16 23:51:47,655 [INFO] PluginManager:220 - loadIPPluginJar : add tracer_emb
2024-03-16 23:51:47,672 [INFO] IPUIPlugin:80 - create IPUIPlugin
2024-03-16 23:51:47,672 [INFO] PluginManager:220 - loadIPPluginJar : add ts
2024-03-16 23:51:47,688 [INFO] IPUIPlugin:80 - create IPUIPlugin
2024-03-16 23:51:47,688 [INFO] PluginManager:220 - loadIPPluginJar : add tsc
2024-03-16 23:51:47,704 [INFO] IPUIPlugin:80 - create IPUIPlugin
2024-03-16 23:51:47,704 [INFO] PluginManager:220 - loadIPPluginJar : add ucpd
2024-03-16 23:51:47,722 [INFO] ThirdPartyUpdaterWithRetryManager:70 - Updater plugin not ready yet. [2/15]
2024-03-16 23:51:47,735 [INFO] IPUIPlugin:80 - create IPUIPlugin
2024-03-16 23:51:47,735 [INFO] PluginManager:220 - loadIPPluginJar : add usart
2024-03-16 23:51:47,769 [INFO] IPUIPlugin:80 - create IPUIPlugin
2024-03-16 23:51:47,770 [INFO] PluginManager:220 - loadIPPluginJar : add usbx
2024-03-16 23:51:47,890 [INFO] CADModel:165 - CPN selected for project level
2024-03-16 23:51:47,890 [INFO] CADModel:114 - Register for checkConnection events
2024-03-16 23:51:47,890 [FATAL] Updater:308 - Updater called before beeing initialized
2024-03-16 23:51:47,890 [ERROR] CADModel:125 - Updater not yet initialized, retry later 
2024-03-16 23:51:48,160 [INFO] CADModel:165 - CPN selected for project level
2024-03-16 23:51:48,160 [INFO] CADModel:114 - Register for checkConnection events
2024-03-16 23:51:48,160 [FATAL] Updater:308 - Updater called before beeing initialized
2024-03-16 23:51:48,160 [ERROR] CADModel:125 - Updater not yet initialized, retry later 
2024-03-16 23:51:48,163 [FATAL] Updater:308 - Updater called before beeing initialized
2024-03-16 23:51:48,264 [FATAL] Updater:308 - Updater called before beeing initialized
2024-03-16 23:51:48,271 [INFO] DbMcusAds:53 - JSON generation date=Wed Nov 29 17:52:27 ICT 2023 (1701255147349)
2024-03-16 23:51:48,271 [FATAL] Updater:308 - Updater called before beeing initialized
2024-03-16 23:51:48,431 [WARN] DetailPanel:346 - Failed to get advertising image, set to default
2024-03-16 23:51:48,535 [FATAL] Updater:308 - Updater called before beeing initialized
2024-03-16 23:51:48,538 [FATAL] Updater:308 - Updater called before beeing initialized
2024-03-16 23:51:48,538 [FATAL] Updater:308 - Updater called before beeing initialized
2024-03-16 23:51:48,538 [WARN] DetailPanel:346 - Failed to get advertising image, set to default
2024-03-16 23:51:48,538 [FATAL] Updater:308 - Updater called before beeing initialized
2024-03-16 23:51:48,648 [ERROR] Updater:1120 - MainUpdater not yet initialized. External WinMGr cannot be set.
2024-03-16 23:51:48,663 [INFO] Updater:1056 - Updater Version found : 6.10.0
2024-03-16 23:51:48,695 [INFO] ApplicationProperties:184 - Using Application install path: E:\stm cube\STM32CubeIDE_1.13.2\STM32CubeIDE\plugins\com.st.stm32cube.common.mx_6.10.0.202311202037
2024-03-16 23:51:50,550 [ERROR] LogOutputStream:75 - [STDERR_REDIRECT] Mar 16, 2024 11:51:50 PM java.util.prefs.WindowsPreferences <init>
2024-03-16 23:51:50,551 [ERROR] LogOutputStream:75 - [STDERR_REDIRECT] WARNING: Could not open/create prefs root node Software\JavaSoft\Prefs at root 0xffffffff80000002. Windows RegCreateKeyEx(...) returned error code 5.
2024-03-16 23:51:50,551 [ERROR] LogOutputStream:75 - [STDERR_REDIRECT] 
2024-03-16 23:51:50,723 [INFO] ThirdPartyUpdaterWithRetryManager:70 - Updater plugin not ready yet. [3/15]
2024-03-16 23:51:51,356 [INFO] MainUpdater:2873 - connection check result : 10
2024-03-16 23:51:51,356 [INFO] MainUpdater:290 - Updater Check For Update Now.
2024-03-16 23:51:51,356 [INFO] MicroXplorer:498 - Change Database Version : DB.6.0.100
2024-03-16 23:51:51,392 [INFO] McuFinderGlobals:63 - Set McuFinder mode to 2 (CubeIDE integrated)
2024-03-16 23:51:51,440 [INFO] UserAuth:404 - Internet connection configuration mode: 1
2024-03-16 23:51:51,536 [INFO] JxBrowserEngine:152 - Initiate JxBrowser Engine with user profile folder
2024-03-16 23:51:51,573 [INFO] CheckServerUpdateThread:120 - End of CheckServer Thread
2024-03-16 23:51:54,653 [INFO] WebApp:161 - Instantiating new browser for Auth
2024-03-16 23:51:54,654 [WARN] PackLoader:240 - Cannot read IP mode file for STMicroelectronics.X-CUBE-SMBUS.2.1.0
2024-03-16 23:51:54,671 [WARN] PackLoader:240 - Cannot read IP mode file for STMicroelectronics.X-CUBE-TOUCHGFX.4.23.0
2024-03-16 23:51:54,702 [WARN] PackLoader:240 - Cannot read IP mode file for STMicroelectronics.X-CUBE-AZRTOS-F7.1.1.0
2024-03-16 23:51:54,719 [WARN] PackLoader:240 - Cannot read IP mode file for STMicroelectronics.FP-SNS-MOTENV1.4.3.2
2024-03-16 23:51:54,734 [WARN] PackLoader:240 - Cannot read IP mode file for STMicroelectronics.FP-SNS-FLIGHT1.5.0.2
2024-03-16 23:51:54,762 [WARN] PackLoader:240 - Cannot read IP mode file for STMicroelectronics.X-CUBE-DISPLAY.3.0.0
2024-03-16 23:51:54,785 [WARN] PackLoader:240 - Cannot read IP mode file for STMicroelectronics.X-CUBE-BLE1.7.0.0
2024-03-16 23:51:54,810 [WARN] PackLoader:240 - Cannot read IP mode file for emotas.I-CUBE-CANOPEN.1.3.0
2024-03-16 23:51:54,852 [WARN] PackLoader:240 - Cannot read IP mode file for STMicroelectronics.X-CUBE-TOUCHGFX.4.22.1
2024-03-16 23:51:54,874 [WARN] PackLoader:240 - Cannot read IP mode file for STMicroelectronics.X-CUBE-BLEMGR.3.1.0
2024-03-16 23:51:54,900 [WARN] PackLoader:240 - Cannot read IP mode file for STMicroelectronics.FP-SNS-SMARTAG2.1.2.0
2024-03-16 23:51:54,919 [INFO] LogOutputStream:77 - [STDOUT_REDIRECT] 1 : Invalid condition id : UX_CORESTACK_Condition cause : null
2024-03-16 23:51:54,919 [INFO] LogOutputStream:77 - [STDOUT_REDIRECT] 1 : Invalid condition id : UX_CORESTACK_Condition cause : null
2024-03-16 23:51:54,920 [INFO] LogOutputStream:77 - [STDOUT_REDIRECT] 1 : Invalid condition id : UX_CORESTACK_Condition cause : null
2024-03-16 23:51:54,921 [INFO] LogOutputStream:77 - [STDOUT_REDIRECT] 1 : Invalid condition id : UX_CORESTACK_Condition cause : null
2024-03-16 23:51:54,921 [INFO] LogOutputStream:77 - [STDOUT_REDIRECT] 1 : Invalid condition id : UX_CORESTACK_Condition cause : null
2024-03-16 23:51:54,923 [WARN] PackLoader:240 - Cannot read IP mode file for STMicroelectronics.X-CUBE-AZRTOS-WL.2.0.0
2024-03-16 23:51:54,948 [WARN] PackLoader:240 - Cannot read IP mode file for WES.I-CUBE-Cesium.1.3.0
2024-03-16 23:51:54,964 [WARN] PackLoader:240 - Cannot read IP mode file for STMicroelectronics.X-CUBE-BLE2.3.3.0
2024-03-16 23:51:54,980 [WARN] PackLoader:240 - Cannot read IP mode file for STMicroelectronics.X-CUBE-ALGOBUILD.1.3.0
2024-03-16 23:51:55,024 [WARN] PackLoader:240 - Cannot read IP mode file for STMicroelectronics.X-CUBE-AZRTOS-G0.1.1.0
2024-03-16 23:51:55,053 [WARN] PackLoader:240 - Cannot read IP mode file for STMicroelectronics.X-CUBE-NFC4.3.0.0
2024-03-16 23:51:55,092 [WARN] PackLoader:240 - Cannot read IP mode file for STMicroelectronics.X-CUBE-BLEMGR.3.0.0
2024-03-16 23:51:55,106 [WARN] PackLoader:240 - Cannot read IP mode file for STMicroelectronics.FP-ATR-SIGFOX1.3.2.0
2024-03-16 23:51:55,118 [WARN] PackLoader:240 - Cannot read IP mode file for STMicroelectronics.X-CUBE-EEPRMA1.5.1.0
2024-03-16 23:51:55,148 [WARN] PackLoader:240 - Cannot read IP mode file for SEGGER.I-CUBE-embOS.1.3.1
2024-03-16 23:51:55,187 [WARN] PackLoader:240 - Cannot read IP mode file for STMicroelectronics.X-CUBE-GNSS1.6.0.0
2024-03-16 23:51:55,215 [WARN] PackLoader:240 - Cannot read IP mode file for STMicroelectronics.X-CUBE-AZRTOS-F4.1.1.0
2024-03-16 23:51:55,229 [WARN] PackLoader:240 - Cannot read IP mode file for wolfSSL.I-CUBE-wolfSSL.5.6.3
2024-03-16 23:51:55,261 [WARN] PackLoader:240 - Cannot read IP mode file for STMicroelectronics.X-CUBE-AZRTOS-L5.2.0.0
2024-03-16 23:51:55,308 [WARN] PackLoader:240 - Cannot read IP mode file for STMicroelectronics.X-CUBE-MEMS1.9.6.0
2024-03-16 23:51:55,436 [WARN] PackLoader:240 - Cannot read IP mode file for STMicroelectronics.X-CUBE-EEPRMA1.4.2.0
2024-03-16 23:51:55,461 [WARN] PackLoader:240 - Cannot read IP mode file for ITTIA_DB.I-CUBE-ITTIADB.8.8.0
2024-03-16 23:51:55,541 [WARN] PackLoader:240 - Cannot read IP mode file for STMicroelectronics.X-CUBE-BLEMGR.2.0.0
2024-03-16 23:51:55,590 [WARN] ConditionMgr:438 - getConditionDescription Invalid condition id : UX DEVICE CLASS RTOS Condition cause : null
2024-03-16 23:51:55,590 [WARN] ConditionMgr:438 - getConditionDescription Invalid condition id : UX DEVICE CLASS RTOS Condition cause : null
2024-03-16 23:51:55,595 [WARN] PackLoader:240 - Cannot read IP mode file for STMicroelectronics.X-CUBE-AZRTOS-H7.3.1.0
2024-03-16 23:51:55,597 [WARN] ConditionMgr:1039 - genDependencies : Invalid condition id : UX DEVICE CLASS RTOS Condition cause : null
2024-03-16 23:51:55,597 [WARN] ConditionMgr:1039 - genDependencies : Invalid condition id : UX DEVICE CLASS RTOS Condition cause : null
2024-03-16 23:51:55,601 [WARN] ConditionMgr:1039 - genDependencies : Invalid condition id : UX DEVICE CLASS RTOS Condition cause : null
2024-03-16 23:51:55,602 [WARN] ConditionMgr:1039 - genDependencies : Invalid condition id : UX DEVICE CLASS RTOS Condition cause : null
2024-03-16 23:51:55,602 [WARN] ConditionMgr:1039 - genDependencies : Invalid condition id : UX DEVICE CLASS RTOS Condition cause : null
2024-03-16 23:51:55,624 [WARN] PackLoader:240 - Cannot read IP mode file for STMicroelectronics.X-CUBE-NFC7.1.0.1
2024-03-16 23:51:55,645 [WARN] PackLoader:240 - Cannot read IP mode file for STMicroelectronics.X-CUBE-NFC6.3.0.0
2024-03-16 23:51:55,663 [WARN] PackLoader:240 - Cannot read IP mode file for STMicroelectronics.X-CUBE-EEPRMA1.4.1.0
2024-03-16 23:51:55,695 [WARN] PackLoader:240 - Cannot read IP mode file for STMicroelectronics.X-CUBE-AI.8.1.0
2024-03-16 23:51:55,734 [WARN] ConditionMgr:438 - getConditionDescription Invalid condition id : LAN8742 Phy interface Condition cause : null
2024-03-16 23:51:55,735 [WARN] PackLoader:240 - Cannot read IP mode file for STMicroelectronics.X-CUBE-AZRTOS-L4.2.0.0
2024-03-16 23:51:55,736 [WARN] ConditionMgr:1039 - genDependencies : Invalid condition id : LAN8742 Phy interface Condition cause : null
2024-03-16 23:51:55,737 [WARN] ConditionMgr:1039 - genDependencies : Invalid condition id : LAN8742 Phy interface Condition cause : null
2024-03-16 23:51:55,737 [WARN] ConditionMgr:1039 - genDependencies : Invalid condition id : LAN8742 Phy interface Condition cause : null
2024-03-16 23:51:55,812 [WARN] PackLoader:240 - Cannot read IP mode file for STMicroelectronics.X-CUBE-SFXS2LP1.4.0.0
2024-03-16 23:51:55,830 [WARN] PackLoader:240 - Cannot read IP mode file for STMicroelectronics.X-CUBE-ISPU.1.1.0
2024-03-16 23:51:55,854 [WARN] ConditionMgr:438 - getConditionDescription Invalid condition id : UX DEVICE CLASS RTOS Condition cause : null
2024-03-16 23:51:55,854 [WARN] ConditionMgr:438 - getConditionDescription Invalid condition id : UX DEVICE CLASS RTOS Condition cause : null
2024-03-16 23:51:55,856 [WARN] PackLoader:240 - Cannot read IP mode file for STMicroelectronics.X-CUBE-AZRTOS-WB.2.0.0
2024-03-16 23:51:55,856 [WARN] ConditionMgr:1039 - genDependencies : Invalid condition id : UX DEVICE CLASS RTOS Condition cause : null
2024-03-16 23:51:55,856 [WARN] ConditionMgr:1039 - genDependencies : Invalid condition id : UX DEVICE CLASS RTOS Condition cause : null
2024-03-16 23:51:55,857 [WARN] ConditionMgr:1039 - genDependencies : Invalid condition id : UX DEVICE CLASS RTOS Condition cause : null
2024-03-16 23:51:55,857 [WARN] ConditionMgr:1039 - genDependencies : Invalid condition id : UX DEVICE CLASS RTOS Condition cause : null
2024-03-16 23:51:55,857 [WARN] ConditionMgr:1039 - genDependencies : Invalid condition id : UX DEVICE CLASS RTOS Condition cause : null
2024-03-16 23:51:55,878 [WARN] PackLoader:240 - Cannot read IP mode file for STMicroelectronics.X-CUBE-SUBG2.5.0.0
2024-03-16 23:51:55,902 [WARN] PackLoader:240 - Cannot read IP mode file for STMicroelectronics.X-CUBE-TOF1.3.3.1
2024-03-16 23:51:55,927 [WARN] PackLoader:240 - Cannot read IP mode file for STMicroelectronics.X-CUBE-AZRTOS-G4.2.0.0
2024-03-16 23:51:55,954 [WARN] PackLoader:240 - Cannot read IP mode file for Infineon.AIROC-Wi-Fi-Bluetooth-STM32.1.5.1
2024-03-16 23:51:55,973 [WARN] PackLoader:240 - Cannot read IP mode file for STMicroelectronics.FP-SNS-MOTENVWB1.1.3.0
2024-03-16 23:51:55,986 [WARN] PackLoader:240 - Cannot read IP mode file for STMicroelectronics.FP-SNS-MOTENVWB1.1.3.1
2024-03-16 23:51:56,006 [WARN] PackLoader:240 - Cannot read IP mode file for STMicroelectronics.X-CUBE-ISPU.2.0.0
2024-03-16 23:51:56,049 [WARN] PackLoader:240 - Cannot read IP mode file for STMicroelectronics.X-CUBE-MEMS1.10.0.0
2024-03-16 23:51:56,052 [INFO] WebApp:780 - Register for checkConnection events
2024-03-16 23:51:56,053 [INFO] WebApp:414 - Apply proxy settings
2024-03-16 23:51:56,053 [INFO] WebApp:499 - Chromium requires no authentication
2024-03-16 23:51:56,068 [INFO] WebApp:442 - Direct internet connection detected
2024-03-16 23:51:56,177 [WARN] PackLoader:240 - Cannot read IP mode file for STMicroelectronics.X-CUBE-FREERTOS.1.1.0
2024-03-16 23:51:56,201 [WARN] PackLoader:240 - Cannot read IP mode file for portGmbH.I-Cube-SoM-uGOAL.1.1.0
2024-03-16 23:51:56,224 [WARN] PackLoader:240 - Cannot read IP mode file for STMicroelectronics.X-CUBE-ALS.1.0.1
2024-03-16 23:51:56,262 [WARN] PackLoader:240 - Cannot read IP mode file for STMicroelectronics.FP-ATR-ASTRA1.2.0.0
2024-03-16 23:51:56,288 [WARN] PackLoader:240 - Cannot read IP mode file for STMicroelectronics.X-CUBE-TOF1.3.4.0
2024-03-16 23:51:56,316 [WARN] PackLoader:240 - Cannot read IP mode file for STMicroelectronics.X-CUBE-TOF1.3.4.1
2024-03-16 23:51:56,354 [WARN] PackLoader:240 - Cannot read IP mode file for STMicroelectronics.X-CUBE-AZRTOS-H7.3.2.0
2024-03-16 23:51:56,357 [INFO] ThirdParty:978 - Integrity check success = true
2024-03-16 23:51:56,357 [INFO] IntegrityCheckThread:100 - exiting critical section [integrity check]
2024-03-16 23:51:56,357 [INFO] IntegrityCheckThread:103 - End integrity checks thread
2024-03-16 23:51:56,519 [INFO] WebApp:192 - Starting web application
2024-03-16 23:51:56,520 [INFO] WebApp:544 - Web application path used E:\stm cube\STM32CubeIDE_1.13.2\STM32CubeIDE\plugins\com.st.stm32cube.common.mx_6.10.0.202311202037\db\plugins\mcufinder\reactClient1\index.html
2024-03-16 23:52:18,231 [ERROR] LogOutputStream:75 - [STDERR_REDIRECT] SLF4J: Failed to load class "org.slf4j.impl.StaticLoggerBinder".
2024-03-16 23:52:18,232 [ERROR] LogOutputStream:75 - [STDERR_REDIRECT] SLF4J: Defaulting to no-operation (NOP) logger implementation
2024-03-16 23:52:18,233 [ERROR] LogOutputStream:75 - [STDERR_REDIRECT] SLF4J: See http://www.slf4j.org/codes.html#StaticLoggerBinder for further details.
