2024-05-15 11:17:37,676 [INFO] Activator:176 - 


2024-05-15 11:17:37,687 [INFO] Activator:177 - !SESSION log4j initialized
2024-05-15 11:18:00,465 [INFO] LogOutputStream:77 - [STDOUT_REDIRECT] 
2024-05-15 11:18:20,576 [INFO] ApplicationProperties:184 - Using Application install path: E:\stm cube\STM32CubeIDE_1.13.2\STM32CubeIDE\plugins\com.st.stm32cube.common.mx_6.11.1.202404110753
2024-05-15 11:18:20,658 [INFO] DbMcusXml:78 - Set database path to: E:\stm cube\STM32CubeIDE_1.13.2\STM32CubeIDE\plugins\com.st.stm32cube.common.mx_6.11.1.202404110753\\db\/mcu/
2024-05-15 11:18:20,659 [INFO] ApiDb:274 - Set plugin database path to: E:\stm cube\STM32CubeIDE_1.13.2\STM32CubeIDE\plugins\com.st.stm32cube.common.mx_6.11.1.202404110753\\db\/plugins/boardmanager/
2024-05-15 11:18:20,659 [WARN] ApiDb:259 - Overriding images path with different value:  => E:\stm cube\STM32CubeIDE_1.13.2\STM32CubeIDE\plugins\com.st.stm32cube.common.mx_6.11.1.202404110753\\db\/plugins/mcufinder/images/
2024-05-15 11:18:20,758 [INFO] ApiDb:250 - Set database path to: C:\Users\bcc35\.stmcufinder\plugins\mcufinder//mcu/
2024-05-15 11:18:20,759 [INFO] DbMcusAds:125 - Set database path to: C:\Users\bcc35\.stmcufinder\plugins\mcufinder//mcu/
2024-05-15 11:18:20,763 [INFO] CrossReferenceDbSqlite:203 - Set database path to: C:\Users\bcc35\.stmcufinder\plugins\mcufinder//mcu/cs/
2024-05-15 11:18:20,983 [INFO] RulesReader:64 - Compatibility file has been processed (297 Rules)
2024-05-15 11:18:21,142 [INFO] DbMcusXml:78 - Set database path to: E:\stm cube\STM32CubeIDE_1.13.2\STM32CubeIDE\plugins\com.st.stm32cube.common.mx_6.11.1.202404110753\\db\/mcu/
2024-05-15 11:18:21,142 [INFO] ApiDb:274 - Set plugin database path to: E:\stm cube\STM32CubeIDE_1.13.2\STM32CubeIDE\plugins\com.st.stm32cube.common.mx_6.11.1.202404110753\\db\/plugins/boardmanager/
2024-05-15 11:18:21,142 [INFO] ApiDb:261 - Set plugin images path to: E:\stm cube\STM32CubeIDE_1.13.2\STM32CubeIDE\plugins\com.st.stm32cube.common.mx_6.11.1.202404110753\\db\/plugins/mcufinder/images/
2024-05-15 11:18:21,142 [WARN] DbFile:41 - Overriding database path with different value: C:\Users\bcc35\.stmcufinder\plugins\mcufinder/ => C:\Users\bcc35\.stmcufinder\plugins\mcufinder
2024-05-15 11:18:21,142 [INFO] ApiDb:250 - Set database path to: C:\Users\bcc35\.stmcufinder\plugins\mcufinder//mcu/
2024-05-15 11:18:21,143 [WARN] DbFile:41 - Overriding database path with different value: C:\Users\bcc35\.stmcufinder\plugins\mcufinder/ => C:\Users\bcc35\.stmcufinder\plugins\mcufinder
2024-05-15 11:18:21,143 [INFO] DbMcusAds:125 - Set database path to: C:\Users\bcc35\.stmcufinder\plugins\mcufinder//mcu/
2024-05-15 11:18:21,143 [WARN] DbFile:41 - Overriding database path with different value: C:\Users\bcc35\.stmcufinder\plugins\mcufinder/ => C:\Users\bcc35\.stmcufinder\plugins\mcufinder
2024-05-15 11:18:21,143 [WARN] DbFile:41 - Overriding database path with different value: C:\Users\bcc35\.stmcufinder\plugins\mcufinder/ => C:\Users\bcc35\.stmcufinder\plugins\mcufinder
2024-05-15 11:18:21,143 [INFO] CrossReferenceDbSqlite:203 - Set database path to: C:\Users\bcc35\.stmcufinder\plugins\mcufinder//mcu/cs/
2024-05-15 11:18:21,291 [INFO] MainPanel:264 - HeapMemory: 268435456
2024-05-15 11:18:21,504 [INFO] DbMcusXml:78 - Set database path to: E:\stm cube\STM32CubeIDE_1.13.2\STM32CubeIDE\plugins\com.st.stm32cube.common.mx_6.11.1.202404110753\\db\/mcu/
2024-05-15 11:18:21,504 [INFO] ApiDb:274 - Set plugin database path to: E:\stm cube\STM32CubeIDE_1.13.2\STM32CubeIDE\plugins\com.st.stm32cube.common.mx_6.11.1.202404110753\\db\/plugins/boardmanager/
2024-05-15 11:18:21,505 [INFO] ApiDb:261 - Set plugin images path to: E:\stm cube\STM32CubeIDE_1.13.2\STM32CubeIDE\plugins\com.st.stm32cube.common.mx_6.11.1.202404110753\\db\/plugins/mcufinder/images/
2024-05-15 11:18:21,505 [WARN] DbFile:41 - Overriding database path with different value: C:\Users\bcc35\.stmcufinder\plugins\mcufinder/ => C:\Users\bcc35\.stmcufinder\plugins\mcufinder
2024-05-15 11:18:21,505 [INFO] ApiDb:250 - Set database path to: C:\Users\bcc35\.stmcufinder\plugins\mcufinder//mcu/
2024-05-15 11:18:21,505 [WARN] DbFile:41 - Overriding database path with different value: C:\Users\bcc35\.stmcufinder\plugins\mcufinder/ => C:\Users\bcc35\.stmcufinder\plugins\mcufinder
2024-05-15 11:18:21,505 [INFO] DbMcusAds:125 - Set database path to: C:\Users\bcc35\.stmcufinder\plugins\mcufinder//mcu/
2024-05-15 11:18:21,505 [WARN] DbFile:41 - Overriding database path with different value: C:\Users\bcc35\.stmcufinder\plugins\mcufinder/ => C:\Users\bcc35\.stmcufinder\plugins\mcufinder
2024-05-15 11:18:21,505 [WARN] DbFile:41 - Overriding database path with different value: C:\Users\bcc35\.stmcufinder\plugins\mcufinder/ => C:\Users\bcc35\.stmcufinder\plugins\mcufinder
2024-05-15 11:18:21,505 [INFO] CrossReferenceDbSqlite:203 - Set database path to: C:\Users\bcc35\.stmcufinder\plugins\mcufinder//mcu/cs/
2024-05-15 11:18:21,528 [INFO] ApplicationProperties:184 - Using Application install path: E:\stm cube\STM32CubeIDE_1.13.2\STM32CubeIDE\plugins\com.st.stm32cube.common.mx_6.11.1.202404110753
2024-05-15 11:18:21,531 [INFO] PluginManage:196 - Search for loadable plugins [exclusion list=, ]
2024-05-15 11:18:21,533 [INFO] PluginManage:310 - Check plugin analytics
2024-05-15 11:18:26,862 [INFO] AnalyticsPlugin:253 - Accepted Software Licenses: 
2024-05-15 11:18:26,862 [INFO] AnalyticsPlugin:255 - Accepted CMSIS Pack Licenses: ARM.CMSIS.6.0.0,ARM.CMSIS-DSP.1.15.0
2024-05-15 11:18:26,862 [INFO] AnalyticsPlugin:257 - Accepted Firmware Licenses: FW.G4.1.5.0
2024-05-15 11:18:26,867 [INFO] PluginManage:359 - Loaded plugin analytics (category:tool,tabindex:-1)
2024-05-15 11:18:26,868 [INFO] PluginManage:310 - Check plugin cadmodel
2024-05-15 11:18:26,992 [INFO] CADModel:105 - Init CAD model plugin
2024-05-15 11:18:26,992 [INFO] PluginManage:359 - Loaded plugin cadmodel (category:power,tabindex:5)
2024-05-15 11:18:26,993 [INFO] PluginManage:310 - Check plugin clock
2024-05-15 11:18:27,172 [INFO] PluginManage:359 - Loaded plugin clock (category:base,tabindex:2)
2024-05-15 11:18:27,172 [INFO] PluginManage:310 - Check plugin ddr
2024-05-15 11:18:27,181 [INFO] PluginManage:359 - Loaded plugin ddr (category:tool,tabindex:6)
2024-05-15 11:18:27,181 [INFO] PluginManage:310 - Check plugin filemanager
2024-05-15 11:18:27,527 [INFO] PluginManage:359 - Loaded plugin filemanager (category:base,tabindex:10)
2024-05-15 11:18:27,527 [INFO] PluginManage:310 - Check plugin ipmanager
2024-05-15 11:18:27,574 [INFO] PluginManage:359 - Loaded plugin ipmanager (category:base,tabindex:5)
2024-05-15 11:18:27,574 [INFO] PluginManage:310 - Check plugin lpbam
2024-05-15 11:18:27,609 [INFO] PluginManage:359 - Loaded plugin lpbam (category:base,tabindex:0)
2024-05-15 11:18:27,609 [INFO] PluginManage:310 - Check plugin memorymap
2024-05-15 11:18:27,650 [INFO] PluginManage:359 - Loaded plugin memorymap (category:base,tabindex:4)
2024-05-15 11:18:27,650 [INFO] PluginManage:310 - Check plugin pinoutandconfiguration
2024-05-15 11:18:27,667 [INFO] PluginManage:359 - Loaded plugin pinoutandconfiguration (category:base,tabindex:1)
2024-05-15 11:18:27,667 [INFO] PluginManage:310 - Check plugin pinoutconfig
2024-05-15 11:18:27,853 [WARN] SupportedApi:132 - Cannot load RTOS API schema: s4s-elt-must-match.1: The content of 'definitions' must match (annotation?, (simpleType | complexType)?, (unique | key | keyref)*)). A problem was found starting at: attribute.
2024-05-15 11:18:27,981 [INFO] PluginManage:359 - Loaded plugin pinoutconfig (category:base,tabindex:0)
2024-05-15 11:18:27,982 [INFO] PluginManage:310 - Check plugin power
2024-05-15 11:18:28,106 [INFO] PluginManage:359 - Loaded plugin power (category:power,tabindex:4)
2024-05-15 11:18:28,106 [INFO] PluginManage:310 - Check plugin projectmanager
2024-05-15 11:18:28,128 [INFO] PluginManage:359 - Loaded plugin projectmanager (category:projectmanager,tabindex:3)
2024-05-15 11:18:28,128 [INFO] PluginManage:310 - Check plugin thirdparty
2024-05-15 11:18:28,719 [INFO] PluginManage:359 - Loaded plugin thirdparty (category:base,tabindex:-1)
2024-05-15 11:18:28,719 [WARN] IntegrityCheckThread:84 - waiting for thirdparty lock release [integrity check]
2024-05-15 11:18:28,722 [INFO] PluginManage:310 - Check plugin tools
2024-05-15 11:18:28,722 [INFO] IntegrityCheckThread:86 - entering critical section [integrity check]
2024-05-15 11:18:28,722 [INFO] ThirdPartyUpdaterWithRetryManager:70 - Updater plugin not ready yet. [1/15]
2024-05-15 11:18:28,767 [INFO] PluginManage:359 - Loaded plugin tools (category:base,tabindex:7)
2024-05-15 11:18:28,767 [INFO] PluginManage:310 - Check plugin tutovideos
2024-05-15 11:18:29,034 [INFO] PluginManage:359 - Loaded plugin tutovideos (category:base,tabindex:-1)
2024-05-15 11:18:29,034 [INFO] PluginManage:310 - Check plugin updater
2024-05-15 11:18:29,074 [INFO] PluginManage:359 - Loaded plugin updater (category:base,tabindex:12)
2024-05-15 11:18:29,074 [INFO] PluginManage:310 - Check plugin userauth
2024-05-15 11:18:29,120 [INFO] UserAuth:114 - Init User Auth plugin
2024-05-15 11:18:29,120 [INFO] PluginManage:359 - Loaded plugin userauth (category:base,tabindex:14)
2024-05-15 11:18:29,120 [INFO] PluginManage:283 - PluginManage : Loaded plugins [17]
2024-05-15 11:18:29,684 [INFO] PinOutPanel:1561 - setPackage(No Configuration,No Configuration)
2024-05-15 11:18:29,905 [INFO] CADModel:165 - CPN selected for project level
2024-05-15 11:18:29,905 [INFO] CADModel:114 - Register for checkConnection events
2024-05-15 11:18:29,980 [INFO] IPUIPlugin:80 - create IPUIPlugin
2024-05-15 11:18:29,980 [INFO] PluginManager:220 - loadIPPluginJar : add adc
2024-05-15 11:18:30,024 [INFO] IPUIPlugin:80 - create IPUIPlugin
2024-05-15 11:18:30,024 [INFO] PluginManager:220 - loadIPPluginJar : add aes
2024-05-15 11:18:30,095 [INFO] IPUIPlugin:80 - create IPUIPlugin
2024-05-15 11:18:30,095 [INFO] PluginManager:220 - loadIPPluginJar : add can
2024-05-15 11:18:30,116 [INFO] IPUIPlugin:80 - create IPUIPlugin
2024-05-15 11:18:30,116 [INFO] PluginManager:220 - loadIPPluginJar : add comp
2024-05-15 11:18:30,151 [INFO] IPUIPlugin:80 - create IPUIPlugin
2024-05-15 11:18:30,152 [INFO] PluginManager:220 - loadIPPluginJar : add cryp
2024-05-15 11:18:30,174 [INFO] IPUIPlugin:80 - create IPUIPlugin
2024-05-15 11:18:30,175 [INFO] PluginManager:220 - loadIPPluginJar : add dfsdm
2024-05-15 11:18:30,203 [INFO] IPUIPlugin:80 - create IPUIPlugin
2024-05-15 11:18:30,203 [INFO] PluginManager:220 - loadIPPluginJar : add dma
2024-05-15 11:18:30,234 [INFO] IPUIPlugin:80 - create IPUIPlugin
2024-05-15 11:18:30,235 [INFO] PluginManager:220 - loadIPPluginJar : add dma3
2024-05-15 11:18:30,299 [INFO] IPUIPlugin:80 - create IPUIPlugin
2024-05-15 11:18:30,300 [INFO] PluginManager:220 - loadIPPluginJar : add extmemmanager
2024-05-15 11:18:30,367 [INFO] IPUIPlugin:80 - create IPUIPlugin
2024-05-15 11:18:30,367 [INFO] PluginManager:220 - loadIPPluginJar : add fatfs
2024-05-15 11:18:30,403 [INFO] IPUIPlugin:80 - create IPUIPlugin
2024-05-15 11:18:30,403 [INFO] PluginManager:220 - loadIPPluginJar : add fmc
2024-05-15 11:18:30,427 [INFO] IPUIPlugin:80 - create IPUIPlugin
2024-05-15 11:18:30,427 [INFO] PluginManager:220 - loadIPPluginJar : add freertos
2024-05-15 11:18:30,464 [INFO] IPUIPlugin:80 - create IPUIPlugin
2024-05-15 11:18:30,464 [INFO] PluginManager:220 - loadIPPluginJar : add genericplugin
2024-05-15 11:18:30,546 [INFO] IPUIPlugin:80 - create IPUIPlugin
2024-05-15 11:18:30,546 [INFO] PluginManager:220 - loadIPPluginJar : add gfxmmu
2024-05-15 11:18:30,659 [INFO] IPUIPlugin:80 - create IPUIPlugin
2024-05-15 11:18:30,659 [INFO] PluginManager:220 - loadIPPluginJar : add gic
2024-05-15 11:18:30,682 [INFO] IPUIPlugin:80 - create IPUIPlugin
2024-05-15 11:18:30,682 [INFO] PluginManager:220 - loadIPPluginJar : add gpio
2024-05-15 11:18:30,761 [INFO] IPUIPlugin:80 - create IPUIPlugin
2024-05-15 11:18:30,761 [INFO] PluginManager:220 - loadIPPluginJar : add gtzc
2024-05-15 11:18:30,817 [INFO] IPUIPlugin:80 - create IPUIPlugin
2024-05-15 11:18:30,817 [INFO] PluginManager:220 - loadIPPluginJar : add hash
2024-05-15 11:18:30,913 [INFO] IPUIPlugin:80 - create IPUIPlugin
2024-05-15 11:18:30,913 [INFO] PluginManager:220 - loadIPPluginJar : add i2c
2024-05-15 11:18:30,944 [INFO] IPUIPlugin:80 - create IPUIPlugin
2024-05-15 11:18:30,944 [INFO] PluginManager:220 - loadIPPluginJar : add i2s
2024-05-15 11:18:30,991 [INFO] IPUIPlugin:80 - create IPUIPlugin
2024-05-15 11:18:30,991 [INFO] PluginManager:220 - loadIPPluginJar : add i3c
2024-05-15 11:18:31,099 [INFO] IPUIPlugin:80 - create IPUIPlugin
2024-05-15 11:18:31,099 [INFO] PluginManager:220 - loadIPPluginJar : add ipddr
2024-05-15 11:18:31,203 [INFO] IPUIPlugin:80 - create IPUIPlugin
2024-05-15 11:18:31,203 [INFO] PluginManager:220 - loadIPPluginJar : add linkedlist
2024-05-15 11:18:31,311 [INFO] IPUIPlugin:80 - create IPUIPlugin
2024-05-15 11:18:31,311 [INFO] PluginManager:220 - loadIPPluginJar : add lorawan
2024-05-15 11:18:31,347 [INFO] IPUIPlugin:80 - create IPUIPlugin
2024-05-15 11:18:31,348 [INFO] PluginManager:220 - loadIPPluginJar : add ltdc
2024-05-15 11:18:31,411 [INFO] IPUIPlugin:80 - create IPUIPlugin
2024-05-15 11:18:31,411 [INFO] PluginManager:220 - loadIPPluginJar : add mdma
2024-05-15 11:18:31,432 [INFO] IPUIPlugin:80 - create IPUIPlugin
2024-05-15 11:18:31,432 [INFO] PluginManager:220 - loadIPPluginJar : add nvic
2024-05-15 11:18:31,478 [INFO] IPUIPlugin:80 - create IPUIPlugin
2024-05-15 11:18:31,478 [INFO] PluginManager:220 - loadIPPluginJar : add opamp
2024-05-15 11:18:31,533 [INFO] IPUIPlugin:80 - create IPUIPlugin
2024-05-15 11:18:31,533 [INFO] PluginManager:220 - loadIPPluginJar : add openamp
2024-05-15 11:18:31,600 [INFO] IPUIPlugin:80 - create IPUIPlugin
2024-05-15 11:18:31,600 [INFO] PluginManager:220 - loadIPPluginJar : add pdm2pcm
2024-05-15 11:18:31,612 [INFO] IPUIPlugin:80 - create IPUIPlugin
2024-05-15 11:18:31,614 [INFO] PluginManager:220 - loadIPPluginJar : add plateformsettings
2024-05-15 11:18:31,643 [INFO] IPUIPlugin:80 - create IPUIPlugin
2024-05-15 11:18:31,643 [INFO] PluginManager:220 - loadIPPluginJar : add quadspi
2024-05-15 11:18:31,672 [INFO] IPUIPlugin:80 - create IPUIPlugin
2024-05-15 11:18:31,672 [INFO] PluginManager:220 - loadIPPluginJar : add resmgrutility
2024-05-15 11:18:31,721 [INFO] IPUIPlugin:80 - create IPUIPlugin
2024-05-15 11:18:31,721 [INFO] PluginManager:220 - loadIPPluginJar : add sai
2024-05-15 11:18:31,724 [INFO] ThirdPartyUpdaterWithRetryManager:70 - Updater plugin not ready yet. [2/15]
2024-05-15 11:18:31,753 [INFO] IPUIPlugin:80 - create IPUIPlugin
2024-05-15 11:18:31,753 [INFO] PluginManager:220 - loadIPPluginJar : add spi
2024-05-15 11:18:31,809 [INFO] IPUIPlugin:80 - create IPUIPlugin
2024-05-15 11:18:31,809 [INFO] PluginManager:220 - loadIPPluginJar : add stm32_wpan
2024-05-15 11:18:31,828 [INFO] IPUIPlugin:80 - create IPUIPlugin
2024-05-15 11:18:31,828 [INFO] PluginManager:220 - loadIPPluginJar : add tim
2024-05-15 11:18:31,876 [INFO] IPUIPlugin:80 - create IPUIPlugin
2024-05-15 11:18:31,877 [INFO] PluginManager:220 - loadIPPluginJar : add touchsensing
2024-05-15 11:18:31,902 [INFO] IPUIPlugin:80 - create IPUIPlugin
2024-05-15 11:18:31,902 [INFO] PluginManager:220 - loadIPPluginJar : add tracer_emb
2024-05-15 11:18:31,940 [INFO] IPUIPlugin:80 - create IPUIPlugin
2024-05-15 11:18:31,940 [INFO] PluginManager:220 - loadIPPluginJar : add ts
2024-05-15 11:18:31,961 [INFO] IPUIPlugin:80 - create IPUIPlugin
2024-05-15 11:18:31,961 [INFO] PluginManager:220 - loadIPPluginJar : add tsc
2024-05-15 11:18:31,978 [INFO] IPUIPlugin:80 - create IPUIPlugin
2024-05-15 11:18:31,978 [INFO] PluginManager:220 - loadIPPluginJar : add ucpd
2024-05-15 11:18:32,028 [INFO] IPUIPlugin:80 - create IPUIPlugin
2024-05-15 11:18:32,028 [INFO] PluginManager:220 - loadIPPluginJar : add usart
2024-05-15 11:18:32,075 [INFO] IPUIPlugin:80 - create IPUIPlugin
2024-05-15 11:18:32,075 [INFO] PluginManager:220 - loadIPPluginJar : add usbx
2024-05-15 11:18:32,274 [INFO] CADModel:165 - CPN selected for project level
2024-05-15 11:18:32,275 [INFO] CADModel:114 - Register for checkConnection events
2024-05-15 11:18:32,275 [FATAL] Updater:308 - Updater called before beeing initialized
2024-05-15 11:18:32,275 [ERROR] CADModel:125 - Updater not yet initialized, retry later 
2024-05-15 11:18:32,799 [INFO] CADModel:165 - CPN selected for project level
2024-05-15 11:18:32,799 [INFO] CADModel:114 - Register for checkConnection events
2024-05-15 11:18:32,799 [FATAL] Updater:308 - Updater called before beeing initialized
2024-05-15 11:18:32,799 [ERROR] CADModel:125 - Updater not yet initialized, retry later 
2024-05-15 11:18:32,832 [FATAL] Updater:308 - Updater called before beeing initialized
2024-05-15 11:18:32,964 [FATAL] Updater:308 - Updater called before beeing initialized
2024-05-15 11:18:33,002 [INFO] DbMcusAds:53 - JSON generation date=Thu May 02 15:37:29 ICT 2024 (1714639049318)
2024-05-15 11:18:33,003 [FATAL] Updater:308 - Updater called before beeing initialized
2024-05-15 11:18:33,195 [WARN] DetailPanel:346 - Failed to get advertising image, set to default
2024-05-15 11:18:33,321 [FATAL] Updater:308 - Updater called before beeing initialized
2024-05-15 11:18:33,333 [FATAL] Updater:308 - Updater called before beeing initialized
2024-05-15 11:18:33,333 [FATAL] Updater:308 - Updater called before beeing initialized
2024-05-15 11:18:33,333 [WARN] DetailPanel:346 - Failed to get advertising image, set to default
2024-05-15 11:18:33,333 [FATAL] Updater:308 - Updater called before beeing initialized
2024-05-15 11:18:33,467 [ERROR] Updater:1120 - MainUpdater not yet initialized. External WinMGr cannot be set.
2024-05-15 11:18:33,506 [INFO] Updater:1056 - Updater Version found : 6.11.1
2024-05-15 11:18:33,547 [INFO] ApplicationProperties:184 - Using Application install path: E:\stm cube\STM32CubeIDE_1.13.2\STM32CubeIDE\plugins\com.st.stm32cube.common.mx_6.11.1.202404110753
2024-05-15 11:18:34,725 [INFO] ThirdPartyUpdaterWithRetryManager:70 - Updater plugin not ready yet. [3/15]
2024-05-15 11:18:35,146 [ERROR] LogOutputStream:75 - [STDERR_REDIRECT] May 15, 2024 11:18:35 AM java.util.prefs.WindowsPreferences <init>
2024-05-15 11:18:35,147 [ERROR] LogOutputStream:75 - [STDERR_REDIRECT] WARNING: Could not open/create prefs root node Software\JavaSoft\Prefs at root 0xffffffff80000002. Windows RegCreateKeyEx(...) returned error code 5.
2024-05-15 11:18:35,147 [ERROR] LogOutputStream:75 - [STDERR_REDIRECT] 
2024-05-15 11:18:36,011 [INFO] MainUpdater:2873 - connection check result : 10
2024-05-15 11:18:36,012 [INFO] MainUpdater:290 - Updater Check For Update Now.
2024-05-15 11:18:36,012 [INFO] MicroXplorer:498 - Change Database Version : DB.6.0.111
2024-05-15 11:18:36,035 [INFO] McuFinderGlobals:63 - Set McuFinder mode to 2 (CubeIDE integrated)
2024-05-15 11:18:36,061 [INFO] UserAuth:415 - Internet connection configuration mode: 1
2024-05-15 11:18:36,177 [INFO] JxBrowserEngine:152 - Initiate JxBrowser Engine with user profile folder
2024-05-15 11:18:36,267 [INFO] CheckServerUpdateThread:120 - End of CheckServer Thread
2024-05-15 11:18:38,131 [WARN] PackLoader:240 - Cannot read IP mode file for STMicroelectronics.FP-SNS-MOTENVWB1.1.4.0
2024-05-15 11:18:38,155 [WARN] PackLoader:240 - Cannot read IP mode file for STMicroelectronics.X-CUBE-SMBUS.2.1.0
2024-05-15 11:18:38,171 [WARN] PackLoader:240 - Cannot read IP mode file for STMicroelectronics.X-CUBE-TOUCHGFX.4.23.0
2024-05-15 11:18:38,185 [WARN] PackLoader:240 - Cannot read IP mode file for STMicroelectronics.X-CUBE-TOUCHGFX.4.23.2
2024-05-15 11:18:38,238 [WARN] PackLoader:240 - Cannot read IP mode file for STMicroelectronics.X-CUBE-AZRTOS-F7.1.1.0
2024-05-15 11:18:38,260 [WARN] PackLoader:240 - Cannot read IP mode file for STMicroelectronics.FP-SNS-MOTENV1.4.3.2
2024-05-15 11:18:38,278 [WARN] PackLoader:240 - Cannot read IP mode file for STMicroelectronics.FP-SNS-FLIGHT1.5.0.2
2024-05-15 11:18:38,296 [WARN] PackLoader:240 - Cannot read IP mode file for STMicroelectronics.X-CUBE-DISPLAY.3.0.0
2024-05-15 11:18:38,317 [WARN] PackLoader:240 - Cannot read IP mode file for STMicroelectronics.X-CUBE-BLE1.7.0.0
2024-05-15 11:18:38,332 [WARN] PackLoader:240 - Cannot read IP mode file for emotas.I-CUBE-CANOPEN.1.3.0
2024-05-15 11:18:38,346 [WARN] PackLoader:240 - Cannot read IP mode file for STMicroelectronics.X-CUBE-TOUCHGFX.4.22.1
2024-05-15 11:18:38,367 [WARN] PackLoader:240 - Cannot read IP mode file for STMicroelectronics.X-CUBE-BLEMGR.3.1.0
2024-05-15 11:18:38,384 [WARN] PackLoader:240 - Cannot read IP mode file for STMicroelectronics.FP-SNS-SMARTAG2.1.2.0
2024-05-15 11:18:38,405 [INFO] LogOutputStream:77 - [STDOUT_REDIRECT] 1 : Invalid condition id : UX_CORESTACK_Condition cause : null
2024-05-15 11:18:38,406 [INFO] LogOutputStream:77 - [STDOUT_REDIRECT] 1 : Invalid condition id : UX_CORESTACK_Condition cause : null
2024-05-15 11:18:38,407 [INFO] LogOutputStream:77 - [STDOUT_REDIRECT] 1 : Invalid condition id : UX_CORESTACK_Condition cause : null
2024-05-15 11:18:38,407 [INFO] LogOutputStream:77 - [STDOUT_REDIRECT] 1 : Invalid condition id : UX_CORESTACK_Condition cause : null
2024-05-15 11:18:38,408 [INFO] LogOutputStream:77 - [STDOUT_REDIRECT] 1 : Invalid condition id : UX_CORESTACK_Condition cause : null
2024-05-15 11:18:38,410 [WARN] PackLoader:240 - Cannot read IP mode file for STMicroelectronics.X-CUBE-AZRTOS-WL.2.0.0
2024-05-15 11:18:38,423 [WARN] PackLoader:240 - Cannot read IP mode file for STMicroelectronics.FP-SNS-MOTENV1.5.0.0
2024-05-15 11:18:38,442 [WARN] PackLoader:240 - Cannot read IP mode file for WES.I-CUBE-Cesium.1.3.0
2024-05-15 11:18:38,460 [WARN] PackLoader:240 - Cannot read IP mode file for STMicroelectronics.X-CUBE-BLE2.3.3.0
2024-05-15 11:18:38,476 [WARN] PackLoader:240 - Cannot read IP mode file for STMicroelectronics.X-CUBE-TCPP.4.1.0
2024-05-15 11:18:38,493 [WARN] PackLoader:240 - Cannot read IP mode file for STMicroelectronics.X-CUBE-ALGOBUILD.1.3.0
2024-05-15 11:18:38,519 [WARN] PackLoader:240 - Cannot read IP mode file for STMicroelectronics.X-CUBE-AZRTOS-G0.1.1.0
2024-05-15 11:18:38,539 [WARN] PackLoader:240 - Cannot read IP mode file for STMicroelectronics.X-CUBE-SAFEA1.1.2.2
2024-05-15 11:18:38,554 [WARN] PackLoader:240 - Cannot read IP mode file for STMicroelectronics.X-CUBE-NFC4.3.0.0
2024-05-15 11:18:38,572 [WARN] PackLoader:240 - Cannot read IP mode file for STMicroelectronics.X-CUBE-BLEMGR.3.0.0
2024-05-15 11:18:38,590 [WARN] PackLoader:240 - Cannot read IP mode file for STMicroelectronics.FP-ATR-SIGFOX1.3.2.0
2024-05-15 11:18:38,609 [WARN] PackLoader:240 - Cannot read IP mode file for STMicroelectronics.X-CUBE-EEPRMA1.5.1.0
2024-05-15 11:18:38,658 [WARN] PackLoader:240 - Cannot read IP mode file for SEGGER.I-CUBE-embOS.1.3.1
2024-05-15 11:18:38,732 [WARN] PackLoader:240 - Cannot read IP mode file for STMicroelectronics.X-CUBE-ALGOBUILD.1.4.0
2024-05-15 11:18:38,760 [WARN] PackLoader:240 - Cannot read IP mode file for STMicroelectronics.X-CUBE-GNSS1.6.0.0
2024-05-15 11:18:38,803 [WARN] PackLoader:240 - Cannot read IP mode file for STMicroelectronics.X-CUBE-AZRTOS-F4.1.1.0
2024-05-15 11:18:38,825 [WARN] PackLoader:240 - Cannot read IP mode file for wolfSSL.I-CUBE-wolfSSL.5.6.3
2024-05-15 11:18:38,843 [WARN] PackLoader:240 - Cannot read IP mode file for STMicroelectronics.X-CUBE-FREERTOS.1.2.0
2024-05-15 11:18:38,878 [WARN] PackLoader:240 - Cannot read IP mode file for STMicroelectronics.X-CUBE-AZRTOS-L5.2.0.0
2024-05-15 11:18:38,939 [WARN] PackLoader:240 - Cannot read IP mode file for STMicroelectronics.X-CUBE-MEMS1.9.6.0
2024-05-15 11:18:39,085 [WARN] PackLoader:240 - Cannot read IP mode file for STMicroelectronics.X-CUBE-EEPRMA1.4.2.0
2024-05-15 11:18:39,113 [WARN] PackLoader:240 - Cannot read IP mode file for STMicroelectronics.X-CUBE-NFC6.3.1.0
2024-05-15 11:18:39,140 [WARN] PackLoader:240 - Cannot read IP mode file for ITTIA_DB.I-CUBE-ITTIADB.8.8.0
2024-05-15 11:18:39,262 [WARN] PackLoader:240 - Cannot read IP mode file for STMicroelectronics.X-CUBE-BLEMGR.2.0.0
2024-05-15 11:18:39,284 [WARN] PackLoader:240 - Cannot read IP mode file for STMicroelectronics.X-CUBE-AI.9.0.0
2024-05-15 11:18:39,320 [WARN] ConditionMgr:438 - getConditionDescription Invalid condition id : UX DEVICE CLASS RTOS Condition cause : null
2024-05-15 11:18:39,321 [WARN] ConditionMgr:438 - getConditionDescription Invalid condition id : UX DEVICE CLASS RTOS Condition cause : null
2024-05-15 11:18:39,324 [WARN] PackLoader:240 - Cannot read IP mode file for STMicroelectronics.X-CUBE-AZRTOS-H7.3.1.0
2024-05-15 11:18:39,326 [WARN] ConditionMgr:1039 - genDependencies : Invalid condition id : UX DEVICE CLASS RTOS Condition cause : null
2024-05-15 11:18:39,326 [WARN] ConditionMgr:1039 - genDependencies : Invalid condition id : UX DEVICE CLASS RTOS Condition cause : null
2024-05-15 11:18:39,327 [WARN] ConditionMgr:1039 - genDependencies : Invalid condition id : UX DEVICE CLASS RTOS Condition cause : null
2024-05-15 11:18:39,327 [WARN] ConditionMgr:1039 - genDependencies : Invalid condition id : UX DEVICE CLASS RTOS Condition cause : null
2024-05-15 11:18:39,327 [WARN] ConditionMgr:1039 - genDependencies : Invalid condition id : UX DEVICE CLASS RTOS Condition cause : null
2024-05-15 11:18:39,348 [WARN] PackLoader:240 - Cannot read IP mode file for STMicroelectronics.X-CUBE-NFC7.1.0.1
2024-05-15 11:18:39,371 [WARN] PackLoader:240 - Cannot read IP mode file for STMicroelectronics.X-CUBE-NFC6.3.0.0
2024-05-15 11:18:39,392 [WARN] PackLoader:240 - Cannot read IP mode file for STMicroelectronics.X-CUBE-EEPRMA1.4.1.0
2024-05-15 11:18:39,410 [WARN] PackLoader:240 - Cannot read IP mode file for STMicroelectronics.X-CUBE-AI.8.1.0
2024-05-15 11:18:39,442 [WARN] ConditionMgr:438 - getConditionDescription Invalid condition id : LAN8742 Phy interface Condition cause : null
2024-05-15 11:18:39,443 [WARN] PackLoader:240 - Cannot read IP mode file for STMicroelectronics.X-CUBE-AZRTOS-L4.2.0.0
2024-05-15 11:18:39,445 [WARN] ConditionMgr:1039 - genDependencies : Invalid condition id : LAN8742 Phy interface Condition cause : null
2024-05-15 11:18:39,446 [WARN] ConditionMgr:1039 - genDependencies : Invalid condition id : LAN8742 Phy interface Condition cause : null
2024-05-15 11:18:39,446 [WARN] ConditionMgr:1039 - genDependencies : Invalid condition id : LAN8742 Phy interface Condition cause : null
2024-05-15 11:18:39,528 [WARN] PackLoader:240 - Cannot read IP mode file for STMicroelectronics.X-CUBE-SFXS2LP1.4.0.0
2024-05-15 11:18:39,546 [WARN] PackLoader:240 - Cannot read IP mode file for STMicroelectronics.X-CUBE-ISPU.1.1.0
2024-05-15 11:18:39,569 [WARN] ConditionMgr:438 - getConditionDescription Invalid condition id : UX DEVICE CLASS RTOS Condition cause : null
2024-05-15 11:18:39,569 [WARN] ConditionMgr:438 - getConditionDescription Invalid condition id : UX DEVICE CLASS RTOS Condition cause : null
2024-05-15 11:18:39,571 [WARN] PackLoader:240 - Cannot read IP mode file for STMicroelectronics.X-CUBE-AZRTOS-WB.2.0.0
2024-05-15 11:18:39,572 [WARN] ConditionMgr:1039 - genDependencies : Invalid condition id : UX DEVICE CLASS RTOS Condition cause : null
2024-05-15 11:18:39,572 [WARN] ConditionMgr:1039 - genDependencies : Invalid condition id : UX DEVICE CLASS RTOS Condition cause : null
2024-05-15 11:18:39,573 [WARN] ConditionMgr:1039 - genDependencies : Invalid condition id : UX DEVICE CLASS RTOS Condition cause : null
2024-05-15 11:18:39,573 [WARN] ConditionMgr:1039 - genDependencies : Invalid condition id : UX DEVICE CLASS RTOS Condition cause : null
2024-05-15 11:18:39,573 [WARN] ConditionMgr:1039 - genDependencies : Invalid condition id : UX DEVICE CLASS RTOS Condition cause : null
2024-05-15 11:18:39,597 [WARN] PackLoader:240 - Cannot read IP mode file for STMicroelectronics.X-CUBE-SUBG2.5.0.0
2024-05-15 11:18:39,625 [WARN] PackLoader:240 - Cannot read IP mode file for STMicroelectronics.X-CUBE-TOF1.3.3.1
2024-05-15 11:18:39,667 [WARN] PackLoader:240 - Cannot read IP mode file for STMicroelectronics.X-CUBE-AZRTOS-G4.2.0.0
2024-05-15 11:18:39,701 [WARN] PackLoader:240 - Cannot read IP mode file for Infineon.AIROC-Wi-Fi-Bluetooth-STM32.1.5.1
2024-05-15 11:18:39,721 [WARN] PackLoader:240 - Cannot read IP mode file for STMicroelectronics.FP-SNS-MOTENVWB1.1.3.0
2024-05-15 11:18:39,738 [WARN] PackLoader:240 - Cannot read IP mode file for STMicroelectronics.FP-SNS-MOTENVWB1.1.3.1
2024-05-15 11:18:39,751 [WARN] PackLoader:240 - Cannot read IP mode file for STMicroelectronics.X-CUBE-ISPU.2.0.0
2024-05-15 11:18:39,797 [WARN] PackLoader:240 - Cannot read IP mode file for STMicroelectronics.X-CUBE-MEMS1.10.0.0
2024-05-15 11:18:39,962 [WARN] PackLoader:240 - Cannot read IP mode file for STMicroelectronics.X-CUBE-FREERTOS.1.1.0
2024-05-15 11:18:39,987 [WARN] PackLoader:240 - Cannot read IP mode file for portGmbH.I-Cube-SoM-uGOAL.1.1.0
2024-05-15 11:18:40,005 [WARN] PackLoader:240 - Cannot read IP mode file for STMicroelectronics.X-CUBE-ALS.1.0.1
2024-05-15 11:18:40,050 [WARN] PackLoader:240 - Cannot read IP mode file for STMicroelectronics.X-CUBE-AZRTOS-H7RS.1.0.0
2024-05-15 11:18:40,071 [WARN] PackLoader:240 - Cannot read IP mode file for STMicroelectronics.FP-ATR-ASTRA1.2.0.0
2024-05-15 11:18:40,096 [WARN] PackLoader:240 - Cannot read IP mode file for STMicroelectronics.X-CUBE-TOF1.3.4.0
2024-05-15 11:18:40,136 [WARN] PackLoader:240 - Cannot read IP mode file for STMicroelectronics.X-CUBE-TOF1.3.4.1
2024-05-15 11:18:40,192 [WARN] PackLoader:240 - Cannot read IP mode file for STMicroelectronics.X-CUBE-AZRTOS-H7.3.2.0
2024-05-15 11:18:40,196 [INFO] ThirdParty:978 - Integrity check success = true
2024-05-15 11:18:40,196 [INFO] IntegrityCheckThread:100 - exiting critical section [integrity check]
2024-05-15 11:18:40,196 [INFO] IntegrityCheckThread:103 - End integrity checks thread
2024-05-15 11:18:41,915 [INFO] WebApp:161 - Instantiating new browser for Auth
2024-05-15 11:18:42,762 [INFO] WebApp:779 - Register for checkConnection events
2024-05-15 11:18:42,762 [INFO] WebApp:414 - Apply proxy settings
2024-05-15 11:18:42,762 [INFO] WebApp:499 - Chromium requires no authentication
2024-05-15 11:18:42,775 [INFO] WebApp:442 - Direct internet connection detected
2024-05-15 11:18:43,023 [INFO] WebApp:192 - Starting web application
2024-05-15 11:18:43,023 [INFO] WebApp:544 - Web application path used E:\stm cube\STM32CubeIDE_1.13.2\STM32CubeIDE\plugins\com.st.stm32cube.common.mx_6.11.1.202404110753\db\plugins\mcufinder\reactClient1\index.html
2024-05-15 14:10:41,480 [INFO] WebApp:354 - JxBrowser engine has been closed 
2024-05-15 22:38:53,762 [ERROR] LogOutputStream:75 - [STDERR_REDIRECT] 
