2023-11-25 15:58:57,316 [INFO] Activator:176 - 


2023-11-25 15:58:57,323 [INFO] Activator:177 - !SESSION log4j initialized
2023-11-25 15:59:08,255 [INFO] LogOutputStream:77 - [STDOUT_REDIRECT] 
2023-11-25 15:59:17,890 [INFO] ApplicationProperties:184 - Using Application install path: E:\stm cube\STM32CubeIDE_1.13.2\STM32CubeIDE\plugins\com.st.stm32cube.common.mx_6.9.2.202309101412
2023-11-25 15:59:17,942 [INFO] DbMcusXml:78 - Set database path to: E:\stm cube\STM32CubeIDE_1.13.2\STM32CubeIDE\plugins\com.st.stm32cube.common.mx_6.9.2.202309101412\\db\/mcu/
2023-11-25 15:59:17,942 [INFO] ApiDb:274 - Set plugin database path to: E:\stm cube\STM32CubeIDE_1.13.2\STM32CubeIDE\plugins\com.st.stm32cube.common.mx_6.9.2.202309101412\\db\/plugins/boardmanager/
2023-11-25 15:59:17,942 [WARN] ApiDb:259 - Overriding images path with different value:  => E:\stm cube\STM32CubeIDE_1.13.2\STM32CubeIDE\plugins\com.st.stm32cube.common.mx_6.9.2.202309101412\\db\/plugins/mcufinder/images/
2023-11-25 15:59:18,015 [INFO] ApiDb:250 - Set database path to: C:\Users\bcc35\.stmcufinder\plugins\mcufinder//mcu/
2023-11-25 15:59:18,018 [INFO] DbMcusAds:125 - Set database path to: C:\Users\bcc35\.stmcufinder\plugins\mcufinder//mcu/
2023-11-25 15:59:18,020 [INFO] CrossReferenceDbSqlite:203 - Set database path to: C:\Users\bcc35\.stmcufinder\plugins\mcufinder//mcu/cs/
2023-11-25 15:59:18,175 [INFO] RulesReader:64 - Compatibility file has been processed (293 Rules)
2023-11-25 15:59:18,497 [INFO] DbMcusXml:78 - Set database path to: E:\stm cube\STM32CubeIDE_1.13.2\STM32CubeIDE\plugins\com.st.stm32cube.common.mx_6.9.2.202309101412\\db\/mcu/
2023-11-25 15:59:18,497 [INFO] ApiDb:274 - Set plugin database path to: E:\stm cube\STM32CubeIDE_1.13.2\STM32CubeIDE\plugins\com.st.stm32cube.common.mx_6.9.2.202309101412\\db\/plugins/boardmanager/
2023-11-25 15:59:18,497 [INFO] ApiDb:261 - Set plugin images path to: E:\stm cube\STM32CubeIDE_1.13.2\STM32CubeIDE\plugins\com.st.stm32cube.common.mx_6.9.2.202309101412\\db\/plugins/mcufinder/images/
2023-11-25 15:59:18,497 [WARN] DbFile:41 - Overriding database path with different value: C:\Users\bcc35\.stmcufinder\plugins\mcufinder/ => C:\Users\bcc35\.stmcufinder\plugins\mcufinder
2023-11-25 15:59:18,497 [INFO] ApiDb:250 - Set database path to: C:\Users\bcc35\.stmcufinder\plugins\mcufinder//mcu/
2023-11-25 15:59:18,497 [WARN] DbFile:41 - Overriding database path with different value: C:\Users\bcc35\.stmcufinder\plugins\mcufinder/ => C:\Users\bcc35\.stmcufinder\plugins\mcufinder
2023-11-25 15:59:18,497 [INFO] DbMcusAds:125 - Set database path to: C:\Users\bcc35\.stmcufinder\plugins\mcufinder//mcu/
2023-11-25 15:59:18,498 [WARN] DbFile:41 - Overriding database path with different value: C:\Users\bcc35\.stmcufinder\plugins\mcufinder/ => C:\Users\bcc35\.stmcufinder\plugins\mcufinder
2023-11-25 15:59:18,498 [WARN] DbFile:41 - Overriding database path with different value: C:\Users\bcc35\.stmcufinder\plugins\mcufinder/ => C:\Users\bcc35\.stmcufinder\plugins\mcufinder
2023-11-25 15:59:18,498 [INFO] CrossReferenceDbSqlite:203 - Set database path to: C:\Users\bcc35\.stmcufinder\plugins\mcufinder//mcu/cs/
2023-11-25 15:59:18,637 [INFO] MainPanel:262 - HeapMemory: 268435456
2023-11-25 15:59:18,881 [INFO] DbMcusXml:78 - Set database path to: E:\stm cube\STM32CubeIDE_1.13.2\STM32CubeIDE\plugins\com.st.stm32cube.common.mx_6.9.2.202309101412\\db\/mcu/
2023-11-25 15:59:18,881 [INFO] ApiDb:274 - Set plugin database path to: E:\stm cube\STM32CubeIDE_1.13.2\STM32CubeIDE\plugins\com.st.stm32cube.common.mx_6.9.2.202309101412\\db\/plugins/boardmanager/
2023-11-25 15:59:18,881 [INFO] ApiDb:261 - Set plugin images path to: E:\stm cube\STM32CubeIDE_1.13.2\STM32CubeIDE\plugins\com.st.stm32cube.common.mx_6.9.2.202309101412\\db\/plugins/mcufinder/images/
2023-11-25 15:59:18,882 [WARN] DbFile:41 - Overriding database path with different value: C:\Users\bcc35\.stmcufinder\plugins\mcufinder/ => C:\Users\bcc35\.stmcufinder\plugins\mcufinder
2023-11-25 15:59:18,882 [INFO] ApiDb:250 - Set database path to: C:\Users\bcc35\.stmcufinder\plugins\mcufinder//mcu/
2023-11-25 15:59:18,882 [WARN] DbFile:41 - Overriding database path with different value: C:\Users\bcc35\.stmcufinder\plugins\mcufinder/ => C:\Users\bcc35\.stmcufinder\plugins\mcufinder
2023-11-25 15:59:18,882 [INFO] DbMcusAds:125 - Set database path to: C:\Users\bcc35\.stmcufinder\plugins\mcufinder//mcu/
2023-11-25 15:59:18,882 [WARN] DbFile:41 - Overriding database path with different value: C:\Users\bcc35\.stmcufinder\plugins\mcufinder/ => C:\Users\bcc35\.stmcufinder\plugins\mcufinder
2023-11-25 15:59:18,882 [WARN] DbFile:41 - Overriding database path with different value: C:\Users\bcc35\.stmcufinder\plugins\mcufinder/ => C:\Users\bcc35\.stmcufinder\plugins\mcufinder
2023-11-25 15:59:18,892 [INFO] CrossReferenceDbSqlite:203 - Set database path to: C:\Users\bcc35\.stmcufinder\plugins\mcufinder//mcu/cs/
2023-11-25 15:59:18,916 [INFO] ApplicationProperties:184 - Using Application install path: E:\stm cube\STM32CubeIDE_1.13.2\STM32CubeIDE\plugins\com.st.stm32cube.common.mx_6.9.2.202309101412
2023-11-25 15:59:18,917 [INFO] PluginManage:196 - Search for loadable plugins [exclusion list=, ]
2023-11-25 15:59:18,919 [INFO] PluginManage:310 - Check plugin analytics
