2024-04-19 11:31:11,500 [INFO] Activator:176 - 


2024-04-19 11:31:11,506 [INFO] Activator:177 - !SESSION log4j initialized
2024-04-19 11:31:31,087 [INFO] LogOutputStream:77 - [STDOUT_REDIRECT] 
2024-04-19 11:31:32,838 [INFO] ApplicationProperties:184 - Using Application install path: E:\stm cube\STM32CubeIDE_1.13.2\STM32CubeIDE\plugins\com.st.stm32cube.common.mx_6.10.0.202311202037
2024-04-19 11:31:32,912 [INFO] DbMcusXml:78 - Set database path to: E:\stm cube\STM32CubeIDE_1.13.2\STM32CubeIDE\plugins\com.st.stm32cube.common.mx_6.10.0.202311202037\\db\/mcu/
2024-04-19 11:31:32,912 [INFO] ApiDb:274 - Set plugin database path to: E:\stm cube\STM32CubeIDE_1.13.2\STM32CubeIDE\plugins\com.st.stm32cube.common.mx_6.10.0.202311202037\\db\/plugins/boardmanager/
2024-04-19 11:31:32,912 [WARN] ApiDb:259 - Overriding images path with different value:  => E:\stm cube\STM32CubeIDE_1.13.2\STM32CubeIDE\plugins\com.st.stm32cube.common.mx_6.10.0.202311202037\\db\/plugins/mcufinder/images/
2024-04-19 11:31:33,063 [INFO] ApiDb:250 - Set database path to: C:\Users\bcc35\.stmcufinder\plugins\mcufinder//mcu/
2024-04-19 11:31:33,065 [INFO] DbMcusAds:125 - Set database path to: C:\Users\bcc35\.stmcufinder\plugins\mcufinder//mcu/
2024-04-19 11:31:33,067 [INFO] CrossReferenceDbSqlite:203 - Set database path to: C:\Users\bcc35\.stmcufinder\plugins\mcufinder//mcu/cs/
2024-04-19 11:31:33,311 [INFO] RulesReader:64 - Compatibility file has been processed (297 Rules)
2024-04-19 11:31:33,468 [INFO] DbMcusXml:78 - Set database path to: E:\stm cube\STM32CubeIDE_1.13.2\STM32CubeIDE\plugins\com.st.stm32cube.common.mx_6.10.0.202311202037\\db\/mcu/
2024-04-19 11:31:33,468 [INFO] ApiDb:274 - Set plugin database path to: E:\stm cube\STM32CubeIDE_1.13.2\STM32CubeIDE\plugins\com.st.stm32cube.common.mx_6.10.0.202311202037\\db\/plugins/boardmanager/
2024-04-19 11:31:33,469 [INFO] ApiDb:261 - Set plugin images path to: E:\stm cube\STM32CubeIDE_1.13.2\STM32CubeIDE\plugins\com.st.stm32cube.common.mx_6.10.0.202311202037\\db\/plugins/mcufinder/images/
2024-04-19 11:31:33,469 [WARN] DbFile:41 - Overriding database path with different value: C:\Users\bcc35\.stmcufinder\plugins\mcufinder/ => C:\Users\bcc35\.stmcufinder\plugins\mcufinder
2024-04-19 11:31:33,469 [INFO] ApiDb:250 - Set database path to: C:\Users\bcc35\.stmcufinder\plugins\mcufinder//mcu/
2024-04-19 11:31:33,469 [WARN] DbFile:41 - Overriding database path with different value: C:\Users\bcc35\.stmcufinder\plugins\mcufinder/ => C:\Users\bcc35\.stmcufinder\plugins\mcufinder
2024-04-19 11:31:33,469 [INFO] DbMcusAds:125 - Set database path to: C:\Users\bcc35\.stmcufinder\plugins\mcufinder//mcu/
2024-04-19 11:31:33,469 [WARN] DbFile:41 - Overriding database path with different value: C:\Users\bcc35\.stmcufinder\plugins\mcufinder/ => C:\Users\bcc35\.stmcufinder\plugins\mcufinder
2024-04-19 11:31:33,469 [WARN] DbFile:41 - Overriding database path with different value: C:\Users\bcc35\.stmcufinder\plugins\mcufinder/ => C:\Users\bcc35\.stmcufinder\plugins\mcufinder
2024-04-19 11:31:33,469 [INFO] CrossReferenceDbSqlite:203 - Set database path to: C:\Users\bcc35\.stmcufinder\plugins\mcufinder//mcu/cs/
2024-04-19 11:31:33,577 [INFO] MainPanel:264 - HeapMemory: 268435456
2024-04-19 11:31:33,877 [INFO] DbMcusXml:78 - Set database path to: E:\stm cube\STM32CubeIDE_1.13.2\STM32CubeIDE\plugins\com.st.stm32cube.common.mx_6.10.0.202311202037\\db\/mcu/
2024-04-19 11:31:33,877 [INFO] ApiDb:274 - Set plugin database path to: E:\stm cube\STM32CubeIDE_1.13.2\STM32CubeIDE\plugins\com.st.stm32cube.common.mx_6.10.0.202311202037\\db\/plugins/boardmanager/
2024-04-19 11:31:33,878 [INFO] ApiDb:261 - Set plugin images path to: E:\stm cube\STM32CubeIDE_1.13.2\STM32CubeIDE\plugins\com.st.stm32cube.common.mx_6.10.0.202311202037\\db\/plugins/mcufinder/images/
2024-04-19 11:31:33,878 [WARN] DbFile:41 - Overriding database path with different value: C:\Users\bcc35\.stmcufinder\plugins\mcufinder/ => C:\Users\bcc35\.stmcufinder\plugins\mcufinder
2024-04-19 11:31:33,878 [INFO] ApiDb:250 - Set database path to: C:\Users\bcc35\.stmcufinder\plugins\mcufinder//mcu/
2024-04-19 11:31:33,878 [WARN] DbFile:41 - Overriding database path with different value: C:\Users\bcc35\.stmcufinder\plugins\mcufinder/ => C:\Users\bcc35\.stmcufinder\plugins\mcufinder
2024-04-19 11:31:33,878 [INFO] DbMcusAds:125 - Set database path to: C:\Users\bcc35\.stmcufinder\plugins\mcufinder//mcu/
2024-04-19 11:31:33,878 [WARN] DbFile:41 - Overriding database path with different value: C:\Users\bcc35\.stmcufinder\plugins\mcufinder/ => C:\Users\bcc35\.stmcufinder\plugins\mcufinder
2024-04-19 11:31:33,878 [WARN] DbFile:41 - Overriding database path with different value: C:\Users\bcc35\.stmcufinder\plugins\mcufinder/ => C:\Users\bcc35\.stmcufinder\plugins\mcufinder
2024-04-19 11:31:33,878 [INFO] CrossReferenceDbSqlite:203 - Set database path to: C:\Users\bcc35\.stmcufinder\plugins\mcufinder//mcu/cs/
2024-04-19 11:31:33,899 [INFO] ApplicationProperties:184 - Using Application install path: E:\stm cube\STM32CubeIDE_1.13.2\STM32CubeIDE\plugins\com.st.stm32cube.common.mx_6.10.0.202311202037
2024-04-19 11:31:33,901 [INFO] PluginManage:196 - Search for loadable plugins [exclusion list=, ]
2024-04-19 11:31:33,902 [INFO] PluginManage:310 - Check plugin analytics
2024-04-19 11:31:34,110 [INFO] AnalyticsPlugin:253 - Accepted Software Licenses: 
2024-04-19 11:31:34,110 [INFO] AnalyticsPlugin:255 - Accepted CMSIS Pack Licenses: ARM.CMSIS.6.0.0,ARM.CMSIS-DSP.1.15.0
2024-04-19 11:31:34,110 [INFO] AnalyticsPlugin:257 - Accepted Firmware Licenses: FW.G4.1.5.0
2024-04-19 11:31:34,112 [INFO] PluginManage:359 - Loaded plugin analytics (category:tool,tabindex:-1)
2024-04-19 11:31:34,113 [INFO] PluginManage:310 - Check plugin cadmodel
2024-04-19 11:31:34,191 [INFO] CADModel:105 - Init CAD model plugin
2024-04-19 11:31:34,192 [INFO] PluginManage:359 - Loaded plugin cadmodel (category:power,tabindex:5)
2024-04-19 11:31:34,192 [INFO] PluginManage:310 - Check plugin clock
2024-04-19 11:31:34,265 [INFO] PluginManage:359 - Loaded plugin clock (category:base,tabindex:2)
2024-04-19 11:31:34,266 [INFO] PluginManage:310 - Check plugin ddr
2024-04-19 11:31:34,272 [INFO] PluginManage:359 - Loaded plugin ddr (category:tool,tabindex:6)
2024-04-19 11:31:34,273 [INFO] PluginManage:310 - Check plugin filemanager
2024-04-19 11:31:34,430 [INFO] PluginManage:359 - Loaded plugin filemanager (category:base,tabindex:10)
2024-04-19 11:31:34,430 [INFO] PluginManage:310 - Check plugin ipmanager
2024-04-19 11:31:34,448 [INFO] PluginManage:359 - Loaded plugin ipmanager (category:base,tabindex:5)
2024-04-19 11:31:34,448 [INFO] PluginManage:310 - Check plugin lpbam
2024-04-19 11:31:34,470 [INFO] PluginManage:359 - Loaded plugin lpbam (category:base,tabindex:0)
2024-04-19 11:31:34,470 [INFO] PluginManage:310 - Check plugin memorymap
2024-04-19 11:31:34,508 [INFO] PluginManage:359 - Loaded plugin memorymap (category:base,tabindex:4)
2024-04-19 11:31:34,508 [INFO] PluginManage:310 - Check plugin pinoutandconfiguration
2024-04-19 11:31:34,524 [INFO] PluginManage:359 - Loaded plugin pinoutandconfiguration (category:base,tabindex:1)
2024-04-19 11:31:34,524 [INFO] PluginManage:310 - Check plugin pinoutconfig
2024-04-19 11:31:34,644 [WARN] SupportedApi:132 - Cannot load RTOS API schema: s4s-elt-must-match.1: The content of 'definitions' must match (annotation?, (simpleType | complexType)?, (unique | key | keyref)*)). A problem was found starting at: attribute.
2024-04-19 11:31:34,773 [INFO] PluginManage:359 - Loaded plugin pinoutconfig (category:base,tabindex:0)
2024-04-19 11:31:34,773 [INFO] PluginManage:310 - Check plugin power
2024-04-19 11:31:34,939 [INFO] PluginManage:359 - Loaded plugin power (category:power,tabindex:4)
2024-04-19 11:31:34,939 [INFO] PluginManage:310 - Check plugin projectmanager
2024-04-19 11:31:34,964 [INFO] PluginManage:359 - Loaded plugin projectmanager (category:projectmanager,tabindex:3)
2024-04-19 11:31:34,964 [INFO] PluginManage:310 - Check plugin thirdparty
2024-04-19 11:31:35,495 [INFO] PluginManage:359 - Loaded plugin thirdparty (category:base,tabindex:-1)
2024-04-19 11:31:35,495 [WARN] IntegrityCheckThread:84 - waiting for thirdparty lock release [integrity check]
2024-04-19 11:31:35,495 [INFO] PluginManage:310 - Check plugin tools
2024-04-19 11:31:35,495 [INFO] IntegrityCheckThread:86 - entering critical section [integrity check]
2024-04-19 11:31:35,495 [INFO] ThirdPartyUpdaterWithRetryManager:70 - Updater plugin not ready yet. [1/15]
2024-04-19 11:31:35,528 [INFO] PluginManage:359 - Loaded plugin tools (category:base,tabindex:7)
2024-04-19 11:31:35,528 [INFO] PluginManage:310 - Check plugin tutovideos
2024-04-19 11:31:35,797 [INFO] PluginManage:359 - Loaded plugin tutovideos (category:base,tabindex:-1)
2024-04-19 11:31:35,797 [INFO] PluginManage:310 - Check plugin updater
2024-04-19 11:31:35,845 [INFO] PluginManage:359 - Loaded plugin updater (category:base,tabindex:12)
2024-04-19 11:31:35,845 [INFO] PluginManage:310 - Check plugin userauth
2024-04-19 11:31:35,873 [INFO] UserAuth:114 - Init User Auth plugin
2024-04-19 11:31:35,873 [INFO] PluginManage:359 - Loaded plugin userauth (category:base,tabindex:14)
2024-04-19 11:31:35,873 [INFO] PluginManage:283 - PluginManage : Loaded plugins [17]
2024-04-19 11:31:36,485 [INFO] PinOutPanel:1499 - setPackage(No Configuration,No Configuration)
2024-04-19 11:31:36,614 [INFO] CADModel:165 - CPN selected for project level
2024-04-19 11:31:36,615 [INFO] CADModel:114 - Register for checkConnection events
2024-04-19 11:31:36,703 [INFO] IPUIPlugin:80 - create IPUIPlugin
2024-04-19 11:31:36,703 [INFO] PluginManager:220 - loadIPPluginJar : add adc
2024-04-19 11:31:36,740 [INFO] IPUIPlugin:80 - create IPUIPlugin
2024-04-19 11:31:36,741 [INFO] PluginManager:220 - loadIPPluginJar : add aes
2024-04-19 11:31:36,792 [INFO] IPUIPlugin:80 - create IPUIPlugin
2024-04-19 11:31:36,792 [INFO] PluginManager:220 - loadIPPluginJar : add can
2024-04-19 11:31:36,842 [INFO] IPUIPlugin:80 - create IPUIPlugin
2024-04-19 11:31:36,843 [INFO] PluginManager:220 - loadIPPluginJar : add comp
2024-04-19 11:31:36,897 [INFO] IPUIPlugin:80 - create IPUIPlugin
2024-04-19 11:31:36,897 [INFO] PluginManager:220 - loadIPPluginJar : add cryp
2024-04-19 11:31:36,918 [INFO] IPUIPlugin:80 - create IPUIPlugin
2024-04-19 11:31:36,918 [INFO] PluginManager:220 - loadIPPluginJar : add dfsdm
2024-04-19 11:31:36,931 [INFO] IPUIPlugin:80 - create IPUIPlugin
2024-04-19 11:31:36,931 [INFO] PluginManager:220 - loadIPPluginJar : add dma
2024-04-19 11:31:36,975 [INFO] IPUIPlugin:80 - create IPUIPlugin
2024-04-19 11:31:36,975 [INFO] PluginManager:220 - loadIPPluginJar : add dma3
2024-04-19 11:31:37,013 [INFO] IPUIPlugin:80 - create IPUIPlugin
2024-04-19 11:31:37,013 [INFO] PluginManager:220 - loadIPPluginJar : add fatfs
2024-04-19 11:31:37,050 [INFO] IPUIPlugin:80 - create IPUIPlugin
2024-04-19 11:31:37,050 [INFO] PluginManager:220 - loadIPPluginJar : add fmc
2024-04-19 11:31:37,080 [INFO] IPUIPlugin:80 - create IPUIPlugin
2024-04-19 11:31:37,080 [INFO] PluginManager:220 - loadIPPluginJar : add freertos
2024-04-19 11:31:37,101 [INFO] IPUIPlugin:80 - create IPUIPlugin
2024-04-19 11:31:37,101 [INFO] PluginManager:220 - loadIPPluginJar : add genericplugin
2024-04-19 11:31:37,162 [INFO] IPUIPlugin:80 - create IPUIPlugin
2024-04-19 11:31:37,162 [INFO] PluginManager:220 - loadIPPluginJar : add gfxmmu
2024-04-19 11:31:37,253 [INFO] IPUIPlugin:80 - create IPUIPlugin
2024-04-19 11:31:37,253 [INFO] PluginManager:220 - loadIPPluginJar : add gic
2024-04-19 11:31:37,280 [INFO] IPUIPlugin:80 - create IPUIPlugin
2024-04-19 11:31:37,280 [INFO] PluginManager:220 - loadIPPluginJar : add gpio
2024-04-19 11:31:37,379 [INFO] IPUIPlugin:80 - create IPUIPlugin
2024-04-19 11:31:37,379 [INFO] PluginManager:220 - loadIPPluginJar : add gtzc
2024-04-19 11:31:37,413 [INFO] IPUIPlugin:80 - create IPUIPlugin
2024-04-19 11:31:37,413 [INFO] PluginManager:220 - loadIPPluginJar : add hash
2024-04-19 11:31:37,472 [INFO] IPUIPlugin:80 - create IPUIPlugin
2024-04-19 11:31:37,472 [INFO] PluginManager:220 - loadIPPluginJar : add i2c
2024-04-19 11:31:37,514 [INFO] IPUIPlugin:80 - create IPUIPlugin
2024-04-19 11:31:37,514 [INFO] PluginManager:220 - loadIPPluginJar : add i2s
2024-04-19 11:31:37,544 [INFO] IPUIPlugin:80 - create IPUIPlugin
2024-04-19 11:31:37,545 [INFO] PluginManager:220 - loadIPPluginJar : add i3c
2024-04-19 11:31:37,663 [INFO] IPUIPlugin:80 - create IPUIPlugin
2024-04-19 11:31:37,663 [INFO] PluginManager:220 - loadIPPluginJar : add ipddr
2024-04-19 11:31:37,728 [INFO] IPUIPlugin:80 - create IPUIPlugin
2024-04-19 11:31:37,728 [INFO] PluginManager:220 - loadIPPluginJar : add linkedlist
2024-04-19 11:31:37,831 [INFO] IPUIPlugin:80 - create IPUIPlugin
2024-04-19 11:31:37,831 [INFO] PluginManager:220 - loadIPPluginJar : add lorawan
2024-04-19 11:31:37,859 [INFO] IPUIPlugin:80 - create IPUIPlugin
2024-04-19 11:31:37,859 [INFO] PluginManager:220 - loadIPPluginJar : add ltdc
2024-04-19 11:31:37,901 [INFO] IPUIPlugin:80 - create IPUIPlugin
2024-04-19 11:31:37,901 [INFO] PluginManager:220 - loadIPPluginJar : add mdma
2024-04-19 11:31:37,912 [INFO] IPUIPlugin:80 - create IPUIPlugin
2024-04-19 11:31:37,912 [INFO] PluginManager:220 - loadIPPluginJar : add nvic
2024-04-19 11:31:37,940 [INFO] IPUIPlugin:80 - create IPUIPlugin
2024-04-19 11:31:37,940 [INFO] PluginManager:220 - loadIPPluginJar : add opamp
2024-04-19 11:31:37,991 [INFO] IPUIPlugin:80 - create IPUIPlugin
2024-04-19 11:31:37,991 [INFO] PluginManager:220 - loadIPPluginJar : add openamp
2024-04-19 11:31:38,037 [INFO] IPUIPlugin:80 - create IPUIPlugin
2024-04-19 11:31:38,038 [INFO] PluginManager:220 - loadIPPluginJar : add pdm2pcm
2024-04-19 11:31:38,064 [INFO] IPUIPlugin:80 - create IPUIPlugin
2024-04-19 11:31:38,066 [INFO] PluginManager:220 - loadIPPluginJar : add plateformsettings
2024-04-19 11:31:38,102 [INFO] IPUIPlugin:80 - create IPUIPlugin
2024-04-19 11:31:38,102 [INFO] PluginManager:220 - loadIPPluginJar : add quadspi
2024-04-19 11:31:38,128 [INFO] IPUIPlugin:80 - create IPUIPlugin
2024-04-19 11:31:38,128 [INFO] PluginManager:220 - loadIPPluginJar : add resmgrutility
2024-04-19 11:31:38,178 [INFO] IPUIPlugin:80 - create IPUIPlugin
2024-04-19 11:31:38,179 [INFO] PluginManager:220 - loadIPPluginJar : add sai
2024-04-19 11:31:38,223 [INFO] IPUIPlugin:80 - create IPUIPlugin
2024-04-19 11:31:38,223 [INFO] PluginManager:220 - loadIPPluginJar : add spi
2024-04-19 11:31:38,272 [INFO] IPUIPlugin:80 - create IPUIPlugin
2024-04-19 11:31:38,272 [INFO] PluginManager:220 - loadIPPluginJar : add stm32_wpan
2024-04-19 11:31:38,304 [INFO] IPUIPlugin:80 - create IPUIPlugin
2024-04-19 11:31:38,304 [INFO] PluginManager:220 - loadIPPluginJar : add tim
2024-04-19 11:31:38,346 [INFO] IPUIPlugin:80 - create IPUIPlugin
2024-04-19 11:31:38,347 [INFO] PluginManager:220 - loadIPPluginJar : add touchsensing
2024-04-19 11:31:38,370 [INFO] IPUIPlugin:80 - create IPUIPlugin
2024-04-19 11:31:38,370 [INFO] PluginManager:220 - loadIPPluginJar : add tracer_emb
2024-04-19 11:31:38,388 [INFO] IPUIPlugin:80 - create IPUIPlugin
2024-04-19 11:31:38,388 [INFO] PluginManager:220 - loadIPPluginJar : add ts
2024-04-19 11:31:38,403 [INFO] IPUIPlugin:80 - create IPUIPlugin
2024-04-19 11:31:38,403 [INFO] PluginManager:220 - loadIPPluginJar : add tsc
2024-04-19 11:31:38,433 [INFO] IPUIPlugin:80 - create IPUIPlugin
2024-04-19 11:31:38,433 [INFO] PluginManager:220 - loadIPPluginJar : add ucpd
2024-04-19 11:31:38,476 [INFO] IPUIPlugin:80 - create IPUIPlugin
2024-04-19 11:31:38,477 [INFO] PluginManager:220 - loadIPPluginJar : add usart
2024-04-19 11:31:38,495 [INFO] ThirdPartyUpdaterWithRetryManager:70 - Updater plugin not ready yet. [2/15]
2024-04-19 11:31:38,510 [INFO] IPUIPlugin:80 - create IPUIPlugin
2024-04-19 11:31:38,510 [INFO] PluginManager:220 - loadIPPluginJar : add usbx
2024-04-19 11:31:38,633 [INFO] CADModel:165 - CPN selected for project level
2024-04-19 11:31:38,633 [INFO] CADModel:114 - Register for checkConnection events
2024-04-19 11:31:38,633 [FATAL] Updater:308 - Updater called before beeing initialized
2024-04-19 11:31:38,633 [ERROR] CADModel:125 - Updater not yet initialized, retry later 
2024-04-19 11:31:38,935 [INFO] CADModel:165 - CPN selected for project level
2024-04-19 11:31:38,935 [INFO] CADModel:114 - Register for checkConnection events
2024-04-19 11:31:38,935 [FATAL] Updater:308 - Updater called before beeing initialized
2024-04-19 11:31:38,935 [ERROR] CADModel:125 - Updater not yet initialized, retry later 
2024-04-19 11:31:38,938 [FATAL] Updater:308 - Updater called before beeing initialized
2024-04-19 11:31:39,051 [FATAL] Updater:308 - Updater called before beeing initialized
2024-04-19 11:31:39,059 [INFO] DbMcusAds:53 - JSON generation date=Wed Nov 29 17:52:27 ICT 2023 (1701255147349)
2024-04-19 11:31:39,059 [FATAL] Updater:308 - Updater called before beeing initialized
2024-04-19 11:31:39,189 [WARN] DetailPanel:346 - Failed to get advertising image, set to default
2024-04-19 11:31:39,287 [FATAL] Updater:308 - Updater called before beeing initialized
2024-04-19 11:31:39,292 [FATAL] Updater:308 - Updater called before beeing initialized
2024-04-19 11:31:39,292 [FATAL] Updater:308 - Updater called before beeing initialized
2024-04-19 11:31:39,293 [WARN] DetailPanel:346 - Failed to get advertising image, set to default
2024-04-19 11:31:39,293 [FATAL] Updater:308 - Updater called before beeing initialized
2024-04-19 11:31:39,436 [ERROR] Updater:1120 - MainUpdater not yet initialized. External WinMGr cannot be set.
2024-04-19 11:31:39,445 [INFO] Updater:1056 - Updater Version found : 6.10.0
2024-04-19 11:31:39,478 [INFO] ApplicationProperties:184 - Using Application install path: E:\stm cube\STM32CubeIDE_1.13.2\STM32CubeIDE\plugins\com.st.stm32cube.common.mx_6.10.0.202311202037
2024-04-19 11:31:41,071 [ERROR] LogOutputStream:75 - [STDERR_REDIRECT] Apr 19, 2024 11:31:41 AM java.util.prefs.WindowsPreferences <init>
2024-04-19 11:31:41,072 [ERROR] LogOutputStream:75 - [STDERR_REDIRECT] WARNING: Could not open/create prefs root node Software\JavaSoft\Prefs at root 0xffffffff80000002. Windows RegCreateKeyEx(...) returned error code 5.
2024-04-19 11:31:41,072 [ERROR] LogOutputStream:75 - [STDERR_REDIRECT] 
2024-04-19 11:31:41,496 [INFO] ThirdPartyUpdaterWithRetryManager:70 - Updater plugin not ready yet. [3/15]
2024-04-19 11:31:42,001 [INFO] MainUpdater:2873 - connection check result : 10
2024-04-19 11:31:42,001 [INFO] MainUpdater:3567 - Updater definition file requires update
2024-04-19 11:31:42,002 [INFO] MainUpdater:290 - Updater Check For Update Now.
2024-04-19 11:31:42,002 [INFO] MicroXplorer:498 - Change Database Version : DB.6.0.100
2024-04-19 11:31:42,029 [INFO] McuFinderGlobals:63 - Set McuFinder mode to 2 (CubeIDE integrated)
2024-04-19 11:31:42,057 [INFO] UserAuth:404 - Internet connection configuration mode: 1
2024-04-19 11:31:42,168 [INFO] JxBrowserEngine:152 - Initiate JxBrowser Engine with user profile folder
2024-04-19 11:31:42,453 [INFO] ServerAccessManage:473 - Download File updaters.zip
2024-04-19 11:31:42,535 [INFO] FileExtend:240 - Unzip File : updaters.zip
2024-04-19 11:31:42,535 [INFO] FileExtend:255 - Standard Zip Deflate
2024-04-19 11:31:43,084 [INFO] ServerAccessManage:473 - Download File PacksControlFlags.xml
2024-04-19 11:31:43,191 [INFO] ServerAccessManage:473 - Download File cubemx.pidx
2024-04-19 11:31:43,732 [INFO] ServerAccessManage:473 - Download File STMicroelectronics.FP-SNS-MOTENVWB1.pdsc
2024-04-19 11:31:44,357 [INFO] ServerAccessManage:473 - Download File STMicroelectronics.X-CUBE-AI.pdsc
2024-04-19 11:31:44,497 [WARN] MainUpdater:1194 - Updater busy. Cannot search thirdparties
2024-04-19 11:31:44,497 [INFO] ThirdPartyUpdaterWithRetryManager:96 - Updater plugin is busy. [1/15]
2024-04-19 11:31:45,058 [INFO] WebApp:161 - Instantiating new browser for Auth
2024-04-19 11:31:45,646 [INFO] WebApp:780 - Register for checkConnection events
2024-04-19 11:31:45,646 [INFO] WebApp:414 - Apply proxy settings
2024-04-19 11:31:45,646 [INFO] WebApp:499 - Chromium requires no authentication
2024-04-19 11:31:45,656 [INFO] WebApp:442 - Direct internet connection detected
2024-04-19 11:31:45,875 [INFO] WebApp:192 - Starting web application
2024-04-19 11:31:45,875 [INFO] WebApp:544 - Web application path used E:\stm cube\STM32CubeIDE_1.13.2\STM32CubeIDE\plugins\com.st.stm32cube.common.mx_6.10.0.202311202037\db\plugins\mcufinder\reactClient1\index.html
2024-04-19 11:31:47,500 [WARN] MainUpdater:1194 - Updater busy. Cannot search thirdparties
2024-04-19 11:31:47,500 [INFO] ThirdPartyUpdaterWithRetryManager:96 - Updater plugin is busy. [2/15]
2024-04-19 11:31:49,445 [INFO] ServerAccessManage:473 - Download File STMicroelectronics.X-CUBE-AZRTOS-H7RS.pdsc
2024-04-19 11:31:50,124 [WARN] PackLoader:240 - Cannot read IP mode file for STMicroelectronics.FP-SNS-MOTENVWB1.1.4.0
2024-04-19 11:31:50,130 [WARN] PackLoader:240 - Cannot read IP mode file for STMicroelectronics.X-CUBE-AI.9.0.0
2024-04-19 11:31:50,150 [WARN] PackLoader:240 - Cannot read IP mode file for STMicroelectronics.X-CUBE-AZRTOS-H7RS.1.0.0
2024-04-19 11:31:50,154 [INFO] PopulateThirdPartyThread:66 - Ending populate Thread
2024-04-19 11:31:50,155 [INFO] ThirdParty:1030 - CMSIS Pack Vendor :STMicroelectronics FP-SNS-MOTENVWB1 1.4.0
2024-04-19 11:31:50,155 [INFO] ThirdParty:1030 - CMSIS Pack Vendor :STMicroelectronics X-CUBE-AI 9.0.0
2024-04-19 11:31:50,155 [INFO] ThirdParty:1030 - CMSIS Pack Vendor :STMicroelectronics X-CUBE-AZRTOS-H7RS 1.0.0
2024-04-19 11:31:50,156 [INFO] LoadServerUpdatesThread:375 - End of LoadServerUpdate Thread
2024-04-19 11:31:50,172 [INFO] CheckServerUpdateThread:120 - End of CheckServer Thread
2024-04-19 11:31:50,677 [WARN] PackLoader:240 - Cannot read IP mode file for STMicroelectronics.FP-SNS-MOTENVWB1.1.4.0
2024-04-19 11:31:50,690 [WARN] PackLoader:240 - Cannot read IP mode file for STMicroelectronics.X-CUBE-SMBUS.2.1.0
2024-04-19 11:31:50,702 [WARN] PackLoader:240 - Cannot read IP mode file for STMicroelectronics.X-CUBE-TOUCHGFX.4.23.0
2024-04-19 11:31:50,712 [WARN] PackLoader:240 - Cannot read IP mode file for STMicroelectronics.X-CUBE-TOUCHGFX.4.23.2
2024-04-19 11:31:50,733 [WARN] PackLoader:240 - Cannot read IP mode file for STMicroelectronics.X-CUBE-AZRTOS-F7.1.1.0
2024-04-19 11:31:50,747 [WARN] PackLoader:240 - Cannot read IP mode file for STMicroelectronics.FP-SNS-MOTENV1.4.3.2
2024-04-19 11:31:50,752 [WARN] PackLoader:240 - Cannot read IP mode file for STMicroelectronics.FP-SNS-FLIGHT1.5.0.2
2024-04-19 11:31:50,765 [WARN] PackLoader:240 - Cannot read IP mode file for STMicroelectronics.X-CUBE-DISPLAY.3.0.0
2024-04-19 11:31:50,779 [WARN] PackLoader:240 - Cannot read IP mode file for STMicroelectronics.X-CUBE-BLE1.7.0.0
2024-04-19 11:31:50,790 [WARN] PackLoader:240 - Cannot read IP mode file for emotas.I-CUBE-CANOPEN.1.3.0
2024-04-19 11:31:50,799 [WARN] PackLoader:240 - Cannot read IP mode file for STMicroelectronics.X-CUBE-TOUCHGFX.4.22.1
2024-04-19 11:31:50,812 [WARN] PackLoader:240 - Cannot read IP mode file for STMicroelectronics.X-CUBE-BLEMGR.3.1.0
2024-04-19 11:31:50,824 [WARN] PackLoader:240 - Cannot read IP mode file for STMicroelectronics.FP-SNS-SMARTAG2.1.2.0
2024-04-19 11:31:50,839 [INFO] LogOutputStream:77 - [STDOUT_REDIRECT] 1 : Invalid condition id : UX_CORESTACK_Condition cause : null
2024-04-19 11:31:50,839 [INFO] LogOutputStream:77 - [STDOUT_REDIRECT] 1 : Invalid condition id : UX_CORESTACK_Condition cause : null
2024-04-19 11:31:50,840 [INFO] LogOutputStream:77 - [STDOUT_REDIRECT] 1 : Invalid condition id : UX_CORESTACK_Condition cause : null
2024-04-19 11:31:50,840 [INFO] LogOutputStream:77 - [STDOUT_REDIRECT] 1 : Invalid condition id : UX_CORESTACK_Condition cause : null
2024-04-19 11:31:50,841 [INFO] LogOutputStream:77 - [STDOUT_REDIRECT] 1 : Invalid condition id : UX_CORESTACK_Condition cause : null
2024-04-19 11:31:50,843 [WARN] PackLoader:240 - Cannot read IP mode file for STMicroelectronics.X-CUBE-AZRTOS-WL.2.0.0
2024-04-19 11:31:50,854 [WARN] PackLoader:240 - Cannot read IP mode file for STMicroelectronics.FP-SNS-MOTENV1.5.0.0
2024-04-19 11:31:50,867 [WARN] PackLoader:240 - Cannot read IP mode file for WES.I-CUBE-Cesium.1.3.0
2024-04-19 11:31:50,879 [WARN] PackLoader:240 - Cannot read IP mode file for STMicroelectronics.X-CUBE-BLE2.3.3.0
2024-04-19 11:31:50,890 [WARN] PackLoader:240 - Cannot read IP mode file for STMicroelectronics.X-CUBE-TCPP.4.1.0
2024-04-19 11:31:50,903 [WARN] PackLoader:240 - Cannot read IP mode file for STMicroelectronics.X-CUBE-ALGOBUILD.1.3.0
2024-04-19 11:31:50,923 [WARN] PackLoader:240 - Cannot read IP mode file for STMicroelectronics.X-CUBE-AZRTOS-G0.1.1.0
2024-04-19 11:31:50,937 [WARN] PackLoader:240 - Cannot read IP mode file for STMicroelectronics.X-CUBE-SAFEA1.1.2.2
2024-04-19 11:31:50,949 [WARN] PackLoader:240 - Cannot read IP mode file for STMicroelectronics.X-CUBE-NFC4.3.0.0
2024-04-19 11:31:50,962 [WARN] PackLoader:240 - Cannot read IP mode file for STMicroelectronics.X-CUBE-BLEMGR.3.0.0
2024-04-19 11:31:50,967 [WARN] PackLoader:240 - Cannot read IP mode file for STMicroelectronics.FP-ATR-SIGFOX1.3.2.0
2024-04-19 11:31:50,979 [WARN] PackLoader:240 - Cannot read IP mode file for STMicroelectronics.X-CUBE-EEPRMA1.5.1.0
2024-04-19 11:31:51,006 [WARN] PackLoader:240 - Cannot read IP mode file for SEGGER.I-CUBE-embOS.1.3.1
2024-04-19 11:31:51,040 [WARN] PackLoader:240 - Cannot read IP mode file for STMicroelectronics.X-CUBE-GNSS1.6.0.0
2024-04-19 11:31:51,066 [WARN] PackLoader:240 - Cannot read IP mode file for STMicroelectronics.X-CUBE-AZRTOS-F4.1.1.0
2024-04-19 11:31:51,083 [WARN] PackLoader:240 - Cannot read IP mode file for wolfSSL.I-CUBE-wolfSSL.5.6.3
2024-04-19 11:31:51,112 [WARN] PackLoader:240 - Cannot read IP mode file for STMicroelectronics.X-CUBE-AZRTOS-L5.2.0.0
2024-04-19 11:31:51,159 [WARN] PackLoader:240 - Cannot read IP mode file for STMicroelectronics.X-CUBE-MEMS1.9.6.0
2024-04-19 11:31:51,259 [WARN] PackLoader:240 - Cannot read IP mode file for STMicroelectronics.X-CUBE-EEPRMA1.4.2.0
2024-04-19 11:31:51,275 [WARN] PackLoader:240 - Cannot read IP mode file for STMicroelectronics.X-CUBE-NFC6.3.1.0
2024-04-19 11:31:51,291 [WARN] PackLoader:240 - Cannot read IP mode file for ITTIA_DB.I-CUBE-ITTIADB.8.8.0
2024-04-19 11:31:51,353 [WARN] PackLoader:240 - Cannot read IP mode file for STMicroelectronics.X-CUBE-BLEMGR.2.0.0
2024-04-19 11:31:51,359 [WARN] PackLoader:240 - Cannot read IP mode file for STMicroelectronics.X-CUBE-AI.9.0.0
2024-04-19 11:31:51,385 [WARN] ConditionMgr:438 - getConditionDescription Invalid condition id : UX DEVICE CLASS RTOS Condition cause : null
2024-04-19 11:31:51,385 [WARN] ConditionMgr:438 - getConditionDescription Invalid condition id : UX DEVICE CLASS RTOS Condition cause : null
2024-04-19 11:31:51,387 [WARN] PackLoader:240 - Cannot read IP mode file for STMicroelectronics.X-CUBE-AZRTOS-H7.3.1.0
2024-04-19 11:31:51,388 [WARN] ConditionMgr:1039 - genDependencies : Invalid condition id : UX DEVICE CLASS RTOS Condition cause : null
2024-04-19 11:31:51,388 [WARN] ConditionMgr:1039 - genDependencies : Invalid condition id : UX DEVICE CLASS RTOS Condition cause : null
2024-04-19 11:31:51,389 [WARN] ConditionMgr:1039 - genDependencies : Invalid condition id : UX DEVICE CLASS RTOS Condition cause : null
2024-04-19 11:31:51,389 [WARN] ConditionMgr:1039 - genDependencies : Invalid condition id : UX DEVICE CLASS RTOS Condition cause : null
2024-04-19 11:31:51,389 [WARN] ConditionMgr:1039 - genDependencies : Invalid condition id : UX DEVICE CLASS RTOS Condition cause : null
2024-04-19 11:31:51,411 [WARN] PackLoader:240 - Cannot read IP mode file for STMicroelectronics.X-CUBE-NFC7.1.0.1
2024-04-19 11:31:51,427 [WARN] PackLoader:240 - Cannot read IP mode file for STMicroelectronics.X-CUBE-NFC6.3.0.0
2024-04-19 11:31:51,444 [WARN] PackLoader:240 - Cannot read IP mode file for STMicroelectronics.X-CUBE-EEPRMA1.4.1.0
2024-04-19 11:31:51,462 [WARN] PackLoader:240 - Cannot read IP mode file for STMicroelectronics.X-CUBE-AI.8.1.0
2024-04-19 11:31:51,494 [WARN] ConditionMgr:438 - getConditionDescription Invalid condition id : LAN8742 Phy interface Condition cause : null
2024-04-19 11:31:51,495 [WARN] PackLoader:240 - Cannot read IP mode file for STMicroelectronics.X-CUBE-AZRTOS-L4.2.0.0
2024-04-19 11:31:51,495 [WARN] ConditionMgr:1039 - genDependencies : Invalid condition id : LAN8742 Phy interface Condition cause : null
2024-04-19 11:31:51,496 [WARN] ConditionMgr:1039 - genDependencies : Invalid condition id : LAN8742 Phy interface Condition cause : null
2024-04-19 11:31:51,496 [WARN] ConditionMgr:1039 - genDependencies : Invalid condition id : LAN8742 Phy interface Condition cause : null
2024-04-19 11:31:51,560 [WARN] PackLoader:240 - Cannot read IP mode file for STMicroelectronics.X-CUBE-SFXS2LP1.4.0.0
2024-04-19 11:31:51,575 [WARN] PackLoader:240 - Cannot read IP mode file for STMicroelectronics.X-CUBE-ISPU.1.1.0
2024-04-19 11:31:51,599 [WARN] ConditionMgr:438 - getConditionDescription Invalid condition id : UX DEVICE CLASS RTOS Condition cause : null
2024-04-19 11:31:51,599 [WARN] ConditionMgr:438 - getConditionDescription Invalid condition id : UX DEVICE CLASS RTOS Condition cause : null
2024-04-19 11:31:51,600 [WARN] PackLoader:240 - Cannot read IP mode file for STMicroelectronics.X-CUBE-AZRTOS-WB.2.0.0
2024-04-19 11:31:51,601 [WARN] ConditionMgr:1039 - genDependencies : Invalid condition id : UX DEVICE CLASS RTOS Condition cause : null
2024-04-19 11:31:51,601 [WARN] ConditionMgr:1039 - genDependencies : Invalid condition id : UX DEVICE CLASS RTOS Condition cause : null
2024-04-19 11:31:51,601 [WARN] ConditionMgr:1039 - genDependencies : Invalid condition id : UX DEVICE CLASS RTOS Condition cause : null
2024-04-19 11:31:51,602 [WARN] ConditionMgr:1039 - genDependencies : Invalid condition id : UX DEVICE CLASS RTOS Condition cause : null
2024-04-19 11:31:51,602 [WARN] ConditionMgr:1039 - genDependencies : Invalid condition id : UX DEVICE CLASS RTOS Condition cause : null
2024-04-19 11:31:51,621 [WARN] PackLoader:240 - Cannot read IP mode file for STMicroelectronics.X-CUBE-SUBG2.5.0.0
2024-04-19 11:31:51,649 [WARN] PackLoader:240 - Cannot read IP mode file for STMicroelectronics.X-CUBE-TOF1.3.3.1
2024-04-19 11:31:51,679 [WARN] PackLoader:240 - Cannot read IP mode file for STMicroelectronics.X-CUBE-AZRTOS-G4.2.0.0
2024-04-19 11:31:51,704 [WARN] PackLoader:240 - Cannot read IP mode file for Infineon.AIROC-Wi-Fi-Bluetooth-STM32.1.5.1
2024-04-19 11:31:51,719 [WARN] PackLoader:240 - Cannot read IP mode file for STMicroelectronics.FP-SNS-MOTENVWB1.1.3.0
2024-04-19 11:31:51,725 [WARN] PackLoader:240 - Cannot read IP mode file for STMicroelectronics.FP-SNS-MOTENVWB1.1.3.1
2024-04-19 11:31:51,740 [WARN] PackLoader:240 - Cannot read IP mode file for STMicroelectronics.X-CUBE-ISPU.2.0.0
2024-04-19 11:31:51,784 [WARN] PackLoader:240 - Cannot read IP mode file for STMicroelectronics.X-CUBE-MEMS1.10.0.0
2024-04-19 11:31:51,872 [WARN] PackLoader:240 - Cannot read IP mode file for STMicroelectronics.X-CUBE-FREERTOS.1.1.0
2024-04-19 11:31:51,889 [WARN] PackLoader:240 - Cannot read IP mode file for portGmbH.I-Cube-SoM-uGOAL.1.1.0
2024-04-19 11:31:51,905 [WARN] PackLoader:240 - Cannot read IP mode file for STMicroelectronics.X-CUBE-ALS.1.0.1
2024-04-19 11:31:51,917 [WARN] PackLoader:240 - Cannot read IP mode file for STMicroelectronics.X-CUBE-AZRTOS-H7RS.1.0.0
2024-04-19 11:31:51,926 [WARN] PackLoader:240 - Cannot read IP mode file for STMicroelectronics.FP-ATR-ASTRA1.2.0.0
2024-04-19 11:31:51,945 [WARN] PackLoader:240 - Cannot read IP mode file for STMicroelectronics.X-CUBE-TOF1.3.4.0
2024-04-19 11:31:51,971 [WARN] PackLoader:240 - Cannot read IP mode file for STMicroelectronics.X-CUBE-TOF1.3.4.1
2024-04-19 11:31:52,006 [WARN] PackLoader:240 - Cannot read IP mode file for STMicroelectronics.X-CUBE-AZRTOS-H7.3.2.0
2024-04-19 11:31:52,009 [INFO] ThirdParty:978 - Integrity check success = true
2024-04-19 11:31:52,009 [INFO] IntegrityCheckThread:100 - exiting critical section [integrity check]
2024-04-19 11:31:52,009 [INFO] IntegrityCheckThread:103 - End integrity checks thread
2024-04-19 11:32:07,124 [ERROR] LogOutputStream:75 - [STDERR_REDIRECT] SLF4J: Failed to load class "org.slf4j.impl.StaticLoggerBinder".
2024-04-19 11:32:07,125 [ERROR] LogOutputStream:75 - [STDERR_REDIRECT] SLF4J: Defaulting to no-operation (NOP) logger implementation
2024-04-19 11:32:07,126 [ERROR] LogOutputStream:75 - [STDERR_REDIRECT] SLF4J: See http://www.slf4j.org/codes.html#StaticLoggerBinder for further details.
2024-04-19 19:48:50,457 [ERROR] LogOutputStream:75 - [STDERR_REDIRECT] 
