2024-03-15 00:35:36,058 [INFO] Activator:176 - 


2024-03-15 00:35:36,067 [INFO] Activator:177 - !SESSION log4j initialized
2024-03-15 00:35:54,330 [INFO] LogOutputStream:77 - [STDOUT_REDIRECT] 
2024-03-15 00:36:01,908 [INFO] ApplicationProperties:184 - Using Application install path: E:\stm cube\STM32CubeIDE_1.13.2\STM32CubeIDE\plugins\com.st.stm32cube.common.mx_6.10.0.202311202037
2024-03-15 00:36:01,941 [INFO] DbMcusXml:78 - Set database path to: E:\stm cube\STM32CubeIDE_1.13.2\STM32CubeIDE\plugins\com.st.stm32cube.common.mx_6.10.0.202311202037\\db\/mcu/
2024-03-15 00:36:01,941 [INFO] ApiDb:274 - Set plugin database path to: E:\stm cube\STM32CubeIDE_1.13.2\STM32CubeIDE\plugins\com.st.stm32cube.common.mx_6.10.0.202311202037\\db\/plugins/boardmanager/
2024-03-15 00:36:01,942 [WARN] ApiDb:259 - Overriding images path with different value:  => E:\stm cube\STM32CubeIDE_1.13.2\STM32CubeIDE\plugins\com.st.stm32cube.common.mx_6.10.0.202311202037\\db\/plugins/mcufinder/images/
2024-03-15 00:36:02,074 [INFO] ApiDb:250 - Set database path to: C:\Users\bcc35\.stmcufinder\plugins\mcufinder//mcu/
2024-03-15 00:36:02,076 [INFO] DbMcusAds:125 - Set database path to: C:\Users\bcc35\.stmcufinder\plugins\mcufinder//mcu/
2024-03-15 00:36:02,077 [INFO] CrossReferenceDbSqlite:203 - Set database path to: C:\Users\bcc35\.stmcufinder\plugins\mcufinder//mcu/cs/
2024-03-15 00:36:02,226 [INFO] RulesReader:64 - Compatibility file has been processed (297 Rules)
2024-03-15 00:36:02,390 [INFO] DbMcusXml:78 - Set database path to: E:\stm cube\STM32CubeIDE_1.13.2\STM32CubeIDE\plugins\com.st.stm32cube.common.mx_6.10.0.202311202037\\db\/mcu/
2024-03-15 00:36:02,390 [INFO] ApiDb:274 - Set plugin database path to: E:\stm cube\STM32CubeIDE_1.13.2\STM32CubeIDE\plugins\com.st.stm32cube.common.mx_6.10.0.202311202037\\db\/plugins/boardmanager/
2024-03-15 00:36:02,391 [INFO] ApiDb:261 - Set plugin images path to: E:\stm cube\STM32CubeIDE_1.13.2\STM32CubeIDE\plugins\com.st.stm32cube.common.mx_6.10.0.202311202037\\db\/plugins/mcufinder/images/
2024-03-15 00:36:02,391 [WARN] DbFile:41 - Overriding database path with different value: C:\Users\bcc35\.stmcufinder\plugins\mcufinder/ => C:\Users\bcc35\.stmcufinder\plugins\mcufinder
2024-03-15 00:36:02,391 [INFO] ApiDb:250 - Set database path to: C:\Users\bcc35\.stmcufinder\plugins\mcufinder//mcu/
2024-03-15 00:36:02,391 [WARN] DbFile:41 - Overriding database path with different value: C:\Users\bcc35\.stmcufinder\plugins\mcufinder/ => C:\Users\bcc35\.stmcufinder\plugins\mcufinder
2024-03-15 00:36:02,391 [INFO] DbMcusAds:125 - Set database path to: C:\Users\bcc35\.stmcufinder\plugins\mcufinder//mcu/
2024-03-15 00:36:02,391 [WARN] DbFile:41 - Overriding database path with different value: C:\Users\bcc35\.stmcufinder\plugins\mcufinder/ => C:\Users\bcc35\.stmcufinder\plugins\mcufinder
2024-03-15 00:36:02,391 [WARN] DbFile:41 - Overriding database path with different value: C:\Users\bcc35\.stmcufinder\plugins\mcufinder/ => C:\Users\bcc35\.stmcufinder\plugins\mcufinder
2024-03-15 00:36:02,391 [INFO] CrossReferenceDbSqlite:203 - Set database path to: C:\Users\bcc35\.stmcufinder\plugins\mcufinder//mcu/cs/
2024-03-15 00:36:02,490 [INFO] MainPanel:264 - HeapMemory: 268435456
2024-03-15 00:36:02,760 [INFO] DbMcusXml:78 - Set database path to: E:\stm cube\STM32CubeIDE_1.13.2\STM32CubeIDE\plugins\com.st.stm32cube.common.mx_6.10.0.202311202037\\db\/mcu/
2024-03-15 00:36:02,760 [INFO] ApiDb:274 - Set plugin database path to: E:\stm cube\STM32CubeIDE_1.13.2\STM32CubeIDE\plugins\com.st.stm32cube.common.mx_6.10.0.202311202037\\db\/plugins/boardmanager/
2024-03-15 00:36:02,760 [INFO] ApiDb:261 - Set plugin images path to: E:\stm cube\STM32CubeIDE_1.13.2\STM32CubeIDE\plugins\com.st.stm32cube.common.mx_6.10.0.202311202037\\db\/plugins/mcufinder/images/
2024-03-15 00:36:02,761 [WARN] DbFile:41 - Overriding database path with different value: C:\Users\bcc35\.stmcufinder\plugins\mcufinder/ => C:\Users\bcc35\.stmcufinder\plugins\mcufinder
2024-03-15 00:36:02,761 [INFO] ApiDb:250 - Set database path to: C:\Users\bcc35\.stmcufinder\plugins\mcufinder//mcu/
2024-03-15 00:36:02,761 [WARN] DbFile:41 - Overriding database path with different value: C:\Users\bcc35\.stmcufinder\plugins\mcufinder/ => C:\Users\bcc35\.stmcufinder\plugins\mcufinder
2024-03-15 00:36:02,761 [INFO] DbMcusAds:125 - Set database path to: C:\Users\bcc35\.stmcufinder\plugins\mcufinder//mcu/
2024-03-15 00:36:02,761 [WARN] DbFile:41 - Overriding database path with different value: C:\Users\bcc35\.stmcufinder\plugins\mcufinder/ => C:\Users\bcc35\.stmcufinder\plugins\mcufinder
2024-03-15 00:36:02,761 [WARN] DbFile:41 - Overriding database path with different value: C:\Users\bcc35\.stmcufinder\plugins\mcufinder/ => C:\Users\bcc35\.stmcufinder\plugins\mcufinder
2024-03-15 00:36:02,761 [INFO] CrossReferenceDbSqlite:203 - Set database path to: C:\Users\bcc35\.stmcufinder\plugins\mcufinder//mcu/cs/
2024-03-15 00:36:02,782 [INFO] ApplicationProperties:184 - Using Application install path: E:\stm cube\STM32CubeIDE_1.13.2\STM32CubeIDE\plugins\com.st.stm32cube.common.mx_6.10.0.202311202037
2024-03-15 00:36:02,783 [INFO] PluginManage:196 - Search for loadable plugins [exclusion list=, ]
2024-03-15 00:36:02,784 [INFO] PluginManage:310 - Check plugin analytics
2024-03-15 00:36:07,975 [INFO] AnalyticsPlugin:253 - Accepted Software Licenses: 
2024-03-15 00:36:07,975 [INFO] AnalyticsPlugin:255 - Accepted CMSIS Pack Licenses: ARM.CMSIS.6.0.0,ARM.CMSIS-DSP.1.15.0
2024-03-15 00:36:07,975 [INFO] AnalyticsPlugin:257 - Accepted Firmware Licenses: FW.G4.1.5.0
2024-03-15 00:36:07,977 [INFO] PluginManage:359 - Loaded plugin analytics (category:tool,tabindex:-1)
2024-03-15 00:36:07,977 [INFO] PluginManage:310 - Check plugin cadmodel
2024-03-15 00:36:08,098 [INFO] CADModel:105 - Init CAD model plugin
2024-03-15 00:36:08,098 [INFO] PluginManage:359 - Loaded plugin cadmodel (category:power,tabindex:5)
2024-03-15 00:36:08,098 [INFO] PluginManage:310 - Check plugin clock
2024-03-15 00:36:08,183 [INFO] PluginManage:359 - Loaded plugin clock (category:base,tabindex:2)
2024-03-15 00:36:08,183 [INFO] PluginManage:310 - Check plugin ddr
2024-03-15 00:36:08,188 [INFO] PluginManage:359 - Loaded plugin ddr (category:tool,tabindex:6)
2024-03-15 00:36:08,188 [INFO] PluginManage:310 - Check plugin filemanager
2024-03-15 00:36:08,356 [INFO] PluginManage:359 - Loaded plugin filemanager (category:base,tabindex:10)
2024-03-15 00:36:08,356 [INFO] PluginManage:310 - Check plugin ipmanager
2024-03-15 00:36:08,383 [INFO] PluginManage:359 - Loaded plugin ipmanager (category:base,tabindex:5)
2024-03-15 00:36:08,383 [INFO] PluginManage:310 - Check plugin lpbam
2024-03-15 00:36:08,412 [INFO] PluginManage:359 - Loaded plugin lpbam (category:base,tabindex:0)
2024-03-15 00:36:08,412 [INFO] PluginManage:310 - Check plugin memorymap
2024-03-15 00:36:08,449 [INFO] PluginManage:359 - Loaded plugin memorymap (category:base,tabindex:4)
2024-03-15 00:36:08,450 [INFO] PluginManage:310 - Check plugin pinoutandconfiguration
2024-03-15 00:36:08,490 [INFO] PluginManage:359 - Loaded plugin pinoutandconfiguration (category:base,tabindex:1)
2024-03-15 00:36:08,490 [INFO] PluginManage:310 - Check plugin pinoutconfig
2024-03-15 00:36:08,616 [WARN] SupportedApi:132 - Cannot load RTOS API schema: s4s-elt-must-match.1: The content of 'definitions' must match (annotation?, (simpleType | complexType)?, (unique | key | keyref)*)). A problem was found starting at: attribute.
2024-03-15 00:36:08,798 [INFO] PluginManage:359 - Loaded plugin pinoutconfig (category:base,tabindex:0)
2024-03-15 00:36:08,798 [INFO] PluginManage:310 - Check plugin power
2024-03-15 00:36:08,887 [INFO] PluginManage:359 - Loaded plugin power (category:power,tabindex:4)
2024-03-15 00:36:08,887 [INFO] PluginManage:310 - Check plugin projectmanager
2024-03-15 00:36:08,928 [INFO] PluginManage:359 - Loaded plugin projectmanager (category:projectmanager,tabindex:3)
2024-03-15 00:36:08,928 [INFO] PluginManage:310 - Check plugin thirdparty
2024-03-15 00:36:09,908 [WARN] IntegrityCheckThread:84 - waiting for thirdparty lock release [integrity check]
2024-03-15 00:36:09,908 [INFO] PluginManage:359 - Loaded plugin thirdparty (category:base,tabindex:-1)
2024-03-15 00:36:09,908 [INFO] IntegrityCheckThread:86 - entering critical section [integrity check]
2024-03-15 00:36:09,908 [INFO] PluginManage:310 - Check plugin tools
2024-03-15 00:36:09,909 [INFO] ThirdPartyUpdaterWithRetryManager:70 - Updater plugin not ready yet. [1/15]
2024-03-15 00:36:09,951 [INFO] PluginManage:359 - Loaded plugin tools (category:base,tabindex:7)
2024-03-15 00:36:09,952 [INFO] PluginManage:310 - Check plugin tutovideos
2024-03-15 00:36:10,201 [INFO] PluginManage:359 - Loaded plugin tutovideos (category:base,tabindex:-1)
2024-03-15 00:36:10,201 [INFO] PluginManage:310 - Check plugin updater
2024-03-15 00:36:10,239 [INFO] PluginManage:359 - Loaded plugin updater (category:base,tabindex:12)
2024-03-15 00:36:10,240 [INFO] PluginManage:310 - Check plugin userauth
2024-03-15 00:36:10,297 [INFO] UserAuth:114 - Init User Auth plugin
2024-03-15 00:36:10,297 [INFO] PluginManage:359 - Loaded plugin userauth (category:base,tabindex:14)
2024-03-15 00:36:10,297 [INFO] PluginManage:283 - PluginManage : Loaded plugins [17]
2024-03-15 00:36:10,792 [INFO] PinOutPanel:1499 - setPackage(No Configuration,No Configuration)
2024-03-15 00:36:10,983 [INFO] CADModel:165 - CPN selected for project level
2024-03-15 00:36:10,983 [INFO] CADModel:114 - Register for checkConnection events
2024-03-15 00:36:11,049 [INFO] IPUIPlugin:80 - create IPUIPlugin
2024-03-15 00:36:11,049 [INFO] PluginManager:220 - loadIPPluginJar : add adc
2024-03-15 00:36:11,104 [INFO] IPUIPlugin:80 - create IPUIPlugin
2024-03-15 00:36:11,104 [INFO] PluginManager:220 - loadIPPluginJar : add aes
2024-03-15 00:36:11,159 [INFO] IPUIPlugin:80 - create IPUIPlugin
2024-03-15 00:36:11,159 [INFO] PluginManager:220 - loadIPPluginJar : add can
2024-03-15 00:36:11,216 [INFO] IPUIPlugin:80 - create IPUIPlugin
2024-03-15 00:36:11,216 [INFO] PluginManager:220 - loadIPPluginJar : add comp
2024-03-15 00:36:11,266 [INFO] IPUIPlugin:80 - create IPUIPlugin
2024-03-15 00:36:11,266 [INFO] PluginManager:220 - loadIPPluginJar : add cryp
2024-03-15 00:36:11,297 [INFO] IPUIPlugin:80 - create IPUIPlugin
2024-03-15 00:36:11,297 [INFO] PluginManager:220 - loadIPPluginJar : add dfsdm
2024-03-15 00:36:11,309 [INFO] IPUIPlugin:80 - create IPUIPlugin
2024-03-15 00:36:11,309 [INFO] PluginManager:220 - loadIPPluginJar : add dma
2024-03-15 00:36:11,368 [INFO] IPUIPlugin:80 - create IPUIPlugin
2024-03-15 00:36:11,368 [INFO] PluginManager:220 - loadIPPluginJar : add dma3
2024-03-15 00:36:11,382 [INFO] IPUIPlugin:80 - create IPUIPlugin
2024-03-15 00:36:11,383 [INFO] PluginManager:220 - loadIPPluginJar : add fatfs
2024-03-15 00:36:11,417 [INFO] IPUIPlugin:80 - create IPUIPlugin
2024-03-15 00:36:11,418 [INFO] PluginManager:220 - loadIPPluginJar : add fmc
2024-03-15 00:36:11,453 [INFO] IPUIPlugin:80 - create IPUIPlugin
2024-03-15 00:36:11,453 [INFO] PluginManager:220 - loadIPPluginJar : add freertos
2024-03-15 00:36:11,498 [INFO] IPUIPlugin:80 - create IPUIPlugin
2024-03-15 00:36:11,498 [INFO] PluginManager:220 - loadIPPluginJar : add genericplugin
2024-03-15 00:36:11,569 [INFO] IPUIPlugin:80 - create IPUIPlugin
2024-03-15 00:36:11,569 [INFO] PluginManager:220 - loadIPPluginJar : add gfxmmu
2024-03-15 00:36:11,660 [INFO] IPUIPlugin:80 - create IPUIPlugin
2024-03-15 00:36:11,660 [INFO] PluginManager:220 - loadIPPluginJar : add gic
2024-03-15 00:36:11,671 [INFO] IPUIPlugin:80 - create IPUIPlugin
2024-03-15 00:36:11,671 [INFO] PluginManager:220 - loadIPPluginJar : add gpio
2024-03-15 00:36:11,772 [INFO] IPUIPlugin:80 - create IPUIPlugin
2024-03-15 00:36:11,772 [INFO] PluginManager:220 - loadIPPluginJar : add gtzc
2024-03-15 00:36:11,806 [INFO] IPUIPlugin:80 - create IPUIPlugin
2024-03-15 00:36:11,807 [INFO] PluginManager:220 - loadIPPluginJar : add hash
2024-03-15 00:36:11,856 [INFO] IPUIPlugin:80 - create IPUIPlugin
2024-03-15 00:36:11,857 [INFO] PluginManager:220 - loadIPPluginJar : add i2c
2024-03-15 00:36:11,910 [INFO] IPUIPlugin:80 - create IPUIPlugin
2024-03-15 00:36:11,910 [INFO] PluginManager:220 - loadIPPluginJar : add i2s
2024-03-15 00:36:11,966 [INFO] IPUIPlugin:80 - create IPUIPlugin
2024-03-15 00:36:11,967 [INFO] PluginManager:220 - loadIPPluginJar : add i3c
2024-03-15 00:36:12,130 [INFO] IPUIPlugin:80 - create IPUIPlugin
2024-03-15 00:36:12,130 [INFO] PluginManager:220 - loadIPPluginJar : add ipddr
2024-03-15 00:36:12,257 [INFO] IPUIPlugin:80 - create IPUIPlugin
2024-03-15 00:36:12,258 [INFO] PluginManager:220 - loadIPPluginJar : add linkedlist
2024-03-15 00:36:12,311 [INFO] IPUIPlugin:80 - create IPUIPlugin
2024-03-15 00:36:12,311 [INFO] PluginManager:220 - loadIPPluginJar : add lorawan
2024-03-15 00:36:12,345 [INFO] IPUIPlugin:80 - create IPUIPlugin
2024-03-15 00:36:12,346 [INFO] PluginManager:220 - loadIPPluginJar : add ltdc
2024-03-15 00:36:12,407 [INFO] IPUIPlugin:80 - create IPUIPlugin
2024-03-15 00:36:12,407 [INFO] PluginManager:220 - loadIPPluginJar : add mdma
2024-03-15 00:36:12,425 [INFO] IPUIPlugin:80 - create IPUIPlugin
2024-03-15 00:36:12,425 [INFO] PluginManager:220 - loadIPPluginJar : add nvic
2024-03-15 00:36:12,484 [INFO] IPUIPlugin:80 - create IPUIPlugin
2024-03-15 00:36:12,485 [INFO] PluginManager:220 - loadIPPluginJar : add opamp
2024-03-15 00:36:12,568 [INFO] IPUIPlugin:80 - create IPUIPlugin
2024-03-15 00:36:12,569 [INFO] PluginManager:220 - loadIPPluginJar : add openamp
2024-03-15 00:36:12,620 [INFO] IPUIPlugin:80 - create IPUIPlugin
2024-03-15 00:36:12,621 [INFO] PluginManager:220 - loadIPPluginJar : add pdm2pcm
2024-03-15 00:36:12,654 [INFO] IPUIPlugin:80 - create IPUIPlugin
2024-03-15 00:36:12,656 [INFO] PluginManager:220 - loadIPPluginJar : add plateformsettings
2024-03-15 00:36:12,686 [INFO] IPUIPlugin:80 - create IPUIPlugin
2024-03-15 00:36:12,687 [INFO] PluginManager:220 - loadIPPluginJar : add quadspi
2024-03-15 00:36:12,699 [INFO] IPUIPlugin:80 - create IPUIPlugin
2024-03-15 00:36:12,699 [INFO] PluginManager:220 - loadIPPluginJar : add resmgrutility
2024-03-15 00:36:12,737 [INFO] IPUIPlugin:80 - create IPUIPlugin
2024-03-15 00:36:12,737 [INFO] PluginManager:220 - loadIPPluginJar : add sai
2024-03-15 00:36:12,776 [INFO] IPUIPlugin:80 - create IPUIPlugin
2024-03-15 00:36:12,777 [INFO] PluginManager:220 - loadIPPluginJar : add spi
2024-03-15 00:36:12,824 [INFO] IPUIPlugin:80 - create IPUIPlugin
2024-03-15 00:36:12,825 [INFO] PluginManager:220 - loadIPPluginJar : add stm32_wpan
2024-03-15 00:36:12,841 [INFO] IPUIPlugin:80 - create IPUIPlugin
2024-03-15 00:36:12,841 [INFO] PluginManager:220 - loadIPPluginJar : add tim
2024-03-15 00:36:12,881 [INFO] IPUIPlugin:80 - create IPUIPlugin
2024-03-15 00:36:12,882 [INFO] PluginManager:220 - loadIPPluginJar : add touchsensing
2024-03-15 00:36:12,903 [INFO] IPUIPlugin:80 - create IPUIPlugin
2024-03-15 00:36:12,903 [INFO] PluginManager:220 - loadIPPluginJar : add tracer_emb
2024-03-15 00:36:12,910 [INFO] ThirdPartyUpdaterWithRetryManager:70 - Updater plugin not ready yet. [2/15]
2024-03-15 00:36:12,939 [INFO] IPUIPlugin:80 - create IPUIPlugin
2024-03-15 00:36:12,939 [INFO] PluginManager:220 - loadIPPluginJar : add ts
2024-03-15 00:36:12,979 [INFO] IPUIPlugin:80 - create IPUIPlugin
2024-03-15 00:36:12,979 [INFO] PluginManager:220 - loadIPPluginJar : add tsc
2024-03-15 00:36:12,997 [INFO] IPUIPlugin:80 - create IPUIPlugin
2024-03-15 00:36:12,997 [INFO] PluginManager:220 - loadIPPluginJar : add ucpd
2024-03-15 00:36:13,032 [INFO] IPUIPlugin:80 - create IPUIPlugin
2024-03-15 00:36:13,032 [INFO] PluginManager:220 - loadIPPluginJar : add usart
2024-03-15 00:36:13,067 [INFO] IPUIPlugin:80 - create IPUIPlugin
2024-03-15 00:36:13,068 [INFO] PluginManager:220 - loadIPPluginJar : add usbx
2024-03-15 00:36:13,190 [INFO] CADModel:165 - CPN selected for project level
2024-03-15 00:36:13,190 [INFO] CADModel:114 - Register for checkConnection events
2024-03-15 00:36:13,190 [FATAL] Updater:308 - Updater called before beeing initialized
2024-03-15 00:36:13,191 [ERROR] CADModel:125 - Updater not yet initialized, retry later 
2024-03-15 00:36:13,446 [INFO] CADModel:165 - CPN selected for project level
2024-03-15 00:36:13,446 [INFO] CADModel:114 - Register for checkConnection events
2024-03-15 00:36:13,446 [FATAL] Updater:308 - Updater called before beeing initialized
2024-03-15 00:36:13,446 [ERROR] CADModel:125 - Updater not yet initialized, retry later 
2024-03-15 00:36:13,449 [FATAL] Updater:308 - Updater called before beeing initialized
2024-03-15 00:36:13,540 [FATAL] Updater:308 - Updater called before beeing initialized
2024-03-15 00:36:13,543 [INFO] DbMcusAds:53 - JSON generation date=Wed Nov 29 17:52:27 ICT 2023 (1701255147349)
2024-03-15 00:36:13,543 [FATAL] Updater:308 - Updater called before beeing initialized
2024-03-15 00:36:13,701 [WARN] DetailPanel:346 - Failed to get advertising image, set to default
2024-03-15 00:36:13,836 [FATAL] Updater:308 - Updater called before beeing initialized
2024-03-15 00:36:13,839 [FATAL] Updater:308 - Updater called before beeing initialized
2024-03-15 00:36:13,840 [FATAL] Updater:308 - Updater called before beeing initialized
2024-03-15 00:36:13,840 [WARN] DetailPanel:346 - Failed to get advertising image, set to default
2024-03-15 00:36:13,841 [FATAL] Updater:308 - Updater called before beeing initialized
2024-03-15 00:36:13,965 [ERROR] Updater:1120 - MainUpdater not yet initialized. External WinMGr cannot be set.
2024-03-15 00:36:13,987 [INFO] Updater:1056 - Updater Version found : 6.10.0
2024-03-15 00:36:14,007 [INFO] ApplicationProperties:184 - Using Application install path: E:\stm cube\STM32CubeIDE_1.13.2\STM32CubeIDE\plugins\com.st.stm32cube.common.mx_6.10.0.202311202037
2024-03-15 00:36:15,577 [ERROR] LogOutputStream:75 - [STDERR_REDIRECT] Mar 15, 2024 12:36:15 AM java.util.prefs.WindowsPreferences <init>
2024-03-15 00:36:15,579 [ERROR] LogOutputStream:75 - [STDERR_REDIRECT] WARNING: Could not open/create prefs root node Software\JavaSoft\Prefs at root 0xffffffff80000002. Windows RegCreateKeyEx(...) returned error code 5.
2024-03-15 00:36:15,579 [ERROR] LogOutputStream:75 - [STDERR_REDIRECT] 
2024-03-15 00:36:15,911 [INFO] ThirdPartyUpdaterWithRetryManager:70 - Updater plugin not ready yet. [3/15]
2024-03-15 00:36:16,421 [INFO] MainUpdater:2873 - connection check result : 10
2024-03-15 00:36:16,422 [INFO] MainUpdater:290 - Updater Check For Update Now.
2024-03-15 00:36:16,422 [INFO] MicroXplorer:498 - Change Database Version : DB.6.0.100
2024-03-15 00:36:16,446 [INFO] McuFinderGlobals:63 - Set McuFinder mode to 2 (CubeIDE integrated)
2024-03-15 00:36:16,474 [INFO] UserAuth:404 - Internet connection configuration mode: 1
2024-03-15 00:36:16,573 [INFO] JxBrowserEngine:152 - Initiate JxBrowser Engine with user profile folder
2024-03-15 00:36:16,595 [INFO] CheckServerUpdateThread:120 - End of CheckServer Thread
2024-03-15 00:36:18,566 [INFO] WebApp:161 - Instantiating new browser for Auth
2024-03-15 00:36:19,148 [WARN] PackLoader:240 - Cannot read IP mode file for STMicroelectronics.X-CUBE-SMBUS.2.1.0
2024-03-15 00:36:19,155 [WARN] PackLoader:240 - Cannot read IP mode file for STMicroelectronics.X-CUBE-TOUCHGFX.4.23.0
2024-03-15 00:36:19,185 [WARN] PackLoader:240 - Cannot read IP mode file for STMicroelectronics.X-CUBE-AZRTOS-F7.1.1.0
2024-03-15 00:36:19,199 [WARN] PackLoader:240 - Cannot read IP mode file for STMicroelectronics.FP-SNS-MOTENV1.4.3.2
2024-03-15 00:36:19,207 [WARN] PackLoader:240 - Cannot read IP mode file for STMicroelectronics.FP-SNS-FLIGHT1.5.0.2
2024-03-15 00:36:19,218 [WARN] PackLoader:240 - Cannot read IP mode file for STMicroelectronics.X-CUBE-DISPLAY.3.0.0
2024-03-15 00:36:19,251 [WARN] PackLoader:240 - Cannot read IP mode file for STMicroelectronics.X-CUBE-BLE1.7.0.0
2024-03-15 00:36:19,258 [WARN] PackLoader:240 - Cannot read IP mode file for emotas.I-CUBE-CANOPEN.1.3.0
2024-03-15 00:36:19,262 [WARN] PackLoader:240 - Cannot read IP mode file for STMicroelectronics.X-CUBE-TOUCHGFX.4.22.1
2024-03-15 00:36:19,279 [WARN] PackLoader:240 - Cannot read IP mode file for STMicroelectronics.X-CUBE-BLEMGR.3.1.0
2024-03-15 00:36:19,287 [WARN] PackLoader:240 - Cannot read IP mode file for STMicroelectronics.FP-SNS-SMARTAG2.1.2.0
2024-03-15 00:36:19,298 [INFO] LogOutputStream:77 - [STDOUT_REDIRECT] 1 : Invalid condition id : UX_CORESTACK_Condition cause : null
2024-03-15 00:36:19,298 [INFO] LogOutputStream:77 - [STDOUT_REDIRECT] 1 : Invalid condition id : UX_CORESTACK_Condition cause : null
2024-03-15 00:36:19,300 [INFO] LogOutputStream:77 - [STDOUT_REDIRECT] 1 : Invalid condition id : UX_CORESTACK_Condition cause : null
2024-03-15 00:36:19,301 [INFO] LogOutputStream:77 - [STDOUT_REDIRECT] 1 : Invalid condition id : UX_CORESTACK_Condition cause : null
2024-03-15 00:36:19,302 [INFO] LogOutputStream:77 - [STDOUT_REDIRECT] 1 : Invalid condition id : UX_CORESTACK_Condition cause : null
2024-03-15 00:36:19,304 [WARN] PackLoader:240 - Cannot read IP mode file for STMicroelectronics.X-CUBE-AZRTOS-WL.2.0.0
2024-03-15 00:36:19,313 [WARN] PackLoader:240 - Cannot read IP mode file for WES.I-CUBE-Cesium.1.3.0
2024-03-15 00:36:19,319 [WARN] PackLoader:240 - Cannot read IP mode file for STMicroelectronics.X-CUBE-BLE2.3.3.0
2024-03-15 00:36:19,327 [WARN] PackLoader:240 - Cannot read IP mode file for STMicroelectronics.X-CUBE-ALGOBUILD.1.3.0
2024-03-15 00:36:19,344 [WARN] PackLoader:240 - Cannot read IP mode file for STMicroelectronics.X-CUBE-AZRTOS-G0.1.1.0
2024-03-15 00:36:19,352 [WARN] PackLoader:240 - Cannot read IP mode file for STMicroelectronics.X-CUBE-NFC4.3.0.0
2024-03-15 00:36:19,356 [INFO] WebApp:780 - Register for checkConnection events
2024-03-15 00:36:19,356 [INFO] WebApp:414 - Apply proxy settings
2024-03-15 00:36:19,356 [INFO] WebApp:499 - Chromium requires no authentication
2024-03-15 00:36:19,363 [WARN] PackLoader:240 - Cannot read IP mode file for STMicroelectronics.X-CUBE-BLEMGR.3.0.0
2024-03-15 00:36:19,371 [WARN] PackLoader:240 - Cannot read IP mode file for STMicroelectronics.FP-ATR-SIGFOX1.3.2.0
2024-03-15 00:36:19,378 [INFO] WebApp:442 - Direct internet connection detected
2024-03-15 00:36:19,380 [WARN] PackLoader:240 - Cannot read IP mode file for STMicroelectronics.X-CUBE-EEPRMA1.5.1.0
2024-03-15 00:36:19,417 [WARN] PackLoader:240 - Cannot read IP mode file for SEGGER.I-CUBE-embOS.1.3.1
2024-03-15 00:36:19,469 [WARN] PackLoader:240 - Cannot read IP mode file for STMicroelectronics.X-CUBE-GNSS1.6.0.0
2024-03-15 00:36:19,488 [WARN] PackLoader:240 - Cannot read IP mode file for STMicroelectronics.X-CUBE-AZRTOS-F4.1.1.0
2024-03-15 00:36:19,498 [WARN] PackLoader:240 - Cannot read IP mode file for wolfSSL.I-CUBE-wolfSSL.5.6.3
2024-03-15 00:36:19,511 [WARN] PackLoader:240 - Cannot read IP mode file for STMicroelectronics.X-CUBE-AZRTOS-L5.2.0.0
2024-03-15 00:36:19,543 [WARN] PackLoader:240 - Cannot read IP mode file for STMicroelectronics.X-CUBE-MEMS1.9.6.0
2024-03-15 00:36:19,711 [WARN] PackLoader:240 - Cannot read IP mode file for STMicroelectronics.X-CUBE-EEPRMA1.4.2.0
2024-03-15 00:36:19,716 [WARN] PackLoader:240 - Cannot read IP mode file for ITTIA_DB.I-CUBE-ITTIADB.8.8.0
2024-03-15 00:36:19,767 [WARN] PackLoader:240 - Cannot read IP mode file for STMicroelectronics.X-CUBE-BLEMGR.2.0.0
2024-03-15 00:36:19,787 [WARN] ConditionMgr:438 - getConditionDescription Invalid condition id : UX DEVICE CLASS RTOS Condition cause : null
2024-03-15 00:36:19,788 [WARN] ConditionMgr:438 - getConditionDescription Invalid condition id : UX DEVICE CLASS RTOS Condition cause : null
2024-03-15 00:36:19,791 [WARN] PackLoader:240 - Cannot read IP mode file for STMicroelectronics.X-CUBE-AZRTOS-H7.3.1.0
2024-03-15 00:36:19,792 [WARN] ConditionMgr:1039 - genDependencies : Invalid condition id : UX DEVICE CLASS RTOS Condition cause : null
2024-03-15 00:36:19,792 [WARN] ConditionMgr:1039 - genDependencies : Invalid condition id : UX DEVICE CLASS RTOS Condition cause : null
2024-03-15 00:36:19,793 [WARN] ConditionMgr:1039 - genDependencies : Invalid condition id : UX DEVICE CLASS RTOS Condition cause : null
2024-03-15 00:36:19,793 [WARN] ConditionMgr:1039 - genDependencies : Invalid condition id : UX DEVICE CLASS RTOS Condition cause : null
2024-03-15 00:36:19,793 [WARN] ConditionMgr:1039 - genDependencies : Invalid condition id : UX DEVICE CLASS RTOS Condition cause : null
2024-03-15 00:36:19,800 [WARN] PackLoader:240 - Cannot read IP mode file for STMicroelectronics.X-CUBE-NFC7.1.0.1
2024-03-15 00:36:19,813 [WARN] PackLoader:240 - Cannot read IP mode file for STMicroelectronics.X-CUBE-NFC6.3.0.0
2024-03-15 00:36:19,820 [WARN] PackLoader:240 - Cannot read IP mode file for STMicroelectronics.X-CUBE-EEPRMA1.4.1.0
2024-03-15 00:36:19,825 [WARN] PackLoader:240 - Cannot read IP mode file for STMicroelectronics.X-CUBE-AI.8.1.0
2024-03-15 00:36:19,839 [WARN] ConditionMgr:438 - getConditionDescription Invalid condition id : LAN8742 Phy interface Condition cause : null
2024-03-15 00:36:19,840 [WARN] PackLoader:240 - Cannot read IP mode file for STMicroelectronics.X-CUBE-AZRTOS-L4.2.0.0
2024-03-15 00:36:19,841 [WARN] ConditionMgr:1039 - genDependencies : Invalid condition id : LAN8742 Phy interface Condition cause : null
2024-03-15 00:36:19,842 [WARN] ConditionMgr:1039 - genDependencies : Invalid condition id : LAN8742 Phy interface Condition cause : null
2024-03-15 00:36:19,843 [WARN] ConditionMgr:1039 - genDependencies : Invalid condition id : LAN8742 Phy interface Condition cause : null
2024-03-15 00:36:19,917 [WARN] PackLoader:240 - Cannot read IP mode file for STMicroelectronics.X-CUBE-SFXS2LP1.4.0.0
2024-03-15 00:36:19,927 [WARN] PackLoader:240 - Cannot read IP mode file for STMicroelectronics.X-CUBE-ISPU.1.1.0
2024-03-15 00:36:19,938 [WARN] ConditionMgr:438 - getConditionDescription Invalid condition id : UX DEVICE CLASS RTOS Condition cause : null
2024-03-15 00:36:19,938 [WARN] ConditionMgr:438 - getConditionDescription Invalid condition id : UX DEVICE CLASS RTOS Condition cause : null
2024-03-15 00:36:19,940 [WARN] PackLoader:240 - Cannot read IP mode file for STMicroelectronics.X-CUBE-AZRTOS-WB.2.0.0
2024-03-15 00:36:19,940 [WARN] ConditionMgr:1039 - genDependencies : Invalid condition id : UX DEVICE CLASS RTOS Condition cause : null
2024-03-15 00:36:19,940 [WARN] ConditionMgr:1039 - genDependencies : Invalid condition id : UX DEVICE CLASS RTOS Condition cause : null
2024-03-15 00:36:19,941 [WARN] ConditionMgr:1039 - genDependencies : Invalid condition id : UX DEVICE CLASS RTOS Condition cause : null
2024-03-15 00:36:19,941 [WARN] ConditionMgr:1039 - genDependencies : Invalid condition id : UX DEVICE CLASS RTOS Condition cause : null
2024-03-15 00:36:19,941 [WARN] ConditionMgr:1039 - genDependencies : Invalid condition id : UX DEVICE CLASS RTOS Condition cause : null
2024-03-15 00:36:19,953 [WARN] PackLoader:240 - Cannot read IP mode file for STMicroelectronics.X-CUBE-SUBG2.5.0.0
2024-03-15 00:36:19,966 [WARN] PackLoader:240 - Cannot read IP mode file for STMicroelectronics.X-CUBE-TOF1.3.3.1
2024-03-15 00:36:19,986 [WARN] PackLoader:240 - Cannot read IP mode file for STMicroelectronics.X-CUBE-AZRTOS-G4.2.0.0
2024-03-15 00:36:19,996 [INFO] WebApp:192 - Starting web application
2024-03-15 00:36:19,997 [INFO] WebApp:544 - Web application path used E:\stm cube\STM32CubeIDE_1.13.2\STM32CubeIDE\plugins\com.st.stm32cube.common.mx_6.10.0.202311202037\db\plugins\mcufinder\reactClient1\index.html
2024-03-15 00:36:19,999 [WARN] PackLoader:240 - Cannot read IP mode file for Infineon.AIROC-Wi-Fi-Bluetooth-STM32.1.5.1
2024-03-15 00:36:20,010 [WARN] PackLoader:240 - Cannot read IP mode file for STMicroelectronics.FP-SNS-MOTENVWB1.1.3.0
2024-03-15 00:36:20,017 [WARN] PackLoader:240 - Cannot read IP mode file for STMicroelectronics.FP-SNS-MOTENVWB1.1.3.1
2024-03-15 00:36:20,023 [WARN] PackLoader:240 - Cannot read IP mode file for STMicroelectronics.X-CUBE-ISPU.2.0.0
2024-03-15 00:36:20,066 [WARN] PackLoader:240 - Cannot read IP mode file for STMicroelectronics.X-CUBE-MEMS1.10.0.0
2024-03-15 00:36:20,202 [WARN] PackLoader:240 - Cannot read IP mode file for STMicroelectronics.X-CUBE-FREERTOS.1.1.0
2024-03-15 00:36:20,211 [WARN] PackLoader:240 - Cannot read IP mode file for portGmbH.I-Cube-SoM-uGOAL.1.1.0
2024-03-15 00:36:20,218 [WARN] PackLoader:240 - Cannot read IP mode file for STMicroelectronics.X-CUBE-ALS.1.0.1
2024-03-15 00:36:20,226 [WARN] PackLoader:240 - Cannot read IP mode file for STMicroelectronics.FP-ATR-ASTRA1.2.0.0
2024-03-15 00:36:20,238 [WARN] PackLoader:240 - Cannot read IP mode file for STMicroelectronics.X-CUBE-TOF1.3.4.0
2024-03-15 00:36:20,259 [WARN] PackLoader:240 - Cannot read IP mode file for STMicroelectronics.X-CUBE-TOF1.3.4.1
2024-03-15 00:36:20,292 [WARN] PackLoader:240 - Cannot read IP mode file for STMicroelectronics.X-CUBE-AZRTOS-H7.3.2.0
2024-03-15 00:36:20,297 [INFO] ThirdParty:978 - Integrity check success = true
2024-03-15 00:36:20,297 [INFO] IntegrityCheckThread:100 - exiting critical section [integrity check]
2024-03-15 00:36:20,297 [INFO] IntegrityCheckThread:103 - End integrity checks thread
2024-03-15 00:36:43,199 [ERROR] LogOutputStream:75 - [STDERR_REDIRECT] SLF4J: Failed to load class "org.slf4j.impl.StaticLoggerBinder".
2024-03-15 00:36:43,200 [ERROR] LogOutputStream:75 - [STDERR_REDIRECT] SLF4J: Defaulting to no-operation (NOP) logger implementation
2024-03-15 00:36:43,201 [ERROR] LogOutputStream:75 - [STDERR_REDIRECT] SLF4J: See http://www.slf4j.org/codes.html#StaticLoggerBinder for further details.
2024-03-15 09:05:20,574 [ERROR] LogOutputStream:75 - [STDERR_REDIRECT] 
