2023-11-29 09:10:44,579 [INFO] Activator:176 - 


2023-11-29 09:10:44,628 [INFO] Activator:177 - !SESSION log4j initialized
2023-11-29 09:10:54,749 [INFO] LogOutputStream:77 - [STDOUT_REDIRECT] 
2023-11-29 09:10:55,172 [ERROR] ConfigurationRetriever:142 - IOException on connection: sw-center.st.com
2023-11-29 09:10:55,173 [ERROR] ConfigurationRetriever:142 - IOException on connection: sw-center.st.com
2023-11-29 09:10:55,174 [ERROR] ConfigurationRetriever:142 - IOException on connection: sw-center.st.com
2023-11-29 09:10:58,978 [INFO] ApplicationProperties:184 - Using Application install path: E:\stm cube\STM32CubeIDE_1.13.2\STM32CubeIDE\plugins\com.st.stm32cube.common.mx_6.9.2.202309101412
2023-11-29 09:10:59,027 [INFO] DbMcusXml:78 - Set database path to: E:\stm cube\STM32CubeIDE_1.13.2\STM32CubeIDE\plugins\com.st.stm32cube.common.mx_6.9.2.202309101412\\db\/mcu/
2023-11-29 09:10:59,028 [INFO] ApiDb:274 - Set plugin database path to: E:\stm cube\STM32CubeIDE_1.13.2\STM32CubeIDE\plugins\com.st.stm32cube.common.mx_6.9.2.202309101412\\db\/plugins/boardmanager/
2023-11-29 09:10:59,028 [WARN] ApiDb:259 - Overriding images path with different value:  => E:\stm cube\STM32CubeIDE_1.13.2\STM32CubeIDE\plugins\com.st.stm32cube.common.mx_6.9.2.202309101412\\db\/plugins/mcufinder/images/
2023-11-29 09:10:59,102 [INFO] ApiDb:250 - Set database path to: C:\Users\bcc35\.stmcufinder\plugins\mcufinder//mcu/
2023-11-29 09:10:59,102 [INFO] DbMcusAds:125 - Set database path to: C:\Users\bcc35\.stmcufinder\plugins\mcufinder//mcu/
2023-11-29 09:10:59,104 [INFO] CrossReferenceDbSqlite:203 - Set database path to: C:\Users\bcc35\.stmcufinder\plugins\mcufinder//mcu/cs/
2023-11-29 09:10:59,245 [INFO] RulesReader:64 - Compatibility file has been processed (293 Rules)
2023-11-29 09:10:59,589 [INFO] DbMcusXml:78 - Set database path to: E:\stm cube\STM32CubeIDE_1.13.2\STM32CubeIDE\plugins\com.st.stm32cube.common.mx_6.9.2.202309101412\\db\/mcu/
2023-11-29 09:10:59,589 [INFO] ApiDb:274 - Set plugin database path to: E:\stm cube\STM32CubeIDE_1.13.2\STM32CubeIDE\plugins\com.st.stm32cube.common.mx_6.9.2.202309101412\\db\/plugins/boardmanager/
2023-11-29 09:10:59,589 [INFO] ApiDb:261 - Set plugin images path to: E:\stm cube\STM32CubeIDE_1.13.2\STM32CubeIDE\plugins\com.st.stm32cube.common.mx_6.9.2.202309101412\\db\/plugins/mcufinder/images/
2023-11-29 09:10:59,590 [WARN] DbFile:41 - Overriding database path with different value: C:\Users\bcc35\.stmcufinder\plugins\mcufinder/ => C:\Users\bcc35\.stmcufinder\plugins\mcufinder
2023-11-29 09:10:59,590 [INFO] ApiDb:250 - Set database path to: C:\Users\bcc35\.stmcufinder\plugins\mcufinder//mcu/
2023-11-29 09:10:59,590 [WARN] DbFile:41 - Overriding database path with different value: C:\Users\bcc35\.stmcufinder\plugins\mcufinder/ => C:\Users\bcc35\.stmcufinder\plugins\mcufinder
2023-11-29 09:10:59,590 [INFO] DbMcusAds:125 - Set database path to: C:\Users\bcc35\.stmcufinder\plugins\mcufinder//mcu/
2023-11-29 09:10:59,590 [WARN] DbFile:41 - Overriding database path with different value: C:\Users\bcc35\.stmcufinder\plugins\mcufinder/ => C:\Users\bcc35\.stmcufinder\plugins\mcufinder
2023-11-29 09:10:59,590 [WARN] DbFile:41 - Overriding database path with different value: C:\Users\bcc35\.stmcufinder\plugins\mcufinder/ => C:\Users\bcc35\.stmcufinder\plugins\mcufinder
2023-11-29 09:10:59,590 [INFO] CrossReferenceDbSqlite:203 - Set database path to: C:\Users\bcc35\.stmcufinder\plugins\mcufinder//mcu/cs/
2023-11-29 09:10:59,697 [INFO] MainPanel:262 - HeapMemory: 268435456
2023-11-29 09:10:59,891 [INFO] DbMcusXml:78 - Set database path to: E:\stm cube\STM32CubeIDE_1.13.2\STM32CubeIDE\plugins\com.st.stm32cube.common.mx_6.9.2.202309101412\\db\/mcu/
2023-11-29 09:10:59,891 [INFO] ApiDb:274 - Set plugin database path to: E:\stm cube\STM32CubeIDE_1.13.2\STM32CubeIDE\plugins\com.st.stm32cube.common.mx_6.9.2.202309101412\\db\/plugins/boardmanager/
2023-11-29 09:10:59,891 [INFO] ApiDb:261 - Set plugin images path to: E:\stm cube\STM32CubeIDE_1.13.2\STM32CubeIDE\plugins\com.st.stm32cube.common.mx_6.9.2.202309101412\\db\/plugins/mcufinder/images/
2023-11-29 09:10:59,891 [WARN] DbFile:41 - Overriding database path with different value: C:\Users\bcc35\.stmcufinder\plugins\mcufinder/ => C:\Users\bcc35\.stmcufinder\plugins\mcufinder
2023-11-29 09:10:59,892 [INFO] ApiDb:250 - Set database path to: C:\Users\bcc35\.stmcufinder\plugins\mcufinder//mcu/
2023-11-29 09:10:59,892 [WARN] DbFile:41 - Overriding database path with different value: C:\Users\bcc35\.stmcufinder\plugins\mcufinder/ => C:\Users\bcc35\.stmcufinder\plugins\mcufinder
2023-11-29 09:10:59,892 [INFO] DbMcusAds:125 - Set database path to: C:\Users\bcc35\.stmcufinder\plugins\mcufinder//mcu/
2023-11-29 09:10:59,892 [WARN] DbFile:41 - Overriding database path with different value: C:\Users\bcc35\.stmcufinder\plugins\mcufinder/ => C:\Users\bcc35\.stmcufinder\plugins\mcufinder
2023-11-29 09:10:59,892 [WARN] DbFile:41 - Overriding database path with different value: C:\Users\bcc35\.stmcufinder\plugins\mcufinder/ => C:\Users\bcc35\.stmcufinder\plugins\mcufinder
2023-11-29 09:10:59,892 [INFO] CrossReferenceDbSqlite:203 - Set database path to: C:\Users\bcc35\.stmcufinder\plugins\mcufinder//mcu/cs/
2023-11-29 09:10:59,915 [INFO] ApplicationProperties:184 - Using Application install path: E:\stm cube\STM32CubeIDE_1.13.2\STM32CubeIDE\plugins\com.st.stm32cube.common.mx_6.9.2.202309101412
2023-11-29 09:10:59,916 [INFO] PluginManage:196 - Search for loadable plugins [exclusion list=, ]
2023-11-29 09:10:59,918 [INFO] PluginManage:310 - Check plugin analytics
2023-11-29 09:11:00,162 [INFO] AnalyticsPlugin:253 - Accepted Software Licenses: 
2023-11-29 09:11:00,163 [INFO] AnalyticsPlugin:255 - Accepted CMSIS Pack Licenses: 
2023-11-29 09:11:00,163 [INFO] AnalyticsPlugin:257 - Accepted Firmware Licenses: FW.G4.1.5.0
2023-11-29 09:11:00,165 [INFO] PluginManage:359 - Loaded plugin analytics (category:tool,tabindex:-1)
2023-11-29 09:11:00,165 [ERROR] ConfigurationRetriever:142 - IOException on connection: sw-center.st.com
2023-11-29 09:11:00,166 [ERROR] ConfigurationRetriever:142 - IOException on connection: sw-center.st.com
2023-11-29 09:11:00,166 [ERROR] ConfigurationRetriever:142 - IOException on connection: sw-center.st.com
2023-11-29 09:11:00,166 [INFO] PluginManage:310 - Check plugin cadmodel
2023-11-29 09:11:00,275 [INFO] CADModel:105 - Init CAD model plugin
2023-11-29 09:11:00,275 [INFO] PluginManage:359 - Loaded plugin cadmodel (category:power,tabindex:5)
2023-11-29 09:11:00,275 [INFO] PluginManage:310 - Check plugin clock
2023-11-29 09:11:00,328 [INFO] PluginManage:359 - Loaded plugin clock (category:base,tabindex:2)
2023-11-29 09:11:00,328 [INFO] PluginManage:310 - Check plugin ddr
2023-11-29 09:11:00,343 [INFO] PluginManage:359 - Loaded plugin ddr (category:tool,tabindex:6)
2023-11-29 09:11:00,343 [INFO] PluginManage:310 - Check plugin filemanager
2023-11-29 09:11:00,500 [INFO] PluginManage:359 - Loaded plugin filemanager (category:base,tabindex:10)
2023-11-29 09:11:00,500 [INFO] PluginManage:310 - Check plugin ipmanager
2023-11-29 09:11:00,509 [INFO] PluginManage:359 - Loaded plugin ipmanager (category:base,tabindex:5)
2023-11-29 09:11:00,509 [INFO] PluginManage:310 - Check plugin lpbam
2023-11-29 09:11:00,535 [INFO] PluginManage:359 - Loaded plugin lpbam (category:base,tabindex:0)
2023-11-29 09:11:00,536 [INFO] PluginManage:310 - Check plugin memorymap
2023-11-29 09:11:00,576 [INFO] PluginManage:359 - Loaded plugin memorymap (category:base,tabindex:4)
2023-11-29 09:11:00,577 [INFO] PluginManage:310 - Check plugin pinoutandconfiguration
2023-11-29 09:11:00,610 [INFO] PluginManage:359 - Loaded plugin pinoutandconfiguration (category:base,tabindex:1)
2023-11-29 09:11:00,610 [INFO] PluginManage:310 - Check plugin pinoutconfig
2023-11-29 09:11:00,720 [WARN] SupportedApi:132 - Cannot load RTOS API schema: s4s-elt-must-match.1: The content of 'definitions' must match (annotation?, (simpleType | complexType)?, (unique | key | keyref)*)). A problem was found starting at: attribute.
2023-11-29 09:11:00,857 [INFO] PluginManage:359 - Loaded plugin pinoutconfig (category:base,tabindex:0)
2023-11-29 09:11:00,858 [INFO] PluginManage:310 - Check plugin power
2023-11-29 09:11:00,917 [INFO] PluginManage:359 - Loaded plugin power (category:power,tabindex:4)
2023-11-29 09:11:00,918 [INFO] PluginManage:310 - Check plugin projectmanager
2023-11-29 09:11:00,929 [INFO] PluginManage:359 - Loaded plugin projectmanager (category:projectmanager,tabindex:3)
2023-11-29 09:11:00,929 [INFO] PluginManage:310 - Check plugin thirdparty
2023-11-29 09:11:01,272 [INFO] PluginManage:359 - Loaded plugin thirdparty (category:base,tabindex:-1)
2023-11-29 09:11:01,272 [INFO] PluginManage:310 - Check plugin tools
2023-11-29 09:11:01,272 [WARN] IntegrityCheckThread:84 - waiting for thirdparty lock release [integrity check]
2023-11-29 09:11:01,272 [INFO] IntegrityCheckThread:86 - entering critical section [integrity check]
2023-11-29 09:11:01,273 [INFO] ThirdPartyUpdaterWithRetryManager:70 - Updater plugin not ready yet. [1/15]
2023-11-29 09:11:01,305 [INFO] PluginManage:359 - Loaded plugin tools (category:base,tabindex:7)
2023-11-29 09:11:01,305 [INFO] PluginManage:310 - Check plugin tutovideos
2023-11-29 09:11:01,561 [INFO] PluginManage:359 - Loaded plugin tutovideos (category:base,tabindex:-1)
2023-11-29 09:11:01,561 [INFO] PluginManage:310 - Check plugin updater
2023-11-29 09:11:01,659 [INFO] PluginManage:359 - Loaded plugin updater (category:base,tabindex:12)
2023-11-29 09:11:01,659 [INFO] PluginManage:310 - Check plugin userauth
2023-11-29 09:11:01,686 [INFO] UserAuth:113 - Init User Auth plugin
2023-11-29 09:11:01,686 [INFO] PluginManage:359 - Loaded plugin userauth (category:base,tabindex:14)
2023-11-29 09:11:01,686 [INFO] PluginManage:283 - PluginManage : Loaded plugins [17]
2023-11-29 09:11:02,128 [INFO] PinOutPanel:1499 - setPackage(No Configuration,No Configuration)
2023-11-29 09:11:02,343 [INFO] CADModel:165 - CPN selected for project level
2023-11-29 09:11:02,343 [INFO] CADModel:114 - Register for checkConnection events
2023-11-29 09:11:02,415 [INFO] IPUIPlugin:80 - create IPUIPlugin
2023-11-29 09:11:02,416 [INFO] PluginManager:220 - loadIPPluginJar : add adc
2023-11-29 09:11:02,441 [INFO] IPUIPlugin:80 - create IPUIPlugin
2023-11-29 09:11:02,441 [INFO] PluginManager:220 - loadIPPluginJar : add aes
2023-11-29 09:11:02,518 [INFO] IPUIPlugin:80 - create IPUIPlugin
2023-11-29 09:11:02,519 [INFO] PluginManager:220 - loadIPPluginJar : add can
2023-11-29 09:11:02,538 [INFO] IPUIPlugin:80 - create IPUIPlugin
2023-11-29 09:11:02,538 [INFO] PluginManager:220 - loadIPPluginJar : add comp
2023-11-29 09:11:02,563 [INFO] IPUIPlugin:80 - create IPUIPlugin
2023-11-29 09:11:02,563 [INFO] PluginManager:220 - loadIPPluginJar : add cryp
2023-11-29 09:11:02,595 [INFO] IPUIPlugin:80 - create IPUIPlugin
2023-11-29 09:11:02,595 [INFO] PluginManager:220 - loadIPPluginJar : add dfsdm
2023-11-29 09:11:02,628 [INFO] IPUIPlugin:80 - create IPUIPlugin
2023-11-29 09:11:02,628 [INFO] PluginManager:220 - loadIPPluginJar : add dma
2023-11-29 09:11:02,660 [INFO] IPUIPlugin:80 - create IPUIPlugin
2023-11-29 09:11:02,660 [INFO] PluginManager:220 - loadIPPluginJar : add dma3
2023-11-29 09:11:02,682 [INFO] IPUIPlugin:80 - create IPUIPlugin
2023-11-29 09:11:02,683 [INFO] PluginManager:220 - loadIPPluginJar : add fatfs
2023-11-29 09:11:02,720 [INFO] IPUIPlugin:80 - create IPUIPlugin
2023-11-29 09:11:02,720 [INFO] PluginManager:220 - loadIPPluginJar : add fmc
2023-11-29 09:11:02,748 [INFO] IPUIPlugin:80 - create IPUIPlugin
2023-11-29 09:11:02,748 [INFO] PluginManager:220 - loadIPPluginJar : add freertos
2023-11-29 09:11:02,766 [INFO] IPUIPlugin:80 - create IPUIPlugin
2023-11-29 09:11:02,766 [INFO] PluginManager:220 - loadIPPluginJar : add genericplugin
2023-11-29 09:11:02,839 [INFO] IPUIPlugin:80 - create IPUIPlugin
2023-11-29 09:11:02,839 [INFO] PluginManager:220 - loadIPPluginJar : add gfxmmu
2023-11-29 09:11:02,934 [INFO] IPUIPlugin:80 - create IPUIPlugin
2023-11-29 09:11:02,934 [INFO] PluginManager:220 - loadIPPluginJar : add gic
2023-11-29 09:11:02,996 [INFO] IPUIPlugin:80 - create IPUIPlugin
2023-11-29 09:11:02,996 [INFO] PluginManager:220 - loadIPPluginJar : add gpio
2023-11-29 09:11:03,059 [INFO] IPUIPlugin:80 - create IPUIPlugin
2023-11-29 09:11:03,059 [INFO] PluginManager:220 - loadIPPluginJar : add gtzc
2023-11-29 09:11:03,084 [INFO] IPUIPlugin:80 - create IPUIPlugin
2023-11-29 09:11:03,084 [INFO] PluginManager:220 - loadIPPluginJar : add hash
2023-11-29 09:11:03,120 [INFO] IPUIPlugin:80 - create IPUIPlugin
2023-11-29 09:11:03,120 [INFO] PluginManager:220 - loadIPPluginJar : add i2c
2023-11-29 09:11:03,152 [INFO] IPUIPlugin:80 - create IPUIPlugin
2023-11-29 09:11:03,152 [INFO] PluginManager:220 - loadIPPluginJar : add i2s
2023-11-29 09:11:03,189 [INFO] IPUIPlugin:80 - create IPUIPlugin
2023-11-29 09:11:03,189 [INFO] PluginManager:220 - loadIPPluginJar : add i3c
2023-11-29 09:11:03,280 [INFO] IPUIPlugin:80 - create IPUIPlugin
2023-11-29 09:11:03,280 [INFO] PluginManager:220 - loadIPPluginJar : add ipddr
2023-11-29 09:11:03,344 [INFO] IPUIPlugin:80 - create IPUIPlugin
2023-11-29 09:11:03,344 [INFO] PluginManager:220 - loadIPPluginJar : add linkedlist
2023-11-29 09:11:03,372 [INFO] IPUIPlugin:80 - create IPUIPlugin
2023-11-29 09:11:03,372 [INFO] PluginManager:220 - loadIPPluginJar : add lorawan
2023-11-29 09:11:03,399 [INFO] IPUIPlugin:80 - create IPUIPlugin
2023-11-29 09:11:03,399 [INFO] PluginManager:220 - loadIPPluginJar : add ltdc
2023-11-29 09:11:03,410 [INFO] IPUIPlugin:80 - create IPUIPlugin
2023-11-29 09:11:03,410 [INFO] PluginManager:220 - loadIPPluginJar : add mdma
2023-11-29 09:11:03,419 [INFO] IPUIPlugin:80 - create IPUIPlugin
2023-11-29 09:11:03,419 [INFO] PluginManager:220 - loadIPPluginJar : add nvic
2023-11-29 09:11:03,446 [INFO] IPUIPlugin:80 - create IPUIPlugin
2023-11-29 09:11:03,446 [INFO] PluginManager:220 - loadIPPluginJar : add opamp
2023-11-29 09:11:03,488 [INFO] IPUIPlugin:80 - create IPUIPlugin
2023-11-29 09:11:03,489 [INFO] PluginManager:220 - loadIPPluginJar : add openamp
2023-11-29 09:11:03,517 [INFO] IPUIPlugin:80 - create IPUIPlugin
2023-11-29 09:11:03,517 [INFO] PluginManager:220 - loadIPPluginJar : add pdm2pcm
2023-11-29 09:11:03,529 [INFO] IPUIPlugin:80 - create IPUIPlugin
2023-11-29 09:11:03,530 [INFO] PluginManager:220 - loadIPPluginJar : add plateformsettings
2023-11-29 09:11:03,546 [INFO] IPUIPlugin:80 - create IPUIPlugin
2023-11-29 09:11:03,546 [INFO] PluginManager:220 - loadIPPluginJar : add quadspi
2023-11-29 09:11:03,558 [INFO] IPUIPlugin:80 - create IPUIPlugin
2023-11-29 09:11:03,558 [INFO] PluginManager:220 - loadIPPluginJar : add resmgrutility
2023-11-29 09:11:03,591 [INFO] IPUIPlugin:80 - create IPUIPlugin
2023-11-29 09:11:03,592 [INFO] PluginManager:220 - loadIPPluginJar : add sai
2023-11-29 09:11:03,618 [INFO] IPUIPlugin:80 - create IPUIPlugin
2023-11-29 09:11:03,618 [INFO] PluginManager:220 - loadIPPluginJar : add spi
2023-11-29 09:11:03,661 [INFO] IPUIPlugin:80 - create IPUIPlugin
2023-11-29 09:11:03,662 [INFO] PluginManager:220 - loadIPPluginJar : add stm32_wpan
2023-11-29 09:11:03,679 [INFO] IPUIPlugin:80 - create IPUIPlugin
2023-11-29 09:11:03,679 [INFO] PluginManager:220 - loadIPPluginJar : add tim
2023-11-29 09:11:03,719 [INFO] IPUIPlugin:80 - create IPUIPlugin
2023-11-29 09:11:03,719 [INFO] PluginManager:220 - loadIPPluginJar : add touchsensing
2023-11-29 09:11:03,736 [INFO] IPUIPlugin:80 - create IPUIPlugin
2023-11-29 09:11:03,736 [INFO] PluginManager:220 - loadIPPluginJar : add tracer_emb
2023-11-29 09:11:03,753 [INFO] IPUIPlugin:80 - create IPUIPlugin
2023-11-29 09:11:03,753 [INFO] PluginManager:220 - loadIPPluginJar : add ts
2023-11-29 09:11:03,768 [INFO] IPUIPlugin:80 - create IPUIPlugin
2023-11-29 09:11:03,769 [INFO] PluginManager:220 - loadIPPluginJar : add tsc
2023-11-29 09:11:03,783 [INFO] IPUIPlugin:80 - create IPUIPlugin
2023-11-29 09:11:03,783 [INFO] PluginManager:220 - loadIPPluginJar : add ucpd
2023-11-29 09:11:03,815 [INFO] IPUIPlugin:80 - create IPUIPlugin
2023-11-29 09:11:03,815 [INFO] PluginManager:220 - loadIPPluginJar : add usart
2023-11-29 09:11:03,846 [INFO] IPUIPlugin:80 - create IPUIPlugin
2023-11-29 09:11:03,846 [INFO] PluginManager:220 - loadIPPluginJar : add usbx
2023-11-29 09:11:03,972 [INFO] CADModel:165 - CPN selected for project level
2023-11-29 09:11:03,973 [INFO] CADModel:114 - Register for checkConnection events
2023-11-29 09:11:03,973 [FATAL] Updater:308 - Updater called before beeing initialized
2023-11-29 09:11:03,973 [ERROR] CADModel:125 - Updater not yet initialized, retry later 
2023-11-29 09:11:04,237 [INFO] CADModel:165 - CPN selected for project level
2023-11-29 09:11:04,238 [INFO] CADModel:114 - Register for checkConnection events
2023-11-29 09:11:04,238 [FATAL] Updater:308 - Updater called before beeing initialized
2023-11-29 09:11:04,238 [ERROR] CADModel:125 - Updater not yet initialized, retry later 
2023-11-29 09:11:04,262 [FATAL] Updater:308 - Updater called before beeing initialized
2023-11-29 09:11:04,277 [INFO] ThirdPartyUpdaterWithRetryManager:70 - Updater plugin not ready yet. [2/15]
2023-11-29 09:11:04,408 [FATAL] Updater:308 - Updater called before beeing initialized
2023-11-29 09:11:04,417 [INFO] DbMcusAds:53 - JSON generation date=Tue Mar 07 15:50:55 ICT 2023 (1678179055335)
2023-11-29 09:11:04,417 [FATAL] Updater:308 - Updater called before beeing initialized
2023-11-29 09:11:04,569 [WARN] DetailPanel:346 - Failed to get advertising image, set to default
2023-11-29 09:11:04,663 [FATAL] Updater:308 - Updater called before beeing initialized
2023-11-29 09:11:04,665 [FATAL] Updater:308 - Updater called before beeing initialized
2023-11-29 09:11:04,665 [FATAL] Updater:308 - Updater called before beeing initialized
2023-11-29 09:11:04,666 [WARN] DetailPanel:346 - Failed to get advertising image, set to default
2023-11-29 09:11:04,666 [FATAL] Updater:308 - Updater called before beeing initialized
2023-11-29 09:11:04,803 [ERROR] Updater:1120 - MainUpdater not yet initialized. External WinMGr cannot be set.
2023-11-29 09:11:04,823 [INFO] Updater:1056 - Updater Version found : 6.9.2
2023-11-29 09:11:04,883 [INFO] ApplicationProperties:184 - Using Application install path: E:\stm cube\STM32CubeIDE_1.13.2\STM32CubeIDE\plugins\com.st.stm32cube.common.mx_6.9.2.202309101412
2023-11-29 09:11:05,006 [ERROR] ServerAccessManage:1146 - Warning during Server Connection :  Unknown host sw-center.st.com
2023-11-29 09:11:05,011 [INFO] MainUpdater:2868 - connection check result : 22
2023-11-29 09:11:05,012 [INFO] MainUpdater:285 - Updater Check For Update Now.
2023-11-29 09:11:05,012 [INFO] MicroXplorer:498 - Change Database Version : DB.6.0.92
2023-11-29 09:11:05,094 [INFO] McuFinderGlobals:63 - Set McuFinder mode to 2 (CubeIDE integrated)
2023-11-29 09:11:05,195 [INFO] CheckServerUpdateThread:120 - End of CheckServer Thread
2023-11-29 09:11:08,413 [WARN] PackLoader:240 - Cannot read IP mode file for STMicroelectronics.X-CUBE-SMBUS.2.1.0
2023-11-29 09:11:08,453 [WARN] PackLoader:240 - Cannot read IP mode file for STMicroelectronics.X-CUBE-AZRTOS-F7.1.1.0
2023-11-29 09:11:08,473 [WARN] PackLoader:240 - Cannot read IP mode file for STMicroelectronics.FP-SNS-MOTENV1.4.3.2
2023-11-29 09:11:08,488 [WARN] PackLoader:240 - Cannot read IP mode file for STMicroelectronics.FP-SNS-FLIGHT1.5.0.2
2023-11-29 09:11:08,506 [WARN] PackLoader:240 - Cannot read IP mode file for STMicroelectronics.X-CUBE-DISPLAY.3.0.0
2023-11-29 09:11:08,527 [WARN] PackLoader:240 - Cannot read IP mode file for STMicroelectronics.X-CUBE-BLE1.7.0.0
2023-11-29 09:11:08,542 [WARN] PackLoader:240 - Cannot read IP mode file for emotas.I-CUBE-CANOPEN.1.3.0
2023-11-29 09:11:08,558 [WARN] PackLoader:240 - Cannot read IP mode file for STMicroelectronics.X-CUBE-TOUCHGFX.4.22.1
2023-11-29 09:11:08,571 [WARN] PackLoader:240 - Cannot read IP mode file for STMicroelectronics.FP-SNS-SMARTAG2.1.2.0
2023-11-29 09:11:08,591 [INFO] LogOutputStream:77 - [STDOUT_REDIRECT] 1 : Invalid condition id : UX_CORESTACK_Condition cause : null
2023-11-29 09:11:08,591 [INFO] LogOutputStream:77 - [STDOUT_REDIRECT] 1 : Invalid condition id : UX_CORESTACK_Condition cause : null
2023-11-29 09:11:08,592 [INFO] LogOutputStream:77 - [STDOUT_REDIRECT] 1 : Invalid condition id : UX_CORESTACK_Condition cause : null
2023-11-29 09:11:08,593 [INFO] LogOutputStream:77 - [STDOUT_REDIRECT] 1 : Invalid condition id : UX_CORESTACK_Condition cause : null
2023-11-29 09:11:08,594 [INFO] LogOutputStream:77 - [STDOUT_REDIRECT] 1 : Invalid condition id : UX_CORESTACK_Condition cause : null
2023-11-29 09:11:08,597 [WARN] PackLoader:240 - Cannot read IP mode file for STMicroelectronics.X-CUBE-AZRTOS-WL.2.0.0
2023-11-29 09:11:08,613 [WARN] PackLoader:240 - Cannot read IP mode file for WES.I-CUBE-Cesium.1.3.0
2023-11-29 09:11:08,625 [WARN] PackLoader:240 - Cannot read IP mode file for STMicroelectronics.X-CUBE-BLE2.3.3.0
2023-11-29 09:11:08,639 [WARN] PackLoader:240 - Cannot read IP mode file for STMicroelectronics.X-CUBE-ALGOBUILD.1.3.0
2023-11-29 09:11:08,666 [WARN] PackLoader:240 - Cannot read IP mode file for STMicroelectronics.X-CUBE-AZRTOS-G0.1.1.0
2023-11-29 09:11:08,683 [WARN] PackLoader:240 - Cannot read IP mode file for STMicroelectronics.X-CUBE-NFC4.3.0.0
2023-11-29 09:11:08,697 [WARN] PackLoader:240 - Cannot read IP mode file for STMicroelectronics.X-CUBE-BLEMGR.3.0.0
2023-11-29 09:11:08,709 [WARN] PackLoader:240 - Cannot read IP mode file for STMicroelectronics.FP-ATR-SIGFOX1.3.2.0
2023-11-29 09:11:08,738 [WARN] PackLoader:240 - Cannot read IP mode file for SEGGER.I-CUBE-embOS.1.3.1
2023-11-29 09:11:08,771 [WARN] PackLoader:240 - Cannot read IP mode file for STMicroelectronics.X-CUBE-GNSS1.6.0.0
2023-11-29 09:11:08,794 [WARN] PackLoader:240 - Cannot read IP mode file for STMicroelectronics.X-CUBE-AZRTOS-F4.1.1.0
2023-11-29 09:11:08,809 [WARN] PackLoader:240 - Cannot read IP mode file for wolfSSL.I-CUBE-wolfSSL.5.6.3
2023-11-29 09:11:08,832 [WARN] PackLoader:240 - Cannot read IP mode file for STMicroelectronics.X-CUBE-AZRTOS-L5.2.0.0
2023-11-29 09:11:08,873 [WARN] PackLoader:240 - Cannot read IP mode file for STMicroelectronics.X-CUBE-MEMS1.9.6.0
2023-11-29 09:11:09,008 [WARN] PackLoader:240 - Cannot read IP mode file for STMicroelectronics.X-CUBE-EEPRMA1.4.2.0
2023-11-29 09:11:09,044 [WARN] PackLoader:240 - Cannot read IP mode file for ITTIA_DB.I-CUBE-ITTIADB.8.8.0
2023-11-29 09:11:09,068 [WARN] PackLoader:240 - Cannot read IP mode file for STMicroelectronics.X-CUBE-BLEMGR.2.0.0
2023-11-29 09:11:09,104 [WARN] ConditionMgr:438 - getConditionDescription Invalid condition id : UX DEVICE CLASS RTOS Condition cause : null
2023-11-29 09:11:09,104 [WARN] ConditionMgr:438 - getConditionDescription Invalid condition id : UX DEVICE CLASS RTOS Condition cause : null
2023-11-29 09:11:09,108 [WARN] PackLoader:240 - Cannot read IP mode file for STMicroelectronics.X-CUBE-AZRTOS-H7.3.1.0
2023-11-29 09:11:09,110 [WARN] ConditionMgr:1039 - genDependencies : Invalid condition id : UX DEVICE CLASS RTOS Condition cause : null
2023-11-29 09:11:09,110 [WARN] ConditionMgr:1039 - genDependencies : Invalid condition id : UX DEVICE CLASS RTOS Condition cause : null
2023-11-29 09:11:09,111 [WARN] ConditionMgr:1039 - genDependencies : Invalid condition id : UX DEVICE CLASS RTOS Condition cause : null
2023-11-29 09:11:09,111 [WARN] ConditionMgr:1039 - genDependencies : Invalid condition id : UX DEVICE CLASS RTOS Condition cause : null
2023-11-29 09:11:09,111 [WARN] ConditionMgr:1039 - genDependencies : Invalid condition id : UX DEVICE CLASS RTOS Condition cause : null
2023-11-29 09:11:09,126 [WARN] PackLoader:240 - Cannot read IP mode file for STMicroelectronics.X-CUBE-NFC7.1.0.1
2023-11-29 09:11:09,142 [WARN] PackLoader:240 - Cannot read IP mode file for STMicroelectronics.X-CUBE-NFC6.3.0.0
2023-11-29 09:11:09,156 [WARN] PackLoader:240 - Cannot read IP mode file for STMicroelectronics.X-CUBE-EEPRMA1.4.1.0
2023-11-29 09:11:09,169 [WARN] PackLoader:240 - Cannot read IP mode file for STMicroelectronics.X-CUBE-AI.8.1.0
2023-11-29 09:11:09,196 [WARN] ConditionMgr:438 - getConditionDescription Invalid condition id : LAN8742 Phy interface Condition cause : null
2023-11-29 09:11:09,197 [WARN] PackLoader:240 - Cannot read IP mode file for STMicroelectronics.X-CUBE-AZRTOS-L4.2.0.0
2023-11-29 09:11:09,198 [WARN] ConditionMgr:1039 - genDependencies : Invalid condition id : LAN8742 Phy interface Condition cause : null
2023-11-29 09:11:09,198 [WARN] ConditionMgr:1039 - genDependencies : Invalid condition id : LAN8742 Phy interface Condition cause : null
2023-11-29 09:11:09,199 [WARN] ConditionMgr:1039 - genDependencies : Invalid condition id : LAN8742 Phy interface Condition cause : null
2023-11-29 09:11:09,213 [WARN] PackLoader:240 - Cannot read IP mode file for STMicroelectronics.X-CUBE-SFXS2LP1.4.0.0
2023-11-29 09:11:09,226 [WARN] PackLoader:240 - Cannot read IP mode file for STMicroelectronics.X-CUBE-ISPU.1.1.0
2023-11-29 09:11:09,247 [WARN] ConditionMgr:438 - getConditionDescription Invalid condition id : UX DEVICE CLASS RTOS Condition cause : null
2023-11-29 09:11:09,248 [WARN] ConditionMgr:438 - getConditionDescription Invalid condition id : UX DEVICE CLASS RTOS Condition cause : null
2023-11-29 09:11:09,249 [WARN] PackLoader:240 - Cannot read IP mode file for STMicroelectronics.X-CUBE-AZRTOS-WB.2.0.0
2023-11-29 09:11:09,249 [WARN] ConditionMgr:1039 - genDependencies : Invalid condition id : UX DEVICE CLASS RTOS Condition cause : null
2023-11-29 09:11:09,249 [WARN] ConditionMgr:1039 - genDependencies : Invalid condition id : UX DEVICE CLASS RTOS Condition cause : null
2023-11-29 09:11:09,250 [WARN] ConditionMgr:1039 - genDependencies : Invalid condition id : UX DEVICE CLASS RTOS Condition cause : null
2023-11-29 09:11:09,250 [WARN] ConditionMgr:1039 - genDependencies : Invalid condition id : UX DEVICE CLASS RTOS Condition cause : null
2023-11-29 09:11:09,250 [WARN] ConditionMgr:1039 - genDependencies : Invalid condition id : UX DEVICE CLASS RTOS Condition cause : null
2023-11-29 09:11:09,272 [WARN] PackLoader:240 - Cannot read IP mode file for STMicroelectronics.X-CUBE-SUBG2.5.0.0
2023-11-29 09:11:09,293 [WARN] PackLoader:240 - Cannot read IP mode file for STMicroelectronics.X-CUBE-TOF1.3.3.1
2023-11-29 09:11:09,325 [WARN] PackLoader:240 - Cannot read IP mode file for STMicroelectronics.X-CUBE-AZRTOS-G4.2.0.0
2023-11-29 09:11:09,350 [WARN] PackLoader:240 - Cannot read IP mode file for Infineon.AIROC-Wi-Fi-Bluetooth-STM32.1.5.1
2023-11-29 09:11:09,365 [WARN] PackLoader:240 - Cannot read IP mode file for STMicroelectronics.FP-SNS-MOTENVWB1.1.3.0
2023-11-29 09:11:09,405 [WARN] PackLoader:240 - Cannot read IP mode file for STMicroelectronics.X-CUBE-MEMS1.10.0.0
2023-11-29 09:11:09,473 [WARN] PackLoader:240 - Cannot read IP mode file for STMicroelectronics.X-CUBE-FREERTOS.1.1.0
2023-11-29 09:11:09,486 [WARN] PackLoader:240 - Cannot read IP mode file for portGmbH.I-Cube-SoM-uGOAL.1.1.0
2023-11-29 09:11:09,499 [WARN] PackLoader:240 - Cannot read IP mode file for STMicroelectronics.X-CUBE-ALS.1.0.1
2023-11-29 09:11:09,512 [WARN] PackLoader:240 - Cannot read IP mode file for STMicroelectronics.FP-ATR-ASTRA1.2.0.0
2023-11-29 09:11:09,536 [WARN] PackLoader:240 - Cannot read IP mode file for STMicroelectronics.X-CUBE-TOF1.3.4.0
2023-11-29 09:11:09,544 [INFO] ThirdParty:978 - Integrity check success = true
2023-11-29 09:11:09,545 [INFO] IntegrityCheckThread:100 - exiting critical section [integrity check]
2023-11-29 09:11:09,545 [INFO] IntegrityCheckThread:103 - End integrity checks thread
2023-11-29 09:11:10,955 [ERROR] ConfigurationRetriever:142 - IOException on connection: sw-center.st.com
2023-11-29 09:11:10,955 [ERROR] ConfigurationRetriever:142 - IOException on connection: sw-center.st.com
2023-11-29 09:11:10,956 [ERROR] ConfigurationRetriever:142 - IOException on connection: sw-center.st.com
2023-11-29 09:35:52,847 [INFO] Activator:176 - 


2023-11-29 09:35:52,849 [INFO] Activator:177 - !SESSION log4j initialized
2023-11-29 09:36:02,689 [INFO] LogOutputStream:77 - [STDOUT_REDIRECT] 
2023-11-29 09:36:10,332 [INFO] ApplicationProperties:184 - Using Application install path: E:\stm cube\STM32CubeIDE_1.13.2\STM32CubeIDE\plugins\com.st.stm32cube.common.mx_6.9.2.202309101412
2023-11-29 09:36:10,385 [INFO] DbMcusXml:78 - Set database path to: E:\stm cube\STM32CubeIDE_1.13.2\STM32CubeIDE\plugins\com.st.stm32cube.common.mx_6.9.2.202309101412\\db\/mcu/
2023-11-29 09:36:10,385 [INFO] ApiDb:274 - Set plugin database path to: E:\stm cube\STM32CubeIDE_1.13.2\STM32CubeIDE\plugins\com.st.stm32cube.common.mx_6.9.2.202309101412\\db\/plugins/boardmanager/
2023-11-29 09:36:10,385 [WARN] ApiDb:259 - Overriding images path with different value:  => E:\stm cube\STM32CubeIDE_1.13.2\STM32CubeIDE\plugins\com.st.stm32cube.common.mx_6.9.2.202309101412\\db\/plugins/mcufinder/images/
2023-11-29 09:36:10,493 [INFO] ApiDb:250 - Set database path to: C:\Users\bcc35\.stmcufinder\plugins\mcufinder//mcu/
2023-11-29 09:36:10,494 [INFO] DbMcusAds:125 - Set database path to: C:\Users\bcc35\.stmcufinder\plugins\mcufinder//mcu/
2023-11-29 09:36:10,496 [INFO] CrossReferenceDbSqlite:203 - Set database path to: C:\Users\bcc35\.stmcufinder\plugins\mcufinder//mcu/cs/
2023-11-29 09:36:10,705 [INFO] RulesReader:64 - Compatibility file has been processed (293 Rules)
2023-11-29 09:36:10,853 [INFO] DbMcusXml:78 - Set database path to: E:\stm cube\STM32CubeIDE_1.13.2\STM32CubeIDE\plugins\com.st.stm32cube.common.mx_6.9.2.202309101412\\db\/mcu/
2023-11-29 09:36:10,853 [INFO] ApiDb:274 - Set plugin database path to: E:\stm cube\STM32CubeIDE_1.13.2\STM32CubeIDE\plugins\com.st.stm32cube.common.mx_6.9.2.202309101412\\db\/plugins/boardmanager/
2023-11-29 09:36:10,853 [INFO] ApiDb:261 - Set plugin images path to: E:\stm cube\STM32CubeIDE_1.13.2\STM32CubeIDE\plugins\com.st.stm32cube.common.mx_6.9.2.202309101412\\db\/plugins/mcufinder/images/
2023-11-29 09:36:10,854 [WARN] DbFile:41 - Overriding database path with different value: C:\Users\bcc35\.stmcufinder\plugins\mcufinder/ => C:\Users\bcc35\.stmcufinder\plugins\mcufinder
2023-11-29 09:36:10,854 [INFO] ApiDb:250 - Set database path to: C:\Users\bcc35\.stmcufinder\plugins\mcufinder//mcu/
2023-11-29 09:36:10,854 [WARN] DbFile:41 - Overriding database path with different value: C:\Users\bcc35\.stmcufinder\plugins\mcufinder/ => C:\Users\bcc35\.stmcufinder\plugins\mcufinder
2023-11-29 09:36:10,854 [INFO] DbMcusAds:125 - Set database path to: C:\Users\bcc35\.stmcufinder\plugins\mcufinder//mcu/
2023-11-29 09:36:10,854 [WARN] DbFile:41 - Overriding database path with different value: C:\Users\bcc35\.stmcufinder\plugins\mcufinder/ => C:\Users\bcc35\.stmcufinder\plugins\mcufinder
2023-11-29 09:36:10,854 [WARN] DbFile:41 - Overriding database path with different value: C:\Users\bcc35\.stmcufinder\plugins\mcufinder/ => C:\Users\bcc35\.stmcufinder\plugins\mcufinder
2023-11-29 09:36:10,854 [INFO] CrossReferenceDbSqlite:203 - Set database path to: C:\Users\bcc35\.stmcufinder\plugins\mcufinder//mcu/cs/
2023-11-29 09:36:10,967 [INFO] MainPanel:262 - HeapMemory: 268435456
2023-11-29 09:36:11,152 [INFO] DbMcusXml:78 - Set database path to: E:\stm cube\STM32CubeIDE_1.13.2\STM32CubeIDE\plugins\com.st.stm32cube.common.mx_6.9.2.202309101412\\db\/mcu/
2023-11-29 09:36:11,152 [INFO] ApiDb:274 - Set plugin database path to: E:\stm cube\STM32CubeIDE_1.13.2\STM32CubeIDE\plugins\com.st.stm32cube.common.mx_6.9.2.202309101412\\db\/plugins/boardmanager/
2023-11-29 09:36:11,152 [INFO] ApiDb:261 - Set plugin images path to: E:\stm cube\STM32CubeIDE_1.13.2\STM32CubeIDE\plugins\com.st.stm32cube.common.mx_6.9.2.202309101412\\db\/plugins/mcufinder/images/
2023-11-29 09:36:11,153 [WARN] DbFile:41 - Overriding database path with different value: C:\Users\bcc35\.stmcufinder\plugins\mcufinder/ => C:\Users\bcc35\.stmcufinder\plugins\mcufinder
2023-11-29 09:36:11,153 [INFO] ApiDb:250 - Set database path to: C:\Users\bcc35\.stmcufinder\plugins\mcufinder//mcu/
2023-11-29 09:36:11,153 [WARN] DbFile:41 - Overriding database path with different value: C:\Users\bcc35\.stmcufinder\plugins\mcufinder/ => C:\Users\bcc35\.stmcufinder\plugins\mcufinder
2023-11-29 09:36:11,153 [INFO] DbMcusAds:125 - Set database path to: C:\Users\bcc35\.stmcufinder\plugins\mcufinder//mcu/
2023-11-29 09:36:11,153 [WARN] DbFile:41 - Overriding database path with different value: C:\Users\bcc35\.stmcufinder\plugins\mcufinder/ => C:\Users\bcc35\.stmcufinder\plugins\mcufinder
2023-11-29 09:36:11,153 [WARN] DbFile:41 - Overriding database path with different value: C:\Users\bcc35\.stmcufinder\plugins\mcufinder/ => C:\Users\bcc35\.stmcufinder\plugins\mcufinder
2023-11-29 09:36:11,153 [INFO] CrossReferenceDbSqlite:203 - Set database path to: C:\Users\bcc35\.stmcufinder\plugins\mcufinder//mcu/cs/
2023-11-29 09:36:11,181 [INFO] ApplicationProperties:184 - Using Application install path: E:\stm cube\STM32CubeIDE_1.13.2\STM32CubeIDE\plugins\com.st.stm32cube.common.mx_6.9.2.202309101412
2023-11-29 09:36:11,183 [INFO] PluginManage:196 - Search for loadable plugins [exclusion list=, ]
2023-11-29 09:36:11,184 [INFO] PluginManage:310 - Check plugin analytics
2023-11-29 09:36:16,466 [INFO] AnalyticsPlugin:253 - Accepted Software Licenses: 
2023-11-29 09:36:16,466 [INFO] AnalyticsPlugin:255 - Accepted CMSIS Pack Licenses: 
2023-11-29 09:36:16,466 [INFO] AnalyticsPlugin:257 - Accepted Firmware Licenses: FW.G4.1.5.0
2023-11-29 09:36:16,468 [INFO] PluginManage:359 - Loaded plugin analytics (category:tool,tabindex:-1)
2023-11-29 09:36:16,469 [INFO] PluginManage:310 - Check plugin cadmodel
2023-11-29 09:36:16,532 [INFO] CADModel:105 - Init CAD model plugin
2023-11-29 09:36:16,533 [INFO] PluginManage:359 - Loaded plugin cadmodel (category:power,tabindex:5)
2023-11-29 09:36:16,533 [INFO] PluginManage:310 - Check plugin clock
2023-11-29 09:36:16,572 [INFO] PluginManage:359 - Loaded plugin clock (category:base,tabindex:2)
2023-11-29 09:36:16,573 [INFO] PluginManage:310 - Check plugin ddr
2023-11-29 09:36:16,589 [INFO] PluginManage:359 - Loaded plugin ddr (category:tool,tabindex:6)
2023-11-29 09:36:16,589 [INFO] PluginManage:310 - Check plugin filemanager
2023-11-29 09:36:16,829 [INFO] PluginManage:359 - Loaded plugin filemanager (category:base,tabindex:10)
2023-11-29 09:36:16,829 [INFO] PluginManage:310 - Check plugin ipmanager
2023-11-29 09:36:16,838 [INFO] PluginManage:359 - Loaded plugin ipmanager (category:base,tabindex:5)
2023-11-29 09:36:16,838 [INFO] PluginManage:310 - Check plugin lpbam
2023-11-29 09:36:16,872 [INFO] PluginManage:359 - Loaded plugin lpbam (category:base,tabindex:0)
2023-11-29 09:36:16,872 [INFO] PluginManage:310 - Check plugin memorymap
2023-11-29 09:36:16,913 [INFO] PluginManage:359 - Loaded plugin memorymap (category:base,tabindex:4)
2023-11-29 09:36:16,913 [INFO] PluginManage:310 - Check plugin pinoutandconfiguration
2023-11-29 09:36:16,946 [INFO] PluginManage:359 - Loaded plugin pinoutandconfiguration (category:base,tabindex:1)
2023-11-29 09:36:16,946 [INFO] PluginManage:310 - Check plugin pinoutconfig
2023-11-29 09:36:17,073 [WARN] SupportedApi:132 - Cannot load RTOS API schema: s4s-elt-must-match.1: The content of 'definitions' must match (annotation?, (simpleType | complexType)?, (unique | key | keyref)*)). A problem was found starting at: attribute.
2023-11-29 09:36:17,205 [INFO] PluginManage:359 - Loaded plugin pinoutconfig (category:base,tabindex:0)
2023-11-29 09:36:17,205 [INFO] PluginManage:310 - Check plugin power
2023-11-29 09:36:17,257 [INFO] PluginManage:359 - Loaded plugin power (category:power,tabindex:4)
2023-11-29 09:36:17,257 [INFO] PluginManage:310 - Check plugin projectmanager
2023-11-29 09:36:17,269 [INFO] PluginManage:359 - Loaded plugin projectmanager (category:projectmanager,tabindex:3)
2023-11-29 09:36:17,269 [INFO] PluginManage:310 - Check plugin thirdparty
2023-11-29 09:36:17,837 [INFO] PluginManage:359 - Loaded plugin thirdparty (category:base,tabindex:-1)
2023-11-29 09:36:17,836 [WARN] IntegrityCheckThread:84 - waiting for thirdparty lock release [integrity check]
2023-11-29 09:36:17,837 [INFO] PluginManage:310 - Check plugin tools
2023-11-29 09:36:17,837 [INFO] IntegrityCheckThread:86 - entering critical section [integrity check]
2023-11-29 09:36:17,837 [INFO] ThirdPartyUpdaterWithRetryManager:70 - Updater plugin not ready yet. [1/15]
2023-11-29 09:36:17,873 [INFO] PluginManage:359 - Loaded plugin tools (category:base,tabindex:7)
2023-11-29 09:36:17,873 [INFO] PluginManage:310 - Check plugin tutovideos
2023-11-29 09:36:18,108 [INFO] PluginManage:359 - Loaded plugin tutovideos (category:base,tabindex:-1)
2023-11-29 09:36:18,108 [INFO] PluginManage:310 - Check plugin updater
2023-11-29 09:36:18,161 [INFO] PluginManage:359 - Loaded plugin updater (category:base,tabindex:12)
2023-11-29 09:36:18,161 [INFO] PluginManage:310 - Check plugin userauth
2023-11-29 09:36:18,187 [INFO] UserAuth:113 - Init User Auth plugin
2023-11-29 09:36:18,187 [INFO] PluginManage:359 - Loaded plugin userauth (category:base,tabindex:14)
2023-11-29 09:36:18,187 [INFO] PluginManage:283 - PluginManage : Loaded plugins [17]
2023-11-29 09:36:18,629 [INFO] PinOutPanel:1499 - setPackage(No Configuration,No Configuration)
2023-11-29 09:36:18,819 [INFO] CADModel:165 - CPN selected for project level
2023-11-29 09:36:18,821 [INFO] CADModel:114 - Register for checkConnection events
2023-11-29 09:36:18,885 [INFO] IPUIPlugin:80 - create IPUIPlugin
2023-11-29 09:36:18,886 [INFO] PluginManager:220 - loadIPPluginJar : add adc
2023-11-29 09:36:18,911 [INFO] IPUIPlugin:80 - create IPUIPlugin
2023-11-29 09:36:18,911 [INFO] PluginManager:220 - loadIPPluginJar : add aes
2023-11-29 09:36:18,974 [INFO] IPUIPlugin:80 - create IPUIPlugin
2023-11-29 09:36:18,974 [INFO] PluginManager:220 - loadIPPluginJar : add can
2023-11-29 09:36:18,996 [INFO] IPUIPlugin:80 - create IPUIPlugin
2023-11-29 09:36:18,997 [INFO] PluginManager:220 - loadIPPluginJar : add comp
2023-11-29 09:36:19,020 [INFO] IPUIPlugin:80 - create IPUIPlugin
2023-11-29 09:36:19,020 [INFO] PluginManager:220 - loadIPPluginJar : add cryp
2023-11-29 09:36:19,054 [INFO] IPUIPlugin:80 - create IPUIPlugin
2023-11-29 09:36:19,054 [INFO] PluginManager:220 - loadIPPluginJar : add dfsdm
2023-11-29 09:36:19,107 [INFO] IPUIPlugin:80 - create IPUIPlugin
2023-11-29 09:36:19,108 [INFO] PluginManager:220 - loadIPPluginJar : add dma
2023-11-29 09:36:19,138 [INFO] IPUIPlugin:80 - create IPUIPlugin
2023-11-29 09:36:19,138 [INFO] PluginManager:220 - loadIPPluginJar : add dma3
2023-11-29 09:36:19,161 [INFO] IPUIPlugin:80 - create IPUIPlugin
2023-11-29 09:36:19,161 [INFO] PluginManager:220 - loadIPPluginJar : add fatfs
2023-11-29 09:36:19,195 [INFO] IPUIPlugin:80 - create IPUIPlugin
2023-11-29 09:36:19,195 [INFO] PluginManager:220 - loadIPPluginJar : add fmc
2023-11-29 09:36:19,237 [INFO] IPUIPlugin:80 - create IPUIPlugin
2023-11-29 09:36:19,237 [INFO] PluginManager:220 - loadIPPluginJar : add freertos
2023-11-29 09:36:19,252 [INFO] IPUIPlugin:80 - create IPUIPlugin
2023-11-29 09:36:19,252 [INFO] PluginManager:220 - loadIPPluginJar : add genericplugin
2023-11-29 09:36:19,314 [INFO] IPUIPlugin:80 - create IPUIPlugin
2023-11-29 09:36:19,315 [INFO] PluginManager:220 - loadIPPluginJar : add gfxmmu
2023-11-29 09:36:19,401 [INFO] IPUIPlugin:80 - create IPUIPlugin
2023-11-29 09:36:19,401 [INFO] PluginManager:220 - loadIPPluginJar : add gic
2023-11-29 09:36:19,428 [INFO] IPUIPlugin:80 - create IPUIPlugin
2023-11-29 09:36:19,428 [INFO] PluginManager:220 - loadIPPluginJar : add gpio
2023-11-29 09:36:19,493 [INFO] IPUIPlugin:80 - create IPUIPlugin
2023-11-29 09:36:19,493 [INFO] PluginManager:220 - loadIPPluginJar : add gtzc
2023-11-29 09:36:19,518 [INFO] IPUIPlugin:80 - create IPUIPlugin
2023-11-29 09:36:19,519 [INFO] PluginManager:220 - loadIPPluginJar : add hash
2023-11-29 09:36:19,552 [INFO] IPUIPlugin:80 - create IPUIPlugin
2023-11-29 09:36:19,552 [INFO] PluginManager:220 - loadIPPluginJar : add i2c
2023-11-29 09:36:19,589 [INFO] IPUIPlugin:80 - create IPUIPlugin
2023-11-29 09:36:19,589 [INFO] PluginManager:220 - loadIPPluginJar : add i2s
2023-11-29 09:36:19,617 [INFO] IPUIPlugin:80 - create IPUIPlugin
2023-11-29 09:36:19,617 [INFO] PluginManager:220 - loadIPPluginJar : add i3c
2023-11-29 09:36:19,715 [INFO] IPUIPlugin:80 - create IPUIPlugin
2023-11-29 09:36:19,715 [INFO] PluginManager:220 - loadIPPluginJar : add ipddr
2023-11-29 09:36:19,779 [INFO] IPUIPlugin:80 - create IPUIPlugin
2023-11-29 09:36:19,779 [INFO] PluginManager:220 - loadIPPluginJar : add linkedlist
2023-11-29 09:36:19,819 [INFO] IPUIPlugin:80 - create IPUIPlugin
2023-11-29 09:36:19,819 [INFO] PluginManager:220 - loadIPPluginJar : add lorawan
2023-11-29 09:36:19,844 [INFO] IPUIPlugin:80 - create IPUIPlugin
2023-11-29 09:36:19,844 [INFO] PluginManager:220 - loadIPPluginJar : add ltdc
2023-11-29 09:36:19,857 [INFO] IPUIPlugin:80 - create IPUIPlugin
2023-11-29 09:36:19,857 [INFO] PluginManager:220 - loadIPPluginJar : add mdma
2023-11-29 09:36:19,868 [INFO] IPUIPlugin:80 - create IPUIPlugin
2023-11-29 09:36:19,868 [INFO] PluginManager:220 - loadIPPluginJar : add nvic
2023-11-29 09:36:19,898 [INFO] IPUIPlugin:80 - create IPUIPlugin
2023-11-29 09:36:19,898 [INFO] PluginManager:220 - loadIPPluginJar : add opamp
2023-11-29 09:36:19,943 [INFO] IPUIPlugin:80 - create IPUIPlugin
2023-11-29 09:36:19,943 [INFO] PluginManager:220 - loadIPPluginJar : add openamp
2023-11-29 09:36:19,972 [INFO] IPUIPlugin:80 - create IPUIPlugin
2023-11-29 09:36:19,973 [INFO] PluginManager:220 - loadIPPluginJar : add pdm2pcm
2023-11-29 09:36:19,985 [INFO] IPUIPlugin:80 - create IPUIPlugin
2023-11-29 09:36:19,986 [INFO] PluginManager:220 - loadIPPluginJar : add plateformsettings
2023-11-29 09:36:20,009 [INFO] IPUIPlugin:80 - create IPUIPlugin
2023-11-29 09:36:20,009 [INFO] PluginManager:220 - loadIPPluginJar : add quadspi
2023-11-29 09:36:20,020 [INFO] IPUIPlugin:80 - create IPUIPlugin
2023-11-29 09:36:20,020 [INFO] PluginManager:220 - loadIPPluginJar : add resmgrutility
2023-11-29 09:36:20,054 [INFO] IPUIPlugin:80 - create IPUIPlugin
2023-11-29 09:36:20,054 [INFO] PluginManager:220 - loadIPPluginJar : add sai
2023-11-29 09:36:20,080 [INFO] IPUIPlugin:80 - create IPUIPlugin
2023-11-29 09:36:20,080 [INFO] PluginManager:220 - loadIPPluginJar : add spi
2023-11-29 09:36:20,134 [INFO] IPUIPlugin:80 - create IPUIPlugin
2023-11-29 09:36:20,134 [INFO] PluginManager:220 - loadIPPluginJar : add stm32_wpan
2023-11-29 09:36:20,151 [INFO] IPUIPlugin:80 - create IPUIPlugin
2023-11-29 09:36:20,151 [INFO] PluginManager:220 - loadIPPluginJar : add tim
2023-11-29 09:36:20,189 [INFO] IPUIPlugin:80 - create IPUIPlugin
2023-11-29 09:36:20,189 [INFO] PluginManager:220 - loadIPPluginJar : add touchsensing
2023-11-29 09:36:20,206 [INFO] IPUIPlugin:80 - create IPUIPlugin
2023-11-29 09:36:20,207 [INFO] PluginManager:220 - loadIPPluginJar : add tracer_emb
2023-11-29 09:36:20,230 [INFO] IPUIPlugin:80 - create IPUIPlugin
2023-11-29 09:36:20,230 [INFO] PluginManager:220 - loadIPPluginJar : add ts
2023-11-29 09:36:20,247 [INFO] IPUIPlugin:80 - create IPUIPlugin
2023-11-29 09:36:20,247 [INFO] PluginManager:220 - loadIPPluginJar : add tsc
2023-11-29 09:36:20,263 [INFO] IPUIPlugin:80 - create IPUIPlugin
2023-11-29 09:36:20,264 [INFO] PluginManager:220 - loadIPPluginJar : add ucpd
2023-11-29 09:36:20,293 [INFO] IPUIPlugin:80 - create IPUIPlugin
2023-11-29 09:36:20,293 [INFO] PluginManager:220 - loadIPPluginJar : add usart
2023-11-29 09:36:20,333 [INFO] IPUIPlugin:80 - create IPUIPlugin
2023-11-29 09:36:20,333 [INFO] PluginManager:220 - loadIPPluginJar : add usbx
2023-11-29 09:36:20,462 [INFO] CADModel:165 - CPN selected for project level
2023-11-29 09:36:20,462 [INFO] CADModel:114 - Register for checkConnection events
2023-11-29 09:36:20,462 [FATAL] Updater:308 - Updater called before beeing initialized
2023-11-29 09:36:20,462 [ERROR] CADModel:125 - Updater not yet initialized, retry later 
2023-11-29 09:36:20,727 [INFO] CADModel:165 - CPN selected for project level
2023-11-29 09:36:20,728 [INFO] CADModel:114 - Register for checkConnection events
2023-11-29 09:36:20,728 [FATAL] Updater:308 - Updater called before beeing initialized
2023-11-29 09:36:20,728 [ERROR] CADModel:125 - Updater not yet initialized, retry later 
2023-11-29 09:36:20,731 [FATAL] Updater:308 - Updater called before beeing initialized
2023-11-29 09:36:20,832 [FATAL] Updater:308 - Updater called before beeing initialized
2023-11-29 09:36:20,839 [INFO] ThirdPartyUpdaterWithRetryManager:70 - Updater plugin not ready yet. [2/15]
2023-11-29 09:36:20,845 [INFO] DbMcusAds:53 - JSON generation date=Tue Mar 07 15:50:55 ICT 2023 (1678179055335)
2023-11-29 09:36:20,845 [FATAL] Updater:308 - Updater called before beeing initialized
2023-11-29 09:36:20,975 [WARN] DetailPanel:346 - Failed to get advertising image, set to default
2023-11-29 09:36:21,062 [FATAL] Updater:308 - Updater called before beeing initialized
2023-11-29 09:36:21,066 [FATAL] Updater:308 - Updater called before beeing initialized
2023-11-29 09:36:21,066 [FATAL] Updater:308 - Updater called before beeing initialized
2023-11-29 09:36:21,066 [WARN] DetailPanel:346 - Failed to get advertising image, set to default
2023-11-29 09:36:21,067 [FATAL] Updater:308 - Updater called before beeing initialized
2023-11-29 09:36:21,272 [ERROR] Updater:1120 - MainUpdater not yet initialized. External WinMGr cannot be set.
2023-11-29 09:36:21,292 [INFO] Updater:1056 - Updater Version found : 6.9.2
2023-11-29 09:36:21,325 [INFO] ApplicationProperties:184 - Using Application install path: E:\stm cube\STM32CubeIDE_1.13.2\STM32CubeIDE\plugins\com.st.stm32cube.common.mx_6.9.2.202309101412
2023-11-29 09:36:21,542 [INFO] MainUpdater:2868 - connection check result : 10
2023-11-29 09:36:21,542 [INFO] MainUpdater:3562 - Updater definition file requires update
2023-11-29 09:36:21,543 [INFO] MainUpdater:285 - Updater Check For Update Now.
2023-11-29 09:36:21,543 [INFO] MicroXplorer:498 - Change Database Version : DB.6.0.92
2023-11-29 09:36:21,593 [INFO] McuFinderGlobals:63 - Set McuFinder mode to 2 (CubeIDE integrated)
2023-11-29 09:36:21,643 [INFO] ServerAccessManage:473 - Download File updaters.zip
2023-11-29 09:36:21,784 [INFO] FileExtend:240 - Unzip File : updaters.zip
2023-11-29 09:36:21,784 [INFO] FileExtend:255 - Standard Zip Deflate
2023-11-29 09:36:22,377 [INFO] ServerAccessManage:473 - Download File PacksControlFlags.xml
2023-11-29 09:36:22,442 [INFO] ServerAccessManage:473 - Download File cubemx.pidx
2023-11-29 09:36:22,553 [INFO] LoadServerUpdatesThread:373 - End of LoadServerUpdate Thread
2023-11-29 09:36:22,698 [INFO] CheckServerUpdateThread:120 - End of CheckServer Thread
2023-11-29 09:36:24,038 [WARN] PackLoader:240 - Cannot read IP mode file for STMicroelectronics.X-CUBE-SMBUS.2.1.0
2023-11-29 09:36:24,060 [WARN] PackLoader:240 - Cannot read IP mode file for STMicroelectronics.X-CUBE-AZRTOS-F7.1.1.0
2023-11-29 09:36:24,069 [WARN] PackLoader:240 - Cannot read IP mode file for STMicroelectronics.FP-SNS-MOTENV1.4.3.2
2023-11-29 09:36:24,076 [WARN] PackLoader:240 - Cannot read IP mode file for STMicroelectronics.FP-SNS-FLIGHT1.5.0.2
2023-11-29 09:36:24,083 [WARN] PackLoader:240 - Cannot read IP mode file for STMicroelectronics.X-CUBE-DISPLAY.3.0.0
2023-11-29 09:36:24,095 [WARN] PackLoader:240 - Cannot read IP mode file for STMicroelectronics.X-CUBE-BLE1.7.0.0
2023-11-29 09:36:24,101 [WARN] PackLoader:240 - Cannot read IP mode file for emotas.I-CUBE-CANOPEN.1.3.0
2023-11-29 09:36:24,107 [WARN] PackLoader:240 - Cannot read IP mode file for STMicroelectronics.X-CUBE-TOUCHGFX.4.22.1
2023-11-29 09:36:24,112 [WARN] PackLoader:240 - Cannot read IP mode file for STMicroelectronics.FP-SNS-SMARTAG2.1.2.0
2023-11-29 09:36:24,119 [INFO] LogOutputStream:77 - [STDOUT_REDIRECT] 1 : Invalid condition id : UX_CORESTACK_Condition cause : null
2023-11-29 09:36:24,120 [INFO] LogOutputStream:77 - [STDOUT_REDIRECT] 1 : Invalid condition id : UX_CORESTACK_Condition cause : null
2023-11-29 09:36:24,121 [INFO] LogOutputStream:77 - [STDOUT_REDIRECT] 1 : Invalid condition id : UX_CORESTACK_Condition cause : null
2023-11-29 09:36:24,122 [INFO] LogOutputStream:77 - [STDOUT_REDIRECT] 1 : Invalid condition id : UX_CORESTACK_Condition cause : null
2023-11-29 09:36:24,123 [INFO] LogOutputStream:77 - [STDOUT_REDIRECT] 1 : Invalid condition id : UX_CORESTACK_Condition cause : null
2023-11-29 09:36:24,127 [WARN] PackLoader:240 - Cannot read IP mode file for STMicroelectronics.X-CUBE-AZRTOS-WL.2.0.0
2023-11-29 09:36:24,140 [WARN] PackLoader:240 - Cannot read IP mode file for WES.I-CUBE-Cesium.1.3.0
2023-11-29 09:36:24,143 [WARN] PackLoader:240 - Cannot read IP mode file for STMicroelectronics.X-CUBE-BLE2.3.3.0
2023-11-29 09:36:24,149 [WARN] PackLoader:240 - Cannot read IP mode file for STMicroelectronics.X-CUBE-ALGOBUILD.1.3.0
2023-11-29 09:36:24,160 [WARN] PackLoader:240 - Cannot read IP mode file for STMicroelectronics.X-CUBE-AZRTOS-G0.1.1.0
2023-11-29 09:36:24,173 [WARN] PackLoader:240 - Cannot read IP mode file for STMicroelectronics.X-CUBE-NFC4.3.0.0
2023-11-29 09:36:24,182 [WARN] PackLoader:240 - Cannot read IP mode file for STMicroelectronics.X-CUBE-BLEMGR.3.0.0
2023-11-29 09:36:24,188 [WARN] PackLoader:240 - Cannot read IP mode file for STMicroelectronics.FP-ATR-SIGFOX1.3.2.0
2023-11-29 09:36:24,212 [WARN] PackLoader:240 - Cannot read IP mode file for SEGGER.I-CUBE-embOS.1.3.1
2023-11-29 09:36:24,240 [WARN] PackLoader:240 - Cannot read IP mode file for STMicroelectronics.X-CUBE-GNSS1.6.0.0
2023-11-29 09:36:24,255 [WARN] PackLoader:240 - Cannot read IP mode file for STMicroelectronics.X-CUBE-AZRTOS-F4.1.1.0
2023-11-29 09:36:24,264 [WARN] PackLoader:240 - Cannot read IP mode file for wolfSSL.I-CUBE-wolfSSL.5.6.3
2023-11-29 09:36:24,277 [WARN] PackLoader:240 - Cannot read IP mode file for STMicroelectronics.X-CUBE-AZRTOS-L5.2.0.0
2023-11-29 09:36:24,305 [WARN] PackLoader:240 - Cannot read IP mode file for STMicroelectronics.X-CUBE-MEMS1.9.6.0
2023-11-29 09:36:24,458 [WARN] PackLoader:240 - Cannot read IP mode file for STMicroelectronics.X-CUBE-EEPRMA1.4.2.0
2023-11-29 09:36:24,465 [WARN] PackLoader:240 - Cannot read IP mode file for ITTIA_DB.I-CUBE-ITTIADB.8.8.0
2023-11-29 09:36:24,472 [WARN] PackLoader:240 - Cannot read IP mode file for STMicroelectronics.X-CUBE-BLEMGR.2.0.0
2023-11-29 09:36:24,485 [WARN] ConditionMgr:438 - getConditionDescription Invalid condition id : UX DEVICE CLASS RTOS Condition cause : null
2023-11-29 09:36:24,485 [WARN] ConditionMgr:438 - getConditionDescription Invalid condition id : UX DEVICE CLASS RTOS Condition cause : null
2023-11-29 09:36:24,487 [WARN] PackLoader:240 - Cannot read IP mode file for STMicroelectronics.X-CUBE-AZRTOS-H7.3.1.0
2023-11-29 09:36:24,488 [WARN] ConditionMgr:1039 - genDependencies : Invalid condition id : UX DEVICE CLASS RTOS Condition cause : null
2023-11-29 09:36:24,489 [WARN] ConditionMgr:1039 - genDependencies : Invalid condition id : UX DEVICE CLASS RTOS Condition cause : null
2023-11-29 09:36:24,489 [WARN] ConditionMgr:1039 - genDependencies : Invalid condition id : UX DEVICE CLASS RTOS Condition cause : null
2023-11-29 09:36:24,489 [WARN] ConditionMgr:1039 - genDependencies : Invalid condition id : UX DEVICE CLASS RTOS Condition cause : null
2023-11-29 09:36:24,490 [WARN] ConditionMgr:1039 - genDependencies : Invalid condition id : UX DEVICE CLASS RTOS Condition cause : null
2023-11-29 09:36:24,496 [WARN] PackLoader:240 - Cannot read IP mode file for STMicroelectronics.X-CUBE-NFC7.1.0.1
2023-11-29 09:36:24,504 [WARN] PackLoader:240 - Cannot read IP mode file for STMicroelectronics.X-CUBE-NFC6.3.0.0
2023-11-29 09:36:24,511 [WARN] PackLoader:240 - Cannot read IP mode file for STMicroelectronics.X-CUBE-EEPRMA1.4.1.0
2023-11-29 09:36:24,516 [WARN] PackLoader:240 - Cannot read IP mode file for STMicroelectronics.X-CUBE-AI.8.1.0
2023-11-29 09:36:24,529 [WARN] ConditionMgr:438 - getConditionDescription Invalid condition id : LAN8742 Phy interface Condition cause : null
2023-11-29 09:36:24,530 [WARN] PackLoader:240 - Cannot read IP mode file for STMicroelectronics.X-CUBE-AZRTOS-L4.2.0.0
2023-11-29 09:36:24,531 [WARN] ConditionMgr:1039 - genDependencies : Invalid condition id : LAN8742 Phy interface Condition cause : null
2023-11-29 09:36:24,531 [WARN] ConditionMgr:1039 - genDependencies : Invalid condition id : LAN8742 Phy interface Condition cause : null
2023-11-29 09:36:24,531 [WARN] ConditionMgr:1039 - genDependencies : Invalid condition id : LAN8742 Phy interface Condition cause : null
2023-11-29 09:36:24,537 [WARN] PackLoader:240 - Cannot read IP mode file for STMicroelectronics.X-CUBE-SFXS2LP1.4.0.0
2023-11-29 09:36:24,542 [WARN] PackLoader:240 - Cannot read IP mode file for STMicroelectronics.X-CUBE-ISPU.1.1.0
2023-11-29 09:36:24,553 [WARN] ConditionMgr:438 - getConditionDescription Invalid condition id : UX DEVICE CLASS RTOS Condition cause : null
2023-11-29 09:36:24,553 [WARN] ConditionMgr:438 - getConditionDescription Invalid condition id : UX DEVICE CLASS RTOS Condition cause : null
2023-11-29 09:36:24,555 [WARN] PackLoader:240 - Cannot read IP mode file for STMicroelectronics.X-CUBE-AZRTOS-WB.2.0.0
2023-11-29 09:36:24,555 [WARN] ConditionMgr:1039 - genDependencies : Invalid condition id : UX DEVICE CLASS RTOS Condition cause : null
2023-11-29 09:36:24,556 [WARN] ConditionMgr:1039 - genDependencies : Invalid condition id : UX DEVICE CLASS RTOS Condition cause : null
2023-11-29 09:36:24,556 [WARN] ConditionMgr:1039 - genDependencies : Invalid condition id : UX DEVICE CLASS RTOS Condition cause : null
2023-11-29 09:36:24,556 [WARN] ConditionMgr:1039 - genDependencies : Invalid condition id : UX DEVICE CLASS RTOS Condition cause : null
2023-11-29 09:36:24,556 [WARN] ConditionMgr:1039 - genDependencies : Invalid condition id : UX DEVICE CLASS RTOS Condition cause : null
2023-11-29 09:36:24,565 [WARN] PackLoader:240 - Cannot read IP mode file for STMicroelectronics.X-CUBE-SUBG2.5.0.0
2023-11-29 09:36:24,578 [WARN] PackLoader:240 - Cannot read IP mode file for STMicroelectronics.X-CUBE-TOF1.3.3.1
2023-11-29 09:36:24,599 [WARN] PackLoader:240 - Cannot read IP mode file for STMicroelectronics.X-CUBE-AZRTOS-G4.2.0.0
2023-11-29 09:36:24,613 [WARN] PackLoader:240 - Cannot read IP mode file for Infineon.AIROC-Wi-Fi-Bluetooth-STM32.1.5.1
2023-11-29 09:36:24,620 [WARN] PackLoader:240 - Cannot read IP mode file for STMicroelectronics.FP-SNS-MOTENVWB1.1.3.0
2023-11-29 09:36:24,655 [WARN] PackLoader:240 - Cannot read IP mode file for STMicroelectronics.X-CUBE-MEMS1.10.0.0
2023-11-29 09:36:24,735 [WARN] PackLoader:240 - Cannot read IP mode file for STMicroelectronics.X-CUBE-FREERTOS.1.1.0
2023-11-29 09:36:24,741 [WARN] PackLoader:240 - Cannot read IP mode file for portGmbH.I-Cube-SoM-uGOAL.1.1.0
2023-11-29 09:36:24,746 [WARN] PackLoader:240 - Cannot read IP mode file for STMicroelectronics.X-CUBE-ALS.1.0.1
2023-11-29 09:36:24,751 [WARN] PackLoader:240 - Cannot read IP mode file for STMicroelectronics.FP-ATR-ASTRA1.2.0.0
2023-11-29 09:36:24,758 [WARN] PackLoader:240 - Cannot read IP mode file for STMicroelectronics.X-CUBE-TOF1.3.4.0
2023-11-29 09:36:24,765 [INFO] ThirdParty:978 - Integrity check success = true
2023-11-29 09:36:24,765 [INFO] IntegrityCheckThread:100 - exiting critical section [integrity check]
2023-11-29 09:36:24,765 [INFO] IntegrityCheckThread:103 - End integrity checks thread
2023-11-29 09:36:43,280 [ERROR] LogOutputStream:75 - [STDERR_REDIRECT] SLF4J: Failed to load class "org.slf4j.impl.StaticLoggerBinder".
2023-11-29 09:36:43,281 [ERROR] LogOutputStream:75 - [STDERR_REDIRECT] SLF4J: Defaulting to no-operation (NOP) logger implementation
2023-11-29 09:36:43,282 [ERROR] LogOutputStream:75 - [STDERR_REDIRECT] SLF4J: See http://www.slf4j.org/codes.html#StaticLoggerBinder for further details.
2023-11-29 09:37:56,252 [INFO] McuFinderGlobals:63 - Set McuFinder mode to 2 (CubeIDE integrated)
2023-11-29 09:37:56,301 [INFO] MainUpdater:2868 - connection check result : 10
2023-11-29 09:37:56,318 [INFO] MainUpdater:2868 - connection check result : 10
2023-11-29 09:37:56,756 [INFO] MicroXplorer:468 - Change Database Path : 
2023-11-29 09:37:56,756 [INFO] MicroXplorer:498 - Change Database Version : DB.6.0.92
2023-11-29 09:37:56,773 [WARN] ThirdParty:871 - waiting for thirdparty lock release [close project]
2023-11-29 09:37:56,773 [INFO] ThirdParty:873 - entering critical section [close project]
2023-11-29 09:37:56,774 [INFO] ThirdParty:883 - exiting critical section [close project]
2023-11-29 09:37:56,775 [INFO] PinOutPanel:1499 - setPackage(No Configuration,No Configuration)
2023-11-29 09:37:56,781 [INFO] UtilMem:75 - Begin LoadConfig() Used Memory: 453338360 Bytes (743440384)
2023-11-29 09:37:56,783 [INFO] MicroXplorer:468 - Change Database Path : 
2023-11-29 09:37:56,783 [INFO] MicroXplorer:498 - Change Database Version : DB.6.0.92
2023-11-29 09:37:56,783 [INFO] OpenFileManager:308 - Change cursor
2023-11-29 09:37:56,932 [INFO] Mcu:1946 - Initializing MCU STM32G474R(B-C-E)Tx STM32G474RETx STM32G474RET6
2023-11-29 09:38:01,879 [INFO] Context:659 - Trying to add GPIOservice into a context  which must be forbidden
2023-11-29 09:38:03,574 [INFO] RtosManager:555 - Registered RTOS mode: class=CMSIS, group=RTOS, mode=CMSIS_V1, owner=FREERTOS
2023-11-29 09:38:03,574 [INFO] RtosManager:555 - Registered RTOS mode: class=CMSIS, group=RTOS2, mode=CMSIS_V2, owner=FREERTOS
2023-11-29 09:38:03,574 [INFO] RtosManager:555 - Registered RTOS mode: class=RTOS, group=Core, mode=CMSIS_V1, owner=FREERTOS
2023-11-29 09:38:03,574 [INFO] RtosManager:555 - Registered RTOS mode: class=RTOS, group=Core, mode=CMSIS_V2, owner=FREERTOS
2023-11-29 09:38:03,575 [WARN] ModelIntegratedComponent:184 - Missing modes for component STMicroelectronics:FreeRTOS:0.0.1:STMicroelectronics:RTOS:FreeRTOS:Core:::10.2.0:
2023-11-29 09:38:03,588 [WARN] ModelIntegratedComponent:63 - No mode defined for component null
2023-11-29 09:38:03,588 [WARN] ModelIntegratedComponent:63 - No mode defined for component null
2023-11-29 09:38:03,588 [WARN] ModelIntegratedComponent:63 - No mode defined for component null
2023-11-29 09:38:03,588 [WARN] ModelIntegratedComponent:63 - No mode defined for component null
2023-11-29 09:38:03,588 [WARN] ModelIntegratedComponent:63 - No mode defined for component null
2023-11-29 09:38:03,589 [WARN] ModelIntegratedComponent:63 - No mode defined for component null
2023-11-29 09:38:03,589 [WARN] ModelIntegratedComponent:63 - No mode defined for component null
2023-11-29 09:38:03,589 [WARN] ModelIntegratedComponent:63 - No mode defined for component null
2023-11-29 09:38:03,589 [WARN] ModelIntegratedComponent:63 - No mode defined for component null
2023-11-29 09:38:03,589 [WARN] ModelIntegratedComponent:63 - No mode defined for component null
2023-11-29 09:38:03,589 [WARN] ModelIntegratedComponent:63 - No mode defined for component null
2023-11-29 09:38:03,589 [WARN] ModelIntegratedComponent:63 - No mode defined for component null
2023-11-29 09:38:03,589 [WARN] ModelIntegratedComponent:63 - No mode defined for component null
2023-11-29 09:38:03,589 [WARN] ModelIntegratedComponent:63 - No mode defined for component null
2023-11-29 09:38:03,589 [WARN] ModelIntegratedComponent:63 - No mode defined for component null
2023-11-29 09:38:03,589 [WARN] ModelIntegratedComponent:63 - No mode defined for component null
2023-11-29 09:38:03,589 [WARN] ModelIntegratedComponent:63 - No mode defined for component null
2023-11-29 09:38:03,589 [WARN] ModelIntegratedComponent:63 - No mode defined for component null
2023-11-29 09:38:03,589 [WARN] ModelIntegratedComponent:63 - No mode defined for component null
2023-11-29 09:38:03,589 [WARN] ModelIntegratedComponent:63 - No mode defined for component null
2023-11-29 09:38:03,589 [WARN] ModelIntegratedComponent:63 - No mode defined for component null
2023-11-29 09:38:03,589 [WARN] ModelIntegratedComponent:63 - No mode defined for component null
2023-11-29 09:38:03,589 [WARN] ModelIntegratedComponent:63 - No mode defined for component null
2023-11-29 09:38:03,589 [WARN] ModelIntegratedComponent:63 - No mode defined for component null
2023-11-29 09:38:03,589 [WARN] ModelIntegratedComponent:63 - No mode defined for component null
2023-11-29 09:38:03,589 [WARN] ModelIntegratedComponent:63 - No mode defined for component null
2023-11-29 09:38:03,589 [WARN] ModelIntegratedComponent:63 - No mode defined for component null
2023-11-29 09:38:03,589 [WARN] ModelIntegratedComponent:63 - No mode defined for component null
2023-11-29 09:38:03,589 [WARN] ModelIntegratedComponent:63 - No mode defined for component null
2023-11-29 09:38:03,589 [WARN] ModelIntegratedComponent:63 - No mode defined for component null
2023-11-29 09:38:03,590 [WARN] ModelIntegratedComponent:63 - No mode defined for component null
2023-11-29 09:38:03,590 [WARN] ModelIntegratedComponent:63 - No mode defined for component null
2023-11-29 09:38:03,590 [WARN] ModelIntegratedComponent:63 - No mode defined for component null
2023-11-29 09:38:03,656 [INFO] ThirdPartyModel:298 - Start build external matchings
2023-11-29 09:38:04,042 [INFO] ThirdPartyModel:316 - End build external matchings
2023-11-29 09:38:04,059 [INFO] ImportTextPane:194 - (OptionalMessage_ERROR) IP (ADC1) : Parameter (CommonPathInternal) has invalid value (null|null|null|null)
2023-11-29 09:38:04,062 [INFO] ImportTextPane:194 - (OptionalMessage_ERROR) IP (RCC) : Invalid parameter (FamilyName)
2023-11-29 09:38:04,064 [INFO] ImportTextPane:194 - (OptionalMessage_ERROR) IP (RCC) : Parameter (RNGFreq_Value) has invalid value (170000000)
2023-11-29 09:38:04,064 [INFO] ImportTextPane:194 - (OptionalMessage_ERROR) IP (RCC) : Parameter (USBFreq_Value) has invalid value (170000000)
2023-11-29 09:38:04,480 [INFO] UtilMem:75 - End LoadConfig() Used Memory: 484603520 Bytes (1073741824)
2023-11-29 09:38:04,670 [INFO] ApiDb:581 - Connected to CubeFinder SQLite database (C:\Users\bcc35\.stmcufinder\plugins\mcufinder\mcu\cube-finder-db.db)
2023-11-29 09:38:04,770 [INFO] ApiDb:668 - CubeFinder database Data Model version=2.1
2023-11-29 09:38:04,770 [INFO] ApiDb:669 - CubeFinder database Configuration version=3.0.37
2023-11-29 09:38:04,770 [INFO] ApiDb:670 - CubeFinder database generation date=2023-10-13 (1697197505)
2023-11-29 09:38:04,770 [INFO] ApiDb:671 - CubeFinder database FW Pack versions=[FP-ATR-ASTRA1_V2.0.0, FP-SNS-FLIGHT1_V5.0.1, FP-SNS-FLIGHT1_V5.0.2, FP-SNS-MOTENV1_V4.3.1, FP-SNS-MOTENV1_V4.3.2, FP-SNS-SMARTAG2_V1.2.0, I-CUBE-ITTIADB_V8.6.3-1, STM32Cube_FW_C0_V1.1.0, STM32Cube_FW_F4_V1.27.1, STM32Cube_FW_F7_V1.17.0, STM32Cube_FW_G0_V1.6.1, STM32Cube_FW_G4_V1.5.1, STM32Cube_FW_H5_V0.5.1, STM32Cube_FW_H5_V1.1.1, STM32Cube_FW_H7_V1.11.0, STM32Cube_FW_L0_V1.12.2, STM32Cube_FW_L5_V1.5.0, STM32Cube_FW_U5_V1.3.0, STM32Cube_FW_U5_V1.3.0RC4, STM32Cube_FW_WBA_V1.0.0RC1, STM32Cube_FW_WBA_V1.1.0RC1, STM32Cube_FW_WBA_V1.1.1, STM32Cube_FW_WB_V1.15.0RC1, STM32Cube_FW_WB_V1.16.0, STM32Cube_FW_WB_V1.16.0RC2, STM32Cube_FW_WB_V1.17.3, STM32Cube_FW_WL_V1.3.0, X-CUBE-ALGOBUILD_V1.3.0, X-CUBE-ALS_V1.0.1, X-CUBE-AZRTOS-F4_V1.1.0, X-CUBE-AZRTOS-F7_V1.1.0, X-CUBE-AZRTOS-G0_V1.1.0, X-CUBE-AZRTOS-G4_V2.0.0, X-CUBE-AZRTOS-H7_V3.1.0, X-CUBE-AZRTOS-L4_V1.0.0, X-CUBE-AZRTOS-L4_V2.0.0, X-CUBE-AZRTOS-L5_V1.1.0, X-CUBE-AZRTOS-WB_V2.0.0, X-CUBE-AZRTOS-WL_V2.0.0, X-CUBE-BLE1_V7.0.0, X-CUBE-BLE2_V3.3.0, X-CUBE-BLEMGR_V2.0.0, X-CUBE-EEPRMA1_V4.1.0, X-CUBE-FREERTOS_V1.1.0, X-CUBE-GNSS1_V6.0.0, X-CUBE-MEMS1_V10.0.0, X-CUBE-MEMS1_V9.1.0, X-CUBE-MEMS1_V9.4.0, X-CUBE-MEMS1_V9.6.0, X-CUBE-NFC4_V3.0.0, X-CUBE-NFC7_V1.0.1, X-CUBE-SFXS2LP1_V4.0.0, X-CUBE-SUBG2_V5.0.0, X-CUBE-TOF1_V3.3.1]
2023-11-29 09:38:06,604 [INFO] ApiDb:240 - Found 323 in-development CPN: [B-G473E-ZEST1S, B-WB1M-WPAN1, B-WL5M-SUBG1, NUCLEO-C031C6, NUCLEO-H503RB, NUCLEO-H563ZI, NUCLEO-U545RE-Q, NUCLEO-U5A5ZJ-Q, NUCLEO-WBA52CG, STEVAL-PROTEUS1, STEVAL-SMARTAG2, STEVAL-STWINBX1, STM320518-EVAL, STM32C0116-DK, STM32C011D6Y3TR, STM32C011D6Y6TR, STM32C011F4P3, STM32C011F4P6, STM32C011F4U3, STM32C011F4U6TR, STM32C011F6P3, STM32C011F6P6, STM32C011F6U3, STM32C011F6U6TR, STM32C011J4M3, STM32C011J4M6, STM32C011J6M3, STM32C011J6M6, STM32C0316-DK, STM32C031C4T3, STM32C031C4T6, STM32C031C4U3, STM32C031C4U6, STM32C031C6T3, STM32C031C6T6, STM32C031C6U3, STM32C031C6U6, STM32C031F4P3, STM32C031F4P6, STM32C031F6P3, STM32C031F6P6, STM32C031G4U3, STM32C031G4U6, STM32C031G6U3, STM32C031G6U6, STM32C031K4T3, STM32C031K4T6, STM32C031K4U3, STM32C031K4U6, STM32C031K6T3, STM32C031K6T6, STM32C031K6U3, STM32C031K6U6, STM32G071K8TXN, STM32G071K8UXN, STM32G081GBU6N, STM32G081KBT6N, STM32G081KBUXN, STM32G0B1CCT6N, STM32G0B1KCT6, STM32G0B1NEY6TR, STM32G0B1RCT6N, STM32G0C1CCT6, STM32G0C1CCT6N, STM32G0C1CCU6N, STM32G0C1CET6N, STM32G0C1CEU6N, STM32G0C1KCT6, STM32G0C1NEY6TR, STM32G0C1RCI6N, STM32G0C1RCT6N, STM32G0C1REI6N, STM32G0C1RET6N, STM32G0C1VCI6, STM32G0C1VEI6, STM32G471CCT6, STM32G471CCU6, STM32G471CET3, STM32G471CET6, STM32G471CEU3, STM32G471CEU6, STM32G471MCT6, STM32G471MET3, STM32G471MET6, STM32G471MEY6TR, STM32G471QCT6, STM32G471QET3, STM32G471RCT6, STM32G471RET3, STM32G471RET6, STM32G471VCH6, STM32G471VCI6, STM32G471VCT6, STM32G471VEH3, STM32G471VEH6, STM32G471VEI3, STM32G471VEI6, STM32G471VET3, STM32G471VET6, STM32G474CCT6, STM32H503CBT6, STM32H503CBU6, STM32H503EBY6TR, STM32H503KBU6, STM32H503RBT6, STM32H562AGI6, STM32H562AII6, STM32H562IGK6, STM32H562IGT6, STM32H562IIK6, STM32H562IIT6, STM32H562RGT6, STM32H562RGV6, STM32H562RIT6, STM32H562RIV6, STM32H562VGT6, STM32H562VIT6, STM32H562ZGT6, STM32H562ZIT6, STM32H563AGI6, STM32H563AII3Q, STM32H563AII6, STM32H563IGK6, STM32H563IGT6, STM32H563IIK3Q, STM32H563IIK6, STM32H563IIT3Q, STM32H563IIT6, STM32H563MIY3QTR, STM32H563RGT6, STM32H563RGV6, STM32H563RIT6, STM32H563RIV6, STM32H563VGT6, STM32H563VIT3Q, STM32H563VIT6, STM32H563ZGT6, STM32H563ZIT3Q, STM32H563ZIT6, STM32H573AII3Q, STM32H573AII6, STM32H573I-DK, STM32H573IIK3Q, STM32H573IIK6, STM32H573IIT3Q, STM32H573IIT6, STM32H573MIY3QTR, STM32H573RIT6, STM32H573RIV6, STM32H573VIT3Q, STM32H573VIT6, STM32H573ZIT3Q, STM32H573ZIT6, STM32L4R5QGI6STR, STM32MP131AAE3, STM32MP131AAF3, STM32MP131AAG3, STM32MP131CAE3, STM32MP131CAF3, STM32MP131CAG3, STM32MP131DAE7, STM32MP131DAF7, STM32MP131DAG7, STM32MP131FAE7, STM32MP131FAF7, STM32MP131FAG7, STM32MP133AAE3, STM32MP133AAF3, STM32MP133AAG3, STM32MP133CAE3, STM32MP133CAF3, STM32MP133CAG3, STM32MP133DAE7, STM32MP133DAF7, STM32MP133DAG7, STM32MP133FAE7, STM32MP133FAF7, STM32MP133FAG7, STM32MP135AAE3, STM32MP135AAF3, STM32MP135AAG3, STM32MP135CAE3, STM32MP135CAF3, STM32MP135CAG3, STM32MP135DAE7, STM32MP135DAF7, STM32MP135DAG7, STM32MP135F-DK, STM32MP135FAE7, STM32MP135FAF7, STM32MP135FAF7T, STM32MP135FAF7U, STM32MP135FAG7, STM32U535CBT6, STM32U535CBT6Q, STM32U535CBU6, STM32U535CBU6Q, STM32U535CCT6, STM32U535CCT6Q, STM32U535CCU6, STM32U535CCU6Q, STM32U535CET6, STM32U535CET6Q, STM32U535CEU6, STM32U535CEU6Q, STM32U535JEY6QTR, STM32U535NCY6QTR, STM32U535NEY6QTR, STM32U535RBI6, STM32U535RBI6Q, STM32U535RBT6, STM32U535RBT6Q, STM32U535RCI6, STM32U535RCI6Q, STM32U535RCT6, STM32U535RCT6Q, STM32U535REI6, STM32U535REI6Q, STM32U535RET6, STM32U535RET6Q, STM32U535VCI6, STM32U535VCI6Q, STM32U535VCT6, STM32U535VCT6Q, STM32U535VEI6, STM32U535VEI6Q, STM32U535VET6, STM32U535VET6Q, STM32U545CET6, STM32U545CET6Q, STM32U545CEU6, STM32U545CEU6Q, STM32U545JEY6QTR, STM32U545NEY6QTR, STM32U545REI6, STM32U545REI6Q, STM32U545RET6, STM32U545RET6Q, STM32U545VEI6, STM32U545VEI6Q, STM32U545VET6, STM32U545VET6Q, STM32U595AIH6, STM32U595AIH6Q, STM32U595AJH6, STM32U595AJH6Q, STM32U595QII6, STM32U595QII6Q, STM32U595QJI6, STM32U595QJI6Q, STM32U595RIT6, STM32U595RIT6Q, STM32U595RJT6, STM32U595RJT6Q, STM32U595VIT6, STM32U595VIT6Q, STM32U595VJT6, STM32U595VJT6Q, STM32U595ZIT6, STM32U595ZIT6Q, STM32U595ZIY6QTR, STM32U595ZJT6, STM32U595ZJT6Q, STM32U595ZJY6QTR, STM32U599BJY6QTR, STM32U599NIH6Q, STM32U599NJH6Q, STM32U599VIT6Q, STM32U599VJT6, STM32U599VJT6Q, STM32U599ZIT6Q, STM32U599ZIY6QTR, STM32U599ZJT6Q, STM32U599ZJY6QTR, STM32U5A5AJH6, STM32U5A5AJH6Q, STM32U5A5QJI6, STM32U5A5QJI6Q, STM32U5A5RJT6, STM32U5A5RJT6Q, STM32U5A5VJT6, STM32U5A5VJT6Q, STM32U5A5ZJT6, STM32U5A5ZJT6Q, STM32U5A5ZJY6QTR, STM32U5A9BJY6QTR, STM32U5A9J-DK, STM32U5A9NJH6Q, STM32U5A9VJT6Q, STM32U5A9ZJT6Q, STM32U5A9ZJY6QTR, STM32U5F7VIT6, STM32U5F7VIT6Q, STM32U5F7VJT6, STM32U5F7VJT6Q, STM32U5F9BJY6QTR, STM32U5F9NJH6Q, STM32U5F9VIT6Q, STM32U5F9VJT6Q, STM32U5F9ZIJ6QTR, STM32U5F9ZIT6Q, STM32U5F9ZJJ6QTR, STM32U5F9ZJT6Q, STM32U5G7VJT6, STM32U5G7VJT6Q, STM32U5G9BJY6QTR, STM32U5G9J-DK1, STM32U5G9J-DK2, STM32U5G9NJH6Q, STM32U5G9VJT6Q, STM32U5G9ZJJ6QTR, STM32U5G9ZJT6Q, STM32WB1MMCH6, STM32WBA52CEU6, STM32WBA52CEU6T, STM32WBA52CGU6, STM32WBA52CGU6T, STM32WBA52KEU6, STM32WBA52KEU6T, STM32WBA52KGU6, STM32WBA52KGU6T, STM32WL5MOCH6, STM32WL5MOCH6TR]
2023-11-29 09:38:06,608 [INFO] DbMcus:217 - Found 3848 MCUs, 3848 are supported
2023-11-29 09:38:06,609 [INFO] ApiDb:423 - Load user favorites file C:\Users\bcc35/.stm32cubeide/favorites.mcus.txt: 0 item(s)
2023-11-29 09:38:06,609 [INFO] ApiDb:427 - User favorites MCUs=[]
2023-11-29 09:38:06,609 [INFO] DbMcus:223 - Set 0 / 0 favorites MCUs
2023-11-29 09:38:06,964 [WARN] ThirdParty:833 - waiting for thirdparty lock release [change project]
2023-11-29 09:38:06,964 [INFO] ThirdParty:835 - entering critical section [change project]
2023-11-29 09:38:06,964 [INFO] ThirdParty:1030 - CMSIS Pack Vendor :STMicroelectronics X-CUBE-ISPU 1.1.0
2023-11-29 09:38:06,964 [INFO] ThirdParty:1030 - CMSIS Pack Vendor :STMicroelectronics USBPD 4.1
2023-11-29 09:38:06,965 [INFO] ThirdParty:1030 - CMSIS Pack Vendor :STMicroelectronics X-CUBE-GNSS1 6.0.0
2023-11-29 09:38:06,965 [INFO] ThirdParty:1030 - CMSIS Pack Vendor :STMicroelectronics USB_HOST 2.0.0
2023-11-29 09:38:06,965 [INFO] ThirdParty:1030 - CMSIS Pack Vendor :STMicroelectronics X-CUBE-AZRTOS-F4 1.1.0
2023-11-29 09:38:06,965 [INFO] ThirdParty:1030 - CMSIS Pack Vendor :STMicroelectronics LIBJPEG 8.0.0
2023-11-29 09:38:06,965 [INFO] ThirdParty:1030 - CMSIS Pack Vendor :wolfSSL I-CUBE-wolfSSL 5.6.3
2023-11-29 09:38:06,965 [INFO] ThirdParty:1030 - CMSIS Pack Vendor :STMicroelectronics X-CUBE-SMBUS 2.1.0
2023-11-29 09:38:06,965 [INFO] ThirdParty:1030 - CMSIS Pack Vendor :STMicroelectronics USB_DEVICE 3.0.0
2023-11-29 09:38:06,965 [INFO] ThirdParty:1030 - CMSIS Pack Vendor :STMicroelectronics X-CUBE-AZRTOS-WB 2.0.0
2023-11-29 09:38:06,965 [INFO] ThirdParty:1030 - CMSIS Pack Vendor :STMicroelectronics X-CUBE-AZRTOS-F7 1.1.0
2023-11-29 09:38:06,965 [INFO] ThirdParty:1030 - CMSIS Pack Vendor :STMicroelectronics X-CUBE-AZRTOS-L5 2.0.0
2023-11-29 09:38:06,965 [INFO] ThirdParty:1030 - CMSIS Pack Vendor :STMicroelectronics USB_DEVICE 2.0.0
2023-11-29 09:38:06,965 [INFO] ThirdParty:1030 - CMSIS Pack Vendor :STMicroelectronics X-CUBE-MEMS1 9.6.0
2023-11-29 09:38:06,965 [INFO] ThirdParty:1030 - CMSIS Pack Vendor :STMicroelectronics X-CUBE-EEPRMA1 4.2.0
2023-11-29 09:38:06,965 [INFO] ThirdParty:1030 - CMSIS Pack Vendor :ITTIA_DB I-CUBE-ITTIADB 8.8.0
2023-11-29 09:38:06,965 [INFO] ThirdParty:1030 - CMSIS Pack Vendor :STMicroelectronics FP-SNS-MOTENV1 4.3.2
2023-11-29 09:38:06,965 [INFO] ThirdParty:1030 - CMSIS Pack Vendor :STMicroelectronics X-CUBE-ALGOBUILD 1.3.0
2023-11-29 09:38:06,965 [INFO] ThirdParty:1030 - CMSIS Pack Vendor :STMicroelectronics FreeRTOS 0.0.1
2023-11-29 09:38:06,965 [INFO] ThirdParty:1030 - CMSIS Pack Vendor :STMicroelectronics X-CUBE-AZRTOS-G0 1.1.0
2023-11-29 09:38:06,965 [INFO] ThirdParty:1030 - CMSIS Pack Vendor :STMicroelectronics X-CUBE-BLEMGR 2.0.0
2023-11-29 09:38:06,965 [INFO] ThirdParty:1030 - CMSIS Pack Vendor :STMicroelectronics X-CUBE-NFC4 3.0.0
2023-11-29 09:38:06,965 [INFO] ThirdParty:1030 - CMSIS Pack Vendor :STMicroelectronics X-CUBE-SUBG2 5.0.0
2023-11-29 09:38:06,965 [INFO] ThirdParty:1030 - CMSIS Pack Vendor :STMicroelectronics STM32_WPAN 1.0.0
2023-11-29 09:38:06,965 [INFO] ThirdParty:1030 - CMSIS Pack Vendor :STMicroelectronics lwIP 2.0.3
2023-11-29 09:38:06,965 [INFO] ThirdParty:1030 - CMSIS Pack Vendor :STMicroelectronics FP-SNS-FLIGHT1 5.0.2
2023-11-29 09:38:06,965 [INFO] ThirdParty:1030 - CMSIS Pack Vendor :STMicroelectronics USB_HOST 1.0.0
2023-11-29 09:38:06,965 [INFO] ThirdParty:1030 - CMSIS Pack Vendor :STMicroelectronics X-CUBE-TOF1 3.3.1
2023-11-29 09:38:06,966 [INFO] ThirdParty:1030 - CMSIS Pack Vendor :STMicroelectronics X-CUBE-AZRTOS-G4 2.0.0
2023-11-29 09:38:06,966 [INFO] ThirdParty:1030 - CMSIS Pack Vendor :STMicroelectronics PDM2PCM 3.1.0
2023-11-29 09:38:06,966 [INFO] ThirdParty:1030 - CMSIS Pack Vendor :STMicroelectronics X-CUBE-AZRTOS-H7 3.1.0
2023-11-29 09:38:06,966 [INFO] ThirdParty:1030 - CMSIS Pack Vendor :Infineon AIROC-Wi-Fi-Bluetooth-STM32 1.5.1
2023-11-29 09:38:06,966 [INFO] ThirdParty:1030 - CMSIS Pack Vendor :STMicroelectronics X-CUBE-BLEMGR 3.0.0
2023-11-29 09:38:06,966 [INFO] ThirdParty:1030 - CMSIS Pack Vendor :STMicroelectronics PDM2PCM 3.3.0
2023-11-29 09:38:06,966 [INFO] ThirdParty:1030 - CMSIS Pack Vendor :STMicroelectronics X-CUBE-DISPLAY 3.0.0
2023-11-29 09:38:06,966 [INFO] ThirdParty:1030 - CMSIS Pack Vendor :STMicroelectronics FP-SNS-MOTENVWB1 1.3.0
2023-11-29 09:38:06,966 [INFO] ThirdParty:1030 - CMSIS Pack Vendor :STMicroelectronics X-CUBE-BLE1 7.0.0
2023-11-29 09:38:06,966 [INFO] ThirdParty:1030 - CMSIS Pack Vendor :STMicroelectronics FP-ATR-SIGFOX1 3.2.0
2023-11-29 09:38:06,966 [INFO] ThirdParty:1030 - CMSIS Pack Vendor :STMicroelectronics HAL Drivers 0.0.0
2023-11-29 09:38:06,966 [INFO] ThirdParty:1030 - CMSIS Pack Vendor :STMicroelectronics MBEDTLS 2.16.2
2023-11-29 09:38:06,966 [INFO] ThirdParty:1030 - CMSIS Pack Vendor :emotas I-CUBE-CANOPEN 1.3.0
2023-11-29 09:38:06,966 [INFO] ThirdParty:1030 - CMSIS Pack Vendor :STMicroelectronics X-CUBE-MEMS1 10.0.0
2023-11-29 09:38:06,966 [INFO] ThirdParty:1030 - CMSIS Pack Vendor :STMicroelectronics X-CUBE-FREERTOS 1.1.0
2023-11-29 09:38:06,966 [INFO] ThirdParty:1030 - CMSIS Pack Vendor :STMicroelectronics X-CUBE-NFC7 1.0.1
2023-11-29 09:38:06,966 [INFO] ThirdParty:1030 - CMSIS Pack Vendor :STMicroelectronics MBEDTLS 2.14.1
2023-11-29 09:38:06,966 [INFO] ThirdParty:1030 - CMSIS Pack Vendor :STMicroelectronics X-CUBE-TOUCHGFX 4.22.1
2023-11-29 09:38:06,966 [INFO] ThirdParty:1030 - CMSIS Pack Vendor :STMicroelectronics X-CUBE-NFC6 3.0.0
2023-11-29 09:38:06,966 [INFO] ThirdParty:1030 - CMSIS Pack Vendor :STMicroelectronics X-CUBE-EEPRMA1 4.1.0
2023-11-29 09:38:06,966 [INFO] ThirdParty:1030 - CMSIS Pack Vendor :portGmbH I-Cube-SoM-uGOAL 1.1.0
2023-11-29 09:38:06,966 [INFO] ThirdParty:1030 - CMSIS Pack Vendor :STMicroelectronics X-CUBE-ALS 1.0.1
2023-11-29 09:38:06,966 [INFO] ThirdParty:1030 - CMSIS Pack Vendor :STMicroelectronics ThreadX 1.0.0
2023-11-29 09:38:06,966 [INFO] ThirdParty:1030 - CMSIS Pack Vendor :STMicroelectronics FP-SNS-SMARTAG2 1.2.0
2023-11-29 09:38:06,966 [INFO] ThirdParty:1030 - CMSIS Pack Vendor :STMicroelectronics X-CUBE-AZRTOS-WL 2.0.0
2023-11-29 09:38:06,966 [INFO] ThirdParty:1030 - CMSIS Pack Vendor :SEGGER I-CUBE-embOS 1.3.1
2023-11-29 09:38:06,966 [INFO] ThirdParty:1030 - CMSIS Pack Vendor :STMicroelectronics USB_DEVICE 1.0.0
2023-11-29 09:38:06,966 [INFO] ThirdParty:1030 - CMSIS Pack Vendor :STMicroelectronics X-CUBE-AI 8.1.0
2023-11-29 09:38:06,966 [INFO] ThirdParty:1030 - CMSIS Pack Vendor :STMicroelectronics X-CUBE-AZRTOS-L4 2.0.0
2023-11-29 09:38:06,967 [INFO] ThirdParty:1030 - CMSIS Pack Vendor :STMicroelectronics ThreadX 0.0.2
2023-11-29 09:38:06,967 [INFO] ThirdParty:1030 - CMSIS Pack Vendor :WES I-CUBE-Cesium 1.3.0
2023-11-29 09:38:06,967 [INFO] ThirdParty:1030 - CMSIS Pack Vendor :STMicroelectronics FP-ATR-ASTRA1 2.0.0
2023-11-29 09:38:06,967 [INFO] ThirdParty:1030 - CMSIS Pack Vendor :STMicroelectronics lwIP 2.1.2
2023-11-29 09:38:06,967 [INFO] ThirdParty:1030 - CMSIS Pack Vendor :STMicroelectronics X-CUBE-SFXS2LP1 4.0.0
2023-11-29 09:38:06,967 [INFO] ThirdParty:1030 - CMSIS Pack Vendor :STMicroelectronics X-CUBE-BLE2 3.3.0
2023-11-29 09:38:06,967 [INFO] ThirdParty:1030 - CMSIS Pack Vendor :STMicroelectronics X-CUBE-TOF1 3.4.0
2023-11-29 09:38:06,967 [INFO] ThirdParty:1030 - CMSIS Pack Vendor :STMicroelectronics PDM2PCM 3.2.0
2023-11-29 09:38:06,967 [INFO] ThirdParty:841 - exiting critical section [change project]
2023-11-29 09:38:07,431 [INFO] PinOutPanel:1499 - setPackage(No Configuration,No Configuration)
2023-11-29 09:38:07,432 [INFO] PinOutPanel:1499 - setPackage(STM32G474RETx,LQFP64)
2023-11-29 09:38:08,089 [INFO] UtilMem:75 - Before build in PCC Used Memory: 859773952 Bytes (1073741824)
2023-11-29 09:38:09,502 [INFO] UtilMem:75 - After build in PCC Used Memory: 574176264 Bytes (1073741824)
2023-11-29 09:38:09,545 [INFO] IPUIPlugin:80 - create IPUIPlugin
2023-11-29 09:38:09,546 [INFO] IPUIPlugin:80 - create IPUIPlugin
2023-11-29 09:38:09,546 [INFO] IPUIPlugin:80 - create IPUIPlugin
2023-11-29 09:38:09,546 [INFO] IPUIPlugin:80 - create IPUIPlugin
2023-11-29 09:38:09,546 [INFO] IPUIPlugin:80 - create IPUIPlugin
2023-11-29 09:38:09,546 [INFO] IPUIPlugin:80 - create IPUIPlugin
2023-11-29 09:38:09,546 [INFO] IPUIPlugin:80 - create IPUIPlugin
2023-11-29 09:38:09,546 [INFO] IPUIPlugin:80 - create IPUIPlugin
2023-11-29 09:38:09,546 [INFO] IPUIPlugin:80 - create IPUIPlugin
2023-11-29 09:38:09,546 [INFO] IPUIPlugin:80 - create IPUIPlugin
2023-11-29 09:38:09,546 [INFO] IPUIPlugin:80 - create IPUIPlugin
2023-11-29 09:38:09,546 [INFO] IPUIPlugin:80 - create IPUIPlugin
2023-11-29 09:38:09,546 [INFO] IPUIPlugin:80 - create IPUIPlugin
2023-11-29 09:38:09,547 [INFO] IPUIPlugin:80 - create IPUIPlugin
2023-11-29 09:38:09,547 [INFO] IPUIPlugin:80 - create IPUIPlugin
2023-11-29 09:38:09,547 [INFO] IPUIPlugin:80 - create IPUIPlugin
2023-11-29 09:38:09,547 [INFO] IPUIPlugin:80 - create IPUIPlugin
2023-11-29 09:38:09,547 [INFO] IPUIPlugin:80 - create IPUIPlugin
2023-11-29 09:38:09,547 [INFO] IPUIPlugin:80 - create IPUIPlugin
2023-11-29 09:38:09,547 [INFO] IPUIPlugin:80 - create IPUIPlugin
2023-11-29 09:38:09,547 [INFO] IPUIPlugin:80 - create IPUIPlugin
2023-11-29 09:38:09,547 [INFO] IPUIPlugin:80 - create IPUIPlugin
2023-11-29 09:38:09,547 [INFO] IPUIPlugin:80 - create IPUIPlugin
2023-11-29 09:38:09,547 [INFO] IPUIPlugin:80 - create IPUIPlugin
2023-11-29 09:38:09,548 [INFO] IPUIPlugin:80 - create IPUIPlugin
2023-11-29 09:38:09,548 [INFO] IPUIPlugin:80 - create IPUIPlugin
2023-11-29 09:38:09,548 [INFO] IPUIPlugin:80 - create IPUIPlugin
2023-11-29 09:38:09,548 [INFO] IPUIPlugin:80 - create IPUIPlugin
2023-11-29 09:38:09,548 [INFO] IPUIPlugin:80 - create IPUIPlugin
2023-11-29 09:38:09,548 [INFO] IPUIPlugin:80 - create IPUIPlugin
2023-11-29 09:38:09,548 [INFO] IPUIPlugin:80 - create IPUIPlugin
2023-11-29 09:38:09,549 [INFO] IPUIPlugin:80 - create IPUIPlugin
2023-11-29 09:38:09,549 [INFO] IPUIPlugin:80 - create IPUIPlugin
2023-11-29 09:38:09,549 [INFO] IPUIPlugin:80 - create IPUIPlugin
2023-11-29 09:38:09,549 [INFO] IPUIPlugin:80 - create IPUIPlugin
2023-11-29 09:38:09,549 [INFO] IPUIPlugin:80 - create IPUIPlugin
2023-11-29 09:38:09,549 [INFO] IPUIPlugin:80 - create IPUIPlugin
2023-11-29 09:38:09,550 [INFO] IPUIPlugin:80 - create IPUIPlugin
2023-11-29 09:38:09,550 [INFO] IPUIPlugin:80 - create IPUIPlugin
2023-11-29 09:38:09,550 [INFO] IPUIPlugin:80 - create IPUIPlugin
2023-11-29 09:38:09,550 [INFO] IPUIPlugin:80 - create IPUIPlugin
2023-11-29 09:38:09,550 [INFO] IPUIPlugin:80 - create IPUIPlugin
2023-11-29 09:38:09,550 [INFO] IPUIPlugin:80 - create IPUIPlugin
2023-11-29 09:38:09,550 [INFO] IPUIPlugin:80 - create IPUIPlugin
2023-11-29 09:38:09,551 [INFO] IPUIPlugin:80 - create IPUIPlugin
2023-11-29 09:38:09,551 [INFO] IPUIPlugin:80 - create IPUIPlugin
2023-11-29 09:38:09,551 [INFO] IPUIPlugin:80 - create IPUIPlugin
2023-11-29 09:38:09,551 [INFO] IPUIPlugin:80 - create IPUIPlugin
2023-11-29 09:38:09,552 [INFO] IPUIPlugin:80 - create IPUIPlugin
2023-11-29 09:38:09,552 [INFO] IPUIPlugin:80 - create IPUIPlugin
2023-11-29 09:38:09,552 [INFO] IPUIPlugin:80 - create IPUIPlugin
2023-11-29 09:38:09,552 [INFO] IPUIPlugin:80 - create IPUIPlugin
2023-11-29 09:38:09,552 [INFO] IPUIPlugin:80 - create IPUIPlugin
2023-11-29 09:38:09,553 [INFO] IPUIPlugin:80 - create IPUIPlugin
2023-11-29 09:38:09,553 [INFO] IPUIPlugin:80 - create IPUIPlugin
2023-11-29 09:38:09,553 [INFO] IPUIPlugin:80 - create IPUIPlugin
2023-11-29 09:38:09,553 [INFO] IPUIPlugin:80 - create IPUIPlugin
2023-11-29 09:38:09,553 [INFO] IPUIPlugin:80 - create IPUIPlugin
2023-11-29 09:38:09,554 [INFO] IPUIPlugin:80 - create IPUIPlugin
2023-11-29 09:38:09,554 [INFO] IPUIPlugin:80 - create IPUIPlugin
2023-11-29 09:38:09,554 [INFO] IPUIPlugin:80 - create IPUIPlugin
2023-11-29 09:38:09,555 [INFO] IPUIPlugin:80 - create IPUIPlugin
2023-11-29 09:38:09,555 [INFO] IPUIPlugin:80 - create IPUIPlugin
2023-11-29 09:38:09,555 [INFO] IPUIPlugin:80 - create IPUIPlugin
2023-11-29 09:38:09,556 [INFO] IPUIPlugin:80 - create IPUIPlugin
2023-11-29 09:38:09,556 [INFO] IPUIPlugin:80 - create IPUIPlugin
2023-11-29 09:38:09,556 [INFO] IPUIPlugin:80 - create IPUIPlugin
2023-11-29 09:38:09,557 [INFO] IPUIPlugin:80 - create IPUIPlugin
2023-11-29 09:38:09,557 [INFO] IPUIPlugin:80 - create IPUIPlugin
2023-11-29 09:38:09,557 [INFO] IPUIPlugin:80 - create IPUIPlugin
2023-11-29 09:38:09,558 [INFO] IPUIPlugin:80 - create IPUIPlugin
2023-11-29 09:38:09,558 [INFO] IPUIPlugin:80 - create IPUIPlugin
2023-11-29 09:38:09,558 [INFO] IPUIPlugin:80 - create IPUIPlugin
2023-11-29 09:38:09,559 [INFO] IPUIPlugin:80 - create IPUIPlugin
2023-11-29 09:38:09,559 [INFO] IPUIPlugin:80 - create IPUIPlugin
2023-11-29 09:38:09,560 [INFO] IPUIPlugin:80 - create IPUIPlugin
2023-11-29 09:38:09,560 [INFO] IPUIPlugin:80 - create IPUIPlugin
2023-11-29 09:38:09,940 [INFO] CADModel:165 - CPN selected for project levelSTM32G474RET6
2023-11-29 09:38:09,940 [INFO] CADModel:114 - Register for checkConnection events
2023-11-29 09:38:09,995 [INFO] OpenFileManager:328 - Restore cursor
2023-11-29 09:38:23,976 [INFO] ADCParametersView:116 -                Rank 1 : false
2023-11-29 09:38:24,114 [INFO] ADCParametersView:116 -                Rank 1 : false
2023-11-29 09:38:24,115 [INFO] ADCParametersView:116 -                Rank 1 : false
2023-11-29 09:38:24,115 [INFO] ADCParametersView:116 -                Rank 1 : false
2023-11-29 09:38:24,115 [INFO] ADCParametersView:116 -                Rank 1 : false
2023-11-29 09:38:24,115 [INFO] ADCParametersView:116 -                Rank 1 : false
2023-11-29 09:38:24,116 [INFO] ADCParametersView:116 -                Rank 1 : false
2023-11-29 09:38:24,116 [INFO] ADCParametersView:116 -                Rank 1 : false
2023-11-29 09:38:24,116 [INFO] ADCParametersView:116 -                Rank 1 : false
2023-11-29 09:38:24,116 [INFO] ADCParametersView:116 -                Rank 1 : false
2023-11-29 09:38:24,116 [INFO] ADCParametersView:116 -                Rank 1 : false
2023-11-29 09:38:24,116 [INFO] ADCParametersView:116 -                Rank 1 : false
2023-11-29 09:38:24,117 [INFO] ADCParametersView:116 -                Rank 1 : false
2023-11-29 09:38:24,117 [INFO] ADCParametersView:116 -                Rank 1 : false
2023-11-29 09:38:24,117 [INFO] ADCParametersView:116 -                Rank 1 : false
2023-11-29 09:38:24,117 [INFO] ADCParametersView:116 -                Rank 1 : false
2023-11-29 09:38:24,117 [INFO] ADCParametersView:116 -                Rank 1 : false
2023-11-29 09:38:24,117 [INFO] ADCParametersView:116 -                Rank 1 : false
2023-11-29 09:38:24,117 [INFO] ADCParametersView:116 -                Rank 1 : false
2023-11-29 09:38:24,117 [INFO] ADCParametersView:116 -                Rank 1 : false
2023-11-29 09:38:24,118 [INFO] ADCParametersView:116 -                Rank 1 : false
2023-11-29 09:38:24,118 [INFO] ADCParametersView:116 -                Rank 1 : false
2023-11-29 09:38:24,136 [INFO] ADCParametersView:116 -                Rank 1 : false
2023-11-29 09:38:39,291 [INFO] ADCParametersView:116 -                Rank 1 : false
2023-11-29 09:38:39,291 [INFO] ADCParametersView:116 -                Rank 1 : false
2023-11-29 09:38:39,292 [INFO] ADCParametersView:116 -                Rank 1 : false
2023-11-29 09:38:39,292 [INFO] ADCParametersView:116 -                Rank 1 : false
2023-11-29 09:38:39,292 [INFO] ADCParametersView:116 -                Rank 1 : false
2023-11-29 09:38:39,292 [INFO] ADCParametersView:116 -                Rank 1 : false
2023-11-29 09:38:39,292 [INFO] ADCParametersView:116 -                Rank 1 : false
2023-11-29 09:38:39,292 [INFO] ADCParametersView:116 -                Rank 1 : false
2023-11-29 09:38:39,293 [INFO] ADCParametersView:116 -                Rank 1 : false
2023-11-29 09:38:39,293 [INFO] ADCParametersView:116 -                Rank 1 : false
2023-11-29 09:38:39,293 [INFO] ADCParametersView:116 -                Rank 1 : false
2023-11-29 09:38:39,293 [INFO] ADCParametersView:116 -                Rank 1 : false
2023-11-29 09:38:39,293 [INFO] ADCParametersView:116 -                Rank 1 : false
2023-11-29 09:38:39,294 [INFO] ADCParametersView:116 -                Rank 1 : false
2023-11-29 09:38:39,294 [INFO] ADCParametersView:116 -                Rank 1 : false
2023-11-29 09:38:39,294 [INFO] ADCParametersView:116 -                Rank 1 : false
2023-11-29 09:38:39,294 [INFO] ADCParametersView:116 -                Rank 1 : false
2023-11-29 09:38:39,294 [INFO] ADCParametersView:116 -                Rank 1 : false
2023-11-29 09:38:39,294 [INFO] ADCParametersView:116 -                Rank 1 : false
2023-11-29 09:38:39,294 [INFO] ADCParametersView:116 -                Rank 1 : false
2023-11-29 09:38:39,294 [INFO] ADCParametersView:116 -                Rank 1 : false
2023-11-29 09:38:39,304 [INFO] ADCParametersView:116 -                Rank 1 : false
2023-11-29 09:38:44,109 [INFO] NvicIntPanel:101 - NVIC parent = com.st.microxplorer.plugins.ip.nvic.MultiNvicIntPanel[,0,0,0x0,invalid,layout=javax.swing.BoxLayout,alignmentX=0.0,alignmentY=0.0,border=,flags=9,maximumSize=,minimumSize=,preferredSize=]
2023-11-29 09:38:44,154 [INFO] ADCParametersView:116 -                Rank 1 : false
2023-11-29 09:38:44,157 [INFO] ADCParametersView:116 -                Rank 1 : false
2023-11-29 09:38:44,158 [INFO] ADCParametersView:116 -                Rank 1 : false
2023-11-29 09:38:44,158 [INFO] ADCParametersView:116 -                Rank 1 : false
2023-11-29 09:38:44,158 [INFO] ADCParametersView:116 -                Rank 1 : false
2023-11-29 09:38:44,158 [INFO] ADCParametersView:116 -                Rank 1 : false
2023-11-29 09:38:44,158 [INFO] ADCParametersView:116 -                Rank 1 : false
2023-11-29 09:38:44,158 [INFO] ADCParametersView:116 -                Rank 1 : false
2023-11-29 09:38:44,158 [INFO] ADCParametersView:116 -                Rank 1 : false
2023-11-29 09:38:44,158 [INFO] ADCParametersView:116 -                Rank 1 : false
2023-11-29 09:38:44,158 [INFO] ADCParametersView:116 -                Rank 1 : false
2023-11-29 09:38:44,158 [INFO] ADCParametersView:116 -                Rank 1 : false
2023-11-29 09:38:44,158 [INFO] ADCParametersView:116 -                Rank 1 : false
2023-11-29 09:38:44,158 [INFO] ADCParametersView:116 -                Rank 1 : false
2023-11-29 09:38:44,158 [INFO] ADCParametersView:116 -                Rank 1 : false
2023-11-29 09:38:44,159 [INFO] ADCParametersView:116 -                Rank 1 : false
2023-11-29 09:38:44,159 [INFO] ADCParametersView:116 -                Rank 1 : false
2023-11-29 09:38:44,159 [INFO] ADCParametersView:116 -                Rank 1 : false
2023-11-29 09:38:44,159 [INFO] ADCParametersView:116 -                Rank 1 : false
2023-11-29 09:38:44,159 [INFO] ADCParametersView:116 -                Rank 1 : false
2023-11-29 09:38:44,159 [INFO] ADCParametersView:116 -                Rank 1 : false
2023-11-29 09:38:44,171 [INFO] ADCParametersView:116 -                Rank 1 : false
2023-11-29 09:39:12,250 [INFO] UtilMem:75 - End SaveConfig() Used Memory: 722527112 Bytes (1073741824)
2023-11-29 09:39:19,922 [INFO] UtilMem:75 - End SaveConfig() Used Memory: 758700936 Bytes (1073741824)
2023-11-29 09:39:20,387 [INFO] UtilMem:75 - End SaveConfig() Used Memory: 790684608 Bytes (1073741824)
2023-11-29 09:39:20,811 [INFO] BlockDiagram:2759 - set Specific Code input for plugin: DAC
2023-11-29 09:39:20,811 [INFO] BlockDiagram:2759 - set Specific Code input for plugin: SYS
2023-11-29 09:39:20,811 [INFO] BlockDiagram:2759 - set Specific Code input for plugin: ADC
2023-11-29 09:39:20,811 [INFO] BlockDiagram:2759 - set Specific Code input for plugin: RCC
2023-11-29 09:39:20,811 [INFO] BlockDiagram:2759 - set Specific Code input for plugin: LPUART
2023-11-29 09:39:20,811 [INFO] BlockDiagram:2759 - set Specific Code input for plugin: NVIC
2023-11-29 09:39:20,811 [INFO] BlockDiagram:2759 - set Specific Code input for plugin: GPIO
2023-11-29 09:39:20,814 [INFO] CodeGenerator:799 - code generatio: config db path: E:\stm cube\STM32CubeIDE_1.13.2\STM32CubeIDE\plugins\com.st.stm32cube.common.mx_6.9.2.202309101412\\db\
2023-11-29 09:39:21,227 [INFO] CodeEngine:255 - oldGeneratedFile, C:\Users\bcc35\Desktop\Elec\week4\MXTmpFiles\license.tmp_save
2023-11-29 09:39:21,690 [INFO] CodeEngine:279 - Generated code: C:\Users\bcc35\Desktop\Elec\week4\MXTmpFiles\license.tmp
2023-11-29 09:39:21,919 [INFO] CodeEngine:255 - oldGeneratedFile, C:\Users\bcc35\Desktop\Elec\week4\MXTmpFiles\gpio.tmp_save
2023-11-29 09:39:22,056 [INFO] CodeEngine:279 - Generated code: C:\Users\bcc35\Desktop\Elec\week4\MXTmpFiles\gpio.tmp
2023-11-29 09:39:22,513 [INFO] CodeEngine:255 - oldGeneratedFile, C:\Users\bcc35\Desktop\Elec\week4\Core\Src\stm32g4xx_it.c_save
2023-11-29 09:39:22,646 [INFO] CodeEngine:279 - Generated code: C:\Users\bcc35\Desktop\Elec\week4\Core\Src\stm32g4xx_it.c
2023-11-29 09:39:22,709 [INFO] CodeEngine:255 - oldGeneratedFile, C:\Users\bcc35\Desktop\Elec\week4\Core\Inc\stm32g4xx_it.h_save
2023-11-29 09:39:22,784 [INFO] CodeEngine:279 - Generated code: C:\Users\bcc35\Desktop\Elec\week4\Core\Inc\stm32g4xx_it.h
2023-11-29 09:39:22,818 [INFO] CodeEngine:255 - oldGeneratedFile, C:\Users\bcc35\Desktop\Elec\week4\Core\Src\stm32g4xx_hal_msp.c_save
2023-11-29 09:39:22,931 [INFO] CodeEngine:279 - Generated code: C:\Users\bcc35\Desktop\Elec\week4\Core\Src\stm32g4xx_hal_msp.c
2023-11-29 09:39:22,942 [INFO] CodeEngine:255 - oldGeneratedFile, C:\Users\bcc35\Desktop\Elec\week4\MXTmpFiles\system.tmp_save
2023-11-29 09:39:23,002 [INFO] CodeEngine:279 - Generated code: C:\Users\bcc35\Desktop\Elec\week4\MXTmpFiles\system.tmp
2023-11-29 09:39:23,026 [INFO] CodeEngine:311 - oldGeneratedFile, C:\Users\bcc35\Desktop\Elec\week4\Core\Inc\stm32g4xx_hal_conf.h_save
2023-11-29 09:39:23,104 [INFO] CodeEngine:335 - Generated code: C:\Users\bcc35\Desktop\Elec\week4\Core\Inc\stm32g4xx_hal_conf.h
2023-11-29 09:39:23,134 [WARN] IPConfigManager:2937 - Warning: the RefConfig RCC_CommonPeriphClockConfig is not available in your config.xml file
2023-11-29 09:39:23,158 [INFO] CodeEngine:255 - oldGeneratedFile, C:\Users\bcc35\Desktop\Elec\week4\Core\Inc\main.h_save
2023-11-29 09:39:23,242 [INFO] CodeEngine:279 - Generated code: C:\Users\bcc35\Desktop\Elec\week4\Core\Inc\main.h
2023-11-29 09:39:23,263 [INFO] CodeEngine:255 - oldGeneratedFile, C:\Users\bcc35\Desktop\Elec\week4\Core\Src\main.c_save
2023-11-29 09:39:23,417 [INFO] CodeEngine:279 - Generated code: C:\Users\bcc35\Desktop\Elec\week4\Core\Src\main.c
2023-11-29 09:39:23,890 [INFO] ProjectBuilder:3064 - Time for Copy HAL[1] : 228mS.
2023-11-29 09:39:23,895 [INFO] ProjectBuilder:4404 - Project Generator version: 4.1.0
2023-11-29 09:39:24,151 [INFO] ConfigFileManager:1457 - The Die is : DIE469
2023-11-29 09:39:24,209 [INFO] ApiDbMcu:507 - Load IP Config File for FATFS
2023-11-29 09:39:24,245 [INFO] ApiDbMcu:507 - Load IP Config File for FREERTOS
2023-11-29 09:39:24,263 [INFO] ApiDbMcu:507 - Load IP Config File for USBPD
2023-11-29 09:39:24,278 [INFO] ApiDbMcu:507 - Load IP Config File for USB_Device
2023-11-29 09:39:25,213 [INFO] LogOutputStream:77 - [STDOUT_REDIRECT] 
2023-11-29 09:39:27,409 [INFO] ProjectBuilder:4626 - Time for Generating toolchain IDE Files: 3513mS.
2023-11-29 09:39:27,410 [INFO] ProjectBuilder:2935 - Time for Copy CMSIS : 1mS.
2023-11-29 09:39:27,414 [INFO] ProjectBuilder:2935 - Time for Copy CMSIS : 0mS.
