2024-02-15 13:57:19,309 [INFO] Activator:176 - 


2024-02-15 13:57:19,315 [INFO] Activator:177 - !SESSION log4j initialized
2024-02-15 13:57:32,542 [INFO] LogOutputStream:77 - [STDOUT_REDIRECT] 
2024-02-15 13:57:49,021 [ERROR] ConfigurationRetriever:142 - IOException on connection: sw-center.st.com
2024-02-15 13:57:49,021 [ERROR] ConfigurationRetriever:142 - IOException on connection: sw-center.st.com
2024-02-15 13:57:49,022 [ERROR] ConfigurationRetriever:142 - IOException on connection: sw-center.st.com
2024-02-15 13:57:49,024 [ERROR] ConfigurationRetriever:142 - IOException on connection: sw-center.st.com
2024-02-15 13:57:49,024 [ERROR] ConfigurationRetriever:142 - IOException on connection: sw-center.st.com
2024-02-15 13:57:49,025 [ERROR] ConfigurationRetriever:142 - IOException on connection: sw-center.st.com
2024-02-15 13:57:54,480 [INFO] ApplicationProperties:184 - Using Application install path: E:\stm cube\STM32CubeIDE_1.13.2\STM32CubeIDE\plugins\com.st.stm32cube.common.mx_6.9.2.202309101412
2024-02-15 13:57:54,520 [INFO] DbMcusXml:78 - Set database path to: E:\stm cube\STM32CubeIDE_1.13.2\STM32CubeIDE\plugins\com.st.stm32cube.common.mx_6.9.2.202309101412\\db\/mcu/
2024-02-15 13:57:54,520 [INFO] ApiDb:274 - Set plugin database path to: E:\stm cube\STM32CubeIDE_1.13.2\STM32CubeIDE\plugins\com.st.stm32cube.common.mx_6.9.2.202309101412\\db\/plugins/boardmanager/
2024-02-15 13:57:54,520 [WARN] ApiDb:259 - Overriding images path with different value:  => E:\stm cube\STM32CubeIDE_1.13.2\STM32CubeIDE\plugins\com.st.stm32cube.common.mx_6.9.2.202309101412\\db\/plugins/mcufinder/images/
2024-02-15 13:57:54,607 [INFO] ApiDb:250 - Set database path to: C:\Users\bcc35\.stmcufinder\plugins\mcufinder//mcu/
2024-02-15 13:57:54,608 [INFO] DbMcusAds:125 - Set database path to: C:\Users\bcc35\.stmcufinder\plugins\mcufinder//mcu/
2024-02-15 13:57:54,870 [INFO] CrossReferenceDbSqlite:203 - Set database path to: C:\Users\bcc35\.stmcufinder\plugins\mcufinder//mcu/cs/
2024-02-15 13:57:55,068 [INFO] RulesReader:64 - Compatibility file has been processed (293 Rules)
2024-02-15 13:57:55,242 [INFO] DbMcusXml:78 - Set database path to: E:\stm cube\STM32CubeIDE_1.13.2\STM32CubeIDE\plugins\com.st.stm32cube.common.mx_6.9.2.202309101412\\db\/mcu/
2024-02-15 13:57:55,242 [INFO] ApiDb:274 - Set plugin database path to: E:\stm cube\STM32CubeIDE_1.13.2\STM32CubeIDE\plugins\com.st.stm32cube.common.mx_6.9.2.202309101412\\db\/plugins/boardmanager/
2024-02-15 13:57:55,242 [INFO] ApiDb:261 - Set plugin images path to: E:\stm cube\STM32CubeIDE_1.13.2\STM32CubeIDE\plugins\com.st.stm32cube.common.mx_6.9.2.202309101412\\db\/plugins/mcufinder/images/
2024-02-15 13:57:55,242 [WARN] DbFile:41 - Overriding database path with different value: C:\Users\bcc35\.stmcufinder\plugins\mcufinder/ => C:\Users\bcc35\.stmcufinder\plugins\mcufinder
2024-02-15 13:57:55,242 [INFO] ApiDb:250 - Set database path to: C:\Users\bcc35\.stmcufinder\plugins\mcufinder//mcu/
2024-02-15 13:57:55,242 [WARN] DbFile:41 - Overriding database path with different value: C:\Users\bcc35\.stmcufinder\plugins\mcufinder/ => C:\Users\bcc35\.stmcufinder\plugins\mcufinder
2024-02-15 13:57:55,242 [INFO] DbMcusAds:125 - Set database path to: C:\Users\bcc35\.stmcufinder\plugins\mcufinder//mcu/
2024-02-15 13:57:55,242 [WARN] DbFile:41 - Overriding database path with different value: C:\Users\bcc35\.stmcufinder\plugins\mcufinder/ => C:\Users\bcc35\.stmcufinder\plugins\mcufinder
2024-02-15 13:57:55,242 [WARN] DbFile:41 - Overriding database path with different value: C:\Users\bcc35\.stmcufinder\plugins\mcufinder/ => C:\Users\bcc35\.stmcufinder\plugins\mcufinder
2024-02-15 13:57:55,243 [INFO] CrossReferenceDbSqlite:203 - Set database path to: C:\Users\bcc35\.stmcufinder\plugins\mcufinder//mcu/cs/
2024-02-15 13:57:55,370 [INFO] MainPanel:262 - HeapMemory: 268435456
2024-02-15 13:57:55,663 [INFO] DbMcusXml:78 - Set database path to: E:\stm cube\STM32CubeIDE_1.13.2\STM32CubeIDE\plugins\com.st.stm32cube.common.mx_6.9.2.202309101412\\db\/mcu/
2024-02-15 13:57:55,663 [INFO] ApiDb:274 - Set plugin database path to: E:\stm cube\STM32CubeIDE_1.13.2\STM32CubeIDE\plugins\com.st.stm32cube.common.mx_6.9.2.202309101412\\db\/plugins/boardmanager/
2024-02-15 13:57:55,664 [INFO] ApiDb:261 - Set plugin images path to: E:\stm cube\STM32CubeIDE_1.13.2\STM32CubeIDE\plugins\com.st.stm32cube.common.mx_6.9.2.202309101412\\db\/plugins/mcufinder/images/
2024-02-15 13:57:55,664 [WARN] DbFile:41 - Overriding database path with different value: C:\Users\bcc35\.stmcufinder\plugins\mcufinder/ => C:\Users\bcc35\.stmcufinder\plugins\mcufinder
2024-02-15 13:57:55,664 [INFO] ApiDb:250 - Set database path to: C:\Users\bcc35\.stmcufinder\plugins\mcufinder//mcu/
2024-02-15 13:57:55,664 [WARN] DbFile:41 - Overriding database path with different value: C:\Users\bcc35\.stmcufinder\plugins\mcufinder/ => C:\Users\bcc35\.stmcufinder\plugins\mcufinder
2024-02-15 13:57:55,664 [INFO] DbMcusAds:125 - Set database path to: C:\Users\bcc35\.stmcufinder\plugins\mcufinder//mcu/
2024-02-15 13:57:55,664 [WARN] DbFile:41 - Overriding database path with different value: C:\Users\bcc35\.stmcufinder\plugins\mcufinder/ => C:\Users\bcc35\.stmcufinder\plugins\mcufinder
2024-02-15 13:57:55,664 [WARN] DbFile:41 - Overriding database path with different value: C:\Users\bcc35\.stmcufinder\plugins\mcufinder/ => C:\Users\bcc35\.stmcufinder\plugins\mcufinder
2024-02-15 13:57:55,665 [INFO] CrossReferenceDbSqlite:203 - Set database path to: C:\Users\bcc35\.stmcufinder\plugins\mcufinder//mcu/cs/
2024-02-15 13:57:55,693 [INFO] ApplicationProperties:184 - Using Application install path: E:\stm cube\STM32CubeIDE_1.13.2\STM32CubeIDE\plugins\com.st.stm32cube.common.mx_6.9.2.202309101412
2024-02-15 13:57:55,695 [INFO] PluginManage:196 - Search for loadable plugins [exclusion list=, ]
2024-02-15 13:57:55,697 [INFO] PluginManage:310 - Check plugin analytics
2024-02-15 13:58:00,976 [INFO] AnalyticsPlugin:253 - Accepted Software Licenses: 
2024-02-15 13:58:00,976 [INFO] AnalyticsPlugin:255 - Accepted CMSIS Pack Licenses: 
2024-02-15 13:58:00,976 [INFO] AnalyticsPlugin:257 - Accepted Firmware Licenses: FW.G4.1.5.0
2024-02-15 13:58:00,979 [INFO] PluginManage:359 - Loaded plugin analytics (category:tool,tabindex:-1)
2024-02-15 13:58:00,979 [INFO] PluginManage:310 - Check plugin cadmodel
2024-02-15 13:58:01,033 [INFO] CADModel:105 - Init CAD model plugin
2024-02-15 13:58:01,033 [INFO] PluginManage:359 - Loaded plugin cadmodel (category:power,tabindex:5)
2024-02-15 13:58:01,034 [INFO] PluginManage:310 - Check plugin clock
2024-02-15 13:58:01,076 [INFO] PluginManage:359 - Loaded plugin clock (category:base,tabindex:2)
2024-02-15 13:58:01,076 [INFO] PluginManage:310 - Check plugin ddr
2024-02-15 13:58:01,089 [INFO] PluginManage:359 - Loaded plugin ddr (category:tool,tabindex:6)
2024-02-15 13:58:01,089 [INFO] PluginManage:310 - Check plugin filemanager
2024-02-15 13:58:01,257 [INFO] PluginManage:359 - Loaded plugin filemanager (category:base,tabindex:10)
2024-02-15 13:58:01,258 [INFO] PluginManage:310 - Check plugin ipmanager
2024-02-15 13:58:01,280 [INFO] PluginManage:359 - Loaded plugin ipmanager (category:base,tabindex:5)
2024-02-15 13:58:01,280 [INFO] PluginManage:310 - Check plugin lpbam
2024-02-15 13:58:01,311 [INFO] PluginManage:359 - Loaded plugin lpbam (category:base,tabindex:0)
2024-02-15 13:58:01,311 [INFO] PluginManage:310 - Check plugin memorymap
2024-02-15 13:58:01,360 [INFO] PluginManage:359 - Loaded plugin memorymap (category:base,tabindex:4)
2024-02-15 13:58:01,360 [INFO] PluginManage:310 - Check plugin pinoutandconfiguration
2024-02-15 13:58:01,396 [INFO] PluginManage:359 - Loaded plugin pinoutandconfiguration (category:base,tabindex:1)
2024-02-15 13:58:01,396 [INFO] PluginManage:310 - Check plugin pinoutconfig
2024-02-15 13:58:01,563 [WARN] SupportedApi:132 - Cannot load RTOS API schema: s4s-elt-must-match.1: The content of 'definitions' must match (annotation?, (simpleType | complexType)?, (unique | key | keyref)*)). A problem was found starting at: attribute.
2024-02-15 13:58:01,698 [INFO] PluginManage:359 - Loaded plugin pinoutconfig (category:base,tabindex:0)
2024-02-15 13:58:01,698 [INFO] PluginManage:310 - Check plugin power
2024-02-15 13:58:01,748 [INFO] PluginManage:359 - Loaded plugin power (category:power,tabindex:4)
2024-02-15 13:58:01,748 [INFO] PluginManage:310 - Check plugin projectmanager
2024-02-15 13:58:01,783 [INFO] PluginManage:359 - Loaded plugin projectmanager (category:projectmanager,tabindex:3)
2024-02-15 13:58:01,783 [INFO] PluginManage:310 - Check plugin thirdparty
2024-02-15 13:58:02,167 [INFO] PluginManage:359 - Loaded plugin thirdparty (category:base,tabindex:-1)
2024-02-15 13:58:02,167 [WARN] IntegrityCheckThread:84 - waiting for thirdparty lock release [integrity check]
2024-02-15 13:58:02,167 [INFO] PluginManage:310 - Check plugin tools
2024-02-15 13:58:02,167 [INFO] IntegrityCheckThread:86 - entering critical section [integrity check]
2024-02-15 13:58:02,168 [INFO] ThirdPartyUpdaterWithRetryManager:70 - Updater plugin not ready yet. [1/15]
2024-02-15 13:58:02,204 [INFO] PluginManage:359 - Loaded plugin tools (category:base,tabindex:7)
2024-02-15 13:58:02,205 [INFO] PluginManage:310 - Check plugin tutovideos
2024-02-15 13:58:02,493 [INFO] PluginManage:359 - Loaded plugin tutovideos (category:base,tabindex:-1)
2024-02-15 13:58:02,493 [INFO] PluginManage:310 - Check plugin updater
2024-02-15 13:58:02,524 [INFO] PluginManage:359 - Loaded plugin updater (category:base,tabindex:12)
2024-02-15 13:58:02,524 [INFO] PluginManage:310 - Check plugin userauth
2024-02-15 13:58:02,539 [INFO] UserAuth:113 - Init User Auth plugin
2024-02-15 13:58:02,540 [INFO] PluginManage:359 - Loaded plugin userauth (category:base,tabindex:14)
2024-02-15 13:58:02,540 [INFO] PluginManage:283 - PluginManage : Loaded plugins [17]
2024-02-15 13:58:02,987 [INFO] PinOutPanel:1499 - setPackage(No Configuration,No Configuration)
2024-02-15 13:58:03,133 [INFO] CADModel:165 - CPN selected for project level
2024-02-15 13:58:03,133 [INFO] CADModel:114 - Register for checkConnection events
2024-02-15 13:58:03,205 [INFO] IPUIPlugin:80 - create IPUIPlugin
2024-02-15 13:58:03,205 [INFO] PluginManager:220 - loadIPPluginJar : add adc
2024-02-15 13:58:03,244 [INFO] IPUIPlugin:80 - create IPUIPlugin
2024-02-15 13:58:03,244 [INFO] PluginManager:220 - loadIPPluginJar : add aes
2024-02-15 13:58:03,302 [INFO] IPUIPlugin:80 - create IPUIPlugin
2024-02-15 13:58:03,302 [INFO] PluginManager:220 - loadIPPluginJar : add can
2024-02-15 13:58:03,331 [INFO] IPUIPlugin:80 - create IPUIPlugin
2024-02-15 13:58:03,332 [INFO] PluginManager:220 - loadIPPluginJar : add comp
2024-02-15 13:58:03,357 [INFO] IPUIPlugin:80 - create IPUIPlugin
2024-02-15 13:58:03,357 [INFO] PluginManager:220 - loadIPPluginJar : add cryp
2024-02-15 13:58:03,388 [INFO] IPUIPlugin:80 - create IPUIPlugin
2024-02-15 13:58:03,388 [INFO] PluginManager:220 - loadIPPluginJar : add dfsdm
2024-02-15 13:58:03,416 [INFO] IPUIPlugin:80 - create IPUIPlugin
2024-02-15 13:58:03,416 [INFO] PluginManager:220 - loadIPPluginJar : add dma
2024-02-15 13:58:03,450 [INFO] IPUIPlugin:80 - create IPUIPlugin
2024-02-15 13:58:03,450 [INFO] PluginManager:220 - loadIPPluginJar : add dma3
2024-02-15 13:58:03,478 [INFO] IPUIPlugin:80 - create IPUIPlugin
2024-02-15 13:58:03,478 [INFO] PluginManager:220 - loadIPPluginJar : add fatfs
2024-02-15 13:58:03,515 [INFO] IPUIPlugin:80 - create IPUIPlugin
2024-02-15 13:58:03,515 [INFO] PluginManager:220 - loadIPPluginJar : add fmc
2024-02-15 13:58:03,544 [INFO] IPUIPlugin:80 - create IPUIPlugin
2024-02-15 13:58:03,544 [INFO] PluginManager:220 - loadIPPluginJar : add freertos
2024-02-15 13:58:03,562 [INFO] IPUIPlugin:80 - create IPUIPlugin
2024-02-15 13:58:03,562 [INFO] PluginManager:220 - loadIPPluginJar : add genericplugin
2024-02-15 13:58:03,648 [INFO] IPUIPlugin:80 - create IPUIPlugin
2024-02-15 13:58:03,648 [INFO] PluginManager:220 - loadIPPluginJar : add gfxmmu
2024-02-15 13:58:03,744 [INFO] IPUIPlugin:80 - create IPUIPlugin
2024-02-15 13:58:03,744 [INFO] PluginManager:220 - loadIPPluginJar : add gic
2024-02-15 13:58:03,758 [INFO] IPUIPlugin:80 - create IPUIPlugin
2024-02-15 13:58:03,758 [INFO] PluginManager:220 - loadIPPluginJar : add gpio
2024-02-15 13:58:03,836 [INFO] IPUIPlugin:80 - create IPUIPlugin
2024-02-15 13:58:03,837 [INFO] PluginManager:220 - loadIPPluginJar : add gtzc
2024-02-15 13:58:03,866 [INFO] IPUIPlugin:80 - create IPUIPlugin
2024-02-15 13:58:03,867 [INFO] PluginManager:220 - loadIPPluginJar : add hash
2024-02-15 13:58:03,906 [INFO] IPUIPlugin:80 - create IPUIPlugin
2024-02-15 13:58:03,906 [INFO] PluginManager:220 - loadIPPluginJar : add i2c
2024-02-15 13:58:03,936 [INFO] IPUIPlugin:80 - create IPUIPlugin
2024-02-15 13:58:03,936 [INFO] PluginManager:220 - loadIPPluginJar : add i2s
2024-02-15 13:58:03,967 [INFO] IPUIPlugin:80 - create IPUIPlugin
2024-02-15 13:58:03,967 [INFO] PluginManager:220 - loadIPPluginJar : add i3c
2024-02-15 13:58:04,043 [INFO] IPUIPlugin:80 - create IPUIPlugin
2024-02-15 13:58:04,043 [INFO] PluginManager:220 - loadIPPluginJar : add ipddr
2024-02-15 13:58:04,143 [INFO] IPUIPlugin:80 - create IPUIPlugin
2024-02-15 13:58:04,143 [INFO] PluginManager:220 - loadIPPluginJar : add linkedlist
2024-02-15 13:58:04,170 [INFO] IPUIPlugin:80 - create IPUIPlugin
2024-02-15 13:58:04,170 [INFO] PluginManager:220 - loadIPPluginJar : add lorawan
2024-02-15 13:58:04,199 [INFO] IPUIPlugin:80 - create IPUIPlugin
2024-02-15 13:58:04,199 [INFO] PluginManager:220 - loadIPPluginJar : add ltdc
2024-02-15 13:58:04,213 [INFO] IPUIPlugin:80 - create IPUIPlugin
2024-02-15 13:58:04,213 [INFO] PluginManager:220 - loadIPPluginJar : add mdma
2024-02-15 13:58:04,225 [INFO] IPUIPlugin:80 - create IPUIPlugin
2024-02-15 13:58:04,225 [INFO] PluginManager:220 - loadIPPluginJar : add nvic
2024-02-15 13:58:04,253 [INFO] IPUIPlugin:80 - create IPUIPlugin
2024-02-15 13:58:04,253 [INFO] PluginManager:220 - loadIPPluginJar : add opamp
2024-02-15 13:58:04,297 [INFO] IPUIPlugin:80 - create IPUIPlugin
2024-02-15 13:58:04,297 [INFO] PluginManager:220 - loadIPPluginJar : add openamp
2024-02-15 13:58:04,330 [INFO] IPUIPlugin:80 - create IPUIPlugin
2024-02-15 13:58:04,330 [INFO] PluginManager:220 - loadIPPluginJar : add pdm2pcm
2024-02-15 13:58:04,343 [INFO] IPUIPlugin:80 - create IPUIPlugin
2024-02-15 13:58:04,344 [INFO] PluginManager:220 - loadIPPluginJar : add plateformsettings
2024-02-15 13:58:04,362 [INFO] IPUIPlugin:80 - create IPUIPlugin
2024-02-15 13:58:04,363 [INFO] PluginManager:220 - loadIPPluginJar : add quadspi
2024-02-15 13:58:04,374 [INFO] IPUIPlugin:80 - create IPUIPlugin
2024-02-15 13:58:04,374 [INFO] PluginManager:220 - loadIPPluginJar : add resmgrutility
2024-02-15 13:58:04,411 [INFO] IPUIPlugin:80 - create IPUIPlugin
2024-02-15 13:58:04,411 [INFO] PluginManager:220 - loadIPPluginJar : add sai
2024-02-15 13:58:04,452 [INFO] IPUIPlugin:80 - create IPUIPlugin
2024-02-15 13:58:04,452 [INFO] PluginManager:220 - loadIPPluginJar : add spi
2024-02-15 13:58:04,494 [INFO] IPUIPlugin:80 - create IPUIPlugin
2024-02-15 13:58:04,494 [INFO] PluginManager:220 - loadIPPluginJar : add stm32_wpan
2024-02-15 13:58:04,516 [INFO] IPUIPlugin:80 - create IPUIPlugin
2024-02-15 13:58:04,517 [INFO] PluginManager:220 - loadIPPluginJar : add tim
2024-02-15 13:58:04,568 [INFO] IPUIPlugin:80 - create IPUIPlugin
2024-02-15 13:58:04,568 [INFO] PluginManager:220 - loadIPPluginJar : add touchsensing
2024-02-15 13:58:04,587 [INFO] IPUIPlugin:80 - create IPUIPlugin
2024-02-15 13:58:04,587 [INFO] PluginManager:220 - loadIPPluginJar : add tracer_emb
2024-02-15 13:58:04,607 [INFO] IPUIPlugin:80 - create IPUIPlugin
2024-02-15 13:58:04,608 [INFO] PluginManager:220 - loadIPPluginJar : add ts
2024-02-15 13:58:04,626 [INFO] IPUIPlugin:80 - create IPUIPlugin
2024-02-15 13:58:04,627 [INFO] PluginManager:220 - loadIPPluginJar : add tsc
2024-02-15 13:58:04,647 [INFO] IPUIPlugin:80 - create IPUIPlugin
2024-02-15 13:58:04,647 [INFO] PluginManager:220 - loadIPPluginJar : add ucpd
2024-02-15 13:58:04,686 [INFO] IPUIPlugin:80 - create IPUIPlugin
2024-02-15 13:58:04,686 [INFO] PluginManager:220 - loadIPPluginJar : add usart
2024-02-15 13:58:04,725 [INFO] IPUIPlugin:80 - create IPUIPlugin
2024-02-15 13:58:04,725 [INFO] PluginManager:220 - loadIPPluginJar : add usbx
2024-02-15 13:58:04,849 [INFO] CADModel:165 - CPN selected for project level
2024-02-15 13:58:04,849 [INFO] CADModel:114 - Register for checkConnection events
2024-02-15 13:58:04,849 [FATAL] Updater:308 - Updater called before beeing initialized
2024-02-15 13:58:04,849 [ERROR] CADModel:125 - Updater not yet initialized, retry later 
2024-02-15 13:58:05,023 [INFO] CADModel:165 - CPN selected for project level
2024-02-15 13:58:05,024 [INFO] CADModel:114 - Register for checkConnection events
2024-02-15 13:58:05,024 [FATAL] Updater:308 - Updater called before beeing initialized
2024-02-15 13:58:05,024 [ERROR] CADModel:125 - Updater not yet initialized, retry later 
2024-02-15 13:58:05,046 [FATAL] Updater:308 - Updater called before beeing initialized
2024-02-15 13:58:05,131 [FATAL] Updater:308 - Updater called before beeing initialized
2024-02-15 13:58:05,147 [INFO] DbMcusAds:53 - JSON generation date=Wed Nov 29 17:52:27 ICT 2023 (1701255147200)
2024-02-15 13:58:05,147 [FATAL] Updater:308 - Updater called before beeing initialized
2024-02-15 13:58:05,174 [INFO] ThirdPartyUpdaterWithRetryManager:70 - Updater plugin not ready yet. [2/15]
2024-02-15 13:58:05,267 [WARN] DetailPanel:346 - Failed to get advertising image, set to default
2024-02-15 13:58:05,373 [FATAL] Updater:308 - Updater called before beeing initialized
2024-02-15 13:58:05,387 [FATAL] Updater:308 - Updater called before beeing initialized
2024-02-15 13:58:05,387 [FATAL] Updater:308 - Updater called before beeing initialized
2024-02-15 13:58:05,387 [WARN] DetailPanel:346 - Failed to get advertising image, set to default
2024-02-15 13:58:05,399 [FATAL] Updater:308 - Updater called before beeing initialized
2024-02-15 13:58:05,547 [ERROR] Updater:1120 - MainUpdater not yet initialized. External WinMGr cannot be set.
2024-02-15 13:58:05,571 [INFO] Updater:1056 - Updater Version found : 6.9.2
2024-02-15 13:58:05,602 [INFO] ApplicationProperties:184 - Using Application install path: E:\stm cube\STM32CubeIDE_1.13.2\STM32CubeIDE\plugins\com.st.stm32cube.common.mx_6.9.2.202309101412
2024-02-15 13:58:05,888 [INFO] MainUpdater:2868 - connection check result : 10
2024-02-15 13:58:05,888 [INFO] MainUpdater:285 - Updater Check For Update Now.
2024-02-15 13:58:05,889 [INFO] MicroXplorer:498 - Change Database Version : DB.6.0.92
2024-02-15 13:58:05,923 [INFO] McuFinderGlobals:63 - Set McuFinder mode to 2 (CubeIDE integrated)
2024-02-15 13:58:06,069 [INFO] CheckServerUpdateThread:120 - End of CheckServer Thread
2024-02-15 13:58:08,495 [WARN] PackLoader:240 - Cannot read IP mode file for STMicroelectronics.X-CUBE-SMBUS.2.1.0
2024-02-15 13:58:08,516 [WARN] PackLoader:240 - Cannot read IP mode file for STMicroelectronics.X-CUBE-TOUCHGFX.4.23.0
2024-02-15 13:58:08,545 [WARN] PackLoader:240 - Cannot read IP mode file for STMicroelectronics.X-CUBE-AZRTOS-F7.1.1.0
2024-02-15 13:58:08,560 [WARN] PackLoader:240 - Cannot read IP mode file for STMicroelectronics.FP-SNS-MOTENV1.4.3.2
2024-02-15 13:58:08,572 [WARN] PackLoader:240 - Cannot read IP mode file for STMicroelectronics.FP-SNS-FLIGHT1.5.0.2
2024-02-15 13:58:08,586 [WARN] PackLoader:240 - Cannot read IP mode file for STMicroelectronics.X-CUBE-DISPLAY.3.0.0
2024-02-15 13:58:08,602 [WARN] PackLoader:240 - Cannot read IP mode file for STMicroelectronics.X-CUBE-BLE1.7.0.0
2024-02-15 13:58:08,615 [WARN] PackLoader:240 - Cannot read IP mode file for emotas.I-CUBE-CANOPEN.1.3.0
2024-02-15 13:58:08,626 [WARN] PackLoader:240 - Cannot read IP mode file for STMicroelectronics.X-CUBE-TOUCHGFX.4.22.1
2024-02-15 13:58:08,638 [WARN] PackLoader:240 - Cannot read IP mode file for STMicroelectronics.FP-SNS-SMARTAG2.1.2.0
2024-02-15 13:58:08,654 [INFO] LogOutputStream:77 - [STDOUT_REDIRECT] 1 : Invalid condition id : UX_CORESTACK_Condition cause : null
2024-02-15 13:58:08,654 [INFO] LogOutputStream:77 - [STDOUT_REDIRECT] 1 : Invalid condition id : UX_CORESTACK_Condition cause : null
2024-02-15 13:58:08,655 [INFO] LogOutputStream:77 - [STDOUT_REDIRECT] 1 : Invalid condition id : UX_CORESTACK_Condition cause : null
2024-02-15 13:58:08,655 [INFO] LogOutputStream:77 - [STDOUT_REDIRECT] 1 : Invalid condition id : UX_CORESTACK_Condition cause : null
2024-02-15 13:58:08,656 [INFO] LogOutputStream:77 - [STDOUT_REDIRECT] 1 : Invalid condition id : UX_CORESTACK_Condition cause : null
2024-02-15 13:58:08,658 [WARN] PackLoader:240 - Cannot read IP mode file for STMicroelectronics.X-CUBE-AZRTOS-WL.2.0.0
2024-02-15 13:58:08,672 [WARN] PackLoader:240 - Cannot read IP mode file for WES.I-CUBE-Cesium.1.3.0
2024-02-15 13:58:08,683 [WARN] PackLoader:240 - Cannot read IP mode file for STMicroelectronics.X-CUBE-BLE2.3.3.0
2024-02-15 13:58:08,695 [WARN] PackLoader:240 - Cannot read IP mode file for STMicroelectronics.X-CUBE-ALGOBUILD.1.3.0
2024-02-15 13:58:08,718 [WARN] PackLoader:240 - Cannot read IP mode file for STMicroelectronics.X-CUBE-AZRTOS-G0.1.1.0
2024-02-15 13:58:08,731 [WARN] PackLoader:240 - Cannot read IP mode file for STMicroelectronics.X-CUBE-NFC4.3.0.0
2024-02-15 13:58:08,748 [WARN] PackLoader:240 - Cannot read IP mode file for STMicroelectronics.X-CUBE-BLEMGR.3.0.0
2024-02-15 13:58:08,761 [WARN] PackLoader:240 - Cannot read IP mode file for STMicroelectronics.FP-ATR-SIGFOX1.3.2.0
2024-02-15 13:58:08,774 [WARN] PackLoader:240 - Cannot read IP mode file for STMicroelectronics.X-CUBE-EEPRMA1.5.1.0
2024-02-15 13:58:08,808 [WARN] PackLoader:240 - Cannot read IP mode file for SEGGER.I-CUBE-embOS.1.3.1
2024-02-15 13:58:08,845 [WARN] PackLoader:240 - Cannot read IP mode file for STMicroelectronics.X-CUBE-GNSS1.6.0.0
2024-02-15 13:58:08,868 [WARN] PackLoader:240 - Cannot read IP mode file for STMicroelectronics.X-CUBE-AZRTOS-F4.1.1.0
2024-02-15 13:58:08,883 [WARN] PackLoader:240 - Cannot read IP mode file for wolfSSL.I-CUBE-wolfSSL.5.6.3
2024-02-15 13:58:08,909 [WARN] PackLoader:240 - Cannot read IP mode file for STMicroelectronics.X-CUBE-AZRTOS-L5.2.0.0
2024-02-15 13:58:08,949 [WARN] PackLoader:240 - Cannot read IP mode file for STMicroelectronics.X-CUBE-MEMS1.9.6.0
2024-02-15 13:58:09,085 [WARN] PackLoader:240 - Cannot read IP mode file for STMicroelectronics.X-CUBE-EEPRMA1.4.2.0
2024-02-15 13:58:09,112 [WARN] PackLoader:240 - Cannot read IP mode file for ITTIA_DB.I-CUBE-ITTIADB.8.8.0
2024-02-15 13:58:09,156 [WARN] PackLoader:240 - Cannot read IP mode file for STMicroelectronics.X-CUBE-BLEMGR.2.0.0
2024-02-15 13:58:09,202 [WARN] ConditionMgr:438 - getConditionDescription Invalid condition id : UX DEVICE CLASS RTOS Condition cause : null
2024-02-15 13:58:09,202 [WARN] ConditionMgr:438 - getConditionDescription Invalid condition id : UX DEVICE CLASS RTOS Condition cause : null
2024-02-15 13:58:09,207 [WARN] PackLoader:240 - Cannot read IP mode file for STMicroelectronics.X-CUBE-AZRTOS-H7.3.1.0
2024-02-15 13:58:09,209 [WARN] ConditionMgr:1039 - genDependencies : Invalid condition id : UX DEVICE CLASS RTOS Condition cause : null
2024-02-15 13:58:09,209 [WARN] ConditionMgr:1039 - genDependencies : Invalid condition id : UX DEVICE CLASS RTOS Condition cause : null
2024-02-15 13:58:09,210 [WARN] ConditionMgr:1039 - genDependencies : Invalid condition id : UX DEVICE CLASS RTOS Condition cause : null
2024-02-15 13:58:09,211 [WARN] ConditionMgr:1039 - genDependencies : Invalid condition id : UX DEVICE CLASS RTOS Condition cause : null
2024-02-15 13:58:09,211 [WARN] ConditionMgr:1039 - genDependencies : Invalid condition id : UX DEVICE CLASS RTOS Condition cause : null
2024-02-15 13:58:09,234 [WARN] PackLoader:240 - Cannot read IP mode file for STMicroelectronics.X-CUBE-NFC7.1.0.1
2024-02-15 13:58:09,260 [WARN] PackLoader:240 - Cannot read IP mode file for STMicroelectronics.X-CUBE-NFC6.3.0.0
2024-02-15 13:58:09,283 [WARN] PackLoader:240 - Cannot read IP mode file for STMicroelectronics.X-CUBE-EEPRMA1.4.1.0
2024-02-15 13:58:09,300 [WARN] PackLoader:240 - Cannot read IP mode file for STMicroelectronics.X-CUBE-AI.8.1.0
2024-02-15 13:58:09,345 [WARN] ConditionMgr:438 - getConditionDescription Invalid condition id : LAN8742 Phy interface Condition cause : null
2024-02-15 13:58:09,346 [WARN] PackLoader:240 - Cannot read IP mode file for STMicroelectronics.X-CUBE-AZRTOS-L4.2.0.0
2024-02-15 13:58:09,347 [WARN] ConditionMgr:1039 - genDependencies : Invalid condition id : LAN8742 Phy interface Condition cause : null
2024-02-15 13:58:09,348 [WARN] ConditionMgr:1039 - genDependencies : Invalid condition id : LAN8742 Phy interface Condition cause : null
2024-02-15 13:58:09,348 [WARN] ConditionMgr:1039 - genDependencies : Invalid condition id : LAN8742 Phy interface Condition cause : null
2024-02-15 13:58:09,371 [WARN] PackLoader:240 - Cannot read IP mode file for STMicroelectronics.X-CUBE-SFXS2LP1.4.0.0
2024-02-15 13:58:09,389 [WARN] PackLoader:240 - Cannot read IP mode file for STMicroelectronics.X-CUBE-ISPU.1.1.0
2024-02-15 13:58:09,414 [WARN] ConditionMgr:438 - getConditionDescription Invalid condition id : UX DEVICE CLASS RTOS Condition cause : null
2024-02-15 13:58:09,414 [WARN] ConditionMgr:438 - getConditionDescription Invalid condition id : UX DEVICE CLASS RTOS Condition cause : null
2024-02-15 13:58:09,420 [WARN] PackLoader:240 - Cannot read IP mode file for STMicroelectronics.X-CUBE-AZRTOS-WB.2.0.0
2024-02-15 13:58:09,421 [WARN] ConditionMgr:1039 - genDependencies : Invalid condition id : UX DEVICE CLASS RTOS Condition cause : null
2024-02-15 13:58:09,421 [WARN] ConditionMgr:1039 - genDependencies : Invalid condition id : UX DEVICE CLASS RTOS Condition cause : null
2024-02-15 13:58:09,422 [WARN] ConditionMgr:1039 - genDependencies : Invalid condition id : UX DEVICE CLASS RTOS Condition cause : null
2024-02-15 13:58:09,422 [WARN] ConditionMgr:1039 - genDependencies : Invalid condition id : UX DEVICE CLASS RTOS Condition cause : null
2024-02-15 13:58:09,422 [WARN] ConditionMgr:1039 - genDependencies : Invalid condition id : UX DEVICE CLASS RTOS Condition cause : null
2024-02-15 13:58:09,440 [WARN] PackLoader:240 - Cannot read IP mode file for STMicroelectronics.X-CUBE-SUBG2.5.0.0
2024-02-15 13:58:09,462 [WARN] PackLoader:240 - Cannot read IP mode file for STMicroelectronics.X-CUBE-TOF1.3.3.1
2024-02-15 13:58:09,492 [WARN] PackLoader:240 - Cannot read IP mode file for STMicroelectronics.X-CUBE-AZRTOS-G4.2.0.0
2024-02-15 13:58:09,518 [WARN] PackLoader:240 - Cannot read IP mode file for Infineon.AIROC-Wi-Fi-Bluetooth-STM32.1.5.1
2024-02-15 13:58:09,540 [WARN] PackLoader:240 - Cannot read IP mode file for STMicroelectronics.FP-SNS-MOTENVWB1.1.3.0
2024-02-15 13:58:09,553 [WARN] PackLoader:240 - Cannot read IP mode file for STMicroelectronics.FP-SNS-MOTENVWB1.1.3.1
2024-02-15 13:58:09,576 [WARN] PackLoader:240 - Cannot read IP mode file for STMicroelectronics.X-CUBE-ISPU.2.0.0
2024-02-15 13:58:09,659 [WARN] PackLoader:240 - Cannot read IP mode file for STMicroelectronics.X-CUBE-MEMS1.10.0.0
2024-02-15 13:58:09,781 [WARN] PackLoader:240 - Cannot read IP mode file for STMicroelectronics.X-CUBE-FREERTOS.1.1.0
2024-02-15 13:58:09,801 [WARN] PackLoader:240 - Cannot read IP mode file for portGmbH.I-Cube-SoM-uGOAL.1.1.0
2024-02-15 13:58:09,822 [WARN] PackLoader:240 - Cannot read IP mode file for STMicroelectronics.X-CUBE-ALS.1.0.1
2024-02-15 13:58:09,842 [WARN] PackLoader:240 - Cannot read IP mode file for STMicroelectronics.FP-ATR-ASTRA1.2.0.0
2024-02-15 13:58:09,867 [WARN] PackLoader:240 - Cannot read IP mode file for STMicroelectronics.X-CUBE-TOF1.3.4.0
2024-02-15 13:58:09,899 [WARN] PackLoader:240 - Cannot read IP mode file for STMicroelectronics.X-CUBE-AZRTOS-H7.3.2.0
2024-02-15 13:58:09,901 [INFO] ThirdParty:978 - Integrity check success = true
2024-02-15 13:58:09,902 [INFO] IntegrityCheckThread:100 - exiting critical section [integrity check]
2024-02-15 13:58:09,902 [INFO] IntegrityCheckThread:103 - End integrity checks thread
2024-02-15 13:58:15,454 [INFO] McuFinderGlobals:63 - Set McuFinder mode to 2 (CubeIDE integrated)
2024-02-15 13:58:15,493 [INFO] MainUpdater:2868 - connection check result : 10
2024-02-15 13:58:15,511 [INFO] MainUpdater:2868 - connection check result : 10
2024-02-15 13:58:16,002 [INFO] MicroXplorer:468 - Change Database Path : 
2024-02-15 13:58:16,002 [INFO] MicroXplorer:498 - Change Database Version : DB.6.0.92
2024-02-15 13:58:16,005 [WARN] ThirdParty:871 - waiting for thirdparty lock release [close project]
2024-02-15 13:58:16,005 [INFO] ThirdParty:873 - entering critical section [close project]
2024-02-15 13:58:16,005 [INFO] ThirdParty:883 - exiting critical section [close project]
2024-02-15 13:58:16,006 [INFO] PinOutPanel:1499 - setPackage(No Configuration,No Configuration)
2024-02-15 13:58:16,010 [INFO] UtilMem:75 - Begin LoadConfig() Used Memory: 158281920 Bytes (314572800)
2024-02-15 13:58:16,011 [INFO] MicroXplorer:468 - Change Database Path : 
2024-02-15 13:58:16,011 [INFO] MicroXplorer:498 - Change Database Version : DB.6.0.92
2024-02-15 13:58:16,011 [INFO] OpenFileManager:308 - Change cursor
2024-02-15 13:58:16,146 [INFO] Mcu:1946 - Initializing MCU STM32G474R(B-C-E)Tx STM32G474RETx STM32G474RET6
2024-02-15 13:58:20,514 [INFO] Context:659 - Trying to add GPIOservice into a context  which must be forbidden
2024-02-15 13:58:22,053 [INFO] RtosManager:555 - Registered RTOS mode: class=CMSIS, group=RTOS, mode=CMSIS_V1, owner=FREERTOS
2024-02-15 13:58:22,053 [INFO] RtosManager:555 - Registered RTOS mode: class=CMSIS, group=RTOS2, mode=CMSIS_V2, owner=FREERTOS
2024-02-15 13:58:22,053 [INFO] RtosManager:555 - Registered RTOS mode: class=RTOS, group=Core, mode=CMSIS_V1, owner=FREERTOS
2024-02-15 13:58:22,054 [INFO] RtosManager:555 - Registered RTOS mode: class=RTOS, group=Core, mode=CMSIS_V2, owner=FREERTOS
2024-02-15 13:58:22,054 [WARN] ModelIntegratedComponent:184 - Missing modes for component STMicroelectronics:FreeRTOS:0.0.1:STMicroelectronics:RTOS:FreeRTOS:Core:::10.2.0:
2024-02-15 13:58:22,067 [WARN] ModelIntegratedComponent:63 - No mode defined for component null
2024-02-15 13:58:22,067 [WARN] ModelIntegratedComponent:63 - No mode defined for component null
2024-02-15 13:58:22,067 [WARN] ModelIntegratedComponent:63 - No mode defined for component null
2024-02-15 13:58:22,067 [WARN] ModelIntegratedComponent:63 - No mode defined for component null
2024-02-15 13:58:22,067 [WARN] ModelIntegratedComponent:63 - No mode defined for component null
2024-02-15 13:58:22,067 [WARN] ModelIntegratedComponent:63 - No mode defined for component null
2024-02-15 13:58:22,067 [WARN] ModelIntegratedComponent:63 - No mode defined for component null
2024-02-15 13:58:22,067 [WARN] ModelIntegratedComponent:63 - No mode defined for component null
2024-02-15 13:58:22,067 [WARN] ModelIntegratedComponent:63 - No mode defined for component null
2024-02-15 13:58:22,068 [WARN] ModelIntegratedComponent:63 - No mode defined for component null
2024-02-15 13:58:22,068 [WARN] ModelIntegratedComponent:63 - No mode defined for component null
2024-02-15 13:58:22,068 [WARN] ModelIntegratedComponent:63 - No mode defined for component null
2024-02-15 13:58:22,068 [WARN] ModelIntegratedComponent:63 - No mode defined for component null
2024-02-15 13:58:22,068 [WARN] ModelIntegratedComponent:63 - No mode defined for component null
2024-02-15 13:58:22,068 [WARN] ModelIntegratedComponent:63 - No mode defined for component null
2024-02-15 13:58:22,068 [WARN] ModelIntegratedComponent:63 - No mode defined for component null
2024-02-15 13:58:22,068 [WARN] ModelIntegratedComponent:63 - No mode defined for component null
2024-02-15 13:58:22,068 [WARN] ModelIntegratedComponent:63 - No mode defined for component null
2024-02-15 13:58:22,068 [WARN] ModelIntegratedComponent:63 - No mode defined for component null
2024-02-15 13:58:22,068 [WARN] ModelIntegratedComponent:63 - No mode defined for component null
2024-02-15 13:58:22,068 [WARN] ModelIntegratedComponent:63 - No mode defined for component null
2024-02-15 13:58:22,068 [WARN] ModelIntegratedComponent:63 - No mode defined for component null
2024-02-15 13:58:22,068 [WARN] ModelIntegratedComponent:63 - No mode defined for component null
2024-02-15 13:58:22,068 [WARN] ModelIntegratedComponent:63 - No mode defined for component null
2024-02-15 13:58:22,068 [WARN] ModelIntegratedComponent:63 - No mode defined for component null
2024-02-15 13:58:22,068 [WARN] ModelIntegratedComponent:63 - No mode defined for component null
2024-02-15 13:58:22,068 [WARN] ModelIntegratedComponent:63 - No mode defined for component null
2024-02-15 13:58:22,068 [WARN] ModelIntegratedComponent:63 - No mode defined for component null
2024-02-15 13:58:22,068 [WARN] ModelIntegratedComponent:63 - No mode defined for component null
2024-02-15 13:58:22,068 [WARN] ModelIntegratedComponent:63 - No mode defined for component null
2024-02-15 13:58:22,068 [WARN] ModelIntegratedComponent:63 - No mode defined for component null
2024-02-15 13:58:22,068 [WARN] ModelIntegratedComponent:63 - No mode defined for component null
2024-02-15 13:58:22,068 [WARN] ModelIntegratedComponent:63 - No mode defined for component null
2024-02-15 13:58:22,151 [INFO] ThirdPartyModel:298 - Start build external matchings
2024-02-15 13:58:22,558 [INFO] ThirdPartyModel:316 - End build external matchings
2024-02-15 13:58:22,579 [INFO] ImportTextPane:194 - (OptionalMessage_ERROR) IP (ADC1) : Parameter (CommonPathInternal) has invalid value (null|null|null|null)
2024-02-15 13:58:22,579 [INFO] ImportTextPane:194 - (OptionalMessage_ERROR) IP (DMA) : Parameter (Instance) has Id (ADC1) currently not set
2024-02-15 13:58:22,579 [INFO] ImportTextPane:194 - (OptionalMessage_ERROR) IP (DMA) : Parameter (Request) has Id (ADC1) currently not set
2024-02-15 13:58:22,579 [INFO] ImportTextPane:194 - (OptionalMessage_ERROR) IP (DMA) : Parameter (Direction) has Id (ADC1) currently not set
2024-02-15 13:58:22,579 [INFO] ImportTextPane:194 - (OptionalMessage_ERROR) IP (DMA) : Parameter (PeriphInc) has Id (ADC1) currently not set
2024-02-15 13:58:22,579 [INFO] ImportTextPane:194 - (OptionalMessage_ERROR) IP (DMA) : Parameter (MemInc) has Id (ADC1) currently not set
2024-02-15 13:58:22,580 [INFO] ImportTextPane:194 - (OptionalMessage_ERROR) IP (DMA) : Parameter (PeriphDataAlignment) has Id (ADC1) currently not set
2024-02-15 13:58:22,580 [INFO] ImportTextPane:194 - (OptionalMessage_ERROR) IP (DMA) : Parameter (MemDataAlignment) has Id (ADC1) currently not set
2024-02-15 13:58:22,580 [INFO] ImportTextPane:194 - (OptionalMessage_ERROR) IP (DMA) : Parameter (Mode) has Id (ADC1) currently not set
2024-02-15 13:58:22,580 [INFO] ImportTextPane:194 - (OptionalMessage_ERROR) IP (DMA) : Parameter (Priority) has Id (ADC1) currently not set
2024-02-15 13:58:22,580 [INFO] ImportTextPane:194 - (OptionalMessage_ERROR) IP (DMA) : Parameter (SignalID) has Id (ADC1) currently not set
2024-02-15 13:58:22,580 [INFO] ImportTextPane:194 - (OptionalMessage_ERROR) IP (DMA) : Parameter (Polarity) has Id (ADC1) currently not set
2024-02-15 13:58:22,580 [INFO] ImportTextPane:194 - (OptionalMessage_ERROR) IP (DMA) : Parameter (RequestNumber) has Id (ADC1) currently not set
2024-02-15 13:58:22,580 [INFO] ImportTextPane:194 - (OptionalMessage_ERROR) IP (DMA) : Parameter (SyncSignalID) has Id (ADC1) currently not set
2024-02-15 13:58:22,580 [INFO] ImportTextPane:194 - (OptionalMessage_ERROR) IP (DMA) : Parameter (SyncPolarity) has Id (ADC1) currently not set
2024-02-15 13:58:22,580 [INFO] ImportTextPane:194 - (OptionalMessage_ERROR) IP (DMA) : Parameter (SyncEnable) has Id (ADC1) currently not set
2024-02-15 13:58:22,580 [INFO] ImportTextPane:194 - (OptionalMessage_ERROR) IP (DMA) : Parameter (EventEnable) has Id (ADC1) currently not set
2024-02-15 13:58:22,580 [INFO] ImportTextPane:194 - (OptionalMessage_ERROR) IP (DMA) : Parameter (SyncRequestNumber) has Id (ADC1) currently not set
2024-02-15 13:58:22,582 [INFO] ImportTextPane:194 - (OptionalMessage_ERROR) IP (RCC) : Invalid parameter (FamilyName)
2024-02-15 13:58:22,583 [INFO] ImportTextPane:194 - (OptionalMessage_ERROR) IP (RCC) : Parameter (RNGFreq_Value) has invalid value (170000000)
2024-02-15 13:58:22,583 [INFO] ImportTextPane:194 - (OptionalMessage_ERROR) IP (RCC) : Parameter (USBFreq_Value) has invalid value (170000000)
2024-02-15 13:58:22,966 [INFO] UtilMem:75 - End LoadConfig() Used Memory: 249897832 Bytes (655360000)
2024-02-15 13:58:23,184 [INFO] ApiDb:581 - Connected to CubeFinder SQLite database (C:\Users\bcc35\.stmcufinder\plugins\mcufinder\mcu\cube-finder-db.db)
2024-02-15 13:58:23,279 [INFO] ApiDb:668 - CubeFinder database Data Model version=2.1
2024-02-15 13:58:23,279 [INFO] ApiDb:669 - CubeFinder database Configuration version=3.0.39
2024-02-15 13:58:23,279 [INFO] ApiDb:670 - CubeFinder database generation date=2024-01-11 (1704964531)
2024-02-15 13:58:23,279 [INFO] ApiDb:671 - CubeFinder database FW Pack versions=[FP-ATR-ASTRA1_V2.0.0, FP-SNS-FLIGHT1_V5.0.1, FP-SNS-FLIGHT1_V5.0.2, FP-SNS-MOTENV1_V4.3.1, FP-SNS-MOTENV1_V4.3.2, FP-SNS-MOTENVWB1_V1.3.1, FP-SNS-SMARTAG2_V1.2.0, STM32Cube_FW_C0_V1.1.0, STM32Cube_FW_F4_V1.28.0, STM32Cube_FW_F7_V1.17.0, STM32Cube_FW_G0_V1.6.2, STM32Cube_FW_G4_V1.5.2, STM32Cube_FW_H5_V0.5.1, STM32Cube_FW_H5_V1.1.1, STM32Cube_FW_H5_V1.2.0RC2, STM32Cube_FW_H7_V1.11.0, STM32Cube_FW_L0_V1.12.2, STM32Cube_FW_L5_V1.5.0, STM32Cube_FW_U5_V1.3.0RC4, STM32Cube_FW_U5_V1.4.0, STM32Cube_FW_WBA_V1.0.0RC1, STM32Cube_FW_WBA_V1.1.0RC1, STM32Cube_FW_WBA_V1.2.0, STM32Cube_FW_WBA_V1.2.0RC2, STM32Cube_FW_WB_V1.15.0RC1, STM32Cube_FW_WB_V1.16.0, STM32Cube_FW_WB_V1.16.0RC2, STM32Cube_FW_WB_V1.18.0, STM32Cube_FW_WL_V1.3.0, X-CUBE-ALGOBUILD_V1.3.0, X-CUBE-ALS_V1.0.1, X-CUBE-AZRTOS-F4_V1.1.0, X-CUBE-AZRTOS-F7_V1.1.0, X-CUBE-AZRTOS-G0_V1.1.0, X-CUBE-AZRTOS-G4_V2.0.0, X-CUBE-AZRTOS-H7_V3.2.0, X-CUBE-AZRTOS-L4_V1.0.0, X-CUBE-AZRTOS-L4_V2.0.0, X-CUBE-AZRTOS-L5_V1.1.0, X-CUBE-AZRTOS-WB_V2.0.0, X-CUBE-AZRTOS-WL_V2.0.0, X-CUBE-BLE1_V7.0.0, X-CUBE-BLE2_V3.3.0, X-CUBE-BLEMGR_V3.0.0, X-CUBE-EEPRMA1_V4.1.0, X-CUBE-EEPRMA1_V4.2.0, X-CUBE-FREERTOS_V1.1.0, X-CUBE-GNSS1_V6.0.0, X-CUBE-MEMS1_V10.0.0, X-CUBE-MEMS1_V9.1.0, X-CUBE-MEMS1_V9.4.0, X-CUBE-MEMS1_V9.6.0, X-CUBE-NFC4_V3.0.0, X-CUBE-NFC7_V1.0.1, X-CUBE-SFXS2LP1_V4.0.0, X-CUBE-SUBG2_V5.0.0, X-CUBE-TOF1_V3.4.0]
2024-02-15 13:58:25,106 [INFO] ApiDb:240 - Found 323 in-development CPN: [B-G473E-ZEST1S, B-WB1M-WPAN1, B-WL5M-SUBG1, NUCLEO-C031C6, NUCLEO-H503RB, NUCLEO-H563ZI, NUCLEO-U545RE-Q, NUCLEO-U5A5ZJ-Q, NUCLEO-WBA52CG, STEVAL-PROTEUS1, STEVAL-SMARTAG2, STEVAL-STWINBX1, STM320518-EVAL, STM32C0116-DK, STM32C011D6Y3TR, STM32C011D6Y6TR, STM32C011F4P3, STM32C011F4P6, STM32C011F4U3, STM32C011F4U6TR, STM32C011F6P3, STM32C011F6P6, STM32C011F6U3, STM32C011F6U6TR, STM32C011J4M3, STM32C011J4M6, STM32C011J6M3, STM32C011J6M6, STM32C0316-DK, STM32C031C4T3, STM32C031C4T6, STM32C031C4U3, STM32C031C4U6, STM32C031C6T3, STM32C031C6T6, STM32C031C6U3, STM32C031C6U6, STM32C031F4P3, STM32C031F4P6, STM32C031F6P3, STM32C031F6P6, STM32C031G4U3, STM32C031G4U6, STM32C031G6U3, STM32C031G6U6, STM32C031K4T3, STM32C031K4T6, STM32C031K4U3, STM32C031K4U6, STM32C031K6T3, STM32C031K6T6, STM32C031K6U3, STM32C031K6U6, STM32G071K8TXN, STM32G071K8UXN, STM32G081GBU6N, STM32G081KBT6N, STM32G081KBUXN, STM32G0B1CCT6N, STM32G0B1KCT6, STM32G0B1NEY6TR, STM32G0B1RCT6N, STM32G0C1CCT6, STM32G0C1CCT6N, STM32G0C1CCU6N, STM32G0C1CET6N, STM32G0C1CEU6N, STM32G0C1KCT6, STM32G0C1NEY6TR, STM32G0C1RCI6N, STM32G0C1RCT6N, STM32G0C1REI6N, STM32G0C1RET6N, STM32G0C1VCI6, STM32G0C1VEI6, STM32G471CCT6, STM32G471CCU6, STM32G471CET3, STM32G471CET6, STM32G471CEU3, STM32G471CEU6, STM32G471MCT6, STM32G471MET3, STM32G471MET6, STM32G471MEY6TR, STM32G471QCT6, STM32G471QET3, STM32G471RCT6, STM32G471RET3, STM32G471RET6, STM32G471VCH6, STM32G471VCI6, STM32G471VCT6, STM32G471VEH3, STM32G471VEH6, STM32G471VEI3, STM32G471VEI6, STM32G471VET3, STM32G471VET6, STM32G474CCT6, STM32H503CBT6, STM32H503CBU6, STM32H503EBY6TR, STM32H503KBU6, STM32H503RBT6, STM32H562AGI6, STM32H562AII6, STM32H562IGK6, STM32H562IGT6, STM32H562IIK6, STM32H562IIT6, STM32H562RGT6, STM32H562RGV6, STM32H562RIT6, STM32H562RIV6, STM32H562VGT6, STM32H562VIT6, STM32H562ZGT6, STM32H562ZIT6, STM32H563AGI6, STM32H563AII3Q, STM32H563AII6, STM32H563IGK6, STM32H563IGT6, STM32H563IIK3Q, STM32H563IIK6, STM32H563IIT3Q, STM32H563IIT6, STM32H563MIY3QTR, STM32H563RGT6, STM32H563RGV6, STM32H563RIT6, STM32H563RIV6, STM32H563VGT6, STM32H563VIT3Q, STM32H563VIT6, STM32H563ZGT6, STM32H563ZIT3Q, STM32H563ZIT6, STM32H573AII3Q, STM32H573AII6, STM32H573I-DK, STM32H573IIK3Q, STM32H573IIK6, STM32H573IIT3Q, STM32H573IIT6, STM32H573MIY3QTR, STM32H573RIT6, STM32H573RIV6, STM32H573VIT3Q, STM32H573VIT6, STM32H573ZIT3Q, STM32H573ZIT6, STM32L4R5QGI6STR, STM32MP131AAE3, STM32MP131AAF3, STM32MP131AAG3, STM32MP131CAE3, STM32MP131CAF3, STM32MP131CAG3, STM32MP131DAE7, STM32MP131DAF7, STM32MP131DAG7, STM32MP131FAE7, STM32MP131FAF7, STM32MP131FAG7, STM32MP133AAE3, STM32MP133AAF3, STM32MP133AAG3, STM32MP133CAE3, STM32MP133CAF3, STM32MP133CAG3, STM32MP133DAE7, STM32MP133DAF7, STM32MP133DAG7, STM32MP133FAE7, STM32MP133FAF7, STM32MP133FAG7, STM32MP135AAE3, STM32MP135AAF3, STM32MP135AAG3, STM32MP135CAE3, STM32MP135CAF3, STM32MP135CAG3, STM32MP135DAE7, STM32MP135DAF7, STM32MP135DAG7, STM32MP135F-DK, STM32MP135FAE7, STM32MP135FAF7, STM32MP135FAF7T, STM32MP135FAF7U, STM32MP135FAG7, STM32U535CBT6, STM32U535CBT6Q, STM32U535CBU6, STM32U535CBU6Q, STM32U535CCT6, STM32U535CCT6Q, STM32U535CCU6, STM32U535CCU6Q, STM32U535CET6, STM32U535CET6Q, STM32U535CEU6, STM32U535CEU6Q, STM32U535JEY6QTR, STM32U535NCY6QTR, STM32U535NEY6QTR, STM32U535RBI6, STM32U535RBI6Q, STM32U535RBT6, STM32U535RBT6Q, STM32U535RCI6, STM32U535RCI6Q, STM32U535RCT6, STM32U535RCT6Q, STM32U535REI6, STM32U535REI6Q, STM32U535RET6, STM32U535RET6Q, STM32U535VCI6, STM32U535VCI6Q, STM32U535VCT6, STM32U535VCT6Q, STM32U535VEI6, STM32U535VEI6Q, STM32U535VET6, STM32U535VET6Q, STM32U545CET6, STM32U545CET6Q, STM32U545CEU6, STM32U545CEU6Q, STM32U545JEY6QTR, STM32U545NEY6QTR, STM32U545REI6, STM32U545REI6Q, STM32U545RET6, STM32U545RET6Q, STM32U545VEI6, STM32U545VEI6Q, STM32U545VET6, STM32U545VET6Q, STM32U595AIH6, STM32U595AIH6Q, STM32U595AJH6, STM32U595AJH6Q, STM32U595QII6, STM32U595QII6Q, STM32U595QJI6, STM32U595QJI6Q, STM32U595RIT6, STM32U595RIT6Q, STM32U595RJT6, STM32U595RJT6Q, STM32U595VIT6, STM32U595VIT6Q, STM32U595VJT6, STM32U595VJT6Q, STM32U595ZIT6, STM32U595ZIT6Q, STM32U595ZIY6QTR, STM32U595ZJT6, STM32U595ZJT6Q, STM32U595ZJY6QTR, STM32U599BJY6QTR, STM32U599NIH6Q, STM32U599NJH6Q, STM32U599VIT6Q, STM32U599VJT6, STM32U599VJT6Q, STM32U599ZIT6Q, STM32U599ZIY6QTR, STM32U599ZJT6Q, STM32U599ZJY6QTR, STM32U5A5AJH6, STM32U5A5AJH6Q, STM32U5A5QJI6, STM32U5A5QJI6Q, STM32U5A5RJT6, STM32U5A5RJT6Q, STM32U5A5VJT6, STM32U5A5VJT6Q, STM32U5A5ZJT6, STM32U5A5ZJT6Q, STM32U5A5ZJY6QTR, STM32U5A9BJY6QTR, STM32U5A9J-DK, STM32U5A9NJH6Q, STM32U5A9VJT6Q, STM32U5A9ZJT6Q, STM32U5A9ZJY6QTR, STM32U5F7VIT6, STM32U5F7VIT6Q, STM32U5F7VJT6, STM32U5F7VJT6Q, STM32U5F9BJY6QTR, STM32U5F9NJH6Q, STM32U5F9VIT6Q, STM32U5F9VJT6Q, STM32U5F9ZIJ6QTR, STM32U5F9ZIT6Q, STM32U5F9ZJJ6QTR, STM32U5F9ZJT6Q, STM32U5G7VJT6, STM32U5G7VJT6Q, STM32U5G9BJY6QTR, STM32U5G9J-DK1, STM32U5G9J-DK2, STM32U5G9NJH6Q, STM32U5G9VJT6Q, STM32U5G9ZJJ6QTR, STM32U5G9ZJT6Q, STM32WB1MMCH6, STM32WBA52CEU6, STM32WBA52CEU6T, STM32WBA52CGU6, STM32WBA52CGU6T, STM32WBA52KEU6, STM32WBA52KEU6T, STM32WBA52KGU6, STM32WBA52KGU6T, STM32WL5MOCH6, STM32WL5MOCH6TR]
2024-02-15 13:58:25,109 [INFO] DbMcus:217 - Found 3882 MCUs, 3882 are supported
2024-02-15 13:58:25,110 [INFO] ApiDb:423 - Load user favorites file C:\Users\bcc35/.stm32cubeide/favorites.mcus.txt: 0 item(s)
2024-02-15 13:58:25,110 [INFO] ApiDb:427 - User favorites MCUs=[]
2024-02-15 13:58:25,110 [INFO] DbMcus:223 - Set 0 / 0 favorites MCUs
2024-02-15 13:58:25,598 [WARN] ThirdParty:833 - waiting for thirdparty lock release [change project]
2024-02-15 13:58:25,598 [INFO] ThirdParty:835 - entering critical section [change project]
2024-02-15 13:58:25,598 [INFO] ThirdParty:1030 - CMSIS Pack Vendor :STMicroelectronics X-CUBE-ISPU 1.1.0
2024-02-15 13:58:25,598 [INFO] ThirdParty:1030 - CMSIS Pack Vendor :STMicroelectronics USBPD 4.1
2024-02-15 13:58:25,598 [INFO] ThirdParty:1030 - CMSIS Pack Vendor :STMicroelectronics X-CUBE-GNSS1 6.0.0
2024-02-15 13:58:25,598 [INFO] ThirdParty:1030 - CMSIS Pack Vendor :STMicroelectronics USB_HOST 2.0.0
2024-02-15 13:58:25,598 [INFO] ThirdParty:1030 - CMSIS Pack Vendor :STMicroelectronics X-CUBE-AZRTOS-F4 1.1.0
2024-02-15 13:58:25,598 [INFO] ThirdParty:1030 - CMSIS Pack Vendor :STMicroelectronics LIBJPEG 8.0.0
2024-02-15 13:58:25,598 [INFO] ThirdParty:1030 - CMSIS Pack Vendor :wolfSSL I-CUBE-wolfSSL 5.6.3
2024-02-15 13:58:25,598 [INFO] ThirdParty:1030 - CMSIS Pack Vendor :STMicroelectronics X-CUBE-SMBUS 2.1.0
2024-02-15 13:58:25,598 [INFO] ThirdParty:1030 - CMSIS Pack Vendor :STMicroelectronics USB_DEVICE 3.0.0
2024-02-15 13:58:25,598 [INFO] ThirdParty:1030 - CMSIS Pack Vendor :STMicroelectronics X-CUBE-AZRTOS-WB 2.0.0
2024-02-15 13:58:25,598 [INFO] ThirdParty:1030 - CMSIS Pack Vendor :STMicroelectronics X-CUBE-TOUCHGFX 4.23.0
2024-02-15 13:58:25,598 [INFO] ThirdParty:1030 - CMSIS Pack Vendor :STMicroelectronics X-CUBE-AZRTOS-F7 1.1.0
2024-02-15 13:58:25,598 [INFO] ThirdParty:1030 - CMSIS Pack Vendor :STMicroelectronics X-CUBE-AZRTOS-L5 2.0.0
2024-02-15 13:58:25,598 [INFO] ThirdParty:1030 - CMSIS Pack Vendor :STMicroelectronics USB_DEVICE 2.0.0
2024-02-15 13:58:25,598 [INFO] ThirdParty:1030 - CMSIS Pack Vendor :STMicroelectronics X-CUBE-MEMS1 9.6.0
2024-02-15 13:58:25,598 [INFO] ThirdParty:1030 - CMSIS Pack Vendor :STMicroelectronics X-CUBE-EEPRMA1 4.2.0
2024-02-15 13:58:25,598 [INFO] ThirdParty:1030 - CMSIS Pack Vendor :ITTIA_DB I-CUBE-ITTIADB 8.8.0
2024-02-15 13:58:25,598 [INFO] ThirdParty:1030 - CMSIS Pack Vendor :STMicroelectronics FP-SNS-MOTENV1 4.3.2
2024-02-15 13:58:25,598 [INFO] ThirdParty:1030 - CMSIS Pack Vendor :STMicroelectronics X-CUBE-ALGOBUILD 1.3.0
2024-02-15 13:58:25,599 [INFO] ThirdParty:1030 - CMSIS Pack Vendor :STMicroelectronics FreeRTOS 0.0.1
2024-02-15 13:58:25,599 [INFO] ThirdParty:1030 - CMSIS Pack Vendor :STMicroelectronics X-CUBE-AZRTOS-G0 1.1.0
2024-02-15 13:58:25,599 [INFO] ThirdParty:1030 - CMSIS Pack Vendor :STMicroelectronics X-CUBE-BLEMGR 2.0.0
2024-02-15 13:58:25,599 [INFO] ThirdParty:1030 - CMSIS Pack Vendor :STMicroelectronics X-CUBE-NFC4 3.0.0
2024-02-15 13:58:25,599 [INFO] ThirdParty:1030 - CMSIS Pack Vendor :STMicroelectronics X-CUBE-SUBG2 5.0.0
2024-02-15 13:58:25,599 [INFO] ThirdParty:1030 - CMSIS Pack Vendor :STMicroelectronics STM32_WPAN 1.0.0
2024-02-15 13:58:25,599 [INFO] ThirdParty:1030 - CMSIS Pack Vendor :STMicroelectronics lwIP 2.0.3
2024-02-15 13:58:25,599 [INFO] ThirdParty:1030 - CMSIS Pack Vendor :STMicroelectronics FP-SNS-FLIGHT1 5.0.2
2024-02-15 13:58:25,599 [INFO] ThirdParty:1030 - CMSIS Pack Vendor :STMicroelectronics USB_HOST 1.0.0
2024-02-15 13:58:25,599 [INFO] ThirdParty:1030 - CMSIS Pack Vendor :STMicroelectronics X-CUBE-TOF1 3.3.1
2024-02-15 13:58:25,599 [INFO] ThirdParty:1030 - CMSIS Pack Vendor :STMicroelectronics X-CUBE-AZRTOS-G4 2.0.0
2024-02-15 13:58:25,599 [INFO] ThirdParty:1030 - CMSIS Pack Vendor :STMicroelectronics PDM2PCM 3.1.0
2024-02-15 13:58:25,599 [INFO] ThirdParty:1030 - CMSIS Pack Vendor :STMicroelectronics X-CUBE-AZRTOS-H7 3.1.0
2024-02-15 13:58:25,599 [INFO] ThirdParty:1030 - CMSIS Pack Vendor :Infineon AIROC-Wi-Fi-Bluetooth-STM32 1.5.1
2024-02-15 13:58:25,599 [INFO] ThirdParty:1030 - CMSIS Pack Vendor :STMicroelectronics X-CUBE-BLEMGR 3.0.0
2024-02-15 13:58:25,599 [INFO] ThirdParty:1030 - CMSIS Pack Vendor :STMicroelectronics PDM2PCM 3.3.0
2024-02-15 13:58:25,599 [INFO] ThirdParty:1030 - CMSIS Pack Vendor :STMicroelectronics X-CUBE-DISPLAY 3.0.0
2024-02-15 13:58:25,599 [INFO] ThirdParty:1030 - CMSIS Pack Vendor :STMicroelectronics FP-SNS-MOTENVWB1 1.3.0
2024-02-15 13:58:25,599 [INFO] ThirdParty:1030 - CMSIS Pack Vendor :STMicroelectronics FP-SNS-MOTENVWB1 1.3.1
2024-02-15 13:58:25,599 [INFO] ThirdParty:1030 - CMSIS Pack Vendor :STMicroelectronics X-CUBE-BLE1 7.0.0
2024-02-15 13:58:25,599 [INFO] ThirdParty:1030 - CMSIS Pack Vendor :STMicroelectronics FP-ATR-SIGFOX1 3.2.0
2024-02-15 13:58:25,599 [INFO] ThirdParty:1030 - CMSIS Pack Vendor :STMicroelectronics X-CUBE-ISPU 2.0.0
2024-02-15 13:58:25,599 [INFO] ThirdParty:1030 - CMSIS Pack Vendor :STMicroelectronics X-CUBE-EEPRMA1 5.1.0
2024-02-15 13:58:25,599 [INFO] ThirdParty:1030 - CMSIS Pack Vendor :STMicroelectronics HAL Drivers 0.0.0
2024-02-15 13:58:25,599 [INFO] ThirdParty:1030 - CMSIS Pack Vendor :STMicroelectronics MBEDTLS 2.16.2
2024-02-15 13:58:25,599 [INFO] ThirdParty:1030 - CMSIS Pack Vendor :emotas I-CUBE-CANOPEN 1.3.0
2024-02-15 13:58:25,599 [INFO] ThirdParty:1030 - CMSIS Pack Vendor :STMicroelectronics X-CUBE-MEMS1 10.0.0
2024-02-15 13:58:25,599 [INFO] ThirdParty:1030 - CMSIS Pack Vendor :STMicroelectronics X-CUBE-FREERTOS 1.1.0
2024-02-15 13:58:25,599 [INFO] ThirdParty:1030 - CMSIS Pack Vendor :STMicroelectronics X-CUBE-NFC7 1.0.1
2024-02-15 13:58:25,599 [INFO] ThirdParty:1030 - CMSIS Pack Vendor :STMicroelectronics MBEDTLS 2.14.1
2024-02-15 13:58:25,599 [INFO] ThirdParty:1030 - CMSIS Pack Vendor :STMicroelectronics X-CUBE-TOUCHGFX 4.22.1
2024-02-15 13:58:25,599 [INFO] ThirdParty:1030 - CMSIS Pack Vendor :STMicroelectronics X-CUBE-NFC6 3.0.0
2024-02-15 13:58:25,600 [INFO] ThirdParty:1030 - CMSIS Pack Vendor :STMicroelectronics X-CUBE-EEPRMA1 4.1.0
2024-02-15 13:58:25,600 [INFO] ThirdParty:1030 - CMSIS Pack Vendor :portGmbH I-Cube-SoM-uGOAL 1.1.0
2024-02-15 13:58:25,600 [INFO] ThirdParty:1030 - CMSIS Pack Vendor :STMicroelectronics X-CUBE-ALS 1.0.1
2024-02-15 13:58:25,600 [INFO] ThirdParty:1030 - CMSIS Pack Vendor :STMicroelectronics ThreadX 1.0.0
2024-02-15 13:58:25,600 [INFO] ThirdParty:1030 - CMSIS Pack Vendor :STMicroelectronics FP-SNS-SMARTAG2 1.2.0
2024-02-15 13:58:25,600 [INFO] ThirdParty:1030 - CMSIS Pack Vendor :STMicroelectronics X-CUBE-AZRTOS-WL 2.0.0
2024-02-15 13:58:25,600 [INFO] ThirdParty:1030 - CMSIS Pack Vendor :SEGGER I-CUBE-embOS 1.3.1
2024-02-15 13:58:25,600 [INFO] ThirdParty:1030 - CMSIS Pack Vendor :STMicroelectronics USB_DEVICE 1.0.0
2024-02-15 13:58:25,600 [INFO] ThirdParty:1030 - CMSIS Pack Vendor :STMicroelectronics X-CUBE-AI 8.1.0
2024-02-15 13:58:25,600 [INFO] ThirdParty:1030 - CMSIS Pack Vendor :STMicroelectronics X-CUBE-AZRTOS-L4 2.0.0
2024-02-15 13:58:25,600 [INFO] ThirdParty:1030 - CMSIS Pack Vendor :STMicroelectronics ThreadX 0.0.2
2024-02-15 13:58:25,600 [INFO] ThirdParty:1030 - CMSIS Pack Vendor :WES I-CUBE-Cesium 1.3.0
2024-02-15 13:58:25,600 [INFO] ThirdParty:1030 - CMSIS Pack Vendor :STMicroelectronics FP-ATR-ASTRA1 2.0.0
2024-02-15 13:58:25,600 [INFO] ThirdParty:1030 - CMSIS Pack Vendor :STMicroelectronics lwIP 2.1.2
2024-02-15 13:58:25,600 [INFO] ThirdParty:1030 - CMSIS Pack Vendor :STMicroelectronics X-CUBE-SFXS2LP1 4.0.0
2024-02-15 13:58:25,600 [INFO] ThirdParty:1030 - CMSIS Pack Vendor :STMicroelectronics X-CUBE-BLE2 3.3.0
2024-02-15 13:58:25,600 [INFO] ThirdParty:1030 - CMSIS Pack Vendor :STMicroelectronics X-CUBE-TOF1 3.4.0
2024-02-15 13:58:25,600 [INFO] ThirdParty:1030 - CMSIS Pack Vendor :STMicroelectronics X-CUBE-AZRTOS-H7 3.2.0
2024-02-15 13:58:25,600 [INFO] ThirdParty:1030 - CMSIS Pack Vendor :STMicroelectronics PDM2PCM 3.2.0
2024-02-15 13:58:25,600 [INFO] ThirdParty:841 - exiting critical section [change project]
2024-02-15 13:58:26,092 [INFO] PinOutPanel:1499 - setPackage(No Configuration,No Configuration)
2024-02-15 13:58:26,094 [INFO] PinOutPanel:1499 - setPackage(STM32G474RETx,LQFP64)
2024-02-15 13:58:26,766 [INFO] UtilMem:75 - Before build in PCC Used Memory: 289104392 Bytes (655360000)
2024-02-15 13:58:27,618 [ERROR] LogOutputStream:75 - [STDERR_REDIRECT] SLF4J: Failed to load class "org.slf4j.impl.StaticLoggerBinder".
2024-02-15 13:58:27,619 [ERROR] LogOutputStream:75 - [STDERR_REDIRECT] SLF4J: Defaulting to no-operation (NOP) logger implementation
2024-02-15 13:58:27,620 [ERROR] LogOutputStream:75 - [STDERR_REDIRECT] SLF4J: See http://www.slf4j.org/codes.html#StaticLoggerBinder for further details.
2024-02-15 13:58:28,348 [INFO] UtilMem:75 - After build in PCC Used Memory: 463694344 Bytes (655360000)
2024-02-15 13:58:28,383 [INFO] IPUIPlugin:80 - create IPUIPlugin
2024-02-15 13:58:28,383 [INFO] IPUIPlugin:80 - create IPUIPlugin
2024-02-15 13:58:28,383 [INFO] IPUIPlugin:80 - create IPUIPlugin
2024-02-15 13:58:28,383 [INFO] IPUIPlugin:80 - create IPUIPlugin
2024-02-15 13:58:28,383 [INFO] IPUIPlugin:80 - create IPUIPlugin
2024-02-15 13:58:28,383 [INFO] IPUIPlugin:80 - create IPUIPlugin
2024-02-15 13:58:28,383 [INFO] IPUIPlugin:80 - create IPUIPlugin
2024-02-15 13:58:28,383 [INFO] IPUIPlugin:80 - create IPUIPlugin
2024-02-15 13:58:28,383 [INFO] IPUIPlugin:80 - create IPUIPlugin
2024-02-15 13:58:28,383 [INFO] IPUIPlugin:80 - create IPUIPlugin
2024-02-15 13:58:28,383 [INFO] IPUIPlugin:80 - create IPUIPlugin
2024-02-15 13:58:28,383 [INFO] IPUIPlugin:80 - create IPUIPlugin
2024-02-15 13:58:28,384 [INFO] IPUIPlugin:80 - create IPUIPlugin
2024-02-15 13:58:28,384 [INFO] IPUIPlugin:80 - create IPUIPlugin
2024-02-15 13:58:28,384 [INFO] IPUIPlugin:80 - create IPUIPlugin
2024-02-15 13:58:28,384 [INFO] IPUIPlugin:80 - create IPUIPlugin
2024-02-15 13:58:28,384 [INFO] IPUIPlugin:80 - create IPUIPlugin
2024-02-15 13:58:28,384 [INFO] IPUIPlugin:80 - create IPUIPlugin
2024-02-15 13:58:28,384 [INFO] IPUIPlugin:80 - create IPUIPlugin
2024-02-15 13:58:28,384 [INFO] IPUIPlugin:80 - create IPUIPlugin
2024-02-15 13:58:28,384 [INFO] IPUIPlugin:80 - create IPUIPlugin
2024-02-15 13:58:28,384 [INFO] IPUIPlugin:80 - create IPUIPlugin
2024-02-15 13:58:28,384 [INFO] IPUIPlugin:80 - create IPUIPlugin
2024-02-15 13:58:28,385 [INFO] IPUIPlugin:80 - create IPUIPlugin
2024-02-15 13:58:28,385 [INFO] IPUIPlugin:80 - create IPUIPlugin
2024-02-15 13:58:28,385 [INFO] IPUIPlugin:80 - create IPUIPlugin
2024-02-15 13:58:28,385 [INFO] IPUIPlugin:80 - create IPUIPlugin
2024-02-15 13:58:28,385 [INFO] IPUIPlugin:80 - create IPUIPlugin
2024-02-15 13:58:28,385 [INFO] IPUIPlugin:80 - create IPUIPlugin
2024-02-15 13:58:28,385 [INFO] IPUIPlugin:80 - create IPUIPlugin
2024-02-15 13:58:28,385 [INFO] IPUIPlugin:80 - create IPUIPlugin
2024-02-15 13:58:28,385 [INFO] IPUIPlugin:80 - create IPUIPlugin
2024-02-15 13:58:28,385 [INFO] IPUIPlugin:80 - create IPUIPlugin
2024-02-15 13:58:28,386 [INFO] IPUIPlugin:80 - create IPUIPlugin
2024-02-15 13:58:28,386 [INFO] IPUIPlugin:80 - create IPUIPlugin
2024-02-15 13:58:28,386 [INFO] IPUIPlugin:80 - create IPUIPlugin
2024-02-15 13:58:28,386 [INFO] IPUIPlugin:80 - create IPUIPlugin
2024-02-15 13:58:28,387 [INFO] IPUIPlugin:80 - create IPUIPlugin
2024-02-15 13:58:28,387 [INFO] IPUIPlugin:80 - create IPUIPlugin
2024-02-15 13:58:28,387 [INFO] IPUIPlugin:80 - create IPUIPlugin
2024-02-15 13:58:28,387 [INFO] IPUIPlugin:80 - create IPUIPlugin
2024-02-15 13:58:28,387 [INFO] IPUIPlugin:80 - create IPUIPlugin
2024-02-15 13:58:28,387 [INFO] IPUIPlugin:80 - create IPUIPlugin
2024-02-15 13:58:28,387 [INFO] IPUIPlugin:80 - create IPUIPlugin
2024-02-15 13:58:28,387 [INFO] IPUIPlugin:80 - create IPUIPlugin
2024-02-15 13:58:28,387 [INFO] IPUIPlugin:80 - create IPUIPlugin
2024-02-15 13:58:28,388 [INFO] IPUIPlugin:80 - create IPUIPlugin
2024-02-15 13:58:28,388 [INFO] IPUIPlugin:80 - create IPUIPlugin
2024-02-15 13:58:28,388 [INFO] IPUIPlugin:80 - create IPUIPlugin
2024-02-15 13:58:28,389 [INFO] IPUIPlugin:80 - create IPUIPlugin
2024-02-15 13:58:28,389 [INFO] IPUIPlugin:80 - create IPUIPlugin
2024-02-15 13:58:28,390 [INFO] IPUIPlugin:80 - create IPUIPlugin
2024-02-15 13:58:28,390 [INFO] IPUIPlugin:80 - create IPUIPlugin
2024-02-15 13:58:28,391 [INFO] IPUIPlugin:80 - create IPUIPlugin
2024-02-15 13:58:28,391 [INFO] IPUIPlugin:80 - create IPUIPlugin
2024-02-15 13:58:28,391 [INFO] IPUIPlugin:80 - create IPUIPlugin
2024-02-15 13:58:28,391 [INFO] IPUIPlugin:80 - create IPUIPlugin
2024-02-15 13:58:28,392 [INFO] IPUIPlugin:80 - create IPUIPlugin
2024-02-15 13:58:28,392 [INFO] IPUIPlugin:80 - create IPUIPlugin
2024-02-15 13:58:28,392 [INFO] IPUIPlugin:80 - create IPUIPlugin
2024-02-15 13:58:28,393 [INFO] IPUIPlugin:80 - create IPUIPlugin
2024-02-15 13:58:28,393 [INFO] IPUIPlugin:80 - create IPUIPlugin
2024-02-15 13:58:28,393 [INFO] IPUIPlugin:80 - create IPUIPlugin
2024-02-15 13:58:28,394 [INFO] IPUIPlugin:80 - create IPUIPlugin
2024-02-15 13:58:28,394 [INFO] IPUIPlugin:80 - create IPUIPlugin
2024-02-15 13:58:28,394 [INFO] IPUIPlugin:80 - create IPUIPlugin
2024-02-15 13:58:28,395 [INFO] IPUIPlugin:80 - create IPUIPlugin
2024-02-15 13:58:28,395 [INFO] IPUIPlugin:80 - create IPUIPlugin
2024-02-15 13:58:28,395 [INFO] IPUIPlugin:80 - create IPUIPlugin
2024-02-15 13:58:28,396 [INFO] IPUIPlugin:80 - create IPUIPlugin
2024-02-15 13:58:28,396 [INFO] IPUIPlugin:80 - create IPUIPlugin
2024-02-15 13:58:28,397 [INFO] IPUIPlugin:80 - create IPUIPlugin
2024-02-15 13:58:28,397 [INFO] IPUIPlugin:80 - create IPUIPlugin
2024-02-15 13:58:28,398 [INFO] IPUIPlugin:80 - create IPUIPlugin
2024-02-15 13:58:28,398 [INFO] IPUIPlugin:80 - create IPUIPlugin
2024-02-15 13:58:28,399 [INFO] IPUIPlugin:80 - create IPUIPlugin
2024-02-15 13:58:28,399 [INFO] IPUIPlugin:80 - create IPUIPlugin
2024-02-15 13:58:28,789 [INFO] CADModel:165 - CPN selected for project levelSTM32G474RET6
2024-02-15 13:58:28,789 [INFO] CADModel:114 - Register for checkConnection events
2024-02-15 13:58:28,849 [INFO] OpenFileManager:328 - Restore cursor
2024-02-15 13:59:07,039 [INFO] ADCParametersView:116 -                Rank 1 : false
2024-02-15 13:59:07,039 [INFO] ADCParametersView:116 -                Rank 1 : false
2024-02-15 13:59:07,039 [INFO] ADCParametersView:116 -                Rank 2 : false
2024-02-15 13:59:07,040 [INFO] ADCParametersView:116 -                Rank 1 : false
2024-02-15 13:59:07,040 [INFO] ADCParametersView:116 -                Rank 2 : false
2024-02-15 13:59:07,040 [INFO] ADCParametersView:116 -                Rank 3 : false
2024-02-15 13:59:07,073 [INFO] ADCParametersView:116 -                Rank 1 : false
2024-02-15 13:59:07,073 [INFO] ADCParametersView:116 -                Rank 2 : false
2024-02-15 13:59:07,073 [INFO] ADCParametersView:116 -                Rank 3 : false
2024-02-15 13:59:07,073 [INFO] ADCParametersView:116 -                Rank 1 : false
2024-02-15 13:59:07,073 [INFO] ADCParametersView:116 -                Rank 2 : false
2024-02-15 13:59:07,073 [INFO] ADCParametersView:116 -                Rank 3 : false
2024-02-15 13:59:07,074 [INFO] ADCParametersView:116 -                Rank 1 : false
2024-02-15 13:59:07,074 [INFO] ADCParametersView:116 -                Rank 2 : false
2024-02-15 13:59:07,074 [INFO] ADCParametersView:116 -                Rank 3 : false
2024-02-15 13:59:07,074 [INFO] ADCParametersView:116 -                Rank 1 : false
2024-02-15 13:59:07,074 [INFO] ADCParametersView:116 -                Rank 2 : false
2024-02-15 13:59:07,074 [INFO] ADCParametersView:116 -                Rank 3 : false
2024-02-15 13:59:07,074 [INFO] ADCParametersView:116 -                Rank 1 : false
2024-02-15 13:59:07,074 [INFO] ADCParametersView:116 -                Rank 2 : false
2024-02-15 13:59:07,074 [INFO] ADCParametersView:116 -                Rank 3 : false
2024-02-15 13:59:07,074 [INFO] ADCParametersView:116 -                Rank 1 : false
2024-02-15 13:59:07,074 [INFO] ADCParametersView:116 -                Rank 2 : false
2024-02-15 13:59:07,074 [INFO] ADCParametersView:116 -                Rank 3 : false
2024-02-15 13:59:07,074 [INFO] ADCParametersView:116 -                Rank 1 : false
2024-02-15 13:59:07,074 [INFO] ADCParametersView:116 -                Rank 2 : false
2024-02-15 13:59:07,074 [INFO] ADCParametersView:116 -                Rank 3 : false
2024-02-15 13:59:07,074 [INFO] ADCParametersView:116 -                Rank 1 : false
2024-02-15 13:59:07,074 [INFO] ADCParametersView:116 -                Rank 2 : false
2024-02-15 13:59:07,075 [INFO] ADCParametersView:116 -                Rank 3 : false
2024-02-15 13:59:07,075 [INFO] ADCParametersView:116 -                Rank 1 : false
2024-02-15 13:59:07,075 [INFO] ADCParametersView:116 -                Rank 2 : false
2024-02-15 13:59:07,075 [INFO] ADCParametersView:116 -                Rank 3 : false
2024-02-15 13:59:07,075 [INFO] ADCParametersView:116 -                Rank 1 : false
2024-02-15 13:59:07,075 [INFO] ADCParametersView:116 -                Rank 2 : false
2024-02-15 13:59:07,075 [INFO] ADCParametersView:116 -                Rank 3 : false
2024-02-15 13:59:07,075 [INFO] ADCParametersView:116 -                Rank 1 : false
2024-02-15 13:59:07,075 [INFO] ADCParametersView:116 -                Rank 2 : false
2024-02-15 13:59:07,075 [INFO] ADCParametersView:116 -                Rank 3 : false
2024-02-15 13:59:07,075 [INFO] ADCParametersView:116 -                Rank 1 : false
2024-02-15 13:59:07,075 [INFO] ADCParametersView:116 -                Rank 2 : false
2024-02-15 13:59:07,075 [INFO] ADCParametersView:116 -                Rank 3 : false
2024-02-15 13:59:07,075 [INFO] ADCParametersView:116 -                Rank 1 : false
2024-02-15 13:59:07,075 [INFO] ADCParametersView:116 -                Rank 2 : false
2024-02-15 13:59:07,075 [INFO] ADCParametersView:116 -                Rank 3 : false
2024-02-15 13:59:07,075 [INFO] ADCParametersView:116 -                Rank 1 : false
2024-02-15 13:59:07,075 [INFO] ADCParametersView:116 -                Rank 2 : false
2024-02-15 13:59:07,075 [INFO] ADCParametersView:116 -                Rank 3 : false
2024-02-15 13:59:07,076 [INFO] ADCParametersView:116 -                Rank 1 : false
2024-02-15 13:59:07,076 [INFO] ADCParametersView:116 -                Rank 2 : false
2024-02-15 13:59:07,076 [INFO] ADCParametersView:116 -                Rank 3 : false
2024-02-15 13:59:07,076 [INFO] ADCParametersView:116 -                Rank 1 : false
2024-02-15 13:59:07,076 [INFO] ADCParametersView:116 -                Rank 2 : false
2024-02-15 13:59:07,076 [INFO] ADCParametersView:116 -                Rank 3 : false
2024-02-15 13:59:07,076 [INFO] ADCParametersView:116 -                Rank 1 : false
2024-02-15 13:59:07,076 [INFO] ADCParametersView:116 -                Rank 2 : false
2024-02-15 13:59:07,076 [INFO] ADCParametersView:116 -                Rank 3 : false
2024-02-15 13:59:07,076 [INFO] ADCParametersView:116 -                Rank 1 : false
2024-02-15 13:59:07,076 [INFO] ADCParametersView:116 -                Rank 2 : false
2024-02-15 13:59:07,076 [INFO] ADCParametersView:116 -                Rank 3 : false
2024-02-15 13:59:07,076 [INFO] ADCParametersView:116 -                Rank 1 : false
2024-02-15 13:59:07,076 [INFO] ADCParametersView:116 -                Rank 2 : false
2024-02-15 13:59:07,076 [INFO] ADCParametersView:116 -                Rank 3 : false
2024-02-15 13:59:07,076 [INFO] ADCParametersView:116 -                Rank 1 : false
2024-02-15 13:59:07,076 [INFO] ADCParametersView:116 -                Rank 2 : false
2024-02-15 13:59:07,076 [INFO] ADCParametersView:116 -                Rank 3 : false
2024-02-15 13:59:07,077 [INFO] ADCParametersView:116 -                Rank 1 : false
2024-02-15 13:59:07,077 [INFO] ADCParametersView:116 -                Rank 2 : false
2024-02-15 13:59:07,077 [INFO] ADCParametersView:116 -                Rank 3 : false
2024-02-15 13:59:07,077 [INFO] ADCParametersView:116 -                Rank 2 : false
2024-02-15 13:59:07,077 [INFO] ADCParametersView:116 -                Rank 3 : false
2024-02-15 13:59:07,077 [INFO] ADCParametersView:116 -                Rank 3 : false
2024-02-15 13:59:07,090 [INFO] ADCParametersView:116 -                Rank 1 : false
2024-02-15 13:59:07,091 [INFO] ADCParametersView:116 -                Rank 1 : false
2024-02-15 13:59:07,091 [INFO] ADCParametersView:116 -                Rank 2 : false
2024-02-15 13:59:07,091 [INFO] ADCParametersView:116 -                Rank 1 : false
2024-02-15 13:59:07,091 [INFO] ADCParametersView:116 -                Rank 2 : false
2024-02-15 13:59:07,091 [INFO] ADCParametersView:116 -                Rank 3 : false
2024-02-15 14:00:07,877 [INFO] ADCParametersView:116 -                Rank 1 : false
2024-02-15 14:00:07,877 [INFO] ADCParametersView:116 -                Rank 2 : false
2024-02-15 14:00:07,877 [INFO] ADCParametersView:116 -                Rank 3 : false
2024-02-15 14:00:07,878 [INFO] ADCParametersView:116 -                Rank 1 : false
2024-02-15 14:00:07,878 [INFO] ADCParametersView:116 -                Rank 2 : false
2024-02-15 14:00:07,878 [INFO] ADCParametersView:116 -                Rank 3 : false
2024-02-15 14:00:07,878 [INFO] ADCParametersView:116 -                Rank 1 : false
2024-02-15 14:00:07,878 [INFO] ADCParametersView:116 -                Rank 2 : false
2024-02-15 14:00:07,878 [INFO] ADCParametersView:116 -                Rank 3 : false
2024-02-15 14:00:07,878 [INFO] ADCParametersView:116 -                Rank 1 : false
2024-02-15 14:00:07,878 [INFO] ADCParametersView:116 -                Rank 2 : false
2024-02-15 14:00:07,878 [INFO] ADCParametersView:116 -                Rank 3 : false
2024-02-15 14:00:07,878 [INFO] ADCParametersView:116 -                Rank 1 : false
2024-02-15 14:00:07,878 [INFO] ADCParametersView:116 -                Rank 2 : false
2024-02-15 14:00:07,878 [INFO] ADCParametersView:116 -                Rank 3 : false
2024-02-15 14:00:07,878 [INFO] ADCParametersView:116 -                Rank 1 : false
2024-02-15 14:00:07,878 [INFO] ADCParametersView:116 -                Rank 2 : false
2024-02-15 14:00:07,878 [INFO] ADCParametersView:116 -                Rank 3 : false
2024-02-15 14:00:07,879 [INFO] ADCParametersView:116 -                Rank 1 : false
2024-02-15 14:00:07,879 [INFO] ADCParametersView:116 -                Rank 2 : false
2024-02-15 14:00:07,879 [INFO] ADCParametersView:116 -                Rank 3 : false
2024-02-15 14:00:07,879 [INFO] ADCParametersView:116 -                Rank 1 : false
2024-02-15 14:00:07,879 [INFO] ADCParametersView:116 -                Rank 2 : false
2024-02-15 14:00:07,879 [INFO] ADCParametersView:116 -                Rank 3 : false
2024-02-15 14:00:07,879 [INFO] ADCParametersView:116 -                Rank 1 : false
2024-02-15 14:00:07,879 [INFO] ADCParametersView:116 -                Rank 2 : false
2024-02-15 14:00:07,879 [INFO] ADCParametersView:116 -                Rank 3 : false
2024-02-15 14:00:07,879 [INFO] ADCParametersView:116 -                Rank 1 : false
2024-02-15 14:00:07,879 [INFO] ADCParametersView:116 -                Rank 2 : false
2024-02-15 14:00:07,879 [INFO] ADCParametersView:116 -                Rank 3 : false
2024-02-15 14:00:07,879 [INFO] ADCParametersView:116 -                Rank 1 : false
2024-02-15 14:00:07,879 [INFO] ADCParametersView:116 -                Rank 2 : false
2024-02-15 14:00:07,879 [INFO] ADCParametersView:116 -                Rank 3 : false
2024-02-15 14:00:07,879 [INFO] ADCParametersView:116 -                Rank 1 : false
2024-02-15 14:00:07,879 [INFO] ADCParametersView:116 -                Rank 2 : false
2024-02-15 14:00:07,879 [INFO] ADCParametersView:116 -                Rank 3 : false
2024-02-15 14:00:07,879 [INFO] ADCParametersView:116 -                Rank 1 : false
2024-02-15 14:00:07,879 [INFO] ADCParametersView:116 -                Rank 2 : false
2024-02-15 14:00:07,880 [INFO] ADCParametersView:116 -                Rank 3 : false
2024-02-15 14:00:07,880 [INFO] ADCParametersView:116 -                Rank 1 : false
2024-02-15 14:00:07,880 [INFO] ADCParametersView:116 -                Rank 2 : false
2024-02-15 14:00:07,880 [INFO] ADCParametersView:116 -                Rank 3 : false
2024-02-15 14:00:07,880 [INFO] ADCParametersView:116 -                Rank 1 : false
2024-02-15 14:00:07,880 [INFO] ADCParametersView:116 -                Rank 2 : false
2024-02-15 14:00:07,880 [INFO] ADCParametersView:116 -                Rank 3 : false
2024-02-15 14:00:07,880 [INFO] ADCParametersView:116 -                Rank 1 : false
2024-02-15 14:00:07,880 [INFO] ADCParametersView:116 -                Rank 2 : false
2024-02-15 14:00:07,880 [INFO] ADCParametersView:116 -                Rank 3 : false
2024-02-15 14:00:07,880 [INFO] ADCParametersView:116 -                Rank 1 : false
2024-02-15 14:00:07,880 [INFO] ADCParametersView:116 -                Rank 2 : false
2024-02-15 14:00:07,880 [INFO] ADCParametersView:116 -                Rank 3 : false
2024-02-15 14:00:07,880 [INFO] ADCParametersView:116 -                Rank 1 : false
2024-02-15 14:00:07,880 [INFO] ADCParametersView:116 -                Rank 2 : false
2024-02-15 14:00:07,880 [INFO] ADCParametersView:116 -                Rank 3 : false
2024-02-15 14:00:07,880 [INFO] ADCParametersView:116 -                Rank 1 : false
2024-02-15 14:00:07,880 [INFO] ADCParametersView:116 -                Rank 2 : false
2024-02-15 14:00:07,880 [INFO] ADCParametersView:116 -                Rank 3 : false
2024-02-15 14:00:07,880 [INFO] ADCParametersView:116 -                Rank 1 : false
2024-02-15 14:00:07,880 [INFO] ADCParametersView:116 -                Rank 2 : false
2024-02-15 14:00:07,880 [INFO] ADCParametersView:116 -                Rank 3 : false
2024-02-15 14:00:07,881 [INFO] ADCParametersView:116 -                Rank 1 : false
2024-02-15 14:00:07,881 [INFO] ADCParametersView:116 -                Rank 2 : false
2024-02-15 14:00:07,881 [INFO] ADCParametersView:116 -                Rank 3 : false
2024-02-15 14:00:07,881 [INFO] ADCParametersView:116 -                Rank 2 : false
2024-02-15 14:00:07,881 [INFO] ADCParametersView:116 -                Rank 3 : false
2024-02-15 14:00:07,881 [INFO] ADCParametersView:116 -                Rank 3 : false
2024-02-15 14:00:07,893 [INFO] ADCParametersView:116 -                Rank 1 : false
2024-02-15 14:00:07,893 [INFO] ADCParametersView:116 -                Rank 1 : false
2024-02-15 14:00:07,893 [INFO] ADCParametersView:116 -                Rank 2 : false
2024-02-15 14:00:07,893 [INFO] ADCParametersView:116 -                Rank 1 : false
2024-02-15 14:00:07,893 [INFO] ADCParametersView:116 -                Rank 2 : false
2024-02-15 14:00:07,893 [INFO] ADCParametersView:116 -                Rank 3 : false
2024-02-15 14:00:07,915 [INFO] ADCParametersView:116 -                Rank 1 : false
2024-02-15 14:00:07,916 [INFO] ADCParametersView:116 -                Rank 2 : false
2024-02-15 14:00:07,916 [INFO] ADCParametersView:116 -                Rank 3 : false
2024-02-15 14:00:07,916 [INFO] ADCParametersView:116 -                Rank 1 : false
2024-02-15 14:00:07,916 [INFO] ADCParametersView:116 -                Rank 2 : false
2024-02-15 14:00:07,916 [INFO] ADCParametersView:116 -                Rank 3 : false
2024-02-15 14:00:07,916 [INFO] ADCParametersView:116 -                Rank 1 : false
2024-02-15 14:00:07,916 [INFO] ADCParametersView:116 -                Rank 2 : false
2024-02-15 14:00:07,916 [INFO] ADCParametersView:116 -                Rank 3 : false
2024-02-15 14:00:07,916 [INFO] ADCParametersView:116 -                Rank 1 : false
2024-02-15 14:00:07,916 [INFO] ADCParametersView:116 -                Rank 2 : false
2024-02-15 14:00:07,916 [INFO] ADCParametersView:116 -                Rank 3 : false
2024-02-15 14:00:07,916 [INFO] ADCParametersView:116 -                Rank 1 : false
2024-02-15 14:00:07,916 [INFO] ADCParametersView:116 -                Rank 2 : false
2024-02-15 14:00:07,916 [INFO] ADCParametersView:116 -                Rank 3 : false
2024-02-15 14:00:07,916 [INFO] ADCParametersView:116 -                Rank 1 : false
2024-02-15 14:00:07,916 [INFO] ADCParametersView:116 -                Rank 2 : false
2024-02-15 14:00:07,916 [INFO] ADCParametersView:116 -                Rank 3 : false
2024-02-15 14:00:07,916 [INFO] ADCParametersView:116 -                Rank 1 : false
2024-02-15 14:00:07,916 [INFO] ADCParametersView:116 -                Rank 2 : false
2024-02-15 14:00:07,916 [INFO] ADCParametersView:116 -                Rank 3 : false
2024-02-15 14:00:07,916 [INFO] ADCParametersView:116 -                Rank 1 : false
2024-02-15 14:00:07,916 [INFO] ADCParametersView:116 -                Rank 2 : false
2024-02-15 14:00:07,916 [INFO] ADCParametersView:116 -                Rank 3 : false
2024-02-15 14:00:07,917 [INFO] ADCParametersView:116 -                Rank 1 : false
2024-02-15 14:00:07,917 [INFO] ADCParametersView:116 -                Rank 2 : false
2024-02-15 14:00:07,917 [INFO] ADCParametersView:116 -                Rank 3 : false
2024-02-15 14:00:07,917 [INFO] ADCParametersView:116 -                Rank 1 : false
2024-02-15 14:00:07,917 [INFO] ADCParametersView:116 -                Rank 2 : false
2024-02-15 14:00:07,917 [INFO] ADCParametersView:116 -                Rank 3 : false
2024-02-15 14:00:07,917 [INFO] ADCParametersView:116 -                Rank 1 : false
2024-02-15 14:00:07,917 [INFO] ADCParametersView:116 -                Rank 2 : false
2024-02-15 14:00:07,917 [INFO] ADCParametersView:116 -                Rank 3 : false
2024-02-15 14:00:07,917 [INFO] ADCParametersView:116 -                Rank 1 : false
2024-02-15 14:00:07,917 [INFO] ADCParametersView:116 -                Rank 2 : false
2024-02-15 14:00:07,917 [INFO] ADCParametersView:116 -                Rank 3 : false
2024-02-15 14:00:07,917 [INFO] ADCParametersView:116 -                Rank 1 : false
2024-02-15 14:00:07,917 [INFO] ADCParametersView:116 -                Rank 2 : false
2024-02-15 14:00:07,917 [INFO] ADCParametersView:116 -                Rank 3 : false
2024-02-15 14:00:07,917 [INFO] ADCParametersView:116 -                Rank 1 : false
2024-02-15 14:00:07,917 [INFO] ADCParametersView:116 -                Rank 2 : false
2024-02-15 14:00:07,917 [INFO] ADCParametersView:116 -                Rank 3 : false
2024-02-15 14:00:07,917 [INFO] ADCParametersView:116 -                Rank 1 : false
2024-02-15 14:00:07,917 [INFO] ADCParametersView:116 -                Rank 2 : false
2024-02-15 14:00:07,917 [INFO] ADCParametersView:116 -                Rank 3 : false
2024-02-15 14:00:07,917 [INFO] ADCParametersView:116 -                Rank 1 : false
2024-02-15 14:00:07,917 [INFO] ADCParametersView:116 -                Rank 2 : false
2024-02-15 14:00:07,917 [INFO] ADCParametersView:116 -                Rank 3 : false
2024-02-15 14:00:07,917 [INFO] ADCParametersView:116 -                Rank 1 : false
2024-02-15 14:00:07,917 [INFO] ADCParametersView:116 -                Rank 2 : false
2024-02-15 14:00:07,917 [INFO] ADCParametersView:116 -                Rank 3 : false
2024-02-15 14:00:07,917 [INFO] ADCParametersView:116 -                Rank 1 : false
2024-02-15 14:00:07,917 [INFO] ADCParametersView:116 -                Rank 2 : false
2024-02-15 14:00:07,917 [INFO] ADCParametersView:116 -                Rank 3 : false
2024-02-15 14:00:07,917 [INFO] ADCParametersView:116 -                Rank 1 : false
2024-02-15 14:00:07,917 [INFO] ADCParametersView:116 -                Rank 2 : false
2024-02-15 14:00:07,917 [INFO] ADCParametersView:116 -                Rank 3 : false
2024-02-15 14:00:07,917 [INFO] ADCParametersView:116 -                Rank 1 : false
2024-02-15 14:00:07,918 [INFO] ADCParametersView:116 -                Rank 2 : false
2024-02-15 14:00:07,918 [INFO] ADCParametersView:116 -                Rank 3 : false
2024-02-15 14:00:07,918 [INFO] ADCParametersView:116 -                Rank 1 : false
2024-02-15 14:00:07,918 [INFO] ADCParametersView:116 -                Rank 2 : false
2024-02-15 14:00:07,918 [INFO] ADCParametersView:116 -                Rank 3 : false
2024-02-15 14:00:07,918 [INFO] ADCParametersView:116 -                Rank 2 : false
2024-02-15 14:00:07,918 [INFO] ADCParametersView:116 -                Rank 3 : false
2024-02-15 14:00:07,918 [INFO] ADCParametersView:116 -                Rank 3 : false
2024-02-15 14:00:07,930 [INFO] ADCParametersView:116 -                Rank 1 : false
2024-02-15 14:00:07,930 [INFO] ADCParametersView:116 -                Rank 1 : false
2024-02-15 14:00:07,930 [INFO] ADCParametersView:116 -                Rank 2 : false
2024-02-15 14:00:07,930 [INFO] ADCParametersView:116 -                Rank 1 : false
2024-02-15 14:00:07,930 [INFO] ADCParametersView:116 -                Rank 2 : false
2024-02-15 14:00:07,930 [INFO] ADCParametersView:116 -                Rank 3 : false
2024-02-15 14:00:18,786 [INFO] ADCParametersView:116 -                Rank 1 : false
2024-02-15 14:00:18,786 [INFO] ADCParametersView:116 -                Rank 2 : false
2024-02-15 14:00:18,786 [INFO] ADCParametersView:116 -                Rank 3 : false
2024-02-15 14:00:18,786 [INFO] ADCParametersView:116 -                Rank 1 : false
2024-02-15 14:00:18,786 [INFO] ADCParametersView:116 -                Rank 2 : false
2024-02-15 14:00:18,786 [INFO] ADCParametersView:116 -                Rank 3 : false
2024-02-15 14:00:18,786 [INFO] ADCParametersView:116 -                Rank 1 : false
2024-02-15 14:00:18,786 [INFO] ADCParametersView:116 -                Rank 2 : false
2024-02-15 14:00:18,786 [INFO] ADCParametersView:116 -                Rank 3 : false
2024-02-15 14:00:18,786 [INFO] ADCParametersView:116 -                Rank 1 : false
2024-02-15 14:00:18,786 [INFO] ADCParametersView:116 -                Rank 2 : false
2024-02-15 14:00:18,786 [INFO] ADCParametersView:116 -                Rank 3 : false
2024-02-15 14:00:18,786 [INFO] ADCParametersView:116 -                Rank 1 : false
2024-02-15 14:00:18,786 [INFO] ADCParametersView:116 -                Rank 2 : false
2024-02-15 14:00:18,786 [INFO] ADCParametersView:116 -                Rank 3 : false
2024-02-15 14:00:18,787 [INFO] ADCParametersView:116 -                Rank 1 : false
2024-02-15 14:00:18,787 [INFO] ADCParametersView:116 -                Rank 2 : false
2024-02-15 14:00:18,787 [INFO] ADCParametersView:116 -                Rank 3 : false
2024-02-15 14:00:18,787 [INFO] ADCParametersView:116 -                Rank 1 : false
2024-02-15 14:00:18,787 [INFO] ADCParametersView:116 -                Rank 2 : false
2024-02-15 14:00:18,787 [INFO] ADCParametersView:116 -                Rank 3 : false
2024-02-15 14:00:18,787 [INFO] ADCParametersView:116 -                Rank 1 : false
2024-02-15 14:00:18,787 [INFO] ADCParametersView:116 -                Rank 2 : false
2024-02-15 14:00:18,787 [INFO] ADCParametersView:116 -                Rank 3 : false
2024-02-15 14:00:18,787 [INFO] ADCParametersView:116 -                Rank 1 : false
2024-02-15 14:00:18,787 [INFO] ADCParametersView:116 -                Rank 2 : false
2024-02-15 14:00:18,787 [INFO] ADCParametersView:116 -                Rank 3 : false
2024-02-15 14:00:18,787 [INFO] ADCParametersView:116 -                Rank 1 : false
2024-02-15 14:00:18,787 [INFO] ADCParametersView:116 -                Rank 2 : false
2024-02-15 14:00:18,787 [INFO] ADCParametersView:116 -                Rank 3 : false
2024-02-15 14:00:18,787 [INFO] ADCParametersView:116 -                Rank 1 : false
2024-02-15 14:00:18,787 [INFO] ADCParametersView:116 -                Rank 2 : false
2024-02-15 14:00:18,787 [INFO] ADCParametersView:116 -                Rank 3 : false
2024-02-15 14:00:18,788 [INFO] ADCParametersView:116 -                Rank 1 : false
2024-02-15 14:00:18,788 [INFO] ADCParametersView:116 -                Rank 2 : false
2024-02-15 14:00:18,788 [INFO] ADCParametersView:116 -                Rank 3 : false
2024-02-15 14:00:18,788 [INFO] ADCParametersView:116 -                Rank 1 : false
2024-02-15 14:00:18,788 [INFO] ADCParametersView:116 -                Rank 2 : false
2024-02-15 14:00:18,788 [INFO] ADCParametersView:116 -                Rank 3 : false
2024-02-15 14:00:18,788 [INFO] ADCParametersView:116 -                Rank 1 : false
2024-02-15 14:00:18,788 [INFO] ADCParametersView:116 -                Rank 2 : false
2024-02-15 14:00:18,788 [INFO] ADCParametersView:116 -                Rank 3 : false
2024-02-15 14:00:18,788 [INFO] ADCParametersView:116 -                Rank 1 : false
2024-02-15 14:00:18,788 [INFO] ADCParametersView:116 -                Rank 2 : false
2024-02-15 14:00:18,788 [INFO] ADCParametersView:116 -                Rank 3 : false
2024-02-15 14:00:18,788 [INFO] ADCParametersView:116 -                Rank 1 : false
2024-02-15 14:00:18,788 [INFO] ADCParametersView:116 -                Rank 2 : false
2024-02-15 14:00:18,788 [INFO] ADCParametersView:116 -                Rank 3 : false
2024-02-15 14:00:18,788 [INFO] ADCParametersView:116 -                Rank 1 : false
2024-02-15 14:00:18,788 [INFO] ADCParametersView:116 -                Rank 2 : false
2024-02-15 14:00:18,788 [INFO] ADCParametersView:116 -                Rank 3 : false
2024-02-15 14:00:18,788 [INFO] ADCParametersView:116 -                Rank 1 : false
2024-02-15 14:00:18,788 [INFO] ADCParametersView:116 -                Rank 2 : false
2024-02-15 14:00:18,788 [INFO] ADCParametersView:116 -                Rank 3 : false
2024-02-15 14:00:18,788 [INFO] ADCParametersView:116 -                Rank 1 : false
2024-02-15 14:00:18,788 [INFO] ADCParametersView:116 -                Rank 2 : false
2024-02-15 14:00:18,788 [INFO] ADCParametersView:116 -                Rank 3 : false
2024-02-15 14:00:18,788 [INFO] ADCParametersView:116 -                Rank 1 : false
2024-02-15 14:00:18,788 [INFO] ADCParametersView:116 -                Rank 2 : false
2024-02-15 14:00:18,789 [INFO] ADCParametersView:116 -                Rank 3 : false
2024-02-15 14:00:18,789 [INFO] ADCParametersView:116 -                Rank 1 : false
2024-02-15 14:00:18,789 [INFO] ADCParametersView:116 -                Rank 2 : false
2024-02-15 14:00:18,789 [INFO] ADCParametersView:116 -                Rank 3 : false
2024-02-15 14:00:18,789 [INFO] ADCParametersView:116 -                Rank 2 : false
2024-02-15 14:00:18,789 [INFO] ADCParametersView:116 -                Rank 3 : false
2024-02-15 14:00:18,789 [INFO] ADCParametersView:116 -                Rank 3 : false
2024-02-15 14:00:18,800 [INFO] ADCParametersView:116 -                Rank 1 : false
2024-02-15 14:00:18,800 [INFO] ADCParametersView:116 -                Rank 1 : false
2024-02-15 14:00:18,801 [INFO] ADCParametersView:116 -                Rank 2 : false
2024-02-15 14:00:18,801 [INFO] ADCParametersView:116 -                Rank 1 : false
2024-02-15 14:00:18,801 [INFO] ADCParametersView:116 -                Rank 2 : false
2024-02-15 14:00:18,801 [INFO] ADCParametersView:116 -                Rank 3 : false
2024-02-15 14:00:19,521 [INFO] NvicIntPanel:101 - NVIC parent = com.st.microxplorer.plugins.ip.nvic.MultiNvicIntPanel[,0,0,451x250,layout=javax.swing.BoxLayout,alignmentX=0.0,alignmentY=0.0,border=,flags=9,maximumSize=,minimumSize=,preferredSize=]
2024-02-15 14:00:23,825 [INFO] NvicIntPanel:101 - NVIC parent = com.st.microxplorer.plugins.ip.nvic.MultiNvicIntPanel[,0,0,0x0,invalid,layout=javax.swing.BoxLayout,alignmentX=0.0,alignmentY=0.0,border=,flags=9,maximumSize=,minimumSize=,preferredSize=]
2024-02-15 14:00:33,135 [INFO] NvicIntPanel:101 - NVIC parent = com.st.microxplorer.plugins.ip.nvic.MultiNvicIntPanel[,0,0,451x250,layout=javax.swing.BoxLayout,alignmentX=0.0,alignmentY=0.0,border=,flags=9,maximumSize=,minimumSize=,preferredSize=]
2024-02-15 14:00:35,772 [INFO] NvicIntPanel:101 - NVIC parent = com.st.microxplorer.plugins.ip.nvic.MultiNvicIntPanel[,0,0,0x0,invalid,layout=javax.swing.BoxLayout,alignmentX=0.0,alignmentY=0.0,border=,flags=9,maximumSize=,minimumSize=,preferredSize=]
2024-02-15 14:05:21,482 [INFO] UtilMem:75 - End SaveConfig() Used Memory: 784005096 Bytes (1073741824)
2024-02-15 14:05:23,435 [INFO] UtilMem:75 - End SaveConfig() Used Memory: 871887608 Bytes (1073741824)
2024-02-15 14:05:23,723 [INFO] UtilMem:75 - End SaveConfig() Used Memory: 900721400 Bytes (1073741824)
2024-02-15 14:05:24,175 [INFO] BlockDiagram:2759 - set Specific Code input for plugin: TIM1_8G4
2024-02-15 14:05:24,175 [INFO] BlockDiagram:2759 - set Specific Code input for plugin: TIM1_8G4
2024-02-15 14:05:24,175 [INFO] BlockDiagram:2759 - set Specific Code input for plugin: SYS
2024-02-15 14:05:24,175 [INFO] BlockDiagram:2759 - set Specific Code input for plugin: ADC
2024-02-15 14:05:24,175 [INFO] BlockDiagram:2759 - set Specific Code input for plugin: RCC
2024-02-15 14:05:24,175 [INFO] BlockDiagram:2759 - set Specific Code input for plugin: LPUART
2024-02-15 14:05:24,175 [INFO] BlockDiagram:2759 - set Specific Code input for plugin: NVIC
2024-02-15 14:05:24,175 [INFO] BlockDiagram:2759 - set Specific Code input for plugin: DMA
2024-02-15 14:05:24,176 [INFO] BlockDiagram:2759 - set Specific Code input for plugin: GPIO
2024-02-15 14:05:24,178 [INFO] CodeGenerator:799 - code generatio: config db path: E:\stm cube\STM32CubeIDE_1.13.2\STM32CubeIDE\plugins\com.st.stm32cube.common.mx_6.9.2.202309101412\\db\
2024-02-15 14:05:24,602 [ERROR] LocalSettings:60 - multiple points
2024-02-15 14:05:24,602 [ERROR] LocalSettings:60 - multiple points
2024-02-15 14:05:24,765 [INFO] CodeEngine:255 - oldGeneratedFile, C:\Users\bcc35\Desktop\Elec\T2_lab1\MXTmpFiles\license.tmp_save
2024-02-15 14:05:25,365 [INFO] CodeEngine:279 - Generated code: C:\Users\bcc35\Desktop\Elec\T2_lab1\MXTmpFiles\license.tmp
2024-02-15 14:05:25,710 [INFO] CodeEngine:255 - oldGeneratedFile, C:\Users\bcc35\Desktop\Elec\T2_lab1\MXTmpFiles\gpio.tmp_save
2024-02-15 14:05:25,864 [INFO] CodeEngine:279 - Generated code: C:\Users\bcc35\Desktop\Elec\T2_lab1\MXTmpFiles\gpio.tmp
2024-02-15 14:05:26,537 [INFO] CodeEngine:255 - oldGeneratedFile, C:\Users\bcc35\Desktop\Elec\T2_lab1\MXTmpFiles\dma.tmp_save
2024-02-15 14:05:26,626 [INFO] CodeEngine:279 - Generated code: C:\Users\bcc35\Desktop\Elec\T2_lab1\MXTmpFiles\dma.tmp
2024-02-15 14:05:26,638 [INFO] CodeEngine:255 - oldGeneratedFile, C:\Users\bcc35\Desktop\Elec\T2_lab1\MXTmpFiles\dma_GV.tmp_save
2024-02-15 14:05:26,695 [INFO] CodeEngine:279 - Generated code: C:\Users\bcc35\Desktop\Elec\T2_lab1\MXTmpFiles\dma_GV.tmp
2024-02-15 14:05:26,728 [INFO] CodeEngine:255 - oldGeneratedFile, C:\Users\bcc35\Desktop\Elec\T2_lab1\Core\Src\stm32g4xx_it.c_save
2024-02-15 14:05:26,897 [INFO] CodeEngine:279 - Generated code: C:\Users\bcc35\Desktop\Elec\T2_lab1\Core\Src\stm32g4xx_it.c
2024-02-15 14:05:26,935 [INFO] CodeEngine:255 - oldGeneratedFile, C:\Users\bcc35\Desktop\Elec\T2_lab1\Core\Inc\stm32g4xx_it.h_save
2024-02-15 14:05:27,017 [INFO] CodeEngine:279 - Generated code: C:\Users\bcc35\Desktop\Elec\T2_lab1\Core\Inc\stm32g4xx_it.h
2024-02-15 14:05:27,083 [INFO] CodeEngine:255 - oldGeneratedFile, C:\Users\bcc35\Desktop\Elec\T2_lab1\Core\Src\stm32g4xx_hal_msp.c_save
2024-02-15 14:05:27,244 [INFO] CodeEngine:279 - Generated code: C:\Users\bcc35\Desktop\Elec\T2_lab1\Core\Src\stm32g4xx_hal_msp.c
2024-02-15 14:05:27,261 [INFO] CodeEngine:255 - oldGeneratedFile, C:\Users\bcc35\Desktop\Elec\T2_lab1\MXTmpFiles\system.tmp_save
2024-02-15 14:05:27,319 [INFO] CodeEngine:279 - Generated code: C:\Users\bcc35\Desktop\Elec\T2_lab1\MXTmpFiles\system.tmp
2024-02-15 14:05:27,376 [INFO] CodeEngine:311 - oldGeneratedFile, C:\Users\bcc35\Desktop\Elec\T2_lab1\Core\Inc\stm32g4xx_hal_conf.h_save
2024-02-15 14:05:27,446 [INFO] CodeEngine:335 - Generated code: C:\Users\bcc35\Desktop\Elec\T2_lab1\Core\Inc\stm32g4xx_hal_conf.h
2024-02-15 14:05:27,468 [WARN] IPConfigManager:2937 - Warning: the RefConfig RCC_CommonPeriphClockConfig is not available in your config.xml file
2024-02-15 14:05:27,471 [WARN] IPConfigManager:3431 - IP not found : TIM
2024-02-15 14:05:27,472 [WARN] CodeGenerator:3764 - IP not found : null
2024-02-15 14:05:27,508 [INFO] CodeEngine:255 - oldGeneratedFile, C:\Users\bcc35\Desktop\Elec\T2_lab1\Core\Inc\main.h_save
2024-02-15 14:05:27,588 [INFO] CodeEngine:279 - Generated code: C:\Users\bcc35\Desktop\Elec\T2_lab1\Core\Inc\main.h
2024-02-15 14:05:27,608 [INFO] CodeEngine:255 - oldGeneratedFile, C:\Users\bcc35\Desktop\Elec\T2_lab1\Core\Src\main.c_save
2024-02-15 14:05:27,752 [INFO] CodeEngine:279 - Generated code: C:\Users\bcc35\Desktop\Elec\T2_lab1\Core\Src\main.c
2024-02-15 14:05:28,266 [INFO] ProjectBuilder:3064 - Time for Copy HAL[1] : 229mS.
2024-02-15 14:05:28,272 [INFO] ProjectBuilder:4404 - Project Generator version: 4.1.0
2024-02-15 14:05:28,516 [INFO] ConfigFileManager:1457 - The Die is : DIE469
2024-02-15 14:05:28,560 [INFO] ApiDbMcu:507 - Load IP Config File for FATFS
2024-02-15 14:05:28,571 [INFO] ApiDbMcu:507 - Load IP Config File for FREERTOS
2024-02-15 14:05:28,594 [INFO] ApiDbMcu:507 - Load IP Config File for USBPD
2024-02-15 14:05:28,613 [INFO] ApiDbMcu:507 - Load IP Config File for USB_Device
2024-02-15 14:05:29,816 [INFO] LogOutputStream:77 - [STDOUT_REDIRECT] 
2024-02-15 14:05:32,884 [INFO] ProjectBuilder:4626 - Time for Generating toolchain IDE Files: 4612mS.
2024-02-15 14:05:32,886 [INFO] ProjectBuilder:2935 - Time for Copy CMSIS : 0mS.
2024-02-15 14:05:32,888 [INFO] ProjectBuilder:2935 - Time for Copy CMSIS : 0mS.
