2023-10-31 23:46:56,366 [INFO] Activator:176 - 


2023-10-31 23:46:56,368 [INFO] Activator:177 - !SESSION log4j initialized
2023-10-31 23:46:59,060 [INFO] LogOutputStream:77 - [STDOUT_REDIRECT] 
2023-10-31 23:47:01,355 [INFO] ApplicationProperties:184 - Using Application install path: E:\stm cube\STM32CubeIDE_1.13.2\STM32CubeIDE\plugins\com.st.stm32cube.common.mx_6.9.2.202309101412
2023-10-31 23:47:01,368 [INFO] DbMcusXml:78 - Set database path to: E:\stm cube\STM32CubeIDE_1.13.2\STM32CubeIDE\plugins\com.st.stm32cube.common.mx_6.9.2.202309101412\\db\/mcu/
2023-10-31 23:47:01,368 [INFO] ApiDb:274 - Set plugin database path to: E:\stm cube\STM32CubeIDE_1.13.2\STM32CubeIDE\plugins\com.st.stm32cube.common.mx_6.9.2.202309101412\\db\/plugins/boardmanager/
2023-10-31 23:47:01,370 [WARN] ApiDb:259 - Overriding images path with different value:  => E:\stm cube\STM32CubeIDE_1.13.2\STM32CubeIDE\plugins\com.st.stm32cube.common.mx_6.9.2.202309101412\\db\/plugins/mcufinder/images/
2023-10-31 23:47:01,377 [INFO] ApiDb:250 - Set database path to: C:\Users\bcc35\.stmcufinder\plugins\mcufinder//mcu/
2023-10-31 23:47:01,378 [INFO] DbMcusAds:125 - Set database path to: C:\Users\bcc35\.stmcufinder\plugins\mcufinder//mcu/
2023-10-31 23:47:01,380 [INFO] CrossReferenceDbSqlite:203 - Set database path to: C:\Users\bcc35\.stmcufinder\plugins\mcufinder//mcu/cs/
2023-10-31 23:47:01,460 [INFO] RulesReader:64 - Compatibility file has been processed (293 Rules)
2023-10-31 23:47:01,531 [INFO] DbMcusXml:78 - Set database path to: E:\stm cube\STM32CubeIDE_1.13.2\STM32CubeIDE\plugins\com.st.stm32cube.common.mx_6.9.2.202309101412\\db\/mcu/
2023-10-31 23:47:01,531 [INFO] ApiDb:274 - Set plugin database path to: E:\stm cube\STM32CubeIDE_1.13.2\STM32CubeIDE\plugins\com.st.stm32cube.common.mx_6.9.2.202309101412\\db\/plugins/boardmanager/
2023-10-31 23:47:01,532 [INFO] ApiDb:261 - Set plugin images path to: E:\stm cube\STM32CubeIDE_1.13.2\STM32CubeIDE\plugins\com.st.stm32cube.common.mx_6.9.2.202309101412\\db\/plugins/mcufinder/images/
2023-10-31 23:47:01,532 [WARN] DbFile:41 - Overriding database path with different value: C:\Users\bcc35\.stmcufinder\plugins\mcufinder/ => C:\Users\bcc35\.stmcufinder\plugins\mcufinder
2023-10-31 23:47:01,532 [INFO] ApiDb:250 - Set database path to: C:\Users\bcc35\.stmcufinder\plugins\mcufinder//mcu/
2023-10-31 23:47:01,532 [WARN] DbFile:41 - Overriding database path with different value: C:\Users\bcc35\.stmcufinder\plugins\mcufinder/ => C:\Users\bcc35\.stmcufinder\plugins\mcufinder
2023-10-31 23:47:01,532 [INFO] DbMcusAds:125 - Set database path to: C:\Users\bcc35\.stmcufinder\plugins\mcufinder//mcu/
2023-10-31 23:47:01,532 [WARN] DbFile:41 - Overriding database path with different value: C:\Users\bcc35\.stmcufinder\plugins\mcufinder/ => C:\Users\bcc35\.stmcufinder\plugins\mcufinder
2023-10-31 23:47:01,532 [WARN] DbFile:41 - Overriding database path with different value: C:\Users\bcc35\.stmcufinder\plugins\mcufinder/ => C:\Users\bcc35\.stmcufinder\plugins\mcufinder
2023-10-31 23:47:01,533 [INFO] CrossReferenceDbSqlite:203 - Set database path to: C:\Users\bcc35\.stmcufinder\plugins\mcufinder//mcu/cs/
2023-10-31 23:47:01,591 [INFO] MainPanel:262 - HeapMemory: 268435456
2023-10-31 23:47:01,646 [INFO] DbMcusXml:78 - Set database path to: E:\stm cube\STM32CubeIDE_1.13.2\STM32CubeIDE\plugins\com.st.stm32cube.common.mx_6.9.2.202309101412\\db\/mcu/
2023-10-31 23:47:01,646 [INFO] ApiDb:274 - Set plugin database path to: E:\stm cube\STM32CubeIDE_1.13.2\STM32CubeIDE\plugins\com.st.stm32cube.common.mx_6.9.2.202309101412\\db\/plugins/boardmanager/
2023-10-31 23:47:01,646 [INFO] ApiDb:261 - Set plugin images path to: E:\stm cube\STM32CubeIDE_1.13.2\STM32CubeIDE\plugins\com.st.stm32cube.common.mx_6.9.2.202309101412\\db\/plugins/mcufinder/images/
2023-10-31 23:47:01,646 [WARN] DbFile:41 - Overriding database path with different value: C:\Users\bcc35\.stmcufinder\plugins\mcufinder/ => C:\Users\bcc35\.stmcufinder\plugins\mcufinder
2023-10-31 23:47:01,647 [INFO] ApiDb:250 - Set database path to: C:\Users\bcc35\.stmcufinder\plugins\mcufinder//mcu/
2023-10-31 23:47:01,647 [WARN] DbFile:41 - Overriding database path with different value: C:\Users\bcc35\.stmcufinder\plugins\mcufinder/ => C:\Users\bcc35\.stmcufinder\plugins\mcufinder
2023-10-31 23:47:01,647 [INFO] DbMcusAds:125 - Set database path to: C:\Users\bcc35\.stmcufinder\plugins\mcufinder//mcu/
2023-10-31 23:47:01,647 [WARN] DbFile:41 - Overriding database path with different value: C:\Users\bcc35\.stmcufinder\plugins\mcufinder/ => C:\Users\bcc35\.stmcufinder\plugins\mcufinder
2023-10-31 23:47:01,647 [WARN] DbFile:41 - Overriding database path with different value: C:\Users\bcc35\.stmcufinder\plugins\mcufinder/ => C:\Users\bcc35\.stmcufinder\plugins\mcufinder
2023-10-31 23:47:01,647 [INFO] CrossReferenceDbSqlite:203 - Set database path to: C:\Users\bcc35\.stmcufinder\plugins\mcufinder//mcu/cs/
2023-10-31 23:47:01,660 [INFO] ApplicationProperties:184 - Using Application install path: E:\stm cube\STM32CubeIDE_1.13.2\STM32CubeIDE\plugins\com.st.stm32cube.common.mx_6.9.2.202309101412
2023-10-31 23:47:01,662 [INFO] PluginManage:196 - Search for loadable plugins [exclusion list=, ]
2023-10-31 23:47:01,663 [INFO] PluginManage:310 - Check plugin analytics
2023-10-31 23:47:06,709 [INFO] AnalyticsPlugin:253 - Accepted Software Licenses: 
2023-10-31 23:47:06,709 [INFO] AnalyticsPlugin:255 - Accepted CMSIS Pack Licenses: 
2023-10-31 23:47:06,709 [INFO] AnalyticsPlugin:257 - Accepted Firmware Licenses: 
2023-10-31 23:47:06,711 [INFO] PluginManage:359 - Loaded plugin analytics (category:tool,tabindex:-1)
2023-10-31 23:47:06,712 [INFO] PluginManage:310 - Check plugin cadmodel
2023-10-31 23:47:06,716 [INFO] CADModel:105 - Init CAD model plugin
2023-10-31 23:47:06,716 [INFO] PluginManage:359 - Loaded plugin cadmodel (category:power,tabindex:5)
2023-10-31 23:47:06,717 [INFO] PluginManage:310 - Check plugin clock
2023-10-31 23:47:06,725 [INFO] PluginManage:359 - Loaded plugin clock (category:base,tabindex:2)
2023-10-31 23:47:06,725 [INFO] PluginManage:310 - Check plugin ddr
2023-10-31 23:47:06,727 [INFO] PluginManage:359 - Loaded plugin ddr (category:tool,tabindex:6)
2023-10-31 23:47:06,727 [INFO] PluginManage:310 - Check plugin filemanager
2023-10-31 23:47:06,841 [INFO] PluginManage:359 - Loaded plugin filemanager (category:base,tabindex:10)
2023-10-31 23:47:06,841 [INFO] PluginManage:310 - Check plugin ipmanager
2023-10-31 23:47:06,848 [INFO] PluginManage:359 - Loaded plugin ipmanager (category:base,tabindex:5)
2023-10-31 23:47:06,848 [INFO] PluginManage:310 - Check plugin lpbam
2023-10-31 23:47:06,854 [INFO] PluginManage:359 - Loaded plugin lpbam (category:base,tabindex:0)
2023-10-31 23:47:06,854 [INFO] PluginManage:310 - Check plugin memorymap
2023-10-31 23:47:06,863 [INFO] PluginManage:359 - Loaded plugin memorymap (category:base,tabindex:4)
2023-10-31 23:47:06,864 [INFO] PluginManage:310 - Check plugin pinoutandconfiguration
2023-10-31 23:47:06,869 [INFO] PluginManage:359 - Loaded plugin pinoutandconfiguration (category:base,tabindex:1)
2023-10-31 23:47:06,869 [INFO] PluginManage:310 - Check plugin pinoutconfig
2023-10-31 23:47:06,950 [WARN] SupportedApi:132 - Cannot load RTOS API schema: s4s-elt-must-match.1: The content of 'definitions' must match (annotation?, (simpleType | complexType)?, (unique | key | keyref)*)). A problem was found starting at: attribute.
2023-10-31 23:47:07,072 [INFO] PluginManage:359 - Loaded plugin pinoutconfig (category:base,tabindex:0)
2023-10-31 23:47:07,072 [INFO] PluginManage:310 - Check plugin power
2023-10-31 23:47:07,080 [INFO] PluginManage:359 - Loaded plugin power (category:power,tabindex:4)
2023-10-31 23:47:07,080 [INFO] PluginManage:310 - Check plugin projectmanager
2023-10-31 23:47:07,093 [INFO] PluginManage:359 - Loaded plugin projectmanager (category:projectmanager,tabindex:3)
2023-10-31 23:47:07,094 [INFO] PluginManage:310 - Check plugin thirdparty
2023-10-31 23:47:07,205 [INFO] PluginManage:359 - Loaded plugin thirdparty (category:base,tabindex:-1)
2023-10-31 23:47:07,205 [WARN] IntegrityCheckThread:84 - waiting for thirdparty lock release [integrity check]
2023-10-31 23:47:07,206 [INFO] PluginManage:310 - Check plugin tools
2023-10-31 23:47:07,206 [INFO] IntegrityCheckThread:86 - entering critical section [integrity check]
2023-10-31 23:47:07,206 [INFO] ThirdPartyUpdaterWithRetryManager:70 - Updater plugin not ready yet. [1/15]
2023-10-31 23:47:07,208 [INFO] PluginManage:359 - Loaded plugin tools (category:base,tabindex:7)
2023-10-31 23:47:07,209 [INFO] PluginManage:310 - Check plugin tutovideos
2023-10-31 23:47:07,339 [INFO] PluginManage:359 - Loaded plugin tutovideos (category:base,tabindex:-1)
2023-10-31 23:47:07,339 [INFO] PluginManage:310 - Check plugin updater
2023-10-31 23:47:07,346 [INFO] PluginManage:359 - Loaded plugin updater (category:base,tabindex:12)
2023-10-31 23:47:07,347 [INFO] PluginManage:310 - Check plugin userauth
2023-10-31 23:47:07,351 [INFO] UserAuth:113 - Init User Auth plugin
2023-10-31 23:47:07,351 [INFO] PluginManage:359 - Loaded plugin userauth (category:base,tabindex:14)
2023-10-31 23:47:07,351 [INFO] PluginManage:283 - PluginManage : Loaded plugins [17]
2023-10-31 23:47:07,546 [INFO] PinOutPanel:1499 - setPackage(No Configuration,No Configuration)
2023-10-31 23:47:07,639 [INFO] CADModel:165 - CPN selected for project level
2023-10-31 23:47:07,639 [INFO] CADModel:114 - Register for checkConnection events
2023-10-31 23:47:07,649 [INFO] IPUIPlugin:80 - create IPUIPlugin
2023-10-31 23:47:07,650 [INFO] PluginManager:220 - loadIPPluginJar : add adc
2023-10-31 23:47:07,651 [INFO] IPUIPlugin:80 - create IPUIPlugin
2023-10-31 23:47:07,651 [INFO] PluginManager:220 - loadIPPluginJar : add aes
2023-10-31 23:47:07,653 [INFO] IPUIPlugin:80 - create IPUIPlugin
2023-10-31 23:47:07,653 [INFO] PluginManager:220 - loadIPPluginJar : add can
2023-10-31 23:47:07,654 [INFO] IPUIPlugin:80 - create IPUIPlugin
2023-10-31 23:47:07,654 [INFO] PluginManager:220 - loadIPPluginJar : add comp
2023-10-31 23:47:07,655 [INFO] IPUIPlugin:80 - create IPUIPlugin
2023-10-31 23:47:07,655 [INFO] PluginManager:220 - loadIPPluginJar : add cryp
2023-10-31 23:47:07,656 [INFO] IPUIPlugin:80 - create IPUIPlugin
2023-10-31 23:47:07,657 [INFO] PluginManager:220 - loadIPPluginJar : add dfsdm
2023-10-31 23:47:07,660 [INFO] IPUIPlugin:80 - create IPUIPlugin
2023-10-31 23:47:07,660 [INFO] PluginManager:220 - loadIPPluginJar : add dma
2023-10-31 23:47:07,662 [INFO] IPUIPlugin:80 - create IPUIPlugin
2023-10-31 23:47:07,662 [INFO] PluginManager:220 - loadIPPluginJar : add dma3
2023-10-31 23:47:07,663 [INFO] IPUIPlugin:80 - create IPUIPlugin
2023-10-31 23:47:07,663 [INFO] PluginManager:220 - loadIPPluginJar : add fatfs
2023-10-31 23:47:07,666 [INFO] IPUIPlugin:80 - create IPUIPlugin
2023-10-31 23:47:07,666 [INFO] PluginManager:220 - loadIPPluginJar : add fmc
2023-10-31 23:47:07,670 [INFO] IPUIPlugin:80 - create IPUIPlugin
2023-10-31 23:47:07,670 [INFO] PluginManager:220 - loadIPPluginJar : add freertos
2023-10-31 23:47:07,671 [INFO] IPUIPlugin:80 - create IPUIPlugin
2023-10-31 23:47:07,671 [INFO] PluginManager:220 - loadIPPluginJar : add genericplugin
2023-10-31 23:47:07,672 [INFO] IPUIPlugin:80 - create IPUIPlugin
2023-10-31 23:47:07,672 [INFO] PluginManager:220 - loadIPPluginJar : add gfxmmu
2023-10-31 23:47:07,675 [INFO] IPUIPlugin:80 - create IPUIPlugin
2023-10-31 23:47:07,675 [INFO] PluginManager:220 - loadIPPluginJar : add gic
2023-10-31 23:47:07,677 [INFO] IPUIPlugin:80 - create IPUIPlugin
2023-10-31 23:47:07,678 [INFO] PluginManager:220 - loadIPPluginJar : add gpio
2023-10-31 23:47:07,679 [INFO] IPUIPlugin:80 - create IPUIPlugin
2023-10-31 23:47:07,679 [INFO] PluginManager:220 - loadIPPluginJar : add gtzc
2023-10-31 23:47:07,680 [INFO] IPUIPlugin:80 - create IPUIPlugin
2023-10-31 23:47:07,680 [INFO] PluginManager:220 - loadIPPluginJar : add hash
2023-10-31 23:47:07,682 [INFO] IPUIPlugin:80 - create IPUIPlugin
2023-10-31 23:47:07,682 [INFO] PluginManager:220 - loadIPPluginJar : add i2c
2023-10-31 23:47:07,683 [INFO] IPUIPlugin:80 - create IPUIPlugin
2023-10-31 23:47:07,683 [INFO] PluginManager:220 - loadIPPluginJar : add i2s
2023-10-31 23:47:07,685 [INFO] IPUIPlugin:80 - create IPUIPlugin
2023-10-31 23:47:07,685 [INFO] PluginManager:220 - loadIPPluginJar : add i3c
2023-10-31 23:47:07,687 [INFO] IPUIPlugin:80 - create IPUIPlugin
2023-10-31 23:47:07,687 [INFO] PluginManager:220 - loadIPPluginJar : add ipddr
2023-10-31 23:47:07,692 [INFO] IPUIPlugin:80 - create IPUIPlugin
2023-10-31 23:47:07,692 [INFO] PluginManager:220 - loadIPPluginJar : add linkedlist
2023-10-31 23:47:07,694 [INFO] IPUIPlugin:80 - create IPUIPlugin
2023-10-31 23:47:07,694 [INFO] PluginManager:220 - loadIPPluginJar : add lorawan
2023-10-31 23:47:07,695 [INFO] IPUIPlugin:80 - create IPUIPlugin
2023-10-31 23:47:07,695 [INFO] PluginManager:220 - loadIPPluginJar : add ltdc
2023-10-31 23:47:07,701 [INFO] IPUIPlugin:80 - create IPUIPlugin
2023-10-31 23:47:07,701 [INFO] PluginManager:220 - loadIPPluginJar : add mdma
2023-10-31 23:47:07,703 [INFO] IPUIPlugin:80 - create IPUIPlugin
2023-10-31 23:47:07,703 [INFO] PluginManager:220 - loadIPPluginJar : add nvic
2023-10-31 23:47:07,705 [INFO] IPUIPlugin:80 - create IPUIPlugin
2023-10-31 23:47:07,705 [INFO] PluginManager:220 - loadIPPluginJar : add opamp
2023-10-31 23:47:07,707 [INFO] IPUIPlugin:80 - create IPUIPlugin
2023-10-31 23:47:07,707 [INFO] PluginManager:220 - loadIPPluginJar : add openamp
2023-10-31 23:47:07,709 [INFO] IPUIPlugin:80 - create IPUIPlugin
2023-10-31 23:47:07,709 [INFO] PluginManager:220 - loadIPPluginJar : add pdm2pcm
2023-10-31 23:47:07,713 [INFO] IPUIPlugin:80 - create IPUIPlugin
2023-10-31 23:47:07,715 [INFO] PluginManager:220 - loadIPPluginJar : add plateformsettings
2023-10-31 23:47:07,716 [INFO] IPUIPlugin:80 - create IPUIPlugin
2023-10-31 23:47:07,716 [INFO] PluginManager:220 - loadIPPluginJar : add quadspi
2023-10-31 23:47:07,718 [INFO] IPUIPlugin:80 - create IPUIPlugin
2023-10-31 23:47:07,718 [INFO] PluginManager:220 - loadIPPluginJar : add resmgrutility
2023-10-31 23:47:07,720 [INFO] IPUIPlugin:80 - create IPUIPlugin
2023-10-31 23:47:07,720 [INFO] PluginManager:220 - loadIPPluginJar : add sai
2023-10-31 23:47:07,721 [INFO] IPUIPlugin:80 - create IPUIPlugin
2023-10-31 23:47:07,721 [INFO] PluginManager:220 - loadIPPluginJar : add spi
2023-10-31 23:47:07,725 [INFO] IPUIPlugin:80 - create IPUIPlugin
2023-10-31 23:47:07,725 [INFO] PluginManager:220 - loadIPPluginJar : add stm32_wpan
2023-10-31 23:47:07,726 [INFO] IPUIPlugin:80 - create IPUIPlugin
2023-10-31 23:47:07,726 [INFO] PluginManager:220 - loadIPPluginJar : add tim
2023-10-31 23:47:07,727 [INFO] IPUIPlugin:80 - create IPUIPlugin
2023-10-31 23:47:07,728 [INFO] PluginManager:220 - loadIPPluginJar : add touchsensing
2023-10-31 23:47:07,729 [INFO] IPUIPlugin:80 - create IPUIPlugin
2023-10-31 23:47:07,730 [INFO] PluginManager:220 - loadIPPluginJar : add tracer_emb
2023-10-31 23:47:07,732 [INFO] IPUIPlugin:80 - create IPUIPlugin
2023-10-31 23:47:07,732 [INFO] PluginManager:220 - loadIPPluginJar : add ts
2023-10-31 23:47:07,733 [INFO] IPUIPlugin:80 - create IPUIPlugin
2023-10-31 23:47:07,734 [INFO] PluginManager:220 - loadIPPluginJar : add tsc
2023-10-31 23:47:07,735 [INFO] IPUIPlugin:80 - create IPUIPlugin
2023-10-31 23:47:07,735 [INFO] PluginManager:220 - loadIPPluginJar : add ucpd
2023-10-31 23:47:07,737 [INFO] IPUIPlugin:80 - create IPUIPlugin
2023-10-31 23:47:07,737 [INFO] PluginManager:220 - loadIPPluginJar : add usart
2023-10-31 23:47:07,740 [INFO] IPUIPlugin:80 - create IPUIPlugin
2023-10-31 23:47:07,741 [INFO] PluginManager:220 - loadIPPluginJar : add usbx
2023-10-31 23:47:07,861 [INFO] CADModel:165 - CPN selected for project level
2023-10-31 23:47:07,861 [INFO] CADModel:114 - Register for checkConnection events
2023-10-31 23:47:07,861 [FATAL] Updater:308 - Updater called before beeing initialized
2023-10-31 23:47:07,861 [ERROR] CADModel:125 - Updater not yet initialized, retry later 
2023-10-31 23:47:07,977 [INFO] CADModel:165 - CPN selected for project level
2023-10-31 23:47:07,978 [INFO] CADModel:114 - Register for checkConnection events
2023-10-31 23:47:07,978 [FATAL] Updater:308 - Updater called before beeing initialized
2023-10-31 23:47:07,978 [ERROR] CADModel:125 - Updater not yet initialized, retry later 
2023-10-31 23:47:07,980 [FATAL] Updater:308 - Updater called before beeing initialized
2023-10-31 23:47:08,058 [FATAL] Updater:308 - Updater called before beeing initialized
2023-10-31 23:47:08,063 [INFO] DbMcusAds:53 - JSON generation date=Tue Mar 07 15:50:55 ICT 2023 (1678179055329)
2023-10-31 23:47:08,063 [FATAL] Updater:308 - Updater called before beeing initialized
2023-10-31 23:47:08,092 [WARN] DetailPanel:346 - Failed to get advertising image, set to default
2023-10-31 23:47:08,180 [FATAL] Updater:308 - Updater called before beeing initialized
2023-10-31 23:47:08,182 [FATAL] Updater:308 - Updater called before beeing initialized
2023-10-31 23:47:08,182 [FATAL] Updater:308 - Updater called before beeing initialized
2023-10-31 23:47:08,182 [WARN] DetailPanel:346 - Failed to get advertising image, set to default
2023-10-31 23:47:08,183 [FATAL] Updater:308 - Updater called before beeing initialized
2023-10-31 23:47:08,222 [ERROR] Updater:1120 - MainUpdater not yet initialized. External WinMGr cannot be set.
2023-10-31 23:47:08,224 [INFO] Updater:1056 - Updater Version found : 6.9.2
2023-10-31 23:47:08,240 [INFO] ApplicationProperties:184 - Using Application install path: E:\stm cube\STM32CubeIDE_1.13.2\STM32CubeIDE\plugins\com.st.stm32cube.common.mx_6.9.2.202309101412
2023-10-31 23:47:08,389 [INFO] MainUpdater:2868 - connection check result : 10
2023-10-31 23:47:08,389 [INFO] MainUpdater:285 - Updater Check For Update Now.
2023-10-31 23:47:08,389 [INFO] MicroXplorer:498 - Change Database Version : DB.6.0.92
2023-10-31 23:47:08,393 [INFO] McuFinderGlobals:63 - Set McuFinder mode to 2 (CubeIDE integrated)
2023-10-31 23:47:08,394 [INFO] UserAuth:179 - activating auth plugin
2023-10-31 23:47:08,397 [INFO] UserAuth:393 - Internet connection configuration mode: 1
2023-10-31 23:47:08,423 [INFO] JxBrowserEngine:151 - Initiate JxBrowser Engine with user profile folder
2023-10-31 23:47:08,559 [INFO] CheckServerUpdateThread:120 - End of CheckServer Thread
2023-10-31 23:47:08,605 [INFO] MainUpdater:2868 - connection check result : 10
2023-10-31 23:47:09,125 [INFO] ApiDb:581 - Connected to CubeFinder SQLite database (C:\Users\bcc35\.stmcufinder\plugins\mcufinder\mcu\cube-finder-db.db)
2023-10-31 23:47:09,156 [INFO] WebApp:157 - Instantiating new browser for Auth
2023-10-31 23:47:09,207 [INFO] ApiDb:668 - CubeFinder database Data Model version=2.1
2023-10-31 23:47:09,209 [INFO] ApiDb:669 - CubeFinder database Configuration version=3.0.37
2023-10-31 23:47:09,209 [INFO] ApiDb:670 - CubeFinder database generation date=2023-10-13 (1697197505)
2023-10-31 23:47:09,209 [INFO] ApiDb:671 - CubeFinder database FW Pack versions=[FP-ATR-ASTRA1_V2.0.0, FP-SNS-FLIGHT1_V5.0.1, FP-SNS-FLIGHT1_V5.0.2, FP-SNS-MOTENV1_V4.3.1, FP-SNS-MOTENV1_V4.3.2, FP-SNS-SMARTAG2_V1.2.0, I-CUBE-ITTIADB_V8.6.3-1, STM32Cube_FW_C0_V1.1.0, STM32Cube_FW_F4_V1.27.1, STM32Cube_FW_F7_V1.17.0, STM32Cube_FW_G0_V1.6.1, STM32Cube_FW_G4_V1.5.1, STM32Cube_FW_H5_V0.5.1, STM32Cube_FW_H5_V1.1.1, STM32Cube_FW_H7_V1.11.0, STM32Cube_FW_L0_V1.12.2, STM32Cube_FW_L5_V1.5.0, STM32Cube_FW_U5_V1.3.0, STM32Cube_FW_U5_V1.3.0RC4, STM32Cube_FW_WBA_V1.0.0RC1, STM32Cube_FW_WBA_V1.1.0RC1, STM32Cube_FW_WBA_V1.1.1, STM32Cube_FW_WB_V1.15.0RC1, STM32Cube_FW_WB_V1.16.0, STM32Cube_FW_WB_V1.16.0RC2, STM32Cube_FW_WB_V1.17.3, STM32Cube_FW_WL_V1.3.0, X-CUBE-ALGOBUILD_V1.3.0, X-CUBE-ALS_V1.0.1, X-CUBE-AZRTOS-F4_V1.1.0, X-CUBE-AZRTOS-F7_V1.1.0, X-CUBE-AZRTOS-G0_V1.1.0, X-CUBE-AZRTOS-G4_V2.0.0, X-CUBE-AZRTOS-H7_V3.1.0, X-CUBE-AZRTOS-L4_V1.0.0, X-CUBE-AZRTOS-L4_V2.0.0, X-CUBE-AZRTOS-L5_V1.1.0, X-CUBE-AZRTOS-WB_V2.0.0, X-CUBE-AZRTOS-WL_V2.0.0, X-CUBE-BLE1_V7.0.0, X-CUBE-BLE2_V3.3.0, X-CUBE-BLEMGR_V2.0.0, X-CUBE-EEPRMA1_V4.1.0, X-CUBE-FREERTOS_V1.1.0, X-CUBE-GNSS1_V6.0.0, X-CUBE-MEMS1_V10.0.0, X-CUBE-MEMS1_V9.1.0, X-CUBE-MEMS1_V9.4.0, X-CUBE-MEMS1_V9.6.0, X-CUBE-NFC4_V3.0.0, X-CUBE-NFC7_V1.0.1, X-CUBE-SFXS2LP1_V4.0.0, X-CUBE-SUBG2_V5.0.0, X-CUBE-TOF1_V3.3.1]
2023-10-31 23:47:09,287 [INFO] DbBoardsSqlite:226 - include board P-NUCLEO-WB55-NUCLEO as a kit item of type 'Nucleo-64'
2023-10-31 23:47:09,288 [INFO] DbBoardsSqlite:226 - include board P-NUCLEO-WB55-USBDONGLE as a kit item of type 'Nucleo USB Dongle'
2023-10-31 23:47:09,288 [INFO] DbBoardsSqlite:226 - include board STEVAL-IDP005V1 as a kit item of type 'Evaluation Board'
2023-10-31 23:47:09,289 [INFO] DbBoardsSqlite:226 - include board STEVAL-IDP005V2 as a kit item of type 'Evaluation Board'
2023-10-31 23:47:09,357 [INFO] ApiDb:240 - Found 323 in-development CPN: [B-G473E-ZEST1S, B-WB1M-WPAN1, B-WL5M-SUBG1, NUCLEO-C031C6, NUCLEO-H503RB, NUCLEO-H563ZI, NUCLEO-U545RE-Q, NUCLEO-U5A5ZJ-Q, NUCLEO-WBA52CG, STEVAL-PROTEUS1, STEVAL-SMARTAG2, STEVAL-STWINBX1, STM320518-EVAL, STM32C0116-DK, STM32C011D6Y3TR, STM32C011D6Y6TR, STM32C011F4P3, STM32C011F4P6, STM32C011F4U3, STM32C011F4U6TR, STM32C011F6P3, STM32C011F6P6, STM32C011F6U3, STM32C011F6U6TR, STM32C011J4M3, STM32C011J4M6, STM32C011J6M3, STM32C011J6M6, STM32C0316-DK, STM32C031C4T3, STM32C031C4T6, STM32C031C4U3, STM32C031C4U6, STM32C031C6T3, STM32C031C6T6, STM32C031C6U3, STM32C031C6U6, STM32C031F4P3, STM32C031F4P6, STM32C031F6P3, STM32C031F6P6, STM32C031G4U3, STM32C031G4U6, STM32C031G6U3, STM32C031G6U6, STM32C031K4T3, STM32C031K4T6, STM32C031K4U3, STM32C031K4U6, STM32C031K6T3, STM32C031K6T6, STM32C031K6U3, STM32C031K6U6, STM32G071K8TXN, STM32G071K8UXN, STM32G081GBU6N, STM32G081KBT6N, STM32G081KBUXN, STM32G0B1CCT6N, STM32G0B1KCT6, STM32G0B1NEY6TR, STM32G0B1RCT6N, STM32G0C1CCT6, STM32G0C1CCT6N, STM32G0C1CCU6N, STM32G0C1CET6N, STM32G0C1CEU6N, STM32G0C1KCT6, STM32G0C1NEY6TR, STM32G0C1RCI6N, STM32G0C1RCT6N, STM32G0C1REI6N, STM32G0C1RET6N, STM32G0C1VCI6, STM32G0C1VEI6, STM32G471CCT6, STM32G471CCU6, STM32G471CET3, STM32G471CET6, STM32G471CEU3, STM32G471CEU6, STM32G471MCT6, STM32G471MET3, STM32G471MET6, STM32G471MEY6TR, STM32G471QCT6, STM32G471QET3, STM32G471RCT6, STM32G471RET3, STM32G471RET6, STM32G471VCH6, STM32G471VCI6, STM32G471VCT6, STM32G471VEH3, STM32G471VEH6, STM32G471VEI3, STM32G471VEI6, STM32G471VET3, STM32G471VET6, STM32G474CCT6, STM32H503CBT6, STM32H503CBU6, STM32H503EBY6TR, STM32H503KBU6, STM32H503RBT6, STM32H562AGI6, STM32H562AII6, STM32H562IGK6, STM32H562IGT6, STM32H562IIK6, STM32H562IIT6, STM32H562RGT6, STM32H562RGV6, STM32H562RIT6, STM32H562RIV6, STM32H562VGT6, STM32H562VIT6, STM32H562ZGT6, STM32H562ZIT6, STM32H563AGI6, STM32H563AII3Q, STM32H563AII6, STM32H563IGK6, STM32H563IGT6, STM32H563IIK3Q, STM32H563IIK6, STM32H563IIT3Q, STM32H563IIT6, STM32H563MIY3QTR, STM32H563RGT6, STM32H563RGV6, STM32H563RIT6, STM32H563RIV6, STM32H563VGT6, STM32H563VIT3Q, STM32H563VIT6, STM32H563ZGT6, STM32H563ZIT3Q, STM32H563ZIT6, STM32H573AII3Q, STM32H573AII6, STM32H573I-DK, STM32H573IIK3Q, STM32H573IIK6, STM32H573IIT3Q, STM32H573IIT6, STM32H573MIY3QTR, STM32H573RIT6, STM32H573RIV6, STM32H573VIT3Q, STM32H573VIT6, STM32H573ZIT3Q, STM32H573ZIT6, STM32L4R5QGI6STR, STM32MP131AAE3, STM32MP131AAF3, STM32MP131AAG3, STM32MP131CAE3, STM32MP131CAF3, STM32MP131CAG3, STM32MP131DAE7, STM32MP131DAF7, STM32MP131DAG7, STM32MP131FAE7, STM32MP131FAF7, STM32MP131FAG7, STM32MP133AAE3, STM32MP133AAF3, STM32MP133AAG3, STM32MP133CAE3, STM32MP133CAF3, STM32MP133CAG3, STM32MP133DAE7, STM32MP133DAF7, STM32MP133DAG7, STM32MP133FAE7, STM32MP133FAF7, STM32MP133FAG7, STM32MP135AAE3, STM32MP135AAF3, STM32MP135AAG3, STM32MP135CAE3, STM32MP135CAF3, STM32MP135CAG3, STM32MP135DAE7, STM32MP135DAF7, STM32MP135DAG7, STM32MP135F-DK, STM32MP135FAE7, STM32MP135FAF7, STM32MP135FAF7T, STM32MP135FAF7U, STM32MP135FAG7, STM32U535CBT6, STM32U535CBT6Q, STM32U535CBU6, STM32U535CBU6Q, STM32U535CCT6, STM32U535CCT6Q, STM32U535CCU6, STM32U535CCU6Q, STM32U535CET6, STM32U535CET6Q, STM32U535CEU6, STM32U535CEU6Q, STM32U535JEY6QTR, STM32U535NCY6QTR, STM32U535NEY6QTR, STM32U535RBI6, STM32U535RBI6Q, STM32U535RBT6, STM32U535RBT6Q, STM32U535RCI6, STM32U535RCI6Q, STM32U535RCT6, STM32U535RCT6Q, STM32U535REI6, STM32U535REI6Q, STM32U535RET6, STM32U535RET6Q, STM32U535VCI6, STM32U535VCI6Q, STM32U535VCT6, STM32U535VCT6Q, STM32U535VEI6, STM32U535VEI6Q, STM32U535VET6, STM32U535VET6Q, STM32U545CET6, STM32U545CET6Q, STM32U545CEU6, STM32U545CEU6Q, STM32U545JEY6QTR, STM32U545NEY6QTR, STM32U545REI6, STM32U545REI6Q, STM32U545RET6, STM32U545RET6Q, STM32U545VEI6, STM32U545VEI6Q, STM32U545VET6, STM32U545VET6Q, STM32U595AIH6, STM32U595AIH6Q, STM32U595AJH6, STM32U595AJH6Q, STM32U595QII6, STM32U595QII6Q, STM32U595QJI6, STM32U595QJI6Q, STM32U595RIT6, STM32U595RIT6Q, STM32U595RJT6, STM32U595RJT6Q, STM32U595VIT6, STM32U595VIT6Q, STM32U595VJT6, STM32U595VJT6Q, STM32U595ZIT6, STM32U595ZIT6Q, STM32U595ZIY6QTR, STM32U595ZJT6, STM32U595ZJT6Q, STM32U595ZJY6QTR, STM32U599BJY6QTR, STM32U599NIH6Q, STM32U599NJH6Q, STM32U599VIT6Q, STM32U599VJT6, STM32U599VJT6Q, STM32U599ZIT6Q, STM32U599ZIY6QTR, STM32U599ZJT6Q, STM32U599ZJY6QTR, STM32U5A5AJH6, STM32U5A5AJH6Q, STM32U5A5QJI6, STM32U5A5QJI6Q, STM32U5A5RJT6, STM32U5A5RJT6Q, STM32U5A5VJT6, STM32U5A5VJT6Q, STM32U5A5ZJT6, STM32U5A5ZJT6Q, STM32U5A5ZJY6QTR, STM32U5A9BJY6QTR, STM32U5A9J-DK, STM32U5A9NJH6Q, STM32U5A9VJT6Q, STM32U5A9ZJT6Q, STM32U5A9ZJY6QTR, STM32U5F7VIT6, STM32U5F7VIT6Q, STM32U5F7VJT6, STM32U5F7VJT6Q, STM32U5F9BJY6QTR, STM32U5F9NJH6Q, STM32U5F9VIT6Q, STM32U5F9VJT6Q, STM32U5F9ZIJ6QTR, STM32U5F9ZIT6Q, STM32U5F9ZJJ6QTR, STM32U5F9ZJT6Q, STM32U5G7VJT6, STM32U5G7VJT6Q, STM32U5G9BJY6QTR, STM32U5G9J-DK1, STM32U5G9J-DK2, STM32U5G9NJH6Q, STM32U5G9VJT6Q, STM32U5G9ZJJ6QTR, STM32U5G9ZJT6Q, STM32WB1MMCH6, STM32WBA52CEU6, STM32WBA52CEU6T, STM32WBA52CGU6, STM32WBA52CGU6T, STM32WBA52KEU6, STM32WBA52KEU6T, STM32WBA52KGU6, STM32WBA52KGU6T, STM32WL5MOCH6, STM32WL5MOCH6TR]
2023-10-31 23:47:09,478 [INFO] BoardInfo:880 - No configuration file found for board P-NUCLEO-WB55
2023-10-31 23:47:09,479 [INFO] DbBoards:157 - Kit is not supported: P-NUCLEO-WB55
2023-10-31 23:47:09,483 [INFO] BoardInfo:880 - No configuration file found for board STEVAL-BFA001V1B
2023-10-31 23:47:09,483 [INFO] DbBoards:157 - Kit is not supported: STEVAL-BFA001V1B
2023-10-31 23:47:09,484 [INFO] BoardInfo:880 - No configuration file found for board STEVAL-BFA001V2B
2023-10-31 23:47:09,484 [INFO] DbBoards:157 - Kit is not supported: STEVAL-BFA001V2B
2023-10-31 23:47:09,611 [INFO] DbBoards:161 - Found 190 boards, 187 are supported
2023-10-31 23:47:09,615 [INFO] ApiDb:668 - CubeFinder database Data Model version=2.1
2023-10-31 23:47:09,616 [INFO] ApiDb:669 - CubeFinder database Configuration version=3.0.37
2023-10-31 23:47:09,616 [INFO] ApiDb:670 - CubeFinder database generation date=2023-10-13 (1697197505)
2023-10-31 23:47:09,616 [INFO] ApiDb:671 - CubeFinder database FW Pack versions=[FP-ATR-ASTRA1_V2.0.0, FP-SNS-FLIGHT1_V5.0.1, FP-SNS-FLIGHT1_V5.0.2, FP-SNS-MOTENV1_V4.3.1, FP-SNS-MOTENV1_V4.3.2, FP-SNS-SMARTAG2_V1.2.0, I-CUBE-ITTIADB_V8.6.3-1, STM32Cube_FW_C0_V1.1.0, STM32Cube_FW_F4_V1.27.1, STM32Cube_FW_F7_V1.17.0, STM32Cube_FW_G0_V1.6.1, STM32Cube_FW_G4_V1.5.1, STM32Cube_FW_H5_V0.5.1, STM32Cube_FW_H5_V1.1.1, STM32Cube_FW_H7_V1.11.0, STM32Cube_FW_L0_V1.12.2, STM32Cube_FW_L5_V1.5.0, STM32Cube_FW_U5_V1.3.0, STM32Cube_FW_U5_V1.3.0RC4, STM32Cube_FW_WBA_V1.0.0RC1, STM32Cube_FW_WBA_V1.1.0RC1, STM32Cube_FW_WBA_V1.1.1, STM32Cube_FW_WB_V1.15.0RC1, STM32Cube_FW_WB_V1.16.0, STM32Cube_FW_WB_V1.16.0RC2, STM32Cube_FW_WB_V1.17.3, STM32Cube_FW_WL_V1.3.0, X-CUBE-ALGOBUILD_V1.3.0, X-CUBE-ALS_V1.0.1, X-CUBE-AZRTOS-F4_V1.1.0, X-CUBE-AZRTOS-F7_V1.1.0, X-CUBE-AZRTOS-G0_V1.1.0, X-CUBE-AZRTOS-G4_V2.0.0, X-CUBE-AZRTOS-H7_V3.1.0, X-CUBE-AZRTOS-L4_V1.0.0, X-CUBE-AZRTOS-L4_V2.0.0, X-CUBE-AZRTOS-L5_V1.1.0, X-CUBE-AZRTOS-WB_V2.0.0, X-CUBE-AZRTOS-WL_V2.0.0, X-CUBE-BLE1_V7.0.0, X-CUBE-BLE2_V3.3.0, X-CUBE-BLEMGR_V2.0.0, X-CUBE-EEPRMA1_V4.1.0, X-CUBE-FREERTOS_V1.1.0, X-CUBE-GNSS1_V6.0.0, X-CUBE-MEMS1_V10.0.0, X-CUBE-MEMS1_V9.1.0, X-CUBE-MEMS1_V9.4.0, X-CUBE-MEMS1_V9.6.0, X-CUBE-NFC4_V3.0.0, X-CUBE-NFC7_V1.0.1, X-CUBE-SFXS2LP1_V4.0.0, X-CUBE-SUBG2_V5.0.0, X-CUBE-TOF1_V3.3.1]
2023-10-31 23:47:09,863 [INFO] WebApp:753 - Register for checkConnection events
2023-10-31 23:47:09,864 [INFO] WebApp:390 - Apply proxy settings
2023-10-31 23:47:09,864 [INFO] WebApp:475 - Chromium requires no authentication
2023-10-31 23:47:09,873 [INFO] WebApp:418 - Direct internet connection detected
2023-10-31 23:47:09,993 [INFO] WebApp:188 - Starting web application
2023-10-31 23:47:09,994 [INFO] WebApp:520 - Web application path used E:\stm cube\STM32CubeIDE_1.13.2\STM32CubeIDE\plugins\com.st.stm32cube.common.mx_6.9.2.202309101412\db\plugins\mcufinder\reactClient1\index.html
2023-10-31 23:47:10,409 [WARN] PackLoader:240 - Cannot read IP mode file for STMicroelectronics.X-CUBE-SMBUS.2.1.0
2023-10-31 23:47:10,453 [WARN] PackLoader:240 - Cannot read IP mode file for STMicroelectronics.X-CUBE-AZRTOS-F7.1.1.0
2023-10-31 23:47:10,484 [WARN] PackLoader:240 - Cannot read IP mode file for STMicroelectronics.FP-SNS-MOTENV1.4.3.2
2023-10-31 23:47:10,493 [WARN] PackLoader:240 - Cannot read IP mode file for STMicroelectronics.FP-SNS-FLIGHT1.5.0.2
2023-10-31 23:47:10,508 [WARN] PackLoader:240 - Cannot read IP mode file for STMicroelectronics.X-CUBE-DISPLAY.3.0.0
2023-10-31 23:47:10,527 [WARN] PackLoader:240 - Cannot read IP mode file for STMicroelectronics.X-CUBE-BLE1.7.0.0
2023-10-31 23:47:10,539 [WARN] PackLoader:240 - Cannot read IP mode file for emotas.I-CUBE-CANOPEN.1.3.0
2023-10-31 23:47:10,547 [WARN] PackLoader:240 - Cannot read IP mode file for STMicroelectronics.X-CUBE-TOUCHGFX.4.22.1
2023-10-31 23:47:10,553 [WARN] PackLoader:240 - Cannot read IP mode file for STMicroelectronics.FP-SNS-SMARTAG2.1.2.0
2023-10-31 23:47:10,572 [INFO] LogOutputStream:77 - [STDOUT_REDIRECT] 1 : Invalid condition id : UX_CORESTACK_Condition cause : null
2023-10-31 23:47:10,573 [INFO] LogOutputStream:77 - [STDOUT_REDIRECT] 1 : Invalid condition id : UX_CORESTACK_Condition cause : null
2023-10-31 23:47:10,575 [INFO] LogOutputStream:77 - [STDOUT_REDIRECT] 1 : Invalid condition id : UX_CORESTACK_Condition cause : null
2023-10-31 23:47:10,577 [INFO] LogOutputStream:77 - [STDOUT_REDIRECT] 1 : Invalid condition id : UX_CORESTACK_Condition cause : null
2023-10-31 23:47:10,579 [INFO] LogOutputStream:77 - [STDOUT_REDIRECT] 1 : Invalid condition id : UX_CORESTACK_Condition cause : null
2023-10-31 23:47:10,585 [WARN] PackLoader:240 - Cannot read IP mode file for STMicroelectronics.X-CUBE-AZRTOS-WL.2.0.0
2023-10-31 23:47:10,601 [WARN] PackLoader:240 - Cannot read IP mode file for WES.I-CUBE-Cesium.1.3.0
2023-10-31 23:47:10,614 [WARN] PackLoader:240 - Cannot read IP mode file for STMicroelectronics.X-CUBE-BLE2.3.3.0
2023-10-31 23:47:10,629 [WARN] PackLoader:240 - Cannot read IP mode file for STMicroelectronics.X-CUBE-ALGOBUILD.1.3.0
2023-10-31 23:47:10,657 [WARN] PackLoader:240 - Cannot read IP mode file for STMicroelectronics.X-CUBE-AZRTOS-G0.1.1.0
2023-10-31 23:47:10,677 [WARN] PackLoader:240 - Cannot read IP mode file for STMicroelectronics.X-CUBE-NFC4.3.0.0
2023-10-31 23:47:10,698 [WARN] PackLoader:240 - Cannot read IP mode file for STMicroelectronics.X-CUBE-BLEMGR.3.0.0
2023-10-31 23:47:10,708 [WARN] PackLoader:240 - Cannot read IP mode file for STMicroelectronics.FP-ATR-SIGFOX1.3.2.0
2023-10-31 23:47:10,749 [WARN] PackLoader:240 - Cannot read IP mode file for SEGGER.I-CUBE-embOS.1.3.1
2023-10-31 23:47:10,803 [WARN] PackLoader:240 - Cannot read IP mode file for STMicroelectronics.X-CUBE-GNSS1.6.0.0
2023-10-31 23:47:10,823 [WARN] PackLoader:240 - Cannot read IP mode file for STMicroelectronics.X-CUBE-AZRTOS-F4.1.1.0
2023-10-31 23:47:10,831 [WARN] PackLoader:240 - Cannot read IP mode file for wolfSSL.I-CUBE-wolfSSL.5.6.3
2023-10-31 23:47:10,854 [WARN] PackLoader:240 - Cannot read IP mode file for STMicroelectronics.X-CUBE-AZRTOS-L5.2.0.0
2023-10-31 23:47:10,905 [WARN] PackLoader:240 - Cannot read IP mode file for STMicroelectronics.X-CUBE-MEMS1.9.6.0
2023-10-31 23:47:11,071 [WARN] PackLoader:240 - Cannot read IP mode file for STMicroelectronics.X-CUBE-EEPRMA1.4.2.0
2023-10-31 23:47:11,083 [WARN] PackLoader:240 - Cannot read IP mode file for ITTIA_DB.I-CUBE-ITTIADB.8.8.0
2023-10-31 23:47:11,093 [WARN] PackLoader:240 - Cannot read IP mode file for STMicroelectronics.X-CUBE-BLEMGR.2.0.0
2023-10-31 23:47:11,115 [WARN] ConditionMgr:438 - getConditionDescription Invalid condition id : UX DEVICE CLASS RTOS Condition cause : null
2023-10-31 23:47:11,116 [WARN] ConditionMgr:438 - getConditionDescription Invalid condition id : UX DEVICE CLASS RTOS Condition cause : null
2023-10-31 23:47:11,120 [WARN] PackLoader:240 - Cannot read IP mode file for STMicroelectronics.X-CUBE-AZRTOS-H7.3.1.0
2023-10-31 23:47:11,122 [WARN] ConditionMgr:1039 - genDependencies : Invalid condition id : UX DEVICE CLASS RTOS Condition cause : null
2023-10-31 23:47:11,122 [WARN] ConditionMgr:1039 - genDependencies : Invalid condition id : UX DEVICE CLASS RTOS Condition cause : null
2023-10-31 23:47:11,124 [WARN] ConditionMgr:1039 - genDependencies : Invalid condition id : UX DEVICE CLASS RTOS Condition cause : null
2023-10-31 23:47:11,124 [WARN] ConditionMgr:1039 - genDependencies : Invalid condition id : UX DEVICE CLASS RTOS Condition cause : null
2023-10-31 23:47:11,124 [WARN] ConditionMgr:1039 - genDependencies : Invalid condition id : UX DEVICE CLASS RTOS Condition cause : null
2023-10-31 23:47:11,135 [WARN] PackLoader:240 - Cannot read IP mode file for STMicroelectronics.X-CUBE-NFC7.1.0.1
2023-10-31 23:47:11,145 [WARN] PackLoader:240 - Cannot read IP mode file for STMicroelectronics.X-CUBE-NFC6.3.0.0
2023-10-31 23:47:11,153 [WARN] PackLoader:240 - Cannot read IP mode file for STMicroelectronics.X-CUBE-EEPRMA1.4.1.0
2023-10-31 23:47:11,161 [WARN] PackLoader:240 - Cannot read IP mode file for STMicroelectronics.X-CUBE-AI.8.1.0
2023-10-31 23:47:11,183 [WARN] ConditionMgr:438 - getConditionDescription Invalid condition id : LAN8742 Phy interface Condition cause : null
2023-10-31 23:47:11,184 [WARN] PackLoader:240 - Cannot read IP mode file for STMicroelectronics.X-CUBE-AZRTOS-L4.2.0.0
2023-10-31 23:47:11,186 [WARN] ConditionMgr:1039 - genDependencies : Invalid condition id : LAN8742 Phy interface Condition cause : null
2023-10-31 23:47:11,186 [WARN] ConditionMgr:1039 - genDependencies : Invalid condition id : LAN8742 Phy interface Condition cause : null
2023-10-31 23:47:11,187 [WARN] ConditionMgr:1039 - genDependencies : Invalid condition id : LAN8742 Phy interface Condition cause : null
2023-10-31 23:47:11,199 [WARN] PackLoader:240 - Cannot read IP mode file for STMicroelectronics.X-CUBE-SFXS2LP1.4.0.0
2023-10-31 23:47:11,207 [WARN] PackLoader:240 - Cannot read IP mode file for STMicroelectronics.X-CUBE-ISPU.1.1.0
2023-10-31 23:47:11,224 [WARN] ConditionMgr:438 - getConditionDescription Invalid condition id : UX DEVICE CLASS RTOS Condition cause : null
2023-10-31 23:47:11,224 [WARN] ConditionMgr:438 - getConditionDescription Invalid condition id : UX DEVICE CLASS RTOS Condition cause : null
2023-10-31 23:47:11,227 [WARN] PackLoader:240 - Cannot read IP mode file for STMicroelectronics.X-CUBE-AZRTOS-WB.2.0.0
2023-10-31 23:47:11,228 [WARN] ConditionMgr:1039 - genDependencies : Invalid condition id : UX DEVICE CLASS RTOS Condition cause : null
2023-10-31 23:47:11,228 [WARN] ConditionMgr:1039 - genDependencies : Invalid condition id : UX DEVICE CLASS RTOS Condition cause : null
2023-10-31 23:47:11,228 [WARN] ConditionMgr:1039 - genDependencies : Invalid condition id : UX DEVICE CLASS RTOS Condition cause : null
2023-10-31 23:47:11,228 [WARN] ConditionMgr:1039 - genDependencies : Invalid condition id : UX DEVICE CLASS RTOS Condition cause : null
2023-10-31 23:47:11,228 [WARN] ConditionMgr:1039 - genDependencies : Invalid condition id : UX DEVICE CLASS RTOS Condition cause : null
2023-10-31 23:47:11,253 [WARN] PackLoader:240 - Cannot read IP mode file for STMicroelectronics.X-CUBE-SUBG2.5.0.0
2023-10-31 23:47:11,274 [WARN] PackLoader:240 - Cannot read IP mode file for STMicroelectronics.X-CUBE-TOF1.3.3.1
2023-10-31 23:47:11,300 [WARN] PackLoader:240 - Cannot read IP mode file for STMicroelectronics.X-CUBE-AZRTOS-G4.2.0.0
2023-10-31 23:47:11,320 [WARN] PackLoader:240 - Cannot read IP mode file for Infineon.AIROC-Wi-Fi-Bluetooth-STM32.1.5.1
2023-10-31 23:47:11,372 [WARN] PackLoader:240 - Cannot read IP mode file for STMicroelectronics.X-CUBE-MEMS1.10.0.0
2023-10-31 23:47:11,503 [WARN] PackLoader:240 - Cannot read IP mode file for STMicroelectronics.X-CUBE-FREERTOS.1.1.0
2023-10-31 23:47:11,514 [WARN] PackLoader:240 - Cannot read IP mode file for portGmbH.I-Cube-SoM-uGOAL.1.1.0
2023-10-31 23:47:11,520 [WARN] PackLoader:240 - Cannot read IP mode file for STMicroelectronics.X-CUBE-ALS.1.0.1
2023-10-31 23:47:11,526 [WARN] PackLoader:240 - Cannot read IP mode file for STMicroelectronics.FP-ATR-ASTRA1.2.0.0
2023-10-31 23:47:11,527 [INFO] ThirdParty:978 - Integrity check success = true
2023-10-31 23:47:11,528 [INFO] IntegrityCheckThread:100 - exiting critical section [integrity check]
2023-10-31 23:47:11,528 [INFO] IntegrityCheckThread:103 - End integrity checks thread
2023-10-31 23:47:11,724 [INFO] ApiDb:240 - Found 323 in-development CPN: [B-G473E-ZEST1S, B-WB1M-WPAN1, B-WL5M-SUBG1, NUCLEO-C031C6, NUCLEO-H503RB, NUCLEO-H563ZI, NUCLEO-U545RE-Q, NUCLEO-U5A5ZJ-Q, NUCLEO-WBA52CG, STEVAL-PROTEUS1, STEVAL-SMARTAG2, STEVAL-STWINBX1, STM320518-EVAL, STM32C0116-DK, STM32C011D6Y3TR, STM32C011D6Y6TR, STM32C011F4P3, STM32C011F4P6, STM32C011F4U3, STM32C011F4U6TR, STM32C011F6P3, STM32C011F6P6, STM32C011F6U3, STM32C011F6U6TR, STM32C011J4M3, STM32C011J4M6, STM32C011J6M3, STM32C011J6M6, STM32C0316-DK, STM32C031C4T3, STM32C031C4T6, STM32C031C4U3, STM32C031C4U6, STM32C031C6T3, STM32C031C6T6, STM32C031C6U3, STM32C031C6U6, STM32C031F4P3, STM32C031F4P6, STM32C031F6P3, STM32C031F6P6, STM32C031G4U3, STM32C031G4U6, STM32C031G6U3, STM32C031G6U6, STM32C031K4T3, STM32C031K4T6, STM32C031K4U3, STM32C031K4U6, STM32C031K6T3, STM32C031K6T6, STM32C031K6U3, STM32C031K6U6, STM32G071K8TXN, STM32G071K8UXN, STM32G081GBU6N, STM32G081KBT6N, STM32G081KBUXN, STM32G0B1CCT6N, STM32G0B1KCT6, STM32G0B1NEY6TR, STM32G0B1RCT6N, STM32G0C1CCT6, STM32G0C1CCT6N, STM32G0C1CCU6N, STM32G0C1CET6N, STM32G0C1CEU6N, STM32G0C1KCT6, STM32G0C1NEY6TR, STM32G0C1RCI6N, STM32G0C1RCT6N, STM32G0C1REI6N, STM32G0C1RET6N, STM32G0C1VCI6, STM32G0C1VEI6, STM32G471CCT6, STM32G471CCU6, STM32G471CET3, STM32G471CET6, STM32G471CEU3, STM32G471CEU6, STM32G471MCT6, STM32G471MET3, STM32G471MET6, STM32G471MEY6TR, STM32G471QCT6, STM32G471QET3, STM32G471RCT6, STM32G471RET3, STM32G471RET6, STM32G471VCH6, STM32G471VCI6, STM32G471VCT6, STM32G471VEH3, STM32G471VEH6, STM32G471VEI3, STM32G471VEI6, STM32G471VET3, STM32G471VET6, STM32G474CCT6, STM32H503CBT6, STM32H503CBU6, STM32H503EBY6TR, STM32H503KBU6, STM32H503RBT6, STM32H562AGI6, STM32H562AII6, STM32H562IGK6, STM32H562IGT6, STM32H562IIK6, STM32H562IIT6, STM32H562RGT6, STM32H562RGV6, STM32H562RIT6, STM32H562RIV6, STM32H562VGT6, STM32H562VIT6, STM32H562ZGT6, STM32H562ZIT6, STM32H563AGI6, STM32H563AII3Q, STM32H563AII6, STM32H563IGK6, STM32H563IGT6, STM32H563IIK3Q, STM32H563IIK6, STM32H563IIT3Q, STM32H563IIT6, STM32H563MIY3QTR, STM32H563RGT6, STM32H563RGV6, STM32H563RIT6, STM32H563RIV6, STM32H563VGT6, STM32H563VIT3Q, STM32H563VIT6, STM32H563ZGT6, STM32H563ZIT3Q, STM32H563ZIT6, STM32H573AII3Q, STM32H573AII6, STM32H573I-DK, STM32H573IIK3Q, STM32H573IIK6, STM32H573IIT3Q, STM32H573IIT6, STM32H573MIY3QTR, STM32H573RIT6, STM32H573RIV6, STM32H573VIT3Q, STM32H573VIT6, STM32H573ZIT3Q, STM32H573ZIT6, STM32L4R5QGI6STR, STM32MP131AAE3, STM32MP131AAF3, STM32MP131AAG3, STM32MP131CAE3, STM32MP131CAF3, STM32MP131CAG3, STM32MP131DAE7, STM32MP131DAF7, STM32MP131DAG7, STM32MP131FAE7, STM32MP131FAF7, STM32MP131FAG7, STM32MP133AAE3, STM32MP133AAF3, STM32MP133AAG3, STM32MP133CAE3, STM32MP133CAF3, STM32MP133CAG3, STM32MP133DAE7, STM32MP133DAF7, STM32MP133DAG7, STM32MP133FAE7, STM32MP133FAF7, STM32MP133FAG7, STM32MP135AAE3, STM32MP135AAF3, STM32MP135AAG3, STM32MP135CAE3, STM32MP135CAF3, STM32MP135CAG3, STM32MP135DAE7, STM32MP135DAF7, STM32MP135DAG7, STM32MP135F-DK, STM32MP135FAE7, STM32MP135FAF7, STM32MP135FAF7T, STM32MP135FAF7U, STM32MP135FAG7, STM32U535CBT6, STM32U535CBT6Q, STM32U535CBU6, STM32U535CBU6Q, STM32U535CCT6, STM32U535CCT6Q, STM32U535CCU6, STM32U535CCU6Q, STM32U535CET6, STM32U535CET6Q, STM32U535CEU6, STM32U535CEU6Q, STM32U535JEY6QTR, STM32U535NCY6QTR, STM32U535NEY6QTR, STM32U535RBI6, STM32U535RBI6Q, STM32U535RBT6, STM32U535RBT6Q, STM32U535RCI6, STM32U535RCI6Q, STM32U535RCT6, STM32U535RCT6Q, STM32U535REI6, STM32U535REI6Q, STM32U535RET6, STM32U535RET6Q, STM32U535VCI6, STM32U535VCI6Q, STM32U535VCT6, STM32U535VCT6Q, STM32U535VEI6, STM32U535VEI6Q, STM32U535VET6, STM32U535VET6Q, STM32U545CET6, STM32U545CET6Q, STM32U545CEU6, STM32U545CEU6Q, STM32U545JEY6QTR, STM32U545NEY6QTR, STM32U545REI6, STM32U545REI6Q, STM32U545RET6, STM32U545RET6Q, STM32U545VEI6, STM32U545VEI6Q, STM32U545VET6, STM32U545VET6Q, STM32U595AIH6, STM32U595AIH6Q, STM32U595AJH6, STM32U595AJH6Q, STM32U595QII6, STM32U595QII6Q, STM32U595QJI6, STM32U595QJI6Q, STM32U595RIT6, STM32U595RIT6Q, STM32U595RJT6, STM32U595RJT6Q, STM32U595VIT6, STM32U595VIT6Q, STM32U595VJT6, STM32U595VJT6Q, STM32U595ZIT6, STM32U595ZIT6Q, STM32U595ZIY6QTR, STM32U595ZJT6, STM32U595ZJT6Q, STM32U595ZJY6QTR, STM32U599BJY6QTR, STM32U599NIH6Q, STM32U599NJH6Q, STM32U599VIT6Q, STM32U599VJT6, STM32U599VJT6Q, STM32U599ZIT6Q, STM32U599ZIY6QTR, STM32U599ZJT6Q, STM32U599ZJY6QTR, STM32U5A5AJH6, STM32U5A5AJH6Q, STM32U5A5QJI6, STM32U5A5QJI6Q, STM32U5A5RJT6, STM32U5A5RJT6Q, STM32U5A5VJT6, STM32U5A5VJT6Q, STM32U5A5ZJT6, STM32U5A5ZJT6Q, STM32U5A5ZJY6QTR, STM32U5A9BJY6QTR, STM32U5A9J-DK, STM32U5A9NJH6Q, STM32U5A9VJT6Q, STM32U5A9ZJT6Q, STM32U5A9ZJY6QTR, STM32U5F7VIT6, STM32U5F7VIT6Q, STM32U5F7VJT6, STM32U5F7VJT6Q, STM32U5F9BJY6QTR, STM32U5F9NJH6Q, STM32U5F9VIT6Q, STM32U5F9VJT6Q, STM32U5F9ZIJ6QTR, STM32U5F9ZIT6Q, STM32U5F9ZJJ6QTR, STM32U5F9ZJT6Q, STM32U5G7VJT6, STM32U5G7VJT6Q, STM32U5G9BJY6QTR, STM32U5G9J-DK1, STM32U5G9J-DK2, STM32U5G9NJH6Q, STM32U5G9VJT6Q, STM32U5G9ZJJ6QTR, STM32U5G9ZJT6Q, STM32WB1MMCH6, STM32WBA52CEU6, STM32WBA52CEU6T, STM32WBA52CGU6, STM32WBA52CGU6T, STM32WBA52KEU6, STM32WBA52KEU6T, STM32WBA52KGU6, STM32WBA52KGU6T, STM32WL5MOCH6, STM32WL5MOCH6TR]
2023-10-31 23:47:11,731 [INFO] DbMcus:217 - Found 3848 MCUs, 3848 are supported
2023-10-31 23:47:11,733 [INFO] ApiDb:423 - Load user favorites file C:\Users\bcc35/.stm32cubeide/favorites.mcus.txt: 0 item(s)
2023-10-31 23:47:11,734 [INFO] ApiDb:427 - User favorites MCUs=[]
2023-10-31 23:47:11,734 [INFO] DbMcus:223 - Set 0 / 0 favorites MCUs
2023-10-31 23:47:11,927 [INFO] ApiDb:423 - Load user favorites file C:\Users\bcc35/.stm32cubeide/favorites.boards.txt: 0 item(s)
2023-10-31 23:47:11,927 [INFO] ApiDb:427 - User favorites Boards=[]
2023-10-31 23:47:11,927 [INFO] DbBoards:190 - Set 0 / 0 favorites Boards
2023-10-31 23:47:11,928 [INFO] McuFinderGlobals:76 - Set McuFinderConnectedMode to true
2023-10-31 23:47:11,937 [INFO] MultiScanPanel:200 - Auto-refresh data requested => check proxy status ongoing
2023-10-31 23:47:11,939 [INFO] FinderPluginLoader:95 - Searching for filters in installed packs
2023-10-31 23:47:13,145 [INFO] LoadUrlFilesThread:185 - End of LoadServerUrlFiles without Thread
2023-10-31 23:47:13,149 [INFO] DetailPanel:341 - Set advertising image to C:/Users/bcc35/STM32Cube/Repository/\en.prom-stm32h5-mcu-finder.jpg
2023-10-31 23:47:16,410 [INFO] McuFinderGlobals:76 - Set McuFinderConnectedMode to true
2023-10-31 23:47:16,775 [INFO] ApiDb:448 - Save user favorites file C:\Users\bcc35/.stm32cubeide/favorites.mcus.txt: 0 item(s)
2023-10-31 23:47:16,775 [INFO] ApiDb:452 - User favorites MCUs=[]
2023-10-31 23:47:18,092 [INFO] McuFinderGlobals:63 - Set McuFinder mode to 2 (CubeIDE integrated)
2023-10-31 23:47:18,092 [INFO] UserAuth:179 - activating auth plugin
2023-10-31 23:47:18,093 [INFO] UserAuth:393 - Internet connection configuration mode: 1
2023-10-31 23:47:30,608 [ERROR] LogOutputStream:75 - [STDERR_REDIRECT] SLF4J: Failed to load class "org.slf4j.impl.StaticLoggerBinder".
2023-10-31 23:47:30,608 [ERROR] LogOutputStream:75 - [STDERR_REDIRECT] SLF4J: Defaulting to no-operation (NOP) logger implementation
2023-10-31 23:47:30,610 [ERROR] LogOutputStream:75 - [STDERR_REDIRECT] SLF4J: See http://www.slf4j.org/codes.html#StaticLoggerBinder for further details.
2023-10-31 23:47:46,541 [INFO] WebApp:586 - userauth.ini created with success
2023-10-31 23:47:48,513 [INFO] MainUpdater:2868 - connection check result : 10
2023-10-31 23:47:48,638 [INFO] McuFinderGlobals:76 - Set McuFinderConnectedMode to true
2023-10-31 23:47:48,640 [INFO] MultiScanPanel:200 - Auto-refresh data requested => check proxy status ongoing
2023-10-31 23:47:48,641 [INFO] FinderPluginLoader:95 - Searching for filters in installed packs
2023-10-31 23:47:49,350 [INFO] LoadUrlFilesThread:185 - End of LoadServerUrlFiles without Thread
2023-10-31 23:47:49,351 [INFO] DetailPanel:341 - Set advertising image to C:/Users/bcc35/STM32Cube/Repository/\en.prom-stm32h5-mcu-finder.jpg
2023-10-31 23:47:52,371 [INFO] MultiScanPanel:200 - Auto-refresh data requested => check proxy status ongoing
2023-10-31 23:47:52,479 [INFO] LoadUrlFilesThread:185 - End of LoadServerUrlFiles without Thread
2023-10-31 23:47:52,480 [INFO] DetailPanel:341 - Set advertising image to C:/Users/bcc35/STM32Cube/Repository/\en.prom-stm32h5-mcu-finder.jpg
2023-10-31 23:47:52,490 [INFO] DbBoards:634 - Loading board mini-images...
2023-10-31 23:47:54,087 [INFO] DbBoards:657 - Loaded 190 board mini-images
2023-10-31 23:48:54,438 [INFO] MainUpdater:2868 - connection check result : 10
2023-10-31 23:48:54,439 [INFO] MainUpdater:2868 - connection check result : 10
2023-10-31 23:48:54,456 [INFO] MicroXplorer:468 - Change Database Path : 
2023-10-31 23:48:54,456 [INFO] MicroXplorer:498 - Change Database Version : DB.6.0.92
2023-10-31 23:48:54,459 [WARN] ThirdParty:871 - waiting for thirdparty lock release [close project]
2023-10-31 23:48:54,460 [INFO] ThirdParty:873 - entering critical section [close project]
2023-10-31 23:48:54,460 [INFO] ThirdParty:883 - exiting critical section [close project]
2023-10-31 23:48:54,462 [INFO] PinOutPanel:1499 - setPackage(No Configuration,No Configuration)
2023-10-31 23:48:54,470 [INFO] UtilMem:75 - Begin LoadConfig() Used Memory: 773250904 Bytes (1073741824)
2023-10-31 23:48:54,473 [INFO] OpenFileManager:308 - Change cursor
2023-10-31 23:48:54,496 [INFO] ProjectFactory:402 - No CPN specified for board NUCLEO-G474RE => set CPN to STM32G474RET6
2023-10-31 23:48:54,499 [INFO] Mcu:1946 - Initializing MCU STM32G474R(B-C-E)Tx STM32G474RETx STM32G474RET6
2023-10-31 23:48:58,609 [INFO] Context:659 - Trying to add GPIOservice into a context  which must be forbidden
2023-10-31 23:48:59,972 [INFO] Rule:228 - rule 117617 - U5Cobra4M][GTZC] default value MPCBB3 and MPCBB5 - Not Secured memory - MPCBB1 is applicable
2023-10-31 23:48:59,973 [INFO] Rule:228 - rule 117617 - U5Cobra4M][GTZC] default value MPCBB3 and MPCBB5 - Not Secured memory - MPCBB1 is applicable
2023-10-31 23:48:59,973 [INFO] Rule:228 - rule 117617 - U5Cobra4M][GTZC] default value MPCBB3 and MPCBB5 - Not Secured memory - MPCBB2 is applicable
2023-10-31 23:48:59,973 [INFO] Rule:228 - rule 117617 - U5Cobra4M][GTZC] default value MPCBB3 and MPCBB5 - Not Secured memory - MPCBB2 is applicable
2023-10-31 23:48:59,973 [INFO] Rule:228 - rule 117617 - U5Cobra4M][GTZC] default value MPCBB3 and MPCBB5 - Not Secured memory - MPCBB3 is applicable
2023-10-31 23:48:59,973 [INFO] Rule:228 - rule 117617 - U5Cobra4M][GTZC] default value MPCBB3 and MPCBB5 - Not Secured memory - MPCBB3 is applicable
2023-10-31 23:48:59,973 [INFO] Rule:228 - rule 117617 - U5Cobra4M][GTZC] default value MPCBB3 and MPCBB5 - Not Secured memory - MPCBB4 is applicable
2023-10-31 23:48:59,973 [INFO] Rule:228 - rule 117617 - U5Cobra4M][GTZC] default value MPCBB3 and MPCBB5 - Not Secured memory - MPCBB4 is applicable
2023-10-31 23:48:59,973 [INFO] Rule:228 - rule 117617 - U5Cobra4M][GTZC] default value MPCBB3 and MPCBB5 - Secured memory - MPCBB1 is applicable
2023-10-31 23:48:59,973 [INFO] Rule:228 - rule 117617 - U5Cobra4M][GTZC] default value MPCBB3 and MPCBB5 - Secured memory - MPCBB2 is applicable
2023-10-31 23:48:59,973 [INFO] Rule:228 - rule 117617 - U5Cobra4M][GTZC] default value MPCBB3 and MPCBB5 - Secured memory - MPCBB3 is applicable
2023-10-31 23:48:59,973 [INFO] Rule:228 - rule 117617 - U5Cobra4M][GTZC] default value MPCBB3 and MPCBB5 - Secured memory - MPCBB4 is applicable
2023-10-31 23:48:59,973 [INFO] Rule:228 - rule 117617 - U5Cobra4M][GTZC] default value MPCBB3 and MPCBB5 - Privileged memory - MPCBB1 is applicable
2023-10-31 23:48:59,973 [INFO] Rule:228 - rule 117617 - U5Cobra4M][GTZC] default value MPCBB3 and MPCBB5 - Privileged memory - MPCBB2 is applicable
2023-10-31 23:48:59,973 [INFO] Rule:228 - rule 117617 - U5Cobra4M][GTZC] default value MPCBB3 and MPCBB5 - Privileged memory - MPCBB3 is applicable
2023-10-31 23:48:59,973 [INFO] Rule:228 - rule 117617 - U5Cobra4M][GTZC] default value MPCBB3 and MPCBB5 - Privileged memory - MPCBB4 is applicable
2023-10-31 23:48:59,973 [INFO] Rule:228 - rule 117617 - U5Cobra4M][GTZC] default value MPCBB3 and MPCBB5 - Not Privileged memory - MPCBB1 is applicable
2023-10-31 23:48:59,973 [INFO] Rule:228 - rule 117617 - U5Cobra4M][GTZC] default value MPCBB3 and MPCBB5 - Not Privileged memory - MPCBB2 is applicable
2023-10-31 23:48:59,973 [INFO] Rule:228 - rule 117617 - U5Cobra4M][GTZC] default value MPCBB3 and MPCBB5 - Not Privileged memory - MPCBB3 is applicable
2023-10-31 23:48:59,974 [INFO] Rule:228 - rule 117617 - U5Cobra4M][GTZC] default value MPCBB3 and MPCBB5 - Not Privileged memory - MPCBB4 is applicable
2023-10-31 23:48:59,974 [INFO] Rule:228 - rule 117617 - U5Cobra4M][GTZC] default value MPCBB3 and MPCBB5 - Privileged memory - MPCBB1 is applicable
2023-10-31 23:48:59,974 [INFO] Rule:228 - rule 117617 - U5Cobra4M][GTZC] default value MPCBB3 and MPCBB5 - Privileged memory - MPCBB2 is applicable
2023-10-31 23:48:59,974 [INFO] Rule:228 - rule 117617 - U5Cobra4M][GTZC] default value MPCBB3 and MPCBB5 - Privileged memory - MPCBB3 is applicable
2023-10-31 23:48:59,974 [INFO] Rule:228 - rule 117617 - U5Cobra4M][GTZC] default value MPCBB3 and MPCBB5 - Privileged memory - MPCBB4 is applicable
2023-10-31 23:48:59,974 [INFO] Rule:228 - rule 117617 - U5Cobra4M][GTZC] default value MPCBB3 and MPCBB5 - Privileged memory - MPCBB1 is applicable
2023-10-31 23:48:59,974 [INFO] Rule:228 - rule 117617 - U5Cobra4M][GTZC] default value MPCBB3 and MPCBB5 - Privileged memory - MPCBB2 is applicable
2023-10-31 23:48:59,974 [INFO] Rule:228 - rule 117617 - U5Cobra4M][GTZC] default value MPCBB3 and MPCBB5 - Privileged memory - MPCBB3 is applicable
2023-10-31 23:48:59,974 [INFO] Rule:228 - rule 117617 - U5Cobra4M][GTZC] default value MPCBB3 and MPCBB5 - Privileged memory - MPCBB4 is applicable
2023-10-31 23:48:59,974 [INFO] Rule:228 - rule 117617 - U5Cobra4M][GTZC] default value MPCBB3 and MPCBB5 - Not Privileged memory - MPCBB1 is applicable
2023-10-31 23:48:59,974 [INFO] Rule:228 - rule 117617 - U5Cobra4M][GTZC] default value MPCBB3 and MPCBB5 - Not Privileged memory - MPCBB2 is applicable
2023-10-31 23:48:59,974 [INFO] Rule:228 - rule 117617 - U5Cobra4M][GTZC] default value MPCBB3 and MPCBB5 - Not Privileged memory - MPCBB3 is applicable
2023-10-31 23:48:59,974 [INFO] Rule:228 - rule 117617 - U5Cobra4M][GTZC] default value MPCBB3 and MPCBB5 - Not Privileged memory - MPCBB4 is applicable
2023-10-31 23:48:59,974 [INFO] Rule:228 - rule 117617 - U5Cobra4M][GTZC] default value MPCBB3 and MPCBB5 - Privileged memory - MPCBB1 is applicable
2023-10-31 23:48:59,974 [INFO] Rule:228 - rule 117617 - U5Cobra4M][GTZC] default value MPCBB3 and MPCBB5 - Privileged memory - MPCBB2 is applicable
2023-10-31 23:48:59,974 [INFO] Rule:228 - rule 117617 - U5Cobra4M][GTZC] default value MPCBB3 and MPCBB5 - Privileged memory - MPCBB3 is applicable
2023-10-31 23:48:59,974 [INFO] Rule:228 - rule 117617 - U5Cobra4M][GTZC] default value MPCBB3 and MPCBB5 - Privileged memory - MPCBB4 is applicable
2023-10-31 23:48:59,974 [INFO] Rule:228 - rule Rename SubGHz_Phy SUBGHZ_APPLICATION SUBGHZ_PINGPONG to SUBGHZ_ADV_APPLICATION is applicable
2023-10-31 23:48:59,974 [INFO] Rule:228 - rule Rename Enabled to IBEACON is applicable
2023-10-31 23:48:59,974 [INFO] Rule:228 - rule GTZC_S instance for project manager is applicable
2023-10-31 23:48:59,974 [INFO] Rule:228 - rule GTZC_S instance for context M33S is applicable
2023-10-31 23:48:59,974 [INFO] Rule:228 - rule GTZC_S instance value for IP GTZC is applicable
2023-10-31 23:48:59,974 [INFO] Rule:228 - rule GTZC_S instance for mcu.IP is applicable
2023-10-31 23:48:59,974 [INFO] Rule:228 - rule GTZC_S instance for VP is applicable
2023-10-31 23:48:59,974 [INFO] Rule:228 - rule GTZC_S instance for signal is applicable
2023-10-31 23:48:59,974 [INFO] Rule:228 - rule GTZC_S instance for mcu.Pin is applicable
2023-10-31 23:48:59,974 [INFO] Rule:228 - rule GTZC_S instance for VP is applicable
2023-10-31 23:48:59,975 [INFO] Rule:228 - rule GTZC_S instance for signal is applicable
2023-10-31 23:48:59,975 [INFO] Rule:228 - rule GTZC_S instance for mcu is applicable
2023-10-31 23:48:59,975 [INFO] Rule:228 - rule GTZC_S instance for mcu.Pin is applicable
2023-10-31 23:48:59,975 [INFO] Rule:228 - rule GTZC_S instance value for IP GTZC is applicable
2023-10-31 23:48:59,975 [INFO] Rule:228 - rule GTZC_S instance for project manager is applicable
2023-10-31 23:48:59,975 [INFO] Rule:228 - rule GTZC_S instance for context M33S is applicable
2023-10-31 23:48:59,975 [INFO] Rule:228 - rule GTZC_S instance for VP is applicable
2023-10-31 23:48:59,975 [INFO] Rule:228 - rule GTZC_S instance for signal is applicable
2023-10-31 23:48:59,975 [INFO] Rule:228 - rule WakeUp0 Mode is applicable
2023-10-31 23:48:59,975 [INFO] Rule:228 - rule WakeUp0 SIGNAL is applicable
2023-10-31 23:48:59,975 [INFO] Rule:228 - rule WakeUp1 Mode is applicable
2023-10-31 23:48:59,975 [INFO] Rule:228 - rule WakeUp1 SIGNAL is applicable
2023-10-31 23:48:59,975 [INFO] Rule:228 - rule WakeUp2 Mode is applicable
2023-10-31 23:48:59,976 [INFO] Rule:228 - rule WakeUp2 SIGNAL is applicable
2023-10-31 23:48:59,976 [INFO] Rule:228 - rule WakeUp4 Mode is applicable
2023-10-31 23:48:59,976 [INFO] Rule:228 - rule WakeUp4 SIGNAL is applicable
2023-10-31 23:48:59,976 [INFO] Rule:228 - rule WakeUp5 Mode is applicable
2023-10-31 23:48:59,976 [INFO] Rule:228 - rule WakeUp5 SIGNAL is applicable
2023-10-31 23:48:59,976 [INFO] Rule:228 - rule Change Default Value for LSE Drive Capability for WB family is applicable
2023-10-31 23:48:59,976 [INFO] Rule:228 - rule Change Default Value for ADC Clock Prescaler G0 family is applicable
2023-10-31 23:48:59,977 [INFO] Rule:228 - rule Change USART1CLockSelection refparam name for MP1 is applicable
2023-10-31 23:48:59,977 [INFO] Rule:228 - rule Change USART2CLockSelection refparam name for MP1 is applicable
2023-10-31 23:48:59,977 [INFO] Rule:228 - rule Change USART3CLockSelection refparam name for MP1 is applicable
2023-10-31 23:48:59,977 [INFO] Rule:228 - rule Change UART4CLockSelection refparam name for MP1 is applicable
2023-10-31 23:48:59,977 [INFO] Rule:228 - rule Change UART5CLockSelection refparam name for MP1 is applicable
2023-10-31 23:48:59,977 [INFO] Rule:228 - rule Change LPUART1CLockSelection refparam name for MP1 is applicable
2023-10-31 23:48:59,977 [INFO] Rule:228 - rule Change LPTIM1CLockSelection refparam name for MP1 is applicable
2023-10-31 23:48:59,977 [INFO] Rule:228 - rule Change LPTIM2CLockSelection refparam name for MP1 is applicable
2023-10-31 23:48:59,977 [INFO] Rule:228 - rule Change RCC_MCO1Source refparam name for MP1 is applicable
2023-10-31 23:48:59,977 [INFO] Rule:228 - rule Change LSCOSource1 refparam name for MP1 is applicable
2023-10-31 23:48:59,977 [INFO] Rule:228 - rule Change SMPSCLockSelection refparam name for MP1 is applicable
2023-10-31 23:48:59,977 [INFO] Rule:228 - rule Change LPTIM3CLockSelection refparam name for MP1 is applicable
2023-10-31 23:48:59,977 [INFO] Rule:228 - rule Change MPCBB* Default Template Mode to Parameters is applicable
2023-10-31 23:48:59,977 [INFO] Rule:228 - rule Change MPCWM* or MPCBB* Secure Mode to Parameters is applicable
2023-10-31 23:48:59,977 [INFO] Rule:228 - rule Change MPCWM* or MPCBB* No Secure Mode to Parameters is applicable
2023-10-31 23:48:59,977 [INFO] Rule:228 - rule Change TZSC IP Secure Mode to Parameters is applicable
2023-10-31 23:48:59,977 [INFO] Rule:228 - rule Change TZSC IP No Secure Mode to Parameters is applicable
2023-10-31 23:48:59,977 [INFO] Rule:228 - rule Change TZSC IP Privilege Mode to Parameters is applicable
2023-10-31 23:48:59,978 [INFO] Rule:228 - rule Change TZSC IP No Privilege Mode to Parameters is applicable
2023-10-31 23:48:59,978 [INFO] Rule:228 - rule Change TZIC IT Secure Mode to Parameters is applicable
2023-10-31 23:48:59,978 [INFO] Rule:228 - rule Change TZIC IT No Secure Mode to Parameters is applicable
2023-10-31 23:48:59,978 [INFO] Rule:228 - rule Add MPCBB1_NonSecureArea_Start_Address value with referenced to MPCBB1_NonSecureArea_Start value is applicable
2023-10-31 23:48:59,978 [INFO] Rule:228 - rule Add MPCBB2_NonSecureArea_Start_Address value with referenced to MPCBB2_NonSecureArea_Start value is applicable
2023-10-31 23:48:59,978 [INFO] Rule:228 - rule Add MPCWM1_NonSecureArea*_Start_Address value with referenced to MPCWM1_NonSecureArea*_Start value is applicable
2023-10-31 23:48:59,978 [INFO] Rule:228 - rule Add MPCWM2_NonSecureArea*_Start_Address value with referenced to MPCWM2_NonSecureArea*_Start value is applicable
2023-10-31 23:48:59,978 [INFO] Rule:228 - rule Add MPCWM3_NonSecureArea_Start_Address value with referenced to MPCWM3_NonSecureArea_Start value is applicable
2023-10-31 23:48:59,978 [INFO] Rule:228 - rule Change Default Value for PLL1UserDefinedConfig is applicable
2023-10-31 23:48:59,978 [INFO] Rule:228 - rule OPAMP is applicable
2023-10-31 23:48:59,978 [INFO] Rule:228 - rule LPUART IPParameter rename Prescaler parameter to ClockPrescaler for STM32H7 is applicable
2023-10-31 23:48:59,978 [INFO] Rule:228 - rule LPUART IPParameter rename Prescaler parameter to ClockPrescaler for STM32H7 is applicable
2023-10-31 23:48:59,978 [INFO] Rule:228 - rule LPUART IPParameter rename Prescaler parameter to ClockPrescaler for STM32WB is applicable
2023-10-31 23:48:59,978 [INFO] Rule:228 - rule LPUART IPParameter rename Prescaler parameter to ClockPrescaler for STM32WB is applicable
2023-10-31 23:48:59,978 [INFO] Rule:228 - rule LPUART IPParameter rename Prescaler parameter to ClockPrescaler for STM32G4 is applicable
2023-10-31 23:48:59,978 [INFO] Rule:228 - rule LPUART IPParameter rename Prescaler parameter to ClockPrescaler for STM32G4 is applicable
2023-10-31 23:48:59,978 [INFO] Rule:228 - rule LPUART IPParameter rename Prescaler parameter to ClockPrescaler for STM32L5 is applicable
2023-10-31 23:48:59,978 [INFO] Rule:228 - rule LPUART IPParameter rename Prescaler parameter to ClockPrescaler for STM32L5 is applicable
2023-10-31 23:48:59,978 [INFO] Rule:228 - rule LPUART IPParameter rename Prescaler parameter to ClockPrescaler for STM32G4 is applicable
2023-10-31 23:48:59,978 [INFO] Rule:228 - rule LPUART IPParameter rename Prescaler parameter to ClockPrescaler for STM32G4 is applicable
2023-10-31 23:48:59,978 [INFO] Rule:228 - rule USB device lib V2.5.3 for L0 rename USBD_SUPPORT_USER_STRING parameter to USBD_SUPPORT_USER_STRING_DESC4 is applicable
2023-10-31 23:48:59,978 [INFO] Rule:228 - rule I2SCLockSelection clock entry align is applicable
2023-10-31 23:48:59,978 [INFO] Rule:228 - rule Assign TIMx context if used as SYS timebase is applicable
2023-10-31 23:48:59,979 [INFO] Rule:228 - rule Change GPIO_Pu Default Value for I2C is applicable
2023-10-31 23:48:59,979 [INFO] Rule:228 - rule Change GPIO_Pu Default Value for SMBus is applicable
2023-10-31 23:48:59,979 [INFO] Rule:228 - rule change FDCAN default value is applicable
2023-10-31 23:48:59,982 [INFO] DbConfProperties:307 - Apply Compatibility (7/110 Rules)
2023-10-31 23:49:00,226 [INFO] RtosManager:555 - Registered RTOS mode: class=CMSIS, group=RTOS, mode=CMSIS_V1, owner=FREERTOS
2023-10-31 23:49:00,226 [INFO] RtosManager:555 - Registered RTOS mode: class=CMSIS, group=RTOS2, mode=CMSIS_V2, owner=FREERTOS
2023-10-31 23:49:00,226 [INFO] RtosManager:555 - Registered RTOS mode: class=RTOS, group=Core, mode=CMSIS_V1, owner=FREERTOS
2023-10-31 23:49:00,226 [INFO] RtosManager:555 - Registered RTOS mode: class=RTOS, group=Core, mode=CMSIS_V2, owner=FREERTOS
2023-10-31 23:49:00,227 [WARN] ModelIntegratedComponent:184 - Missing modes for component STMicroelectronics:FreeRTOS:0.0.1:STMicroelectronics:RTOS:FreeRTOS:Core:::10.2.0:
2023-10-31 23:49:00,246 [WARN] ModelIntegratedComponent:63 - No mode defined for component null
2023-10-31 23:49:00,246 [WARN] ModelIntegratedComponent:63 - No mode defined for component null
2023-10-31 23:49:00,246 [WARN] ModelIntegratedComponent:63 - No mode defined for component null
2023-10-31 23:49:00,246 [WARN] ModelIntegratedComponent:63 - No mode defined for component null
2023-10-31 23:49:00,247 [WARN] ModelIntegratedComponent:63 - No mode defined for component null
2023-10-31 23:49:00,247 [WARN] ModelIntegratedComponent:63 - No mode defined for component null
2023-10-31 23:49:00,247 [WARN] ModelIntegratedComponent:63 - No mode defined for component null
2023-10-31 23:49:00,247 [WARN] ModelIntegratedComponent:63 - No mode defined for component null
2023-10-31 23:49:00,247 [WARN] ModelIntegratedComponent:63 - No mode defined for component null
2023-10-31 23:49:00,247 [WARN] ModelIntegratedComponent:63 - No mode defined for component null
2023-10-31 23:49:00,247 [WARN] ModelIntegratedComponent:63 - No mode defined for component null
2023-10-31 23:49:00,247 [WARN] ModelIntegratedComponent:63 - No mode defined for component null
2023-10-31 23:49:00,247 [WARN] ModelIntegratedComponent:63 - No mode defined for component null
2023-10-31 23:49:00,247 [WARN] ModelIntegratedComponent:63 - No mode defined for component null
2023-10-31 23:49:00,247 [WARN] ModelIntegratedComponent:63 - No mode defined for component null
2023-10-31 23:49:00,247 [WARN] ModelIntegratedComponent:63 - No mode defined for component null
2023-10-31 23:49:00,247 [WARN] ModelIntegratedComponent:63 - No mode defined for component null
2023-10-31 23:49:00,247 [WARN] ModelIntegratedComponent:63 - No mode defined for component null
2023-10-31 23:49:00,247 [WARN] ModelIntegratedComponent:63 - No mode defined for component null
2023-10-31 23:49:00,247 [WARN] ModelIntegratedComponent:63 - No mode defined for component null
2023-10-31 23:49:00,247 [WARN] ModelIntegratedComponent:63 - No mode defined for component null
2023-10-31 23:49:00,247 [WARN] ModelIntegratedComponent:63 - No mode defined for component null
2023-10-31 23:49:00,247 [WARN] ModelIntegratedComponent:63 - No mode defined for component null
2023-10-31 23:49:00,247 [WARN] ModelIntegratedComponent:63 - No mode defined for component null
2023-10-31 23:49:00,248 [WARN] ModelIntegratedComponent:63 - No mode defined for component null
2023-10-31 23:49:00,248 [WARN] ModelIntegratedComponent:63 - No mode defined for component null
2023-10-31 23:49:00,248 [WARN] ModelIntegratedComponent:63 - No mode defined for component null
2023-10-31 23:49:00,248 [WARN] ModelIntegratedComponent:63 - No mode defined for component null
2023-10-31 23:49:00,248 [WARN] ModelIntegratedComponent:63 - No mode defined for component null
2023-10-31 23:49:00,248 [WARN] ModelIntegratedComponent:63 - No mode defined for component null
2023-10-31 23:49:00,248 [WARN] ModelIntegratedComponent:63 - No mode defined for component null
2023-10-31 23:49:00,248 [WARN] ModelIntegratedComponent:63 - No mode defined for component null
2023-10-31 23:49:00,248 [WARN] ModelIntegratedComponent:63 - No mode defined for component null
2023-10-31 23:49:00,350 [INFO] ThirdPartyModel:298 - Start build external matchings
2023-10-31 23:49:00,753 [INFO] ThirdPartyModel:316 - End build external matchings
2023-10-31 23:49:00,769 [INFO] ImportTextPane:194 - (OptionalMessage_ERROR) IP (RCC) : Invalid parameter (FamilyName)
2023-10-31 23:49:00,770 [INFO] ImportTextPane:194 - (OptionalMessage_ERROR) IP (RCC) : Parameter (RNGFreq_Value) has invalid value (170000000)
2023-10-31 23:49:00,770 [INFO] ImportTextPane:194 - (OptionalMessage_ERROR) IP (RCC) : Parameter (USBFreq_Value) has invalid value (170000000)
2023-10-31 23:49:01,219 [INFO] UtilMem:75 - End LoadConfig() Used Memory: 921169904 Bytes (1073741824)
2023-10-31 23:49:01,309 [WARN] ThirdParty:833 - waiting for thirdparty lock release [change project]
2023-10-31 23:49:01,310 [INFO] ThirdParty:835 - entering critical section [change project]
2023-10-31 23:49:01,310 [INFO] ThirdParty:1030 - CMSIS Pack Vendor :STMicroelectronics X-CUBE-ISPU 1.1.0
2023-10-31 23:49:01,310 [INFO] ThirdParty:1030 - CMSIS Pack Vendor :STMicroelectronics USBPD 4.1
2023-10-31 23:49:01,310 [INFO] ThirdParty:1030 - CMSIS Pack Vendor :STMicroelectronics X-CUBE-GNSS1 6.0.0
2023-10-31 23:49:01,310 [INFO] ThirdParty:1030 - CMSIS Pack Vendor :STMicroelectronics USB_HOST 2.0.0
2023-10-31 23:49:01,310 [INFO] ThirdParty:1030 - CMSIS Pack Vendor :STMicroelectronics X-CUBE-AZRTOS-F4 1.1.0
2023-10-31 23:49:01,310 [INFO] ThirdParty:1030 - CMSIS Pack Vendor :STMicroelectronics LIBJPEG 8.0.0
2023-10-31 23:49:01,310 [INFO] ThirdParty:1030 - CMSIS Pack Vendor :wolfSSL I-CUBE-wolfSSL 5.6.3
2023-10-31 23:49:01,310 [INFO] ThirdParty:1030 - CMSIS Pack Vendor :STMicroelectronics X-CUBE-SMBUS 2.1.0
2023-10-31 23:49:01,310 [INFO] ThirdParty:1030 - CMSIS Pack Vendor :STMicroelectronics USB_DEVICE 3.0.0
2023-10-31 23:49:01,310 [INFO] ThirdParty:1030 - CMSIS Pack Vendor :STMicroelectronics X-CUBE-AZRTOS-WB 2.0.0
2023-10-31 23:49:01,310 [INFO] ThirdParty:1030 - CMSIS Pack Vendor :STMicroelectronics X-CUBE-AZRTOS-F7 1.1.0
2023-10-31 23:49:01,310 [INFO] ThirdParty:1030 - CMSIS Pack Vendor :STMicroelectronics X-CUBE-AZRTOS-L5 2.0.0
2023-10-31 23:49:01,310 [INFO] ThirdParty:1030 - CMSIS Pack Vendor :STMicroelectronics USB_DEVICE 2.0.0
2023-10-31 23:49:01,310 [INFO] ThirdParty:1030 - CMSIS Pack Vendor :STMicroelectronics X-CUBE-MEMS1 9.6.0
2023-10-31 23:49:01,310 [INFO] ThirdParty:1030 - CMSIS Pack Vendor :STMicroelectronics X-CUBE-EEPRMA1 4.2.0
2023-10-31 23:49:01,310 [INFO] ThirdParty:1030 - CMSIS Pack Vendor :ITTIA_DB I-CUBE-ITTIADB 8.8.0
2023-10-31 23:49:01,310 [INFO] ThirdParty:1030 - CMSIS Pack Vendor :STMicroelectronics FP-SNS-MOTENV1 4.3.2
2023-10-31 23:49:01,310 [INFO] ThirdParty:1030 - CMSIS Pack Vendor :STMicroelectronics X-CUBE-ALGOBUILD 1.3.0
2023-10-31 23:49:01,310 [INFO] ThirdParty:1030 - CMSIS Pack Vendor :STMicroelectronics FreeRTOS 0.0.1
2023-10-31 23:49:01,310 [INFO] ThirdParty:1030 - CMSIS Pack Vendor :STMicroelectronics X-CUBE-AZRTOS-G0 1.1.0
2023-10-31 23:49:01,310 [INFO] ThirdParty:1030 - CMSIS Pack Vendor :STMicroelectronics X-CUBE-BLEMGR 2.0.0
2023-10-31 23:49:01,310 [INFO] ThirdParty:1030 - CMSIS Pack Vendor :STMicroelectronics X-CUBE-NFC4 3.0.0
2023-10-31 23:49:01,310 [INFO] ThirdParty:1030 - CMSIS Pack Vendor :STMicroelectronics X-CUBE-SUBG2 5.0.0
2023-10-31 23:49:01,310 [INFO] ThirdParty:1030 - CMSIS Pack Vendor :STMicroelectronics STM32_WPAN 1.0.0
2023-10-31 23:49:01,310 [INFO] ThirdParty:1030 - CMSIS Pack Vendor :STMicroelectronics lwIP 2.0.3
2023-10-31 23:49:01,310 [INFO] ThirdParty:1030 - CMSIS Pack Vendor :STMicroelectronics FP-SNS-FLIGHT1 5.0.2
2023-10-31 23:49:01,310 [INFO] ThirdParty:1030 - CMSIS Pack Vendor :STMicroelectronics USB_HOST 1.0.0
2023-10-31 23:49:01,310 [INFO] ThirdParty:1030 - CMSIS Pack Vendor :STMicroelectronics X-CUBE-TOF1 3.3.1
2023-10-31 23:49:01,312 [INFO] ThirdParty:1030 - CMSIS Pack Vendor :STMicroelectronics X-CUBE-AZRTOS-G4 2.0.0
2023-10-31 23:49:01,312 [INFO] ThirdParty:1030 - CMSIS Pack Vendor :STMicroelectronics PDM2PCM 3.1.0
2023-10-31 23:49:01,312 [INFO] ThirdParty:1030 - CMSIS Pack Vendor :STMicroelectronics X-CUBE-AZRTOS-H7 3.1.0
2023-10-31 23:49:01,312 [INFO] ThirdParty:1030 - CMSIS Pack Vendor :Infineon AIROC-Wi-Fi-Bluetooth-STM32 1.5.1
2023-10-31 23:49:01,312 [INFO] ThirdParty:1030 - CMSIS Pack Vendor :STMicroelectronics X-CUBE-BLEMGR 3.0.0
2023-10-31 23:49:01,312 [INFO] ThirdParty:1030 - CMSIS Pack Vendor :STMicroelectronics PDM2PCM 3.3.0
2023-10-31 23:49:01,312 [INFO] ThirdParty:1030 - CMSIS Pack Vendor :STMicroelectronics X-CUBE-DISPLAY 3.0.0
2023-10-31 23:49:01,312 [INFO] ThirdParty:1030 - CMSIS Pack Vendor :STMicroelectronics X-CUBE-BLE1 7.0.0
2023-10-31 23:49:01,312 [INFO] ThirdParty:1030 - CMSIS Pack Vendor :STMicroelectronics FP-ATR-SIGFOX1 3.2.0
2023-10-31 23:49:01,312 [INFO] ThirdParty:1030 - CMSIS Pack Vendor :STMicroelectronics HAL Drivers 0.0.0
2023-10-31 23:49:01,312 [INFO] ThirdParty:1030 - CMSIS Pack Vendor :STMicroelectronics MBEDTLS 2.16.2
2023-10-31 23:49:01,312 [INFO] ThirdParty:1030 - CMSIS Pack Vendor :emotas I-CUBE-CANOPEN 1.3.0
2023-10-31 23:49:01,312 [INFO] ThirdParty:1030 - CMSIS Pack Vendor :STMicroelectronics X-CUBE-MEMS1 10.0.0
2023-10-31 23:49:01,312 [INFO] ThirdParty:1030 - CMSIS Pack Vendor :STMicroelectronics X-CUBE-FREERTOS 1.1.0
2023-10-31 23:49:01,312 [INFO] ThirdParty:1030 - CMSIS Pack Vendor :STMicroelectronics X-CUBE-NFC7 1.0.1
2023-10-31 23:49:01,312 [INFO] ThirdParty:1030 - CMSIS Pack Vendor :STMicroelectronics MBEDTLS 2.14.1
2023-10-31 23:49:01,312 [INFO] ThirdParty:1030 - CMSIS Pack Vendor :STMicroelectronics X-CUBE-TOUCHGFX 4.22.1
2023-10-31 23:49:01,312 [INFO] ThirdParty:1030 - CMSIS Pack Vendor :STMicroelectronics X-CUBE-NFC6 3.0.0
2023-10-31 23:49:01,312 [INFO] ThirdParty:1030 - CMSIS Pack Vendor :STMicroelectronics X-CUBE-EEPRMA1 4.1.0
2023-10-31 23:49:01,312 [INFO] ThirdParty:1030 - CMSIS Pack Vendor :portGmbH I-Cube-SoM-uGOAL 1.1.0
2023-10-31 23:49:01,312 [INFO] ThirdParty:1030 - CMSIS Pack Vendor :STMicroelectronics X-CUBE-ALS 1.0.1
2023-10-31 23:49:01,312 [INFO] ThirdParty:1030 - CMSIS Pack Vendor :STMicroelectronics ThreadX 1.0.0
2023-10-31 23:49:01,313 [INFO] ThirdParty:1030 - CMSIS Pack Vendor :STMicroelectronics FP-SNS-SMARTAG2 1.2.0
2023-10-31 23:49:01,313 [INFO] ThirdParty:1030 - CMSIS Pack Vendor :STMicroelectronics X-CUBE-AZRTOS-WL 2.0.0
2023-10-31 23:49:01,313 [INFO] ThirdParty:1030 - CMSIS Pack Vendor :SEGGER I-CUBE-embOS 1.3.1
2023-10-31 23:49:01,313 [INFO] ThirdParty:1030 - CMSIS Pack Vendor :STMicroelectronics USB_DEVICE 1.0.0
2023-10-31 23:49:01,313 [INFO] ThirdParty:1030 - CMSIS Pack Vendor :STMicroelectronics X-CUBE-AI 8.1.0
2023-10-31 23:49:01,313 [INFO] ThirdParty:1030 - CMSIS Pack Vendor :STMicroelectronics X-CUBE-AZRTOS-L4 2.0.0
2023-10-31 23:49:01,313 [INFO] ThirdParty:1030 - CMSIS Pack Vendor :STMicroelectronics ThreadX 0.0.2
2023-10-31 23:49:01,313 [INFO] ThirdParty:1030 - CMSIS Pack Vendor :WES I-CUBE-Cesium 1.3.0
2023-10-31 23:49:01,313 [INFO] ThirdParty:1030 - CMSIS Pack Vendor :STMicroelectronics FP-ATR-ASTRA1 2.0.0
2023-10-31 23:49:01,313 [INFO] ThirdParty:1030 - CMSIS Pack Vendor :STMicroelectronics lwIP 2.1.2
2023-10-31 23:49:01,313 [INFO] ThirdParty:1030 - CMSIS Pack Vendor :STMicroelectronics X-CUBE-SFXS2LP1 4.0.0
2023-10-31 23:49:01,313 [INFO] ThirdParty:1030 - CMSIS Pack Vendor :STMicroelectronics X-CUBE-BLE2 3.3.0
2023-10-31 23:49:01,313 [INFO] ThirdParty:1030 - CMSIS Pack Vendor :STMicroelectronics PDM2PCM 3.2.0
2023-10-31 23:49:01,313 [INFO] ThirdParty:841 - exiting critical section [change project]
2023-10-31 23:49:01,691 [INFO] PinOutPanel:1499 - setPackage(No Configuration,No Configuration)
2023-10-31 23:49:01,692 [INFO] PinOutPanel:1499 - setPackage(STM32G474RETx,LQFP64)
2023-10-31 23:49:02,228 [INFO] UtilMem:75 - Before build in PCC Used Memory: 757304480 Bytes (1073741824)
2023-10-31 23:49:03,243 [INFO] UtilMem:75 - After build in PCC Used Memory: 875793568 Bytes (1073741824)
2023-10-31 23:49:03,272 [INFO] IPUIPlugin:80 - create IPUIPlugin
2023-10-31 23:49:03,272 [INFO] IPUIPlugin:80 - create IPUIPlugin
2023-10-31 23:49:03,272 [INFO] IPUIPlugin:80 - create IPUIPlugin
2023-10-31 23:49:03,272 [INFO] IPUIPlugin:80 - create IPUIPlugin
2023-10-31 23:49:03,272 [INFO] IPUIPlugin:80 - create IPUIPlugin
2023-10-31 23:49:03,272 [INFO] IPUIPlugin:80 - create IPUIPlugin
2023-10-31 23:49:03,272 [INFO] IPUIPlugin:80 - create IPUIPlugin
2023-10-31 23:49:03,272 [INFO] IPUIPlugin:80 - create IPUIPlugin
2023-10-31 23:49:03,272 [INFO] IPUIPlugin:80 - create IPUIPlugin
2023-10-31 23:49:03,272 [INFO] IPUIPlugin:80 - create IPUIPlugin
2023-10-31 23:49:03,272 [INFO] IPUIPlugin:80 - create IPUIPlugin
2023-10-31 23:49:03,272 [INFO] IPUIPlugin:80 - create IPUIPlugin
2023-10-31 23:49:03,272 [INFO] IPUIPlugin:80 - create IPUIPlugin
2023-10-31 23:49:03,273 [INFO] IPUIPlugin:80 - create IPUIPlugin
2023-10-31 23:49:03,273 [INFO] IPUIPlugin:80 - create IPUIPlugin
2023-10-31 23:49:03,273 [INFO] IPUIPlugin:80 - create IPUIPlugin
2023-10-31 23:49:03,273 [INFO] IPUIPlugin:80 - create IPUIPlugin
2023-10-31 23:49:03,273 [INFO] IPUIPlugin:80 - create IPUIPlugin
2023-10-31 23:49:03,273 [INFO] IPUIPlugin:80 - create IPUIPlugin
2023-10-31 23:49:03,273 [INFO] IPUIPlugin:80 - create IPUIPlugin
2023-10-31 23:49:03,273 [INFO] IPUIPlugin:80 - create IPUIPlugin
2023-10-31 23:49:03,273 [INFO] IPUIPlugin:80 - create IPUIPlugin
2023-10-31 23:49:03,273 [INFO] IPUIPlugin:80 - create IPUIPlugin
2023-10-31 23:49:03,273 [INFO] IPUIPlugin:80 - create IPUIPlugin
2023-10-31 23:49:03,273 [INFO] IPUIPlugin:80 - create IPUIPlugin
2023-10-31 23:49:03,274 [INFO] IPUIPlugin:80 - create IPUIPlugin
2023-10-31 23:49:03,274 [INFO] IPUIPlugin:80 - create IPUIPlugin
2023-10-31 23:49:03,274 [INFO] IPUIPlugin:80 - create IPUIPlugin
2023-10-31 23:49:03,274 [INFO] IPUIPlugin:80 - create IPUIPlugin
2023-10-31 23:49:03,274 [INFO] IPUIPlugin:80 - create IPUIPlugin
2023-10-31 23:49:03,274 [INFO] IPUIPlugin:80 - create IPUIPlugin
2023-10-31 23:49:03,274 [INFO] IPUIPlugin:80 - create IPUIPlugin
2023-10-31 23:49:03,274 [INFO] IPUIPlugin:80 - create IPUIPlugin
2023-10-31 23:49:03,274 [INFO] IPUIPlugin:80 - create IPUIPlugin
2023-10-31 23:49:03,274 [INFO] IPUIPlugin:80 - create IPUIPlugin
2023-10-31 23:49:03,275 [INFO] IPUIPlugin:80 - create IPUIPlugin
2023-10-31 23:49:03,275 [INFO] IPUIPlugin:80 - create IPUIPlugin
2023-10-31 23:49:03,275 [INFO] IPUIPlugin:80 - create IPUIPlugin
2023-10-31 23:49:03,275 [INFO] IPUIPlugin:80 - create IPUIPlugin
2023-10-31 23:49:03,275 [INFO] IPUIPlugin:80 - create IPUIPlugin
2023-10-31 23:49:03,276 [INFO] IPUIPlugin:80 - create IPUIPlugin
2023-10-31 23:49:03,276 [INFO] IPUIPlugin:80 - create IPUIPlugin
2023-10-31 23:49:03,276 [INFO] IPUIPlugin:80 - create IPUIPlugin
2023-10-31 23:49:03,276 [INFO] IPUIPlugin:80 - create IPUIPlugin
2023-10-31 23:49:03,276 [INFO] IPUIPlugin:80 - create IPUIPlugin
2023-10-31 23:49:03,276 [INFO] IPUIPlugin:80 - create IPUIPlugin
2023-10-31 23:49:03,276 [INFO] IPUIPlugin:80 - create IPUIPlugin
2023-10-31 23:49:03,276 [INFO] IPUIPlugin:80 - create IPUIPlugin
2023-10-31 23:49:03,277 [INFO] IPUIPlugin:80 - create IPUIPlugin
2023-10-31 23:49:03,277 [INFO] IPUIPlugin:80 - create IPUIPlugin
2023-10-31 23:49:03,277 [INFO] IPUIPlugin:80 - create IPUIPlugin
2023-10-31 23:49:03,277 [INFO] IPUIPlugin:80 - create IPUIPlugin
2023-10-31 23:49:03,278 [INFO] IPUIPlugin:80 - create IPUIPlugin
2023-10-31 23:49:03,278 [INFO] IPUIPlugin:80 - create IPUIPlugin
2023-10-31 23:49:03,278 [INFO] IPUIPlugin:80 - create IPUIPlugin
2023-10-31 23:49:03,278 [INFO] IPUIPlugin:80 - create IPUIPlugin
2023-10-31 23:49:03,278 [INFO] IPUIPlugin:80 - create IPUIPlugin
2023-10-31 23:49:03,278 [INFO] IPUIPlugin:80 - create IPUIPlugin
2023-10-31 23:49:03,279 [INFO] IPUIPlugin:80 - create IPUIPlugin
2023-10-31 23:49:03,279 [INFO] IPUIPlugin:80 - create IPUIPlugin
2023-10-31 23:49:03,279 [INFO] IPUIPlugin:80 - create IPUIPlugin
2023-10-31 23:49:03,279 [INFO] IPUIPlugin:80 - create IPUIPlugin
2023-10-31 23:49:03,279 [INFO] IPUIPlugin:80 - create IPUIPlugin
2023-10-31 23:49:03,279 [INFO] IPUIPlugin:80 - create IPUIPlugin
2023-10-31 23:49:03,279 [INFO] IPUIPlugin:80 - create IPUIPlugin
2023-10-31 23:49:03,280 [INFO] IPUIPlugin:80 - create IPUIPlugin
2023-10-31 23:49:03,280 [INFO] IPUIPlugin:80 - create IPUIPlugin
2023-10-31 23:49:03,280 [INFO] IPUIPlugin:80 - create IPUIPlugin
2023-10-31 23:49:03,280 [INFO] IPUIPlugin:80 - create IPUIPlugin
2023-10-31 23:49:03,280 [INFO] IPUIPlugin:80 - create IPUIPlugin
2023-10-31 23:49:03,281 [INFO] IPUIPlugin:80 - create IPUIPlugin
2023-10-31 23:49:03,281 [INFO] IPUIPlugin:80 - create IPUIPlugin
2023-10-31 23:49:03,281 [INFO] IPUIPlugin:80 - create IPUIPlugin
2023-10-31 23:49:03,281 [INFO] IPUIPlugin:80 - create IPUIPlugin
2023-10-31 23:49:03,281 [INFO] IPUIPlugin:80 - create IPUIPlugin
2023-10-31 23:49:03,282 [INFO] IPUIPlugin:80 - create IPUIPlugin
2023-10-31 23:49:03,282 [INFO] IPUIPlugin:80 - create IPUIPlugin
2023-10-31 23:49:03,517 [INFO] CADModel:165 - CPN selected for project levelSTM32G474RET6
2023-10-31 23:49:03,518 [INFO] CADModel:114 - Register for checkConnection events
2023-10-31 23:49:03,572 [INFO] OpenFileManager:328 - Restore cursor
2023-10-31 23:49:04,281 [INFO] UtilMem:75 - End SaveConfig() Used Memory: 809558624 Bytes (1073741824)
2023-10-31 23:49:06,001 [INFO] ServerAccessManage:473 - Download File stm32cube_fw_g4_v150.zip
2023-10-31 23:50:26,128 [INFO] AnalyticsPlugin:368 - Accepted License(s): [FW.G4.1.5.0]
2023-10-31 23:50:26,130 [INFO] FileExtend:240 - Unzip File : stm32cube_fw_g4_v150.zip
2023-10-31 23:50:26,131 [INFO] FileExtend:255 - Standard Zip Deflate
2023-10-31 23:50:50,277 [INFO] ServerAccessManage:473 - Download File stm32cube_fw_g4_v151.zip
2023-10-31 23:50:50,534 [INFO] FileExtend:240 - Unzip File : stm32cube_fw_g4_v151.zip
2023-10-31 23:50:50,534 [INFO] FileExtend:255 - Standard Zip Deflate
2023-10-31 23:50:50,808 [WARN] LoadServerPackagesThread:1331 - Error 1st try while moving folder into repository: C:\Users\bcc35\STM32Cube\Repository\STM32Cube_FW_G4_V1.5.1
2023-10-31 23:50:55,812 [WARN] LoadServerPackagesThread:1335 - Error 2nd try while moving folder into repository 
2023-10-31 23:51:00,814 [WARN] LoadServerPackagesThread:1411 - Error while moving folder into repository C:\Users\bcc35\STM32Cube\Repository\TMPUPD_3935122220826030303\STM32Cube_FW_G4_V1.5.0 -> C:\Users\bcc35\STM32Cube\Repository\STM32Cube_FW_G4_V1.5.1
2023-10-31 23:51:01,318 [WARN] LoadServerPackagesThread:1411 - Error while moving folder into repository C:\Users\bcc35\STM32Cube\Repository\TMPUPD_3935122220826030303\STM32Cube_FW_G4_V1.5.0 -> C:\Users\bcc35\STM32Cube\Repository\STM32Cube_FW_G4_V1.5.1
2023-10-31 23:51:01,820 [WARN] LoadServerPackagesThread:1411 - Error while moving folder into repository C:\Users\bcc35\STM32Cube\Repository\TMPUPD_3935122220826030303\STM32Cube_FW_G4_V1.5.0 -> C:\Users\bcc35\STM32Cube\Repository\STM32Cube_FW_G4_V1.5.1
2023-10-31 23:51:02,324 [WARN] LoadServerPackagesThread:1411 - Error while moving folder into repository C:\Users\bcc35\STM32Cube\Repository\TMPUPD_3935122220826030303\STM32Cube_FW_G4_V1.5.0 -> C:\Users\bcc35\STM32Cube\Repository\STM32Cube_FW_G4_V1.5.1
2023-10-31 23:51:02,826 [WARN] LoadServerPackagesThread:1411 - Error while moving folder into repository C:\Users\bcc35\STM32Cube\Repository\TMPUPD_3935122220826030303\STM32Cube_FW_G4_V1.5.0 -> C:\Users\bcc35\STM32Cube\Repository\STM32Cube_FW_G4_V1.5.1
2023-10-31 23:51:03,659 [INFO] LoadServerPackagesThread:196 - End of LoadServerPackages Thread
2023-10-31 23:51:03,800 [INFO] ThirdPartyModel:298 - Start build external matchings
2023-10-31 23:51:03,809 [INFO] UtilMem:75 - End SaveConfig() Used Memory: 1062900928 Bytes (1073741824)
2023-10-31 23:51:04,708 [INFO] BlockDiagram:2759 - set Specific Code input for plugin: SYS
2023-10-31 23:51:04,709 [INFO] BlockDiagram:2759 - set Specific Code input for plugin: RCC
2023-10-31 23:51:04,709 [INFO] BlockDiagram:2759 - set Specific Code input for plugin: LPUART
2023-10-31 23:51:04,709 [INFO] BlockDiagram:2759 - set Specific Code input for plugin: NVIC
2023-10-31 23:51:04,709 [INFO] BlockDiagram:2759 - set Specific Code input for plugin: GPIO
2023-10-31 23:51:04,711 [INFO] CodeGenerator:799 - code generatio: config db path: E:\stm cube\STM32CubeIDE_1.13.2\STM32CubeIDE\plugins\com.st.stm32cube.common.mx_6.9.2.202309101412\\db\
2023-10-31 23:51:04,880 [INFO] ThirdPartyModel:316 - End build external matchings
2023-10-31 23:51:04,894 [INFO] CheckServerUpdateThread:120 - End of CheckServer Thread
2023-10-31 23:51:05,202 [INFO] CodeEngine:255 - oldGeneratedFile, C:\Users\bcc35\Desktop\Elec\test1\MXTmpFiles\license.tmp_save
2023-10-31 23:51:05,608 [INFO] CodeEngine:279 - Generated code: C:\Users\bcc35\Desktop\Elec\test1\MXTmpFiles\license.tmp
2023-10-31 23:51:05,841 [INFO] CodeEngine:255 - oldGeneratedFile, C:\Users\bcc35\Desktop\Elec\test1\MXTmpFiles\gpio.tmp_save
2023-10-31 23:51:05,991 [INFO] CodeEngine:279 - Generated code: C:\Users\bcc35\Desktop\Elec\test1\MXTmpFiles\gpio.tmp
2023-10-31 23:51:06,424 [INFO] CodeEngine:255 - oldGeneratedFile, C:\Users\bcc35\Desktop\Elec\test1\Core\Src\stm32g4xx_it.c_save
2023-10-31 23:51:06,577 [INFO] CodeEngine:279 - Generated code: C:\Users\bcc35\Desktop\Elec\test1\Core\Src\stm32g4xx_it.c
2023-10-31 23:51:06,598 [INFO] CodeEngine:255 - oldGeneratedFile, C:\Users\bcc35\Desktop\Elec\test1\Core\Inc\stm32g4xx_it.h_save
2023-10-31 23:51:06,682 [INFO] CodeEngine:279 - Generated code: C:\Users\bcc35\Desktop\Elec\test1\Core\Inc\stm32g4xx_it.h
2023-10-31 23:51:06,713 [INFO] CodeEngine:255 - oldGeneratedFile, C:\Users\bcc35\Desktop\Elec\test1\Core\Src\stm32g4xx_hal_msp.c_save
2023-10-31 23:51:06,848 [INFO] CodeEngine:279 - Generated code: C:\Users\bcc35\Desktop\Elec\test1\Core\Src\stm32g4xx_hal_msp.c
2023-10-31 23:51:06,872 [INFO] CodeEngine:255 - oldGeneratedFile, C:\Users\bcc35\Desktop\Elec\test1\MXTmpFiles\system.tmp_save
2023-10-31 23:51:06,929 [INFO] CodeEngine:279 - Generated code: C:\Users\bcc35\Desktop\Elec\test1\MXTmpFiles\system.tmp
2023-10-31 23:51:06,953 [INFO] CodeEngine:311 - oldGeneratedFile, C:\Users\bcc35\Desktop\Elec\test1\Core\Inc\stm32g4xx_hal_conf.h_save
2023-10-31 23:51:07,034 [INFO] CodeEngine:335 - Generated code: C:\Users\bcc35\Desktop\Elec\test1\Core\Inc\stm32g4xx_hal_conf.h
2023-10-31 23:51:07,056 [WARN] IPConfigManager:2937 - Warning: the RefConfig RCC_CommonPeriphClockConfig is not available in your config.xml file
2023-10-31 23:51:07,080 [INFO] CodeEngine:255 - oldGeneratedFile, C:\Users\bcc35\Desktop\Elec\test1\Core\Inc\main.h_save
2023-10-31 23:51:07,171 [INFO] CodeEngine:279 - Generated code: C:\Users\bcc35\Desktop\Elec\test1\Core\Inc\main.h
2023-10-31 23:51:07,181 [INFO] CodeEngine:255 - oldGeneratedFile, C:\Users\bcc35\Desktop\Elec\test1\Core\Src\main.c_save
2023-10-31 23:51:07,308 [INFO] CodeEngine:279 - Generated code: C:\Users\bcc35\Desktop\Elec\test1\Core\Src\main.c
2023-10-31 23:51:07,612 [INFO] ProjectBuilder:3064 - Time for Copy HAL[2] : 0mS.
2023-10-31 23:51:07,621 [INFO] ProjectBuilder:4404 - Project Generator version: 4.1.0
2023-10-31 23:51:07,847 [INFO] ConfigFileManager:1457 - The Die is : DIE469
2023-10-31 23:51:07,892 [INFO] ApiDbMcu:507 - Load IP Config File for FATFS
2023-10-31 23:51:07,902 [INFO] ApiDbMcu:507 - Load IP Config File for FREERTOS
2023-10-31 23:51:07,924 [INFO] ApiDbMcu:507 - Load IP Config File for USBPD
2023-10-31 23:51:07,939 [INFO] ApiDbMcu:507 - Load IP Config File for USB_Device
2023-10-31 23:51:09,162 [INFO] LogOutputStream:77 - [STDOUT_REDIRECT] 
2023-10-31 23:51:15,088 [INFO] ProjectBuilder:4626 - Time for Generating toolchain IDE Files: 7466mS.
2023-10-31 23:51:15,088 [INFO] ProjectBuilder:2935 - Time for Copy CMSIS : 0mS.
2023-10-31 23:51:15,090 [INFO] ProjectBuilder:2935 - Time for Copy CMSIS : 0mS.
2023-10-31 23:51:16,065 [INFO] McuFinderGlobals:76 - Set McuFinderConnectedMode to true
2023-10-31 23:51:16,068 [INFO] ApiDb:448 - Save user favorites file C:\Users\bcc35/.stm32cubeide/favorites.mcus.txt: 0 item(s)
2023-10-31 23:51:16,068 [INFO] ApiDb:452 - User favorites MCUs=[]
2023-10-31 23:51:16,070 [INFO] ApiDb:448 - Save user favorites file C:\Users\bcc35/.stm32cubeide/favorites.boards.txt: 0 item(s)
2023-10-31 23:51:16,070 [INFO] ApiDb:452 - User favorites Boards=[]
2023-10-31 23:53:09,242 [INFO] UtilMem:75 - End SaveConfig() Used Memory: 867997072 Bytes (1073741824)
2023-10-31 23:53:11,090 [INFO] UtilMem:75 - End SaveConfig() Used Memory: 900502928 Bytes (1073741824)
2023-10-31 23:53:13,214 [INFO] UtilMem:75 - End SaveConfig() Used Memory: 947181248 Bytes (1073741824)
2023-10-31 23:53:13,689 [INFO] BlockDiagram:2759 - set Specific Code input for plugin: SYS
2023-10-31 23:53:13,689 [INFO] BlockDiagram:2759 - set Specific Code input for plugin: RCC
2023-10-31 23:53:13,689 [INFO] BlockDiagram:2759 - set Specific Code input for plugin: LPUART
2023-10-31 23:53:13,689 [INFO] BlockDiagram:2759 - set Specific Code input for plugin: NVIC
2023-10-31 23:53:13,690 [INFO] BlockDiagram:2759 - set Specific Code input for plugin: GPIO
2023-10-31 23:53:13,691 [INFO] CodeGenerator:799 - code generatio: config db path: E:\stm cube\STM32CubeIDE_1.13.2\STM32CubeIDE\plugins\com.st.stm32cube.common.mx_6.9.2.202309101412\\db\
2023-10-31 23:53:13,866 [INFO] CodeEngine:255 - oldGeneratedFile, C:\Users\bcc35\Desktop\Elec\test1\MXTmpFiles\license.tmp_save
2023-10-31 23:53:13,990 [INFO] CodeEngine:279 - Generated code: C:\Users\bcc35\Desktop\Elec\test1\MXTmpFiles\license.tmp
2023-10-31 23:53:14,027 [INFO] CodeEngine:255 - oldGeneratedFile, C:\Users\bcc35\Desktop\Elec\test1\MXTmpFiles\gpio.tmp_save
2023-10-31 23:53:14,137 [INFO] CodeEngine:279 - Generated code: C:\Users\bcc35\Desktop\Elec\test1\MXTmpFiles\gpio.tmp
2023-10-31 23:53:14,229 [INFO] CodeEngine:255 - oldGeneratedFile, C:\Users\bcc35\Desktop\Elec\test1\Core\Src\stm32g4xx_it.c_save
2023-10-31 23:53:14,327 [INFO] CodeEngine:279 - Generated code: C:\Users\bcc35\Desktop\Elec\test1\Core\Src\stm32g4xx_it.c
2023-10-31 23:53:14,343 [INFO] CodeEngine:255 - oldGeneratedFile, C:\Users\bcc35\Desktop\Elec\test1\Core\Inc\stm32g4xx_it.h_save
2023-10-31 23:53:14,411 [INFO] CodeEngine:279 - Generated code: C:\Users\bcc35\Desktop\Elec\test1\Core\Inc\stm32g4xx_it.h
2023-10-31 23:53:14,431 [INFO] CodeEngine:255 - oldGeneratedFile, C:\Users\bcc35\Desktop\Elec\test1\Core\Src\stm32g4xx_hal_msp.c_save
2023-10-31 23:53:14,518 [INFO] CodeEngine:279 - Generated code: C:\Users\bcc35\Desktop\Elec\test1\Core\Src\stm32g4xx_hal_msp.c
2023-10-31 23:53:14,523 [INFO] CodeEngine:255 - oldGeneratedFile, C:\Users\bcc35\Desktop\Elec\test1\MXTmpFiles\system.tmp_save
2023-10-31 23:53:14,581 [INFO] CodeEngine:279 - Generated code: C:\Users\bcc35\Desktop\Elec\test1\MXTmpFiles\system.tmp
2023-10-31 23:53:14,595 [INFO] CodeEngine:311 - oldGeneratedFile, C:\Users\bcc35\Desktop\Elec\test1\Core\Inc\stm32g4xx_hal_conf.h_save
2023-10-31 23:53:14,667 [INFO] CodeEngine:335 - Generated code: C:\Users\bcc35\Desktop\Elec\test1\Core\Inc\stm32g4xx_hal_conf.h
2023-10-31 23:53:14,685 [WARN] IPConfigManager:2937 - Warning: the RefConfig RCC_CommonPeriphClockConfig is not available in your config.xml file
2023-10-31 23:53:14,703 [INFO] CodeEngine:255 - oldGeneratedFile, C:\Users\bcc35\Desktop\Elec\test1\Core\Inc\main.h_save
2023-10-31 23:53:14,771 [INFO] CodeEngine:279 - Generated code: C:\Users\bcc35\Desktop\Elec\test1\Core\Inc\main.h
2023-10-31 23:53:14,784 [INFO] CodeEngine:255 - oldGeneratedFile, C:\Users\bcc35\Desktop\Elec\test1\Core\Src\main.c_save
2023-10-31 23:53:14,912 [INFO] CodeEngine:279 - Generated code: C:\Users\bcc35\Desktop\Elec\test1\Core\Src\main.c
2023-10-31 23:53:15,185 [INFO] ProjectBuilder:3064 - Time for Copy HAL[2] : 1mS.
2023-10-31 23:53:15,189 [INFO] ProjectBuilder:4404 - Project Generator version: 4.1.0
2023-10-31 23:53:15,398 [INFO] ConfigFileManager:1457 - The Die is : DIE469
2023-10-31 23:53:17,486 [INFO] ProjectBuilder:4626 - Time for Generating toolchain IDE Files: 2296mS.
2023-10-31 23:53:17,486 [INFO] ProjectBuilder:2935 - Time for Copy CMSIS : 0mS.
2023-10-31 23:53:17,490 [INFO] ProjectBuilder:2935 - Time for Copy CMSIS : 0mS.
