2024-04-14 00:28:26,251 [ERROR] LogOutputStream:75 - [STDERR_REDIRECT] 
2024-04-14 00:29:32,433 [INFO] Activator:176 - 


2024-04-14 00:29:32,435 [INFO] Activator:177 - !SESSION log4j initialized
2024-04-14 00:29:44,648 [INFO] LogOutputStream:77 - [STDOUT_REDIRECT] 
2024-04-14 00:29:46,525 [INFO] ApplicationProperties:184 - Using Application install path: E:\stm cube\STM32CubeIDE_1.13.2\STM32CubeIDE\plugins\com.st.stm32cube.common.mx_6.10.0.202311202037
2024-04-14 00:29:46,579 [INFO] DbMcusXml:78 - Set database path to: E:\stm cube\STM32CubeIDE_1.13.2\STM32CubeIDE\plugins\com.st.stm32cube.common.mx_6.10.0.202311202037\\db\/mcu/
2024-04-14 00:29:46,579 [INFO] ApiDb:274 - Set plugin database path to: E:\stm cube\STM32CubeIDE_1.13.2\STM32CubeIDE\plugins\com.st.stm32cube.common.mx_6.10.0.202311202037\\db\/plugins/boardmanager/
2024-04-14 00:29:46,580 [WARN] ApiDb:259 - Overriding images path with different value:  => E:\stm cube\STM32CubeIDE_1.13.2\STM32CubeIDE\plugins\com.st.stm32cube.common.mx_6.10.0.202311202037\\db\/plugins/mcufinder/images/
2024-04-14 00:29:46,647 [INFO] ApiDb:250 - Set database path to: C:\Users\bcc35\.stmcufinder\plugins\mcufinder//mcu/
2024-04-14 00:29:46,648 [INFO] DbMcusAds:125 - Set database path to: C:\Users\bcc35\.stmcufinder\plugins\mcufinder//mcu/
2024-04-14 00:29:46,650 [INFO] CrossReferenceDbSqlite:203 - Set database path to: C:\Users\bcc35\.stmcufinder\plugins\mcufinder//mcu/cs/
2024-04-14 00:29:46,842 [INFO] RulesReader:64 - Compatibility file has been processed (297 Rules)
2024-04-14 00:29:47,118 [INFO] DbMcusXml:78 - Set database path to: E:\stm cube\STM32CubeIDE_1.13.2\STM32CubeIDE\plugins\com.st.stm32cube.common.mx_6.10.0.202311202037\\db\/mcu/
2024-04-14 00:29:47,118 [INFO] ApiDb:274 - Set plugin database path to: E:\stm cube\STM32CubeIDE_1.13.2\STM32CubeIDE\plugins\com.st.stm32cube.common.mx_6.10.0.202311202037\\db\/plugins/boardmanager/
2024-04-14 00:29:47,118 [INFO] ApiDb:261 - Set plugin images path to: E:\stm cube\STM32CubeIDE_1.13.2\STM32CubeIDE\plugins\com.st.stm32cube.common.mx_6.10.0.202311202037\\db\/plugins/mcufinder/images/
2024-04-14 00:29:47,118 [WARN] DbFile:41 - Overriding database path with different value: C:\Users\bcc35\.stmcufinder\plugins\mcufinder/ => C:\Users\bcc35\.stmcufinder\plugins\mcufinder
2024-04-14 00:29:47,118 [INFO] ApiDb:250 - Set database path to: C:\Users\bcc35\.stmcufinder\plugins\mcufinder//mcu/
2024-04-14 00:29:47,118 [WARN] DbFile:41 - Overriding database path with different value: C:\Users\bcc35\.stmcufinder\plugins\mcufinder/ => C:\Users\bcc35\.stmcufinder\plugins\mcufinder
2024-04-14 00:29:47,118 [INFO] DbMcusAds:125 - Set database path to: C:\Users\bcc35\.stmcufinder\plugins\mcufinder//mcu/
2024-04-14 00:29:47,118 [WARN] DbFile:41 - Overriding database path with different value: C:\Users\bcc35\.stmcufinder\plugins\mcufinder/ => C:\Users\bcc35\.stmcufinder\plugins\mcufinder
2024-04-14 00:29:47,118 [WARN] DbFile:41 - Overriding database path with different value: C:\Users\bcc35\.stmcufinder\plugins\mcufinder/ => C:\Users\bcc35\.stmcufinder\plugins\mcufinder
2024-04-14 00:29:47,118 [INFO] CrossReferenceDbSqlite:203 - Set database path to: C:\Users\bcc35\.stmcufinder\plugins\mcufinder//mcu/cs/
2024-04-14 00:29:47,269 [INFO] MainPanel:264 - HeapMemory: 268435456
2024-04-14 00:29:47,487 [INFO] DbMcusXml:78 - Set database path to: E:\stm cube\STM32CubeIDE_1.13.2\STM32CubeIDE\plugins\com.st.stm32cube.common.mx_6.10.0.202311202037\\db\/mcu/
2024-04-14 00:29:47,488 [INFO] ApiDb:274 - Set plugin database path to: E:\stm cube\STM32CubeIDE_1.13.2\STM32CubeIDE\plugins\com.st.stm32cube.common.mx_6.10.0.202311202037\\db\/plugins/boardmanager/
2024-04-14 00:29:47,488 [INFO] ApiDb:261 - Set plugin images path to: E:\stm cube\STM32CubeIDE_1.13.2\STM32CubeIDE\plugins\com.st.stm32cube.common.mx_6.10.0.202311202037\\db\/plugins/mcufinder/images/
2024-04-14 00:29:47,488 [WARN] DbFile:41 - Overriding database path with different value: C:\Users\bcc35\.stmcufinder\plugins\mcufinder/ => C:\Users\bcc35\.stmcufinder\plugins\mcufinder
2024-04-14 00:29:47,488 [INFO] ApiDb:250 - Set database path to: C:\Users\bcc35\.stmcufinder\plugins\mcufinder//mcu/
2024-04-14 00:29:47,488 [WARN] DbFile:41 - Overriding database path with different value: C:\Users\bcc35\.stmcufinder\plugins\mcufinder/ => C:\Users\bcc35\.stmcufinder\plugins\mcufinder
2024-04-14 00:29:47,488 [INFO] DbMcusAds:125 - Set database path to: C:\Users\bcc35\.stmcufinder\plugins\mcufinder//mcu/
2024-04-14 00:29:47,488 [WARN] DbFile:41 - Overriding database path with different value: C:\Users\bcc35\.stmcufinder\plugins\mcufinder/ => C:\Users\bcc35\.stmcufinder\plugins\mcufinder
2024-04-14 00:29:47,488 [WARN] DbFile:41 - Overriding database path with different value: C:\Users\bcc35\.stmcufinder\plugins\mcufinder/ => C:\Users\bcc35\.stmcufinder\plugins\mcufinder
2024-04-14 00:29:47,488 [INFO] CrossReferenceDbSqlite:203 - Set database path to: C:\Users\bcc35\.stmcufinder\plugins\mcufinder//mcu/cs/
2024-04-14 00:29:47,510 [INFO] ApplicationProperties:184 - Using Application install path: E:\stm cube\STM32CubeIDE_1.13.2\STM32CubeIDE\plugins\com.st.stm32cube.common.mx_6.10.0.202311202037
2024-04-14 00:29:47,511 [INFO] PluginManage:196 - Search for loadable plugins [exclusion list=, ]
2024-04-14 00:29:47,530 [INFO] PluginManage:310 - Check plugin analytics
2024-04-14 00:29:47,742 [INFO] AnalyticsPlugin:253 - Accepted Software Licenses: 
2024-04-14 00:29:47,742 [INFO] AnalyticsPlugin:255 - Accepted CMSIS Pack Licenses: ARM.CMSIS.6.0.0,ARM.CMSIS-DSP.1.15.0
2024-04-14 00:29:47,742 [INFO] AnalyticsPlugin:257 - Accepted Firmware Licenses: FW.G4.1.5.0
2024-04-14 00:29:47,744 [INFO] PluginManage:359 - Loaded plugin analytics (category:tool,tabindex:-1)
2024-04-14 00:29:47,744 [INFO] PluginManage:310 - Check plugin cadmodel
2024-04-14 00:29:47,792 [INFO] CADModel:105 - Init CAD model plugin
2024-04-14 00:29:47,792 [INFO] PluginManage:359 - Loaded plugin cadmodel (category:power,tabindex:5)
2024-04-14 00:29:47,793 [INFO] PluginManage:310 - Check plugin clock
2024-04-14 00:29:47,857 [INFO] PluginManage:359 - Loaded plugin clock (category:base,tabindex:2)
2024-04-14 00:29:47,857 [INFO] PluginManage:310 - Check plugin ddr
2024-04-14 00:29:47,864 [INFO] PluginManage:359 - Loaded plugin ddr (category:tool,tabindex:6)
2024-04-14 00:29:47,865 [INFO] PluginManage:310 - Check plugin filemanager
2024-04-14 00:29:48,019 [INFO] PluginManage:359 - Loaded plugin filemanager (category:base,tabindex:10)
2024-04-14 00:29:48,019 [INFO] PluginManage:310 - Check plugin ipmanager
2024-04-14 00:29:48,039 [INFO] PluginManage:359 - Loaded plugin ipmanager (category:base,tabindex:5)
2024-04-14 00:29:48,039 [INFO] PluginManage:310 - Check plugin lpbam
2024-04-14 00:29:48,064 [INFO] PluginManage:359 - Loaded plugin lpbam (category:base,tabindex:0)
2024-04-14 00:29:48,064 [INFO] PluginManage:310 - Check plugin memorymap
2024-04-14 00:29:48,089 [INFO] PluginManage:359 - Loaded plugin memorymap (category:base,tabindex:4)
2024-04-14 00:29:48,089 [INFO] PluginManage:310 - Check plugin pinoutandconfiguration
2024-04-14 00:29:48,096 [INFO] PluginManage:359 - Loaded plugin pinoutandconfiguration (category:base,tabindex:1)
2024-04-14 00:29:48,096 [INFO] PluginManage:310 - Check plugin pinoutconfig
2024-04-14 00:29:48,246 [WARN] SupportedApi:132 - Cannot load RTOS API schema: s4s-elt-must-match.1: The content of 'definitions' must match (annotation?, (simpleType | complexType)?, (unique | key | keyref)*)). A problem was found starting at: attribute.
2024-04-14 00:29:48,535 [INFO] PluginManage:359 - Loaded plugin pinoutconfig (category:base,tabindex:0)
2024-04-14 00:29:48,536 [INFO] PluginManage:310 - Check plugin power
2024-04-14 00:29:49,084 [INFO] PluginManage:359 - Loaded plugin power (category:power,tabindex:4)
2024-04-14 00:29:49,085 [INFO] PluginManage:310 - Check plugin projectmanager
2024-04-14 00:29:49,106 [INFO] PluginManage:359 - Loaded plugin projectmanager (category:projectmanager,tabindex:3)
2024-04-14 00:29:49,106 [INFO] PluginManage:310 - Check plugin thirdparty
2024-04-14 00:29:49,799 [INFO] PluginManage:359 - Loaded plugin thirdparty (category:base,tabindex:-1)
2024-04-14 00:29:49,799 [WARN] IntegrityCheckThread:84 - waiting for thirdparty lock release [integrity check]
2024-04-14 00:29:49,800 [INFO] IntegrityCheckThread:86 - entering critical section [integrity check]
2024-04-14 00:29:49,800 [INFO] PluginManage:310 - Check plugin tools
2024-04-14 00:29:49,800 [INFO] ThirdPartyUpdaterWithRetryManager:70 - Updater plugin not ready yet. [1/15]
2024-04-14 00:29:49,815 [INFO] PluginManage:359 - Loaded plugin tools (category:base,tabindex:7)
2024-04-14 00:29:49,815 [INFO] PluginManage:310 - Check plugin tutovideos
2024-04-14 00:29:50,106 [INFO] PluginManage:359 - Loaded plugin tutovideos (category:base,tabindex:-1)
2024-04-14 00:29:50,106 [INFO] PluginManage:310 - Check plugin updater
2024-04-14 00:29:50,156 [INFO] PluginManage:359 - Loaded plugin updater (category:base,tabindex:12)
2024-04-14 00:29:50,156 [INFO] PluginManage:310 - Check plugin userauth
2024-04-14 00:29:50,190 [INFO] UserAuth:114 - Init User Auth plugin
2024-04-14 00:29:50,190 [INFO] PluginManage:359 - Loaded plugin userauth (category:base,tabindex:14)
2024-04-14 00:29:50,190 [INFO] PluginManage:283 - PluginManage : Loaded plugins [17]
2024-04-14 00:29:50,579 [INFO] PinOutPanel:1499 - setPackage(No Configuration,No Configuration)
2024-04-14 00:29:50,726 [INFO] CADModel:165 - CPN selected for project level
2024-04-14 00:29:50,727 [INFO] CADModel:114 - Register for checkConnection events
2024-04-14 00:29:50,815 [INFO] IPUIPlugin:80 - create IPUIPlugin
2024-04-14 00:29:50,815 [INFO] PluginManager:220 - loadIPPluginJar : add adc
2024-04-14 00:29:50,838 [INFO] IPUIPlugin:80 - create IPUIPlugin
2024-04-14 00:29:50,839 [INFO] PluginManager:220 - loadIPPluginJar : add aes
2024-04-14 00:29:50,856 [INFO] IPUIPlugin:80 - create IPUIPlugin
2024-04-14 00:29:50,856 [INFO] PluginManager:220 - loadIPPluginJar : add can
2024-04-14 00:29:50,861 [INFO] IPUIPlugin:80 - create IPUIPlugin
2024-04-14 00:29:50,861 [INFO] PluginManager:220 - loadIPPluginJar : add comp
2024-04-14 00:29:50,877 [INFO] IPUIPlugin:80 - create IPUIPlugin
2024-04-14 00:29:50,877 [INFO] PluginManager:220 - loadIPPluginJar : add cryp
2024-04-14 00:29:50,881 [INFO] IPUIPlugin:80 - create IPUIPlugin
2024-04-14 00:29:50,881 [INFO] PluginManager:220 - loadIPPluginJar : add dfsdm
2024-04-14 00:29:50,888 [INFO] IPUIPlugin:80 - create IPUIPlugin
2024-04-14 00:29:50,888 [INFO] PluginManager:220 - loadIPPluginJar : add dma
2024-04-14 00:29:50,891 [INFO] IPUIPlugin:80 - create IPUIPlugin
2024-04-14 00:29:50,891 [INFO] PluginManager:220 - loadIPPluginJar : add dma3
2024-04-14 00:29:50,900 [INFO] IPUIPlugin:80 - create IPUIPlugin
2024-04-14 00:29:50,900 [INFO] PluginManager:220 - loadIPPluginJar : add fatfs
2024-04-14 00:29:50,904 [INFO] IPUIPlugin:80 - create IPUIPlugin
2024-04-14 00:29:50,904 [INFO] PluginManager:220 - loadIPPluginJar : add fmc
2024-04-14 00:29:50,929 [INFO] IPUIPlugin:80 - create IPUIPlugin
2024-04-14 00:29:50,929 [INFO] PluginManager:220 - loadIPPluginJar : add freertos
2024-04-14 00:29:50,944 [INFO] IPUIPlugin:80 - create IPUIPlugin
2024-04-14 00:29:50,944 [INFO] PluginManager:220 - loadIPPluginJar : add genericplugin
2024-04-14 00:29:50,968 [INFO] IPUIPlugin:80 - create IPUIPlugin
2024-04-14 00:29:50,969 [INFO] PluginManager:220 - loadIPPluginJar : add gfxmmu
2024-04-14 00:29:50,993 [INFO] IPUIPlugin:80 - create IPUIPlugin
2024-04-14 00:29:50,994 [INFO] PluginManager:220 - loadIPPluginJar : add gic
2024-04-14 00:29:50,997 [INFO] IPUIPlugin:80 - create IPUIPlugin
2024-04-14 00:29:50,997 [INFO] PluginManager:220 - loadIPPluginJar : add gpio
2024-04-14 00:29:51,080 [INFO] IPUIPlugin:80 - create IPUIPlugin
2024-04-14 00:29:51,080 [INFO] PluginManager:220 - loadIPPluginJar : add gtzc
2024-04-14 00:29:51,103 [INFO] IPUIPlugin:80 - create IPUIPlugin
2024-04-14 00:29:51,103 [INFO] PluginManager:220 - loadIPPluginJar : add hash
2024-04-14 00:29:51,106 [INFO] IPUIPlugin:80 - create IPUIPlugin
2024-04-14 00:29:51,106 [INFO] PluginManager:220 - loadIPPluginJar : add i2c
2024-04-14 00:29:51,134 [INFO] IPUIPlugin:80 - create IPUIPlugin
2024-04-14 00:29:51,134 [INFO] PluginManager:220 - loadIPPluginJar : add i2s
2024-04-14 00:29:51,137 [INFO] IPUIPlugin:80 - create IPUIPlugin
2024-04-14 00:29:51,137 [INFO] PluginManager:220 - loadIPPluginJar : add i3c
2024-04-14 00:29:51,140 [INFO] IPUIPlugin:80 - create IPUIPlugin
2024-04-14 00:29:51,140 [INFO] PluginManager:220 - loadIPPluginJar : add ipddr
2024-04-14 00:29:51,179 [INFO] IPUIPlugin:80 - create IPUIPlugin
2024-04-14 00:29:51,179 [INFO] PluginManager:220 - loadIPPluginJar : add linkedlist
2024-04-14 00:29:51,188 [INFO] IPUIPlugin:80 - create IPUIPlugin
2024-04-14 00:29:51,189 [INFO] PluginManager:220 - loadIPPluginJar : add lorawan
2024-04-14 00:29:51,190 [INFO] IPUIPlugin:80 - create IPUIPlugin
2024-04-14 00:29:51,190 [INFO] PluginManager:220 - loadIPPluginJar : add ltdc
2024-04-14 00:29:51,219 [INFO] IPUIPlugin:80 - create IPUIPlugin
2024-04-14 00:29:51,219 [INFO] PluginManager:220 - loadIPPluginJar : add mdma
2024-04-14 00:29:51,223 [INFO] IPUIPlugin:80 - create IPUIPlugin
2024-04-14 00:29:51,223 [INFO] PluginManager:220 - loadIPPluginJar : add nvic
2024-04-14 00:29:51,225 [INFO] IPUIPlugin:80 - create IPUIPlugin
2024-04-14 00:29:51,225 [INFO] PluginManager:220 - loadIPPluginJar : add opamp
2024-04-14 00:29:51,234 [INFO] IPUIPlugin:80 - create IPUIPlugin
2024-04-14 00:29:51,234 [INFO] PluginManager:220 - loadIPPluginJar : add openamp
2024-04-14 00:29:51,259 [INFO] IPUIPlugin:80 - create IPUIPlugin
2024-04-14 00:29:51,259 [INFO] PluginManager:220 - loadIPPluginJar : add pdm2pcm
2024-04-14 00:29:51,264 [INFO] IPUIPlugin:80 - create IPUIPlugin
2024-04-14 00:29:51,266 [INFO] PluginManager:220 - loadIPPluginJar : add plateformsettings
2024-04-14 00:29:51,280 [INFO] IPUIPlugin:80 - create IPUIPlugin
2024-04-14 00:29:51,280 [INFO] PluginManager:220 - loadIPPluginJar : add quadspi
2024-04-14 00:29:51,312 [INFO] IPUIPlugin:80 - create IPUIPlugin
2024-04-14 00:29:51,313 [INFO] PluginManager:220 - loadIPPluginJar : add resmgrutility
2024-04-14 00:29:51,329 [INFO] IPUIPlugin:80 - create IPUIPlugin
2024-04-14 00:29:51,330 [INFO] PluginManager:220 - loadIPPluginJar : add sai
2024-04-14 00:29:51,347 [INFO] IPUIPlugin:80 - create IPUIPlugin
2024-04-14 00:29:51,347 [INFO] PluginManager:220 - loadIPPluginJar : add spi
2024-04-14 00:29:51,351 [INFO] IPUIPlugin:80 - create IPUIPlugin
2024-04-14 00:29:51,351 [INFO] PluginManager:220 - loadIPPluginJar : add stm32_wpan
2024-04-14 00:29:51,371 [INFO] IPUIPlugin:80 - create IPUIPlugin
2024-04-14 00:29:51,371 [INFO] PluginManager:220 - loadIPPluginJar : add tim
2024-04-14 00:29:51,374 [INFO] IPUIPlugin:80 - create IPUIPlugin
2024-04-14 00:29:51,374 [INFO] PluginManager:220 - loadIPPluginJar : add touchsensing
2024-04-14 00:29:51,393 [INFO] IPUIPlugin:80 - create IPUIPlugin
2024-04-14 00:29:51,393 [INFO] PluginManager:220 - loadIPPluginJar : add tracer_emb
2024-04-14 00:29:51,395 [INFO] IPUIPlugin:80 - create IPUIPlugin
2024-04-14 00:29:51,396 [INFO] PluginManager:220 - loadIPPluginJar : add ts
2024-04-14 00:29:51,397 [INFO] IPUIPlugin:80 - create IPUIPlugin
2024-04-14 00:29:51,398 [INFO] PluginManager:220 - loadIPPluginJar : add tsc
2024-04-14 00:29:51,422 [INFO] IPUIPlugin:80 - create IPUIPlugin
2024-04-14 00:29:51,422 [INFO] PluginManager:220 - loadIPPluginJar : add ucpd
2024-04-14 00:29:51,449 [INFO] IPUIPlugin:80 - create IPUIPlugin
2024-04-14 00:29:51,449 [INFO] PluginManager:220 - loadIPPluginJar : add usart
2024-04-14 00:29:51,453 [INFO] IPUIPlugin:80 - create IPUIPlugin
2024-04-14 00:29:51,453 [INFO] PluginManager:220 - loadIPPluginJar : add usbx
2024-04-14 00:29:51,577 [INFO] CADModel:165 - CPN selected for project level
2024-04-14 00:29:51,577 [INFO] CADModel:114 - Register for checkConnection events
2024-04-14 00:29:51,577 [FATAL] Updater:308 - Updater called before beeing initialized
2024-04-14 00:29:51,577 [ERROR] CADModel:125 - Updater not yet initialized, retry later 
2024-04-14 00:29:51,979 [INFO] CADModel:165 - CPN selected for project level
2024-04-14 00:29:51,979 [INFO] CADModel:114 - Register for checkConnection events
2024-04-14 00:29:51,979 [FATAL] Updater:308 - Updater called before beeing initialized
2024-04-14 00:29:51,979 [ERROR] CADModel:125 - Updater not yet initialized, retry later 
2024-04-14 00:29:51,982 [FATAL] Updater:308 - Updater called before beeing initialized
2024-04-14 00:29:52,098 [FATAL] Updater:308 - Updater called before beeing initialized
2024-04-14 00:29:52,104 [INFO] DbMcusAds:53 - JSON generation date=Wed Nov 29 17:52:27 ICT 2023 (1701255147349)
2024-04-14 00:29:52,104 [FATAL] Updater:308 - Updater called before beeing initialized
2024-04-14 00:29:52,248 [WARN] DetailPanel:346 - Failed to get advertising image, set to default
2024-04-14 00:29:52,328 [FATAL] Updater:308 - Updater called before beeing initialized
2024-04-14 00:29:52,330 [FATAL] Updater:308 - Updater called before beeing initialized
2024-04-14 00:29:52,331 [FATAL] Updater:308 - Updater called before beeing initialized
2024-04-14 00:29:52,331 [WARN] DetailPanel:346 - Failed to get advertising image, set to default
2024-04-14 00:29:52,331 [FATAL] Updater:308 - Updater called before beeing initialized
2024-04-14 00:29:52,443 [ERROR] Updater:1120 - MainUpdater not yet initialized. External WinMGr cannot be set.
2024-04-14 00:29:52,490 [INFO] Updater:1056 - Updater Version found : 6.10.0
2024-04-14 00:29:52,801 [INFO] ThirdPartyUpdaterWithRetryManager:70 - Updater plugin not ready yet. [2/15]
2024-04-14 00:29:53,047 [INFO] ApplicationProperties:184 - Using Application install path: E:\stm cube\STM32CubeIDE_1.13.2\STM32CubeIDE\plugins\com.st.stm32cube.common.mx_6.10.0.202311202037
2024-04-14 00:29:54,619 [ERROR] LogOutputStream:75 - [STDERR_REDIRECT] Apr 14, 2024 12:29:54 AM java.util.prefs.WindowsPreferences <init>
2024-04-14 00:29:54,621 [ERROR] LogOutputStream:75 - [STDERR_REDIRECT] WARNING: Could not open/create prefs root node Software\JavaSoft\Prefs at root 0xffffffff80000002. Windows RegCreateKeyEx(...) returned error code 5.
2024-04-14 00:29:54,621 [ERROR] LogOutputStream:75 - [STDERR_REDIRECT] 
2024-04-14 00:29:55,202 [INFO] MainUpdater:2873 - connection check result : 10
2024-04-14 00:29:55,203 [INFO] MainUpdater:290 - Updater Check For Update Now.
2024-04-14 00:29:55,203 [INFO] MicroXplorer:498 - Change Database Version : DB.6.0.100
2024-04-14 00:29:55,229 [INFO] McuFinderGlobals:63 - Set McuFinder mode to 2 (CubeIDE integrated)
2024-04-14 00:29:55,264 [INFO] UserAuth:404 - Internet connection configuration mode: 1
2024-04-14 00:29:55,327 [INFO] JxBrowserEngine:152 - Initiate JxBrowser Engine with user profile folder
2024-04-14 00:29:55,373 [INFO] CheckServerUpdateThread:120 - End of CheckServer Thread
2024-04-14 00:29:56,153 [WARN] PackLoader:240 - Cannot read IP mode file for STMicroelectronics.X-CUBE-SMBUS.2.1.0
2024-04-14 00:29:56,162 [WARN] PackLoader:240 - Cannot read IP mode file for STMicroelectronics.X-CUBE-TOUCHGFX.4.23.0
2024-04-14 00:29:56,165 [WARN] PackLoader:240 - Cannot read IP mode file for STMicroelectronics.X-CUBE-TOUCHGFX.4.23.2
2024-04-14 00:29:56,192 [WARN] PackLoader:240 - Cannot read IP mode file for STMicroelectronics.X-CUBE-AZRTOS-F7.1.1.0
2024-04-14 00:29:56,203 [WARN] PackLoader:240 - Cannot read IP mode file for STMicroelectronics.FP-SNS-MOTENV1.4.3.2
2024-04-14 00:29:56,210 [WARN] PackLoader:240 - Cannot read IP mode file for STMicroelectronics.FP-SNS-FLIGHT1.5.0.2
2024-04-14 00:29:56,227 [WARN] PackLoader:240 - Cannot read IP mode file for STMicroelectronics.X-CUBE-DISPLAY.3.0.0
2024-04-14 00:29:56,250 [WARN] PackLoader:240 - Cannot read IP mode file for STMicroelectronics.X-CUBE-BLE1.7.0.0
2024-04-14 00:29:56,260 [WARN] PackLoader:240 - Cannot read IP mode file for emotas.I-CUBE-CANOPEN.1.3.0
2024-04-14 00:29:56,271 [WARN] PackLoader:240 - Cannot read IP mode file for STMicroelectronics.X-CUBE-TOUCHGFX.4.22.1
2024-04-14 00:29:56,288 [WARN] PackLoader:240 - Cannot read IP mode file for STMicroelectronics.X-CUBE-BLEMGR.3.1.0
2024-04-14 00:29:56,303 [WARN] PackLoader:240 - Cannot read IP mode file for STMicroelectronics.FP-SNS-SMARTAG2.1.2.0
2024-04-14 00:29:56,322 [INFO] LogOutputStream:77 - [STDOUT_REDIRECT] 1 : Invalid condition id : UX_CORESTACK_Condition cause : null
2024-04-14 00:29:56,324 [INFO] LogOutputStream:77 - [STDOUT_REDIRECT] 1 : Invalid condition id : UX_CORESTACK_Condition cause : null
2024-04-14 00:29:56,325 [INFO] LogOutputStream:77 - [STDOUT_REDIRECT] 1 : Invalid condition id : UX_CORESTACK_Condition cause : null
2024-04-14 00:29:56,327 [INFO] LogOutputStream:77 - [STDOUT_REDIRECT] 1 : Invalid condition id : UX_CORESTACK_Condition cause : null
2024-04-14 00:29:56,329 [INFO] LogOutputStream:77 - [STDOUT_REDIRECT] 1 : Invalid condition id : UX_CORESTACK_Condition cause : null
2024-04-14 00:29:56,333 [WARN] PackLoader:240 - Cannot read IP mode file for STMicroelectronics.X-CUBE-AZRTOS-WL.2.0.0
2024-04-14 00:29:56,342 [WARN] PackLoader:240 - Cannot read IP mode file for STMicroelectronics.FP-SNS-MOTENV1.5.0.0
2024-04-14 00:29:56,354 [WARN] PackLoader:240 - Cannot read IP mode file for WES.I-CUBE-Cesium.1.3.0
2024-04-14 00:29:56,369 [WARN] PackLoader:240 - Cannot read IP mode file for STMicroelectronics.X-CUBE-BLE2.3.3.0
2024-04-14 00:29:56,375 [WARN] PackLoader:240 - Cannot read IP mode file for STMicroelectronics.X-CUBE-TCPP.4.1.0
2024-04-14 00:29:56,383 [WARN] PackLoader:240 - Cannot read IP mode file for STMicroelectronics.X-CUBE-ALGOBUILD.1.3.0
2024-04-14 00:29:56,398 [WARN] PackLoader:240 - Cannot read IP mode file for STMicroelectronics.X-CUBE-AZRTOS-G0.1.1.0
2024-04-14 00:29:56,408 [WARN] PackLoader:240 - Cannot read IP mode file for STMicroelectronics.X-CUBE-SAFEA1.1.2.2
2024-04-14 00:29:56,417 [WARN] PackLoader:240 - Cannot read IP mode file for STMicroelectronics.X-CUBE-NFC4.3.0.0
2024-04-14 00:29:56,427 [WARN] PackLoader:240 - Cannot read IP mode file for STMicroelectronics.X-CUBE-BLEMGR.3.0.0
2024-04-14 00:29:56,436 [WARN] PackLoader:240 - Cannot read IP mode file for STMicroelectronics.FP-ATR-SIGFOX1.3.2.0
2024-04-14 00:29:56,445 [WARN] PackLoader:240 - Cannot read IP mode file for STMicroelectronics.X-CUBE-EEPRMA1.5.1.0
2024-04-14 00:29:56,482 [WARN] PackLoader:240 - Cannot read IP mode file for SEGGER.I-CUBE-embOS.1.3.1
2024-04-14 00:29:56,523 [WARN] PackLoader:240 - Cannot read IP mode file for STMicroelectronics.X-CUBE-GNSS1.6.0.0
2024-04-14 00:29:56,539 [WARN] PackLoader:240 - Cannot read IP mode file for STMicroelectronics.X-CUBE-AZRTOS-F4.1.1.0
2024-04-14 00:29:56,548 [WARN] PackLoader:240 - Cannot read IP mode file for wolfSSL.I-CUBE-wolfSSL.5.6.3
2024-04-14 00:29:56,575 [WARN] PackLoader:240 - Cannot read IP mode file for STMicroelectronics.X-CUBE-AZRTOS-L5.2.0.0
2024-04-14 00:29:56,607 [WARN] PackLoader:240 - Cannot read IP mode file for STMicroelectronics.X-CUBE-MEMS1.9.6.0
2024-04-14 00:29:56,694 [WARN] PackLoader:240 - Cannot read IP mode file for STMicroelectronics.X-CUBE-EEPRMA1.4.2.0
2024-04-14 00:29:56,699 [WARN] PackLoader:240 - Cannot read IP mode file for STMicroelectronics.X-CUBE-NFC6.3.1.0
2024-04-14 00:29:56,705 [WARN] PackLoader:240 - Cannot read IP mode file for ITTIA_DB.I-CUBE-ITTIADB.8.8.0
2024-04-14 00:29:56,754 [WARN] PackLoader:240 - Cannot read IP mode file for STMicroelectronics.X-CUBE-BLEMGR.2.0.0
2024-04-14 00:29:56,776 [WARN] ConditionMgr:438 - getConditionDescription Invalid condition id : UX DEVICE CLASS RTOS Condition cause : null
2024-04-14 00:29:56,777 [WARN] ConditionMgr:438 - getConditionDescription Invalid condition id : UX DEVICE CLASS RTOS Condition cause : null
2024-04-14 00:29:56,781 [WARN] PackLoader:240 - Cannot read IP mode file for STMicroelectronics.X-CUBE-AZRTOS-H7.3.1.0
2024-04-14 00:29:56,783 [WARN] ConditionMgr:1039 - genDependencies : Invalid condition id : UX DEVICE CLASS RTOS Condition cause : null
2024-04-14 00:29:56,783 [WARN] ConditionMgr:1039 - genDependencies : Invalid condition id : UX DEVICE CLASS RTOS Condition cause : null
2024-04-14 00:29:56,784 [WARN] ConditionMgr:1039 - genDependencies : Invalid condition id : UX DEVICE CLASS RTOS Condition cause : null
2024-04-14 00:29:56,784 [WARN] ConditionMgr:1039 - genDependencies : Invalid condition id : UX DEVICE CLASS RTOS Condition cause : null
2024-04-14 00:29:56,784 [WARN] ConditionMgr:1039 - genDependencies : Invalid condition id : UX DEVICE CLASS RTOS Condition cause : null
2024-04-14 00:29:56,795 [WARN] PackLoader:240 - Cannot read IP mode file for STMicroelectronics.X-CUBE-NFC7.1.0.1
2024-04-14 00:29:56,800 [INFO] WebApp:161 - Instantiating new browser for Auth
2024-04-14 00:29:56,805 [WARN] PackLoader:240 - Cannot read IP mode file for STMicroelectronics.X-CUBE-NFC6.3.0.0
2024-04-14 00:29:56,818 [WARN] PackLoader:240 - Cannot read IP mode file for STMicroelectronics.X-CUBE-EEPRMA1.4.1.0
2024-04-14 00:29:56,838 [WARN] PackLoader:240 - Cannot read IP mode file for STMicroelectronics.X-CUBE-AI.8.1.0
2024-04-14 00:29:56,903 [WARN] ConditionMgr:438 - getConditionDescription Invalid condition id : LAN8742 Phy interface Condition cause : null
2024-04-14 00:29:56,905 [WARN] PackLoader:240 - Cannot read IP mode file for STMicroelectronics.X-CUBE-AZRTOS-L4.2.0.0
2024-04-14 00:29:56,908 [WARN] ConditionMgr:1039 - genDependencies : Invalid condition id : LAN8742 Phy interface Condition cause : null
2024-04-14 00:29:56,909 [WARN] ConditionMgr:1039 - genDependencies : Invalid condition id : LAN8742 Phy interface Condition cause : null
2024-04-14 00:29:56,915 [WARN] ConditionMgr:1039 - genDependencies : Invalid condition id : LAN8742 Phy interface Condition cause : null
2024-04-14 00:29:57,031 [WARN] PackLoader:240 - Cannot read IP mode file for STMicroelectronics.X-CUBE-SFXS2LP1.4.0.0
2024-04-14 00:29:57,040 [WARN] PackLoader:240 - Cannot read IP mode file for STMicroelectronics.X-CUBE-ISPU.1.1.0
2024-04-14 00:29:57,061 [WARN] ConditionMgr:438 - getConditionDescription Invalid condition id : UX DEVICE CLASS RTOS Condition cause : null
2024-04-14 00:29:57,062 [WARN] ConditionMgr:438 - getConditionDescription Invalid condition id : UX DEVICE CLASS RTOS Condition cause : null
2024-04-14 00:29:57,065 [WARN] PackLoader:240 - Cannot read IP mode file for STMicroelectronics.X-CUBE-AZRTOS-WB.2.0.0
2024-04-14 00:29:57,066 [WARN] ConditionMgr:1039 - genDependencies : Invalid condition id : UX DEVICE CLASS RTOS Condition cause : null
2024-04-14 00:29:57,066 [WARN] ConditionMgr:1039 - genDependencies : Invalid condition id : UX DEVICE CLASS RTOS Condition cause : null
2024-04-14 00:29:57,067 [WARN] ConditionMgr:1039 - genDependencies : Invalid condition id : UX DEVICE CLASS RTOS Condition cause : null
2024-04-14 00:29:57,067 [WARN] ConditionMgr:1039 - genDependencies : Invalid condition id : UX DEVICE CLASS RTOS Condition cause : null
2024-04-14 00:29:57,067 [WARN] ConditionMgr:1039 - genDependencies : Invalid condition id : UX DEVICE CLASS RTOS Condition cause : null
2024-04-14 00:29:57,080 [WARN] PackLoader:240 - Cannot read IP mode file for STMicroelectronics.X-CUBE-SUBG2.5.0.0
2024-04-14 00:29:57,097 [WARN] PackLoader:240 - Cannot read IP mode file for STMicroelectronics.X-CUBE-TOF1.3.3.1
2024-04-14 00:29:57,122 [WARN] PackLoader:240 - Cannot read IP mode file for STMicroelectronics.X-CUBE-AZRTOS-G4.2.0.0
2024-04-14 00:29:57,139 [WARN] PackLoader:240 - Cannot read IP mode file for Infineon.AIROC-Wi-Fi-Bluetooth-STM32.1.5.1
2024-04-14 00:29:57,181 [WARN] PackLoader:240 - Cannot read IP mode file for STMicroelectronics.FP-SNS-MOTENVWB1.1.3.0
2024-04-14 00:29:57,188 [WARN] PackLoader:240 - Cannot read IP mode file for STMicroelectronics.FP-SNS-MOTENVWB1.1.3.1
2024-04-14 00:29:57,194 [WARN] PackLoader:240 - Cannot read IP mode file for STMicroelectronics.X-CUBE-ISPU.2.0.0
2024-04-14 00:29:57,241 [WARN] PackLoader:240 - Cannot read IP mode file for STMicroelectronics.X-CUBE-MEMS1.10.0.0
2024-04-14 00:29:57,343 [WARN] PackLoader:240 - Cannot read IP mode file for STMicroelectronics.X-CUBE-FREERTOS.1.1.0
2024-04-14 00:29:57,354 [WARN] PackLoader:240 - Cannot read IP mode file for portGmbH.I-Cube-SoM-uGOAL.1.1.0
2024-04-14 00:29:57,361 [WARN] PackLoader:240 - Cannot read IP mode file for STMicroelectronics.X-CUBE-ALS.1.0.1
2024-04-14 00:29:57,368 [WARN] PackLoader:240 - Cannot read IP mode file for STMicroelectronics.FP-ATR-ASTRA1.2.0.0
2024-04-14 00:29:57,379 [WARN] PackLoader:240 - Cannot read IP mode file for STMicroelectronics.X-CUBE-TOF1.3.4.0
2024-04-14 00:29:57,411 [WARN] PackLoader:240 - Cannot read IP mode file for STMicroelectronics.X-CUBE-TOF1.3.4.1
2024-04-14 00:29:57,441 [WARN] PackLoader:240 - Cannot read IP mode file for STMicroelectronics.X-CUBE-AZRTOS-H7.3.2.0
2024-04-14 00:29:57,446 [INFO] ThirdParty:978 - Integrity check success = true
2024-04-14 00:29:57,447 [INFO] IntegrityCheckThread:100 - exiting critical section [integrity check]
2024-04-14 00:29:57,447 [INFO] IntegrityCheckThread:103 - End integrity checks thread
2024-04-14 00:29:58,253 [INFO] WebApp:780 - Register for checkConnection events
2024-04-14 00:29:58,253 [INFO] WebApp:414 - Apply proxy settings
2024-04-14 00:29:58,253 [INFO] WebApp:499 - Chromium requires no authentication
2024-04-14 00:29:58,264 [INFO] WebApp:442 - Direct internet connection detected
2024-04-14 00:29:58,486 [INFO] WebApp:192 - Starting web application
2024-04-14 00:29:58,487 [INFO] WebApp:544 - Web application path used E:\stm cube\STM32CubeIDE_1.13.2\STM32CubeIDE\plugins\com.st.stm32cube.common.mx_6.10.0.202311202037\db\plugins\mcufinder\reactClient1\index.html
2024-04-14 00:30:19,447 [ERROR] LogOutputStream:75 - [STDERR_REDIRECT] SLF4J: Failed to load class "org.slf4j.impl.StaticLoggerBinder".
2024-04-14 00:30:19,448 [ERROR] LogOutputStream:75 - [STDERR_REDIRECT] SLF4J: Defaulting to no-operation (NOP) logger implementation
2024-04-14 00:30:19,448 [ERROR] LogOutputStream:75 - [STDERR_REDIRECT] SLF4J: See http://www.slf4j.org/codes.html#StaticLoggerBinder for further details.
2024-04-14 00:37:10,110 [INFO] McuFinderGlobals:63 - Set McuFinder mode to 2 (CubeIDE integrated)
2024-04-14 00:37:10,141 [INFO] MainUpdater:2873 - connection check result : 10
2024-04-14 00:37:10,143 [INFO] MainUpdater:2873 - connection check result : 10
2024-04-14 00:37:10,368 [INFO] MicroXplorer:468 - Change Database Path : 
2024-04-14 00:37:10,369 [INFO] MicroXplorer:498 - Change Database Version : DB.6.0.100
2024-04-14 00:37:10,376 [WARN] ThirdParty:871 - waiting for thirdparty lock release [close project]
2024-04-14 00:37:10,377 [INFO] ThirdParty:873 - entering critical section [close project]
2024-04-14 00:37:10,378 [INFO] ThirdParty:883 - exiting critical section [close project]
2024-04-14 00:37:10,380 [INFO] PinOutPanel:1499 - setPackage(No Configuration,No Configuration)
2024-04-14 00:37:10,383 [INFO] UtilMem:75 - Begin LoadConfig() Used Memory: 833776736 Bytes (1073741824)
2024-04-14 00:37:10,388 [INFO] MicroXplorer:468 - Change Database Path : 
2024-04-14 00:37:10,388 [INFO] MicroXplorer:498 - Change Database Version : DB.6.0.100
2024-04-14 00:37:10,388 [INFO] OpenFileManager:312 - Change cursor
2024-04-14 00:37:10,522 [INFO] Mcu:2016 - Initializing MCU STM32G474R(B-C-E)Tx STM32G474RETx STM32G474RET6
2024-04-14 00:37:16,114 [INFO] Context:659 - Trying to add GPIOservice into a context  which must be forbidden
2024-04-14 00:37:17,948 [INFO] RtosManager:555 - Registered RTOS mode: class=CMSIS, group=RTOS, mode=CMSIS_V1, owner=FREERTOS
2024-04-14 00:37:17,948 [INFO] RtosManager:555 - Registered RTOS mode: class=CMSIS, group=RTOS2, mode=CMSIS_V2, owner=FREERTOS
2024-04-14 00:37:17,948 [INFO] RtosManager:555 - Registered RTOS mode: class=RTOS, group=Core, mode=CMSIS_V1, owner=FREERTOS
2024-04-14 00:37:17,948 [INFO] RtosManager:555 - Registered RTOS mode: class=RTOS, group=Core, mode=CMSIS_V2, owner=FREERTOS
2024-04-14 00:37:17,949 [WARN] ModelIntegratedComponent:184 - Missing modes for component STMicroelectronics:FreeRTOS:0.0.1:STMicroelectronics:RTOS:FreeRTOS:Core:::10.2.0:
2024-04-14 00:37:17,960 [WARN] ModelIntegratedComponent:63 - No mode defined for component null
2024-04-14 00:37:17,960 [WARN] ModelIntegratedComponent:63 - No mode defined for component null
2024-04-14 00:37:17,960 [WARN] ModelIntegratedComponent:63 - No mode defined for component null
2024-04-14 00:37:17,961 [WARN] ModelIntegratedComponent:63 - No mode defined for component null
2024-04-14 00:37:17,961 [WARN] ModelIntegratedComponent:63 - No mode defined for component null
2024-04-14 00:37:17,961 [WARN] ModelIntegratedComponent:63 - No mode defined for component null
2024-04-14 00:37:17,961 [WARN] ModelIntegratedComponent:63 - No mode defined for component null
2024-04-14 00:37:17,961 [WARN] ModelIntegratedComponent:63 - No mode defined for component null
2024-04-14 00:37:17,961 [WARN] ModelIntegratedComponent:63 - No mode defined for component null
2024-04-14 00:37:17,961 [WARN] ModelIntegratedComponent:63 - No mode defined for component null
2024-04-14 00:37:17,961 [WARN] ModelIntegratedComponent:63 - No mode defined for component null
2024-04-14 00:37:17,961 [WARN] ModelIntegratedComponent:63 - No mode defined for component null
2024-04-14 00:37:17,961 [WARN] ModelIntegratedComponent:63 - No mode defined for component null
2024-04-14 00:37:17,961 [WARN] ModelIntegratedComponent:63 - No mode defined for component null
2024-04-14 00:37:17,961 [WARN] ModelIntegratedComponent:63 - No mode defined for component null
2024-04-14 00:37:17,961 [WARN] ModelIntegratedComponent:63 - No mode defined for component null
2024-04-14 00:37:17,961 [WARN] ModelIntegratedComponent:63 - No mode defined for component null
2024-04-14 00:37:17,961 [WARN] ModelIntegratedComponent:63 - No mode defined for component null
2024-04-14 00:37:17,962 [WARN] ModelIntegratedComponent:63 - No mode defined for component null
2024-04-14 00:37:17,962 [WARN] ModelIntegratedComponent:63 - No mode defined for component null
2024-04-14 00:37:17,962 [WARN] ModelIntegratedComponent:63 - No mode defined for component null
2024-04-14 00:37:17,962 [WARN] ModelIntegratedComponent:63 - No mode defined for component null
2024-04-14 00:37:17,962 [WARN] ModelIntegratedComponent:63 - No mode defined for component null
2024-04-14 00:37:17,962 [WARN] ModelIntegratedComponent:63 - No mode defined for component null
2024-04-14 00:37:17,962 [WARN] ModelIntegratedComponent:63 - No mode defined for component null
2024-04-14 00:37:17,962 [WARN] ModelIntegratedComponent:63 - No mode defined for component null
2024-04-14 00:37:17,962 [WARN] ModelIntegratedComponent:63 - No mode defined for component null
2024-04-14 00:37:17,962 [WARN] ModelIntegratedComponent:63 - No mode defined for component null
2024-04-14 00:37:17,962 [WARN] ModelIntegratedComponent:63 - No mode defined for component null
2024-04-14 00:37:17,962 [WARN] ModelIntegratedComponent:63 - No mode defined for component null
2024-04-14 00:37:17,962 [WARN] ModelIntegratedComponent:63 - No mode defined for component null
2024-04-14 00:37:17,962 [WARN] ModelIntegratedComponent:63 - No mode defined for component null
2024-04-14 00:37:17,962 [WARN] ModelIntegratedComponent:63 - No mode defined for component null
2024-04-14 00:37:18,057 [INFO] ThirdPartyModel:298 - Start build external matchings
2024-04-14 00:37:18,551 [INFO] ThirdPartyModel:316 - End build external matchings
2024-04-14 00:37:18,584 [INFO] ImportTextPane:194 - (OptionalMessage_ERROR) IP (ADC1) : Parameter (CommonPathInternal) has invalid value (null|null|null|null)
2024-04-14 00:37:18,584 [INFO] ImportTextPane:194 - (OptionalMessage_ERROR) IP (DMA) : Parameter (Instance) has Id (ADC1) currently not set
2024-04-14 00:37:18,584 [INFO] ImportTextPane:194 - (OptionalMessage_ERROR) IP (DMA) : Parameter (Request) has Id (ADC1) currently not set
2024-04-14 00:37:18,584 [INFO] ImportTextPane:194 - (OptionalMessage_ERROR) IP (DMA) : Parameter (Direction) has Id (ADC1) currently not set
2024-04-14 00:37:18,584 [INFO] ImportTextPane:194 - (OptionalMessage_ERROR) IP (DMA) : Parameter (PeriphInc) has Id (ADC1) currently not set
2024-04-14 00:37:18,584 [INFO] ImportTextPane:194 - (OptionalMessage_ERROR) IP (DMA) : Parameter (MemInc) has Id (ADC1) currently not set
2024-04-14 00:37:18,584 [INFO] ImportTextPane:194 - (OptionalMessage_ERROR) IP (DMA) : Parameter (PeriphDataAlignment) has Id (ADC1) currently not set
2024-04-14 00:37:18,585 [INFO] ImportTextPane:194 - (OptionalMessage_ERROR) IP (DMA) : Parameter (MemDataAlignment) has Id (ADC1) currently not set
2024-04-14 00:37:18,585 [INFO] ImportTextPane:194 - (OptionalMessage_ERROR) IP (DMA) : Parameter (Mode) has Id (ADC1) currently not set
2024-04-14 00:37:18,585 [INFO] ImportTextPane:194 - (OptionalMessage_ERROR) IP (DMA) : Parameter (Priority) has Id (ADC1) currently not set
2024-04-14 00:37:18,585 [INFO] ImportTextPane:194 - (OptionalMessage_ERROR) IP (DMA) : Parameter (SignalID) has Id (ADC1) currently not set
2024-04-14 00:37:18,585 [INFO] ImportTextPane:194 - (OptionalMessage_ERROR) IP (DMA) : Parameter (Polarity) has Id (ADC1) currently not set
2024-04-14 00:37:18,585 [INFO] ImportTextPane:194 - (OptionalMessage_ERROR) IP (DMA) : Parameter (RequestNumber) has Id (ADC1) currently not set
2024-04-14 00:37:18,585 [INFO] ImportTextPane:194 - (OptionalMessage_ERROR) IP (DMA) : Parameter (SyncSignalID) has Id (ADC1) currently not set
2024-04-14 00:37:18,585 [INFO] ImportTextPane:194 - (OptionalMessage_ERROR) IP (DMA) : Parameter (SyncPolarity) has Id (ADC1) currently not set
2024-04-14 00:37:18,585 [INFO] ImportTextPane:194 - (OptionalMessage_ERROR) IP (DMA) : Parameter (SyncEnable) has Id (ADC1) currently not set
2024-04-14 00:37:18,585 [INFO] ImportTextPane:194 - (OptionalMessage_ERROR) IP (DMA) : Parameter (EventEnable) has Id (ADC1) currently not set
2024-04-14 00:37:18,585 [INFO] ImportTextPane:194 - (OptionalMessage_ERROR) IP (DMA) : Parameter (SyncRequestNumber) has Id (ADC1) currently not set
2024-04-14 00:37:18,588 [INFO] ImportTextPane:194 - (OptionalMessage_ERROR) IP (RCC) : Invalid parameter (FamilyName)
2024-04-14 00:37:18,590 [INFO] ImportTextPane:194 - (OptionalMessage_ERROR) IP (RCC) : Parameter (RNGFreq_Value) has invalid value (170000000)
2024-04-14 00:37:18,590 [INFO] ImportTextPane:194 - (OptionalMessage_ERROR) IP (RCC) : Parameter (USBFreq_Value) has invalid value (170000000)
2024-04-14 00:37:19,492 [INFO] UtilMem:75 - End LoadConfig() Used Memory: 738161416 Bytes (1073741824)
2024-04-14 00:37:19,685 [INFO] ApiDb:581 - Connected to CubeFinder SQLite database (C:\Users\bcc35\.stmcufinder\plugins\mcufinder\mcu\cube-finder-db.db)
2024-04-14 00:37:19,771 [INFO] ApiDb:668 - CubeFinder database Data Model version=2.1
2024-04-14 00:37:19,771 [INFO] ApiDb:669 - CubeFinder database Configuration version=3.0.39
2024-04-14 00:37:19,771 [INFO] ApiDb:670 - CubeFinder database generation date=2024-03-25 (1711369621)
2024-04-14 00:37:19,772 [INFO] ApiDb:671 - CubeFinder database FW Pack versions=[FP-ATR-ASTRA1_V2.0.0, FP-SNS-FLIGHT1_V5.0.1, FP-SNS-FLIGHT1_V5.0.2, FP-SNS-MOTENV1_V4.3.1, FP-SNS-MOTENV1_V4.3.2, FP-SNS-MOTENVWB1_V1.3.1, FP-SNS-SMARTAG2_V1.2.0, STM32Cube_FW_C0_V1.1.0, STM32Cube_FW_F4_V1.28.0, STM32Cube_FW_F7_V1.17.0, STM32Cube_FW_G0_V1.6.2, STM32Cube_FW_G4_V1.5.2, STM32Cube_FW_H5_V0.5.1, STM32Cube_FW_H5_V1.1.1, STM32Cube_FW_H5_V1.2.0, STM32Cube_FW_H5_V1.2.0RC4, STM32Cube_FW_H7RS_V1.0.0, STM32Cube_FW_H7RS_V1.0.0RC4, STM32Cube_FW_H7_V1.11.0, STM32Cube_FW_L0_V1.12.2, STM32Cube_FW_L5_V1.5.1, STM32Cube_FW_U0_V1.0.0, STM32Cube_FW_U0_V1.0.0RC1, STM32Cube_FW_U5_V1.3.0RC4, STM32Cube_FW_U5_V1.5.0, STM32Cube_FW_U5_V1.5.0RC1, STM32Cube_FW_WBA_V1.0.0RC1, STM32Cube_FW_WBA_V1.2.0, STM32Cube_FW_WBA_V1.2.0RC2, STM32Cube_FW_WBA_V1.3.0, STM32Cube_FW_WBA_V1.3.0RC1, STM32Cube_FW_WB_V1.15.0RC1, STM32Cube_FW_WB_V1.16.0, STM32Cube_FW_WB_V1.16.0RC2, STM32Cube_FW_WB_V1.18.0, STM32Cube_FW_WB_V1.19.0, STM32Cube_FW_WL_V1.3.0, X-CUBE-ALGOBUILD_V1.3.0, X-CUBE-ALS_V1.0.1, X-CUBE-AZRTOS-F4_V1.1.0, X-CUBE-AZRTOS-F7_V1.1.0, X-CUBE-AZRTOS-G0_V1.1.0, X-CUBE-AZRTOS-G4_V2.0.0, X-CUBE-AZRTOS-H7_V3.2.0, X-CUBE-AZRTOS-L4_V1.0.0, X-CUBE-AZRTOS-L4_V2.0.0, X-CUBE-AZRTOS-L5_V1.1.0, X-CUBE-AZRTOS-WB_V2.0.0, X-CUBE-AZRTOS-WL_V2.0.0, X-CUBE-BLE1_V7.0.0, X-CUBE-BLE2_V3.3.0, X-CUBE-BLEMGR_V3.1.0, X-CUBE-EEPRMA1_V4.1.0, X-CUBE-EEPRMA1_V5.1.0, X-CUBE-FREERTOS_V1.1.0, X-CUBE-GNSS1_V6.0.0, X-CUBE-MEMS1_V10.0.0, X-CUBE-MEMS1_V9.1.0, X-CUBE-MEMS1_V9.4.0, X-CUBE-MEMS1_V9.6.0, X-CUBE-NFC4_V3.0.0, X-CUBE-NFC7_V1.0.1, X-CUBE-SFXS2LP1_V4.0.0, X-CUBE-SUBG2_V5.0.0, X-CUBE-TOF1_V3.4.0]
2024-04-14 00:37:21,674 [INFO] ApiDb:240 - Found 371 in-development CPN: [B-G473E-ZEST1S, B-WB1M-WPAN1, B-WL5M-SUBG1, NUCLEO-C031C6, NUCLEO-H503RB, NUCLEO-H563ZI, NUCLEO-U545RE-Q, NUCLEO-U5A5ZJ-Q, NUCLEO-WBA52CG, NUCLEO-WBA55CG, STEVAL-MKBOXPRO, STEVAL-PROTEUS1, STEVAL-STWINBX1, STM320518-EVAL, STM32C0116-DK, STM32C011D6Y3TR, STM32C011D6Y6TR, STM32C011F4P3, STM32C011F4P6, STM32C011F4U3, STM32C011F4U6TR, STM32C011F6P3, STM32C011F6P6, STM32C011F6U3, STM32C011F6U6TR, STM32C011J4M3, STM32C011J4M6, STM32C011J6M3, STM32C011J6M6, STM32C0316-DK, STM32C031C4T3, STM32C031C4T6, STM32C031C4U3, STM32C031C4U6, STM32C031C6T3, STM32C031C6T6, STM32C031C6U3, STM32C031C6U6, STM32C031F4P3, STM32C031F4P6, STM32C031F6P3, STM32C031F6P6, STM32C031G4U3, STM32C031G4U6, STM32C031G6U3, STM32C031G6U6, STM32C031K4T3, STM32C031K4T6, STM32C031K4U3, STM32C031K4U6, STM32C031K6T3, STM32C031K6T6, STM32C031K6U3, STM32C031K6U6, STM32G071K8TXN, STM32G071K8UXN, STM32G081GBU6N, STM32G081KBT6N, STM32G081KBUXN, STM32G0B1CCT6N, STM32G0B1KCT6, STM32G0B1NEY6TR, STM32G0B1RCT6N, STM32G0C1CCT6, STM32G0C1CCT6N, STM32G0C1CCU6N, STM32G0C1CET6N, STM32G0C1CEU6N, STM32G0C1KCT6, STM32G0C1NEY6TR, STM32G0C1RCI6N, STM32G0C1RCT6N, STM32G0C1REI6N, STM32G0C1RET6N, STM32G0C1VCI6, STM32G0C1VEI6, STM32G471CCT6, STM32G471CCU6, STM32G471CET3, STM32G471CET6, STM32G471CEU3, STM32G471CEU6, STM32G471MCT6, STM32G471MET3, STM32G471MET6, STM32G471MEY6TR, STM32G471QCT6, STM32G471QET3, STM32G471RCT6, STM32G471RET3, STM32G471RET6, STM32G471VCH6, STM32G471VCI6, STM32G471VCT6, STM32G471VEH3, STM32G471VEH6, STM32G471VEI3, STM32G471VEI6, STM32G471VET3, STM32G471VET6, STM32G474CCT6, STM32H503CBT6, STM32H503CBU6, STM32H503EBY6TR, STM32H503KBU6, STM32H503RBT6, STM32H562AGI6, STM32H562AII6, STM32H562IGK6, STM32H562IGT6, STM32H562IIK6, STM32H562IIT6, STM32H562RGT6, STM32H562RGV6, STM32H562RIT6, STM32H562RIV6, STM32H562VGT6, STM32H562VIT6, STM32H562ZGT6, STM32H562ZIT6, STM32H563AGI6, STM32H563AII3Q, STM32H563AII6, STM32H563IGK6, STM32H563IGT6, STM32H563IIK3Q, STM32H563IIK6, STM32H563IIT3Q, STM32H563IIT6, STM32H563MIY3QTR, STM32H563RGT6, STM32H563RGV6, STM32H563RIT6, STM32H563RIV6, STM32H563VGT6, STM32H563VIT3Q, STM32H563VIT6, STM32H563ZGT6, STM32H563ZIT3Q, STM32H563ZIT6, STM32H573AII3Q, STM32H573AII6, STM32H573I-DK, STM32H573IIK3Q, STM32H573IIK6, STM32H573IIT3Q, STM32H573IIT6, STM32H573MIY3QTR, STM32H573RIT6, STM32H573RIV6, STM32H573VIT3Q, STM32H573VIT6, STM32H573ZIT3Q, STM32H573ZIT6, STM32L4R5QGI6STR, STM32MP131AAE3, STM32MP131AAF3, STM32MP131AAG3, STM32MP131CAE3, STM32MP131CAF3, STM32MP131CAG3, STM32MP131DAE7, STM32MP131DAF7, STM32MP131DAG7, STM32MP131FAE7, STM32MP131FAF7, STM32MP131FAG7, STM32MP133AAE3, STM32MP133AAF3, STM32MP133AAG3, STM32MP133CAE3, STM32MP133CAF3, STM32MP133CAG3, STM32MP133DAE7, STM32MP133DAF7, STM32MP133DAG7, STM32MP133FAE7, STM32MP133FAF7, STM32MP133FAG7, STM32MP135AAE3, STM32MP135AAF3, STM32MP135AAG3, STM32MP135CAE3, STM32MP135CAF3, STM32MP135CAG3, STM32MP135DAE7, STM32MP135DAF7, STM32MP135DAG7, STM32MP135F-DK, STM32MP135FAE7, STM32MP135FAF7, STM32MP135FAF7T, STM32MP135FAF7U, STM32MP135FAG7, STM32U535CBT6, STM32U535CBT6Q, STM32U535CBU6, STM32U535CBU6Q, STM32U535CCT6, STM32U535CCT6Q, STM32U535CCU6, STM32U535CCU6Q, STM32U535CET6, STM32U535CET6Q, STM32U535CEU6, STM32U535CEU6Q, STM32U535JEY6QTR, STM32U535NCY6QTR, STM32U535NEY6QTR, STM32U535RBI6, STM32U535RBI6Q, STM32U535RBT6, STM32U535RBT6Q, STM32U535RCI6, STM32U535RCI6Q, STM32U535RCT6, STM32U535RCT6Q, STM32U535REI6, STM32U535REI6Q, STM32U535RET6, STM32U535RET6Q, STM32U535VCI6, STM32U535VCI6Q, STM32U535VCT6, STM32U535VCT6Q, STM32U535VEI6, STM32U535VEI6Q, STM32U535VET6, STM32U535VET6Q, STM32U545CET6, STM32U545CET6Q, STM32U545CEU6, STM32U545CEU6Q, STM32U545JEY6QTR, STM32U545NEY6QTR, STM32U545REI6, STM32U545REI6Q, STM32U545RET6, STM32U545RET6Q, STM32U545VEI6, STM32U545VEI6Q, STM32U545VET6, STM32U545VET6Q, STM32U595AIH6, STM32U595AIH6Q, STM32U595AJH6, STM32U595AJH6Q, STM32U595QII6, STM32U595QII6Q, STM32U595QJI6, STM32U595QJI6Q, STM32U595RIT6, STM32U595RIT6Q, STM32U595RJT6, STM32U595RJT6Q, STM32U595VIT6, STM32U595VIT6Q, STM32U595VJT6, STM32U595VJT6Q, STM32U595ZIT6, STM32U595ZIT6Q, STM32U595ZIY6QTR, STM32U595ZJT6, STM32U595ZJT6Q, STM32U595ZJY6QTR, STM32U599BJY6QTR, STM32U599NIH6Q, STM32U599NJH6Q, STM32U599VIT6Q, STM32U599VJT6, STM32U599VJT6Q, STM32U599ZIT6Q, STM32U599ZIY6QTR, STM32U599ZJT6Q, STM32U599ZJY6QTR, STM32U5A5AJH6, STM32U5A5AJH6Q, STM32U5A5QJI6, STM32U5A5QJI6Q, STM32U5A5RJT6, STM32U5A5RJT6Q, STM32U5A5VJT6, STM32U5A5VJT6Q, STM32U5A5ZJT6, STM32U5A5ZJT6Q, STM32U5A5ZJY6QTR, STM32U5A9BJY6QTR, STM32U5A9J-DK, STM32U5A9NJH6Q, STM32U5A9VJT6Q, STM32U5A9ZJT6Q, STM32U5A9ZJY6QTR, STM32U5F7VIT6, STM32U5F7VIT6Q, STM32U5F7VJT6, STM32U5F7VJT6Q, STM32U5F9BJY6QTR, STM32U5F9NJH6Q, STM32U5F9VIT6Q, STM32U5F9VJT6Q, STM32U5F9ZIJ6QTR, STM32U5F9ZIT6Q, STM32U5F9ZJJ6QTR, STM32U5F9ZJT6Q, STM32U5G7VJT6, STM32U5G7VJT6Q, STM32U5G9BJY6QTR, STM32U5G9J-DK1, STM32U5G9J-DK2, STM32U5G9NJH6Q, STM32U5G9VJT6Q, STM32U5G9ZJJ6QTR, STM32U5G9ZJT6Q, STM32WB1MMCH6, STM32WBA50KEU6, STM32WBA50KEU6TR, STM32WBA50KGU6, STM32WBA50KGU6TR, STM32WBA52CEU6, STM32WBA52CEU6TR, STM32WBA52CEU7, STM32WBA52CEU7TR, STM32WBA52CGU6, STM32WBA52CGU6TR, STM32WBA52CGU6U, STM32WBA52CGU7, STM32WBA52CGU7TR, STM32WBA52KEU6, STM32WBA52KEU6TR, STM32WBA52KGU6, STM32WBA52KGU6TR, STM32WBA54CEU6, STM32WBA54CEU6TR, STM32WBA54CEU7, STM32WBA54CEU7TR, STM32WBA54CGU6, STM32WBA54CGU6TR, STM32WBA54CGU7, STM32WBA54CGU7TR, STM32WBA54KEU6, STM32WBA54KEU6TR, STM32WBA54KEU7, STM32WBA54KEU7TR, STM32WBA54KGU6, STM32WBA54KGU6TR, STM32WBA54KGU7, STM32WBA54KGU7TR, STM32WBA55CEU6, STM32WBA55CEU6TR, STM32WBA55CEU7, STM32WBA55CEU7TR, STM32WBA55CGU6, STM32WBA55CGU6TR, STM32WBA55CGU6U, STM32WBA55CGU7, STM32WBA55CGU7TR, STM32WBA55G-DK1, STM32WBA55HEF6, STM32WBA55HEF7, STM32WBA55HGF6, STM32WBA55HGF7, STM32WBA55UEI6, STM32WBA55UEI6TR, STM32WBA55UEI7, STM32WBA55UEI7TR, STM32WBA55UGI6, STM32WBA55UGI6TR, STM32WBA55UGI7, STM32WBA55UGI7TR, STM32WL5MOCH6, STM32WL5MOCH6TR]
2024-04-14 00:37:21,677 [INFO] DbMcus:218 - Found 4069 MCUs, 4069 are supported
2024-04-14 00:37:21,678 [INFO] ApiDb:423 - Load user favorites file C:\Users\bcc35/.stm32cubeide/favorites.mcus.txt: 0 item(s)
2024-04-14 00:37:21,678 [INFO] ApiDb:427 - User favorites MCUs=[]
2024-04-14 00:37:21,678 [INFO] DbMcus:224 - Set 0 / 0 favorites MCUs
2024-04-14 00:37:22,175 [INFO] MicroXplorer:468 - Change Database Path : 
2024-04-14 00:37:22,175 [INFO] MicroXplorer:498 - Change Database Version : DB.6.0.100
2024-04-14 00:37:22,175 [WARN] ThirdParty:833 - waiting for thirdparty lock release [change project]
2024-04-14 00:37:22,175 [INFO] ThirdParty:835 - entering critical section [change project]
2024-04-14 00:37:22,175 [INFO] ThirdParty:1030 - CMSIS Pack Vendor :STMicroelectronics X-CUBE-ISPU 1.1.0
2024-04-14 00:37:22,175 [INFO] ThirdParty:1030 - CMSIS Pack Vendor :STMicroelectronics USBPD 4.1
2024-04-14 00:37:22,176 [INFO] ThirdParty:1030 - CMSIS Pack Vendor :STMicroelectronics X-CUBE-GNSS1 6.0.0
2024-04-14 00:37:22,176 [INFO] ThirdParty:1030 - CMSIS Pack Vendor :STMicroelectronics USB_HOST 2.0.0
2024-04-14 00:37:22,176 [INFO] ThirdParty:1030 - CMSIS Pack Vendor :STMicroelectronics X-CUBE-AZRTOS-F4 1.1.0
2024-04-14 00:37:22,176 [INFO] ThirdParty:1030 - CMSIS Pack Vendor :STMicroelectronics LIBJPEG 8.0.0
2024-04-14 00:37:22,176 [INFO] ThirdParty:1030 - CMSIS Pack Vendor :wolfSSL I-CUBE-wolfSSL 5.6.3
2024-04-14 00:37:22,176 [INFO] ThirdParty:1030 - CMSIS Pack Vendor :STMicroelectronics X-CUBE-SMBUS 2.1.0
2024-04-14 00:37:22,176 [INFO] ThirdParty:1030 - CMSIS Pack Vendor :STMicroelectronics USB_DEVICE 3.0.0
2024-04-14 00:37:22,176 [INFO] ThirdParty:1030 - CMSIS Pack Vendor :STMicroelectronics X-CUBE-TCPP 4.1.0
2024-04-14 00:37:22,176 [INFO] ThirdParty:1030 - CMSIS Pack Vendor :STMicroelectronics X-CUBE-AZRTOS-WB 2.0.0
2024-04-14 00:37:22,176 [INFO] ThirdParty:1030 - CMSIS Pack Vendor :STMicroelectronics X-CUBE-TOUCHGFX 4.23.0
2024-04-14 00:37:22,176 [INFO] ThirdParty:1030 - CMSIS Pack Vendor :STMicroelectronics X-CUBE-TOUCHGFX 4.23.2
2024-04-14 00:37:22,176 [INFO] ThirdParty:1030 - CMSIS Pack Vendor :STMicroelectronics X-CUBE-AZRTOS-F7 1.1.0
2024-04-14 00:37:22,176 [INFO] ThirdParty:1030 - CMSIS Pack Vendor :STMicroelectronics X-CUBE-AZRTOS-L5 2.0.0
2024-04-14 00:37:22,176 [INFO] ThirdParty:1030 - CMSIS Pack Vendor :STMicroelectronics USB_DEVICE 2.0.0
2024-04-14 00:37:22,176 [INFO] ThirdParty:1030 - CMSIS Pack Vendor :STMicroelectronics X-CUBE-MEMS1 9.6.0
2024-04-14 00:37:22,176 [INFO] ThirdParty:1030 - CMSIS Pack Vendor :STMicroelectronics X-CUBE-EEPRMA1 4.2.0
2024-04-14 00:37:22,176 [INFO] ThirdParty:1030 - CMSIS Pack Vendor :STMicroelectronics X-CUBE-NFC6 3.1.0
2024-04-14 00:37:22,176 [INFO] ThirdParty:1030 - CMSIS Pack Vendor :ITTIA_DB I-CUBE-ITTIADB 8.8.0
2024-04-14 00:37:22,176 [INFO] ThirdParty:1030 - CMSIS Pack Vendor :STMicroelectronics FP-SNS-MOTENV1 4.3.2
2024-04-14 00:37:22,176 [INFO] ThirdParty:1030 - CMSIS Pack Vendor :ARM CMSIS-DSP 1.15.0
2024-04-14 00:37:22,176 [INFO] ThirdParty:1030 - CMSIS Pack Vendor :STMicroelectronics X-CUBE-ALGOBUILD 1.3.0
2024-04-14 00:37:22,176 [INFO] ThirdParty:1030 - CMSIS Pack Vendor :STMicroelectronics FreeRTOS 0.0.1
2024-04-14 00:37:22,176 [INFO] ThirdParty:1030 - CMSIS Pack Vendor :STMicroelectronics X-CUBE-AZRTOS-G0 1.1.0
2024-04-14 00:37:22,176 [INFO] ThirdParty:1030 - CMSIS Pack Vendor :STMicroelectronics X-CUBE-BLEMGR 2.0.0
2024-04-14 00:37:22,176 [INFO] ThirdParty:1030 - CMSIS Pack Vendor :STMicroelectronics X-CUBE-SAFEA1 1.2.2
2024-04-14 00:37:22,176 [INFO] ThirdParty:1030 - CMSIS Pack Vendor :STMicroelectronics X-CUBE-NFC4 3.0.0
2024-04-14 00:37:22,176 [INFO] ThirdParty:1030 - CMSIS Pack Vendor :STMicroelectronics X-CUBE-SUBG2 5.0.0
2024-04-14 00:37:22,176 [INFO] ThirdParty:1030 - CMSIS Pack Vendor :STMicroelectronics STM32_WPAN 1.0.0
2024-04-14 00:37:22,176 [INFO] ThirdParty:1030 - CMSIS Pack Vendor :STMicroelectronics lwIP 2.0.3
2024-04-14 00:37:22,176 [INFO] ThirdParty:1030 - CMSIS Pack Vendor :STMicroelectronics FP-SNS-FLIGHT1 5.0.2
2024-04-14 00:37:22,177 [INFO] ThirdParty:1030 - CMSIS Pack Vendor :STMicroelectronics USB_HOST 1.0.0
2024-04-14 00:37:22,177 [INFO] ThirdParty:1030 - CMSIS Pack Vendor :STMicroelectronics X-CUBE-TOF1 3.3.1
2024-04-14 00:37:22,177 [INFO] ThirdParty:1030 - CMSIS Pack Vendor :STMicroelectronics X-CUBE-AZRTOS-G4 2.0.0
2024-04-14 00:37:22,177 [INFO] ThirdParty:1030 - CMSIS Pack Vendor :STMicroelectronics PDM2PCM 3.1.0
2024-04-14 00:37:22,177 [INFO] ThirdParty:1030 - CMSIS Pack Vendor :STMicroelectronics X-CUBE-AZRTOS-H7 3.1.0
2024-04-14 00:37:22,177 [INFO] ThirdParty:1030 - CMSIS Pack Vendor :Infineon AIROC-Wi-Fi-Bluetooth-STM32 1.5.1
2024-04-14 00:37:22,177 [INFO] ThirdParty:1030 - CMSIS Pack Vendor :STMicroelectronics X-CUBE-BLEMGR 3.0.0
2024-04-14 00:37:22,177 [INFO] ThirdParty:1030 - CMSIS Pack Vendor :STMicroelectronics PDM2PCM 3.3.0
2024-04-14 00:37:22,177 [INFO] ThirdParty:1030 - CMSIS Pack Vendor :STMicroelectronics X-CUBE-DISPLAY 3.0.0
2024-04-14 00:37:22,177 [INFO] ThirdParty:1030 - CMSIS Pack Vendor :STMicroelectronics FP-SNS-MOTENVWB1 1.3.0
2024-04-14 00:37:22,177 [INFO] ThirdParty:1030 - CMSIS Pack Vendor :STMicroelectronics FP-SNS-MOTENVWB1 1.3.1
2024-04-14 00:37:22,177 [INFO] ThirdParty:1030 - CMSIS Pack Vendor :STMicroelectronics X-CUBE-BLE1 7.0.0
2024-04-14 00:37:22,177 [INFO] ThirdParty:1030 - CMSIS Pack Vendor :STMicroelectronics FP-ATR-SIGFOX1 3.2.0
2024-04-14 00:37:22,177 [INFO] ThirdParty:1030 - CMSIS Pack Vendor :STMicroelectronics X-CUBE-ISPU 2.0.0
2024-04-14 00:37:22,177 [INFO] ThirdParty:1030 - CMSIS Pack Vendor :STMicroelectronics X-CUBE-EEPRMA1 5.1.0
2024-04-14 00:37:22,177 [INFO] ThirdParty:1030 - CMSIS Pack Vendor :STMicroelectronics HAL Drivers 0.0.0
2024-04-14 00:37:22,177 [INFO] ThirdParty:1030 - CMSIS Pack Vendor :STMicroelectronics MBEDTLS 2.16.2
2024-04-14 00:37:22,177 [INFO] ThirdParty:1030 - CMSIS Pack Vendor :emotas I-CUBE-CANOPEN 1.3.0
2024-04-14 00:37:22,177 [INFO] ThirdParty:1030 - CMSIS Pack Vendor :STMicroelectronics X-CUBE-MEMS1 10.0.0
2024-04-14 00:37:22,177 [INFO] ThirdParty:1030 - CMSIS Pack Vendor :STMicroelectronics X-CUBE-FREERTOS 1.1.0
2024-04-14 00:37:22,177 [INFO] ThirdParty:1030 - CMSIS Pack Vendor :STMicroelectronics X-CUBE-NFC7 1.0.1
2024-04-14 00:37:22,177 [INFO] ThirdParty:1030 - CMSIS Pack Vendor :STMicroelectronics MBEDTLS 2.14.1
2024-04-14 00:37:22,177 [INFO] ThirdParty:1030 - CMSIS Pack Vendor :STMicroelectronics X-CUBE-TOUCHGFX 4.22.1
2024-04-14 00:37:22,177 [INFO] ThirdParty:1030 - CMSIS Pack Vendor :STMicroelectronics X-CUBE-NFC6 3.0.0
2024-04-14 00:37:22,177 [INFO] ThirdParty:1030 - CMSIS Pack Vendor :STMicroelectronics X-CUBE-EEPRMA1 4.1.0
2024-04-14 00:37:22,177 [INFO] ThirdParty:1030 - CMSIS Pack Vendor :portGmbH I-Cube-SoM-uGOAL 1.1.0
2024-04-14 00:37:22,177 [INFO] ThirdParty:1030 - CMSIS Pack Vendor :STMicroelectronics X-CUBE-ALS 1.0.1
2024-04-14 00:37:22,177 [INFO] ThirdParty:1030 - CMSIS Pack Vendor :STMicroelectronics X-CUBE-BLEMGR 3.1.0
2024-04-14 00:37:22,177 [INFO] ThirdParty:1030 - CMSIS Pack Vendor :STMicroelectronics ThreadX 1.0.0
2024-04-14 00:37:22,178 [INFO] ThirdParty:1030 - CMSIS Pack Vendor :STMicroelectronics FP-SNS-SMARTAG2 1.2.0
2024-04-14 00:37:22,178 [INFO] ThirdParty:1030 - CMSIS Pack Vendor :STMicroelectronics X-CUBE-AZRTOS-WL 2.0.0
2024-04-14 00:37:22,178 [INFO] ThirdParty:1030 - CMSIS Pack Vendor :SEGGER I-CUBE-embOS 1.3.1
2024-04-14 00:37:22,178 [INFO] ThirdParty:1030 - CMSIS Pack Vendor :STMicroelectronics FP-SNS-MOTENV1 5.0.0
2024-04-14 00:37:22,178 [INFO] ThirdParty:1030 - CMSIS Pack Vendor :STMicroelectronics USB_DEVICE 1.0.0
2024-04-14 00:37:22,178 [INFO] ThirdParty:1030 - CMSIS Pack Vendor :STMicroelectronics X-CUBE-AI 8.1.0
2024-04-14 00:37:22,178 [INFO] ThirdParty:1030 - CMSIS Pack Vendor :STMicroelectronics X-CUBE-AZRTOS-L4 2.0.0
2024-04-14 00:37:22,178 [INFO] ThirdParty:1030 - CMSIS Pack Vendor :ARM CMSIS 6.0.0
2024-04-14 00:37:22,178 [INFO] ThirdParty:1030 - CMSIS Pack Vendor :STMicroelectronics ThreadX 0.0.2
2024-04-14 00:37:22,178 [INFO] ThirdParty:1030 - CMSIS Pack Vendor :WES I-CUBE-Cesium 1.3.0
2024-04-14 00:37:22,178 [INFO] ThirdParty:1030 - CMSIS Pack Vendor :STMicroelectronics FP-ATR-ASTRA1 2.0.0
2024-04-14 00:37:22,178 [INFO] ThirdParty:1030 - CMSIS Pack Vendor :STMicroelectronics lwIP 2.1.2
2024-04-14 00:37:22,178 [INFO] ThirdParty:1030 - CMSIS Pack Vendor :STMicroelectronics X-CUBE-SFXS2LP1 4.0.0
2024-04-14 00:37:22,178 [INFO] ThirdParty:1030 - CMSIS Pack Vendor :STMicroelectronics X-CUBE-BLE2 3.3.0
2024-04-14 00:37:22,178 [INFO] ThirdParty:1030 - CMSIS Pack Vendor :STMicroelectronics X-CUBE-TOF1 3.4.0
2024-04-14 00:37:22,178 [INFO] ThirdParty:1030 - CMSIS Pack Vendor :STMicroelectronics X-CUBE-TOF1 3.4.1
2024-04-14 00:37:22,178 [INFO] ThirdParty:1030 - CMSIS Pack Vendor :STMicroelectronics X-CUBE-AZRTOS-H7 3.2.0
2024-04-14 00:37:22,178 [INFO] ThirdParty:1030 - CMSIS Pack Vendor :STMicroelectronics PDM2PCM 3.2.0
2024-04-14 00:37:22,178 [INFO] ThirdParty:841 - exiting critical section [change project]
2024-04-14 00:37:22,794 [INFO] PinOutPanel:1499 - setPackage(No Configuration,No Configuration)
2024-04-14 00:37:22,795 [INFO] PinOutPanel:1499 - setPackage(STM32G474RETx,LQFP64)
2024-04-14 00:37:23,558 [INFO] UtilMem:75 - Before build in PCC Used Memory: 748949472 Bytes (1073741824)
2024-04-14 00:37:24,990 [INFO] UtilMem:75 - After build in PCC Used Memory: 919773160 Bytes (1073741824)
2024-04-14 00:37:25,038 [INFO] IPUIPlugin:80 - create IPUIPlugin
2024-04-14 00:37:25,039 [INFO] IPUIPlugin:80 - create IPUIPlugin
2024-04-14 00:37:25,039 [INFO] IPUIPlugin:80 - create IPUIPlugin
2024-04-14 00:37:25,039 [INFO] IPUIPlugin:80 - create IPUIPlugin
2024-04-14 00:37:25,039 [INFO] IPUIPlugin:80 - create IPUIPlugin
2024-04-14 00:37:25,039 [INFO] IPUIPlugin:80 - create IPUIPlugin
2024-04-14 00:37:25,039 [INFO] IPUIPlugin:80 - create IPUIPlugin
2024-04-14 00:37:25,040 [INFO] IPUIPlugin:80 - create IPUIPlugin
2024-04-14 00:37:25,040 [INFO] IPUIPlugin:80 - create IPUIPlugin
2024-04-14 00:37:25,040 [INFO] IPUIPlugin:80 - create IPUIPlugin
2024-04-14 00:37:25,040 [INFO] IPUIPlugin:80 - create IPUIPlugin
2024-04-14 00:37:25,040 [INFO] IPUIPlugin:80 - create IPUIPlugin
2024-04-14 00:37:25,040 [INFO] IPUIPlugin:80 - create IPUIPlugin
2024-04-14 00:37:25,041 [INFO] IPUIPlugin:80 - create IPUIPlugin
2024-04-14 00:37:25,041 [INFO] IPUIPlugin:80 - create IPUIPlugin
2024-04-14 00:37:25,041 [INFO] IPUIPlugin:80 - create IPUIPlugin
2024-04-14 00:37:25,041 [INFO] IPUIPlugin:80 - create IPUIPlugin
2024-04-14 00:37:25,041 [INFO] IPUIPlugin:80 - create IPUIPlugin
2024-04-14 00:37:25,041 [INFO] IPUIPlugin:80 - create IPUIPlugin
2024-04-14 00:37:25,042 [INFO] IPUIPlugin:80 - create IPUIPlugin
2024-04-14 00:37:25,042 [INFO] IPUIPlugin:80 - create IPUIPlugin
2024-04-14 00:37:25,042 [INFO] IPUIPlugin:80 - create IPUIPlugin
2024-04-14 00:37:25,042 [INFO] IPUIPlugin:80 - create IPUIPlugin
2024-04-14 00:37:25,042 [INFO] IPUIPlugin:80 - create IPUIPlugin
2024-04-14 00:37:25,042 [INFO] IPUIPlugin:80 - create IPUIPlugin
2024-04-14 00:37:25,042 [INFO] IPUIPlugin:80 - create IPUIPlugin
2024-04-14 00:37:25,042 [INFO] IPUIPlugin:80 - create IPUIPlugin
2024-04-14 00:37:25,043 [INFO] IPUIPlugin:80 - create IPUIPlugin
2024-04-14 00:37:25,043 [INFO] IPUIPlugin:80 - create IPUIPlugin
2024-04-14 00:37:25,043 [INFO] IPUIPlugin:80 - create IPUIPlugin
2024-04-14 00:37:25,043 [INFO] IPUIPlugin:80 - create IPUIPlugin
2024-04-14 00:37:25,043 [INFO] IPUIPlugin:80 - create IPUIPlugin
2024-04-14 00:37:25,043 [INFO] IPUIPlugin:80 - create IPUIPlugin
2024-04-14 00:37:25,043 [INFO] IPUIPlugin:80 - create IPUIPlugin
2024-04-14 00:37:25,044 [INFO] IPUIPlugin:80 - create IPUIPlugin
2024-04-14 00:37:25,044 [INFO] IPUIPlugin:80 - create IPUIPlugin
2024-04-14 00:37:25,044 [INFO] IPUIPlugin:80 - create IPUIPlugin
2024-04-14 00:37:25,044 [INFO] IPUIPlugin:80 - create IPUIPlugin
2024-04-14 00:37:25,045 [INFO] IPUIPlugin:80 - create IPUIPlugin
2024-04-14 00:37:25,045 [INFO] IPUIPlugin:80 - create IPUIPlugin
2024-04-14 00:37:25,045 [INFO] IPUIPlugin:80 - create IPUIPlugin
2024-04-14 00:37:25,045 [INFO] IPUIPlugin:80 - create IPUIPlugin
2024-04-14 00:37:25,046 [INFO] IPUIPlugin:80 - create IPUIPlugin
2024-04-14 00:37:25,046 [INFO] IPUIPlugin:80 - create IPUIPlugin
2024-04-14 00:37:25,046 [INFO] IPUIPlugin:80 - create IPUIPlugin
2024-04-14 00:37:25,046 [INFO] IPUIPlugin:80 - create IPUIPlugin
2024-04-14 00:37:25,047 [INFO] IPUIPlugin:80 - create IPUIPlugin
2024-04-14 00:37:25,047 [INFO] IPUIPlugin:80 - create IPUIPlugin
2024-04-14 00:37:25,047 [INFO] IPUIPlugin:80 - create IPUIPlugin
2024-04-14 00:37:25,047 [INFO] IPUIPlugin:80 - create IPUIPlugin
2024-04-14 00:37:25,048 [INFO] IPUIPlugin:80 - create IPUIPlugin
2024-04-14 00:37:25,048 [INFO] IPUIPlugin:80 - create IPUIPlugin
2024-04-14 00:37:25,048 [INFO] IPUIPlugin:80 - create IPUIPlugin
2024-04-14 00:37:25,049 [INFO] IPUIPlugin:80 - create IPUIPlugin
2024-04-14 00:37:25,050 [INFO] IPUIPlugin:80 - create IPUIPlugin
2024-04-14 00:37:25,050 [INFO] IPUIPlugin:80 - create IPUIPlugin
2024-04-14 00:37:25,050 [INFO] IPUIPlugin:80 - create IPUIPlugin
2024-04-14 00:37:25,061 [INFO] IPUIPlugin:80 - create IPUIPlugin
2024-04-14 00:37:25,062 [INFO] IPUIPlugin:80 - create IPUIPlugin
2024-04-14 00:37:25,063 [INFO] IPUIPlugin:80 - create IPUIPlugin
2024-04-14 00:37:25,064 [INFO] IPUIPlugin:80 - create IPUIPlugin
2024-04-14 00:37:25,064 [INFO] IPUIPlugin:80 - create IPUIPlugin
2024-04-14 00:37:25,064 [INFO] IPUIPlugin:80 - create IPUIPlugin
2024-04-14 00:37:25,065 [INFO] IPUIPlugin:80 - create IPUIPlugin
2024-04-14 00:37:25,065 [INFO] IPUIPlugin:80 - create IPUIPlugin
2024-04-14 00:37:25,066 [INFO] IPUIPlugin:80 - create IPUIPlugin
2024-04-14 00:37:25,066 [INFO] IPUIPlugin:80 - create IPUIPlugin
2024-04-14 00:37:25,067 [INFO] IPUIPlugin:80 - create IPUIPlugin
2024-04-14 00:37:25,067 [INFO] IPUIPlugin:80 - create IPUIPlugin
2024-04-14 00:37:25,068 [INFO] IPUIPlugin:80 - create IPUIPlugin
2024-04-14 00:37:25,068 [INFO] IPUIPlugin:80 - create IPUIPlugin
2024-04-14 00:37:25,069 [INFO] IPUIPlugin:80 - create IPUIPlugin
2024-04-14 00:37:25,069 [INFO] IPUIPlugin:80 - create IPUIPlugin
2024-04-14 00:37:25,070 [INFO] IPUIPlugin:80 - create IPUIPlugin
2024-04-14 00:37:25,070 [INFO] IPUIPlugin:80 - create IPUIPlugin
2024-04-14 00:37:25,071 [INFO] IPUIPlugin:80 - create IPUIPlugin
2024-04-14 00:37:25,071 [INFO] IPUIPlugin:80 - create IPUIPlugin
2024-04-14 00:37:25,473 [INFO] CADModel:165 - CPN selected for project levelSTM32G474RET6
2024-04-14 00:37:25,473 [INFO] CADModel:114 - Register for checkConnection events
2024-04-14 00:37:25,515 [INFO] OpenFileManager:343 - Restore cursor
2024-04-14 00:38:11,271 [INFO] NvicIntPanel:101 - NVIC parent = com.st.microxplorer.plugins.ip.nvic.MultiNvicIntPanel[,0,0,510x221,layout=javax.swing.BoxLayout,alignmentX=0.0,alignmentY=0.0,border=,flags=9,maximumSize=,minimumSize=,preferredSize=]
2024-04-14 00:38:16,929 [INFO] NvicIntPanel:101 - NVIC parent = com.st.microxplorer.plugins.ip.nvic.MultiNvicIntPanel[,0,0,0x0,invalid,layout=javax.swing.BoxLayout,alignmentX=0.0,alignmentY=0.0,border=,flags=9,maximumSize=,minimumSize=,preferredSize=]
2024-04-14 00:47:51,307 [INFO] UtilMem:75 - End SaveConfig() Used Memory: 765101272 Bytes (1073741824)
2024-04-14 00:47:54,165 [INFO] UtilMem:75 - End SaveConfig() Used Memory: 798485360 Bytes (1073741824)
2024-04-14 00:47:56,405 [INFO] UtilMem:75 - End SaveConfig() Used Memory: 739412328 Bytes (1073741824)
2024-04-14 00:47:57,117 [INFO] BlockDiagram:2759 - set Specific Code input for plugin: DAC
2024-04-14 00:47:57,117 [INFO] BlockDiagram:2759 - set Specific Code input for plugin: DAC
2024-04-14 00:47:57,117 [INFO] BlockDiagram:2759 - set Specific Code input for plugin: SYS
2024-04-14 00:47:57,117 [INFO] BlockDiagram:2759 - set Specific Code input for plugin: ADC
2024-04-14 00:47:57,117 [INFO] BlockDiagram:2759 - set Specific Code input for plugin: RCC
2024-04-14 00:47:57,117 [INFO] BlockDiagram:2759 - set Specific Code input for plugin: LPUART
2024-04-14 00:47:57,117 [INFO] BlockDiagram:2759 - set Specific Code input for plugin: NVIC
2024-04-14 00:47:57,117 [INFO] BlockDiagram:2759 - set Specific Code input for plugin: USART
2024-04-14 00:47:57,117 [INFO] BlockDiagram:2759 - set Specific Code input for plugin: DMA
2024-04-14 00:47:57,118 [INFO] BlockDiagram:2759 - set Specific Code input for plugin: GPIO
2024-04-14 00:47:57,119 [INFO] CodeGenerator:807 - code generatio: config db path: E:\stm cube\STM32CubeIDE_1.13.2\STM32CubeIDE\plugins\com.st.stm32cube.common.mx_6.10.0.202311202037\\db\
2024-04-14 00:47:57,599 [INFO] CodeEngine:255 - oldGeneratedFile, C:\Users\bcc35\Desktop\Elec\T2_control_lab474\MXTmpFiles\license.tmp_save
2024-04-14 00:47:58,062 [INFO] CodeEngine:279 - Generated code: C:\Users\bcc35\Desktop\Elec\T2_control_lab474\MXTmpFiles\license.tmp
2024-04-14 00:47:58,281 [INFO] CodeEngine:255 - oldGeneratedFile, C:\Users\bcc35\Desktop\Elec\T2_control_lab474\MXTmpFiles\gpio.tmp_save
2024-04-14 00:47:58,425 [INFO] CodeEngine:279 - Generated code: C:\Users\bcc35\Desktop\Elec\T2_control_lab474\MXTmpFiles\gpio.tmp
2024-04-14 00:47:58,989 [INFO] CodeEngine:255 - oldGeneratedFile, C:\Users\bcc35\Desktop\Elec\T2_control_lab474\MXTmpFiles\dma.tmp_save
2024-04-14 00:47:59,088 [INFO] CodeEngine:279 - Generated code: C:\Users\bcc35\Desktop\Elec\T2_control_lab474\MXTmpFiles\dma.tmp
2024-04-14 00:47:59,093 [INFO] CodeEngine:255 - oldGeneratedFile, C:\Users\bcc35\Desktop\Elec\T2_control_lab474\MXTmpFiles\dma_GV.tmp_save
2024-04-14 00:47:59,155 [INFO] CodeEngine:279 - Generated code: C:\Users\bcc35\Desktop\Elec\T2_control_lab474\MXTmpFiles\dma_GV.tmp
2024-04-14 00:47:59,212 [INFO] CodeEngine:255 - oldGeneratedFile, C:\Users\bcc35\Desktop\Elec\T2_control_lab474\Core\Src\stm32g4xx_it.c_save
2024-04-14 00:47:59,341 [INFO] CodeEngine:279 - Generated code: C:\Users\bcc35\Desktop\Elec\T2_control_lab474\Core\Src\stm32g4xx_it.c
2024-04-14 00:47:59,366 [INFO] CodeEngine:255 - oldGeneratedFile, C:\Users\bcc35\Desktop\Elec\T2_control_lab474\Core\Inc\stm32g4xx_it.h_save
2024-04-14 00:47:59,437 [INFO] CodeEngine:279 - Generated code: C:\Users\bcc35\Desktop\Elec\T2_control_lab474\Core\Inc\stm32g4xx_it.h
2024-04-14 00:47:59,467 [INFO] CodeEngine:255 - oldGeneratedFile, C:\Users\bcc35\Desktop\Elec\T2_control_lab474\Core\Src\stm32g4xx_hal_msp.c_save
2024-04-14 00:47:59,657 [INFO] CodeEngine:279 - Generated code: C:\Users\bcc35\Desktop\Elec\T2_control_lab474\Core\Src\stm32g4xx_hal_msp.c
2024-04-14 00:47:59,683 [INFO] CodeEngine:255 - oldGeneratedFile, C:\Users\bcc35\Desktop\Elec\T2_control_lab474\MXTmpFiles\system.tmp_save
2024-04-14 00:47:59,748 [INFO] CodeEngine:279 - Generated code: C:\Users\bcc35\Desktop\Elec\T2_control_lab474\MXTmpFiles\system.tmp
2024-04-14 00:47:59,780 [INFO] CodeEngine:311 - oldGeneratedFile, C:\Users\bcc35\Desktop\Elec\T2_control_lab474\Core\Inc\stm32g4xx_hal_conf.h_save
2024-04-14 00:47:59,864 [INFO] CodeEngine:335 - Generated code: C:\Users\bcc35\Desktop\Elec\T2_control_lab474\Core\Inc\stm32g4xx_hal_conf.h
2024-04-14 00:47:59,893 [WARN] IPConfigManager:2946 - Warning: the RefConfig RCC_CommonPeriphClockConfig is not available in your config.xml file
2024-04-14 00:47:59,931 [INFO] CodeEngine:255 - oldGeneratedFile, C:\Users\bcc35\Desktop\Elec\T2_control_lab474\Core\Inc\main.h_save
2024-04-14 00:48:00,008 [INFO] CodeEngine:279 - Generated code: C:\Users\bcc35\Desktop\Elec\T2_control_lab474\Core\Inc\main.h
2024-04-14 00:48:00,031 [INFO] CodeEngine:255 - oldGeneratedFile, C:\Users\bcc35\Desktop\Elec\T2_control_lab474\Core\Src\main.c_save
2024-04-14 00:48:00,193 [INFO] CodeEngine:279 - Generated code: C:\Users\bcc35\Desktop\Elec\T2_control_lab474\Core\Src\main.c
2024-04-14 00:48:00,754 [INFO] ProjectBuilder:3076 - Time for Copy HAL[1] : 265mS.
2024-04-14 00:48:00,761 [INFO] ProjectBuilder:4485 - Project Generator version: 4.2.0-B44
2024-04-14 00:48:00,988 [INFO] ConfigFileManager:1495 - The Die is : DIE469
2024-04-14 00:48:01,023 [INFO] ApiDbMcu:508 - Load IP Config File for FATFS
2024-04-14 00:48:01,039 [INFO] ApiDbMcu:508 - Load IP Config File for FREERTOS
2024-04-14 00:48:01,085 [INFO] ApiDbMcu:508 - Load IP Config File for USBPD
2024-04-14 00:48:01,098 [INFO] ApiDbMcu:508 - Load IP Config File for USB_Device
2024-04-14 00:48:02,770 [INFO] LogOutputStream:77 - [STDOUT_REDIRECT] 
2024-04-14 00:48:04,636 [INFO] ProjectBuilder:4747 - Time for Generating toolchain IDE Files: 3875mS.
2024-04-14 00:48:04,638 [INFO] ProjectBuilder:2947 - Time for Copy CMSIS : 1mS.
2024-04-14 00:48:04,641 [INFO] ProjectBuilder:2947 - Time for Copy CMSIS : 1mS.
2024-04-14 04:05:35,912 [ERROR] LogOutputStream:75 - [STDERR_REDIRECT] 
